10:53:01 INFO  : Registering command handlers for SDK TCF services
10:53:01 INFO  : Launching XSCT server: xsct.bat -interactive C:\Users\shlab_81\Desktop\midterm\midterm.sdk\temp_xsdb_launch_script.tcl
10:53:03 INFO  : XSCT server has started successfully.
10:53:06 INFO  : Successfully done setting XSCT server connection channel  
10:53:06 INFO  : Successfully done setting SDK workspace  
10:53:06 INFO  : Processing command line option -hwspec C:/Users/shlab_81/Desktop/midterm/midterm.sdk/midterm_wrapper.hdf.
10:55:12 ERROR : Unexpected error while launching program.
java.lang.RuntimeException: A program file was not specified in the launch configuration.
	at com.xilinx.sdk.debug.core.XilinxAppLaunchConfigurationDelegate.runApplication(XilinxAppLaunchConfigurationDelegate.java:580)
	at com.xilinx.sdk.debug.core.XilinxAppLaunchConfigurationDelegate.launch(XilinxAppLaunchConfigurationDelegate.java:309)
	at com.xilinx.sdk.debug.ui.XilinxAppLaunchDelegateWrapper.launch(XilinxAppLaunchDelegateWrapper.java:31)
	at org.eclipse.debug.internal.core.LaunchConfiguration.launch(LaunchConfiguration.java:885)
	at org.eclipse.debug.internal.core.LaunchConfiguration.launch(LaunchConfiguration.java:739)
	at org.eclipse.debug.internal.ui.DebugUIPlugin.buildAndLaunch(DebugUIPlugin.java:1039)
	at org.eclipse.debug.internal.ui.DebugUIPlugin$8.run(DebugUIPlugin.java:1256)
	at org.eclipse.core.internal.jobs.Worker.run(Worker.java:55)
10:55:52 INFO  : ps7_init is completed.
10:55:52 INFO  : ps7_post_config is completed.
10:55:52 INFO  : Processor reset is completed for ps7_cortexa9_0
10:56:28 INFO  : Processor reset is completed for ps7_cortexa9_0
11:08:30 ERROR : Checking FPGA configuration failed..Connection to Board Failed


    Unknown Error Occured
    Cable is not connected to the host

11:08:30 ERROR : Unexpected error while launching program.
com.xilinx.sdk.targetmanager.TMException: Connection to Board Failed


    Unknown Error Occured
    Cable is not connected to the host

	at com.xilinx.sdk.targetmanager.internal.TM.isFPGAConfigured(TM.java:374)
	at com.xilinx.sdk.debug.core.XilinxAppLaunchConfigurationDelegate.isFpgaConfigured(XilinxAppLaunchConfigurationDelegate.java:409)
	at com.xilinx.sdk.debug.core.XilinxAppLaunchConfigurationDelegate.launch(XilinxAppLaunchConfigurationDelegate.java:303)
	at com.xilinx.sdk.debug.ui.XilinxAppLaunchDelegateWrapper.launch(XilinxAppLaunchDelegateWrapper.java:31)
	at org.eclipse.debug.internal.core.LaunchConfiguration.launch(LaunchConfiguration.java:885)
	at org.eclipse.debug.internal.core.LaunchConfiguration.launch(LaunchConfiguration.java:739)
	at org.eclipse.debug.internal.ui.DebugUIPlugin.buildAndLaunch(DebugUIPlugin.java:1039)
	at org.eclipse.debug.internal.ui.DebugUIPlugin$8.run(DebugUIPlugin.java:1256)
	at org.eclipse.core.internal.jobs.Worker.run(Worker.java:55)
11:08:36 ERROR : Checking FPGA configuration failed..Connection to Board Failed


    Unknown Error Occured
    Cable is not connected to the host

11:08:36 ERROR : Unexpected error while launching program.
com.xilinx.sdk.targetmanager.TMException: Connection to Board Failed


    Unknown Error Occured
    Cable is not connected to the host

	at com.xilinx.sdk.targetmanager.internal.TM.isFPGAConfigured(TM.java:374)
	at com.xilinx.sdk.debug.core.XilinxAppLaunchConfigurationDelegate.isFpgaConfigured(XilinxAppLaunchConfigurationDelegate.java:409)
	at com.xilinx.sdk.debug.core.XilinxAppLaunchConfigurationDelegate.launch(XilinxAppLaunchConfigurationDelegate.java:303)
	at com.xilinx.sdk.debug.ui.XilinxAppLaunchDelegateWrapper.launch(XilinxAppLaunchDelegateWrapper.java:31)
	at org.eclipse.debug.internal.core.LaunchConfiguration.launch(LaunchConfiguration.java:885)
	at org.eclipse.debug.internal.core.LaunchConfiguration.launch(LaunchConfiguration.java:739)
	at org.eclipse.debug.internal.ui.DebugUIPlugin.buildAndLaunch(DebugUIPlugin.java:1039)
	at org.eclipse.debug.internal.ui.DebugUIPlugin$8.run(DebugUIPlugin.java:1256)
	at org.eclipse.core.internal.jobs.Worker.run(Worker.java:55)
11:09:09 INFO  : ps7_init is completed.
11:09:09 INFO  : ps7_post_config is completed.
11:09:09 INFO  : Processor reset is completed for ps7_cortexa9_0
11:47:25 INFO  : SDK has detected change in the last modified timestamps for source hardware specification file Source:1524800740564,  Project:1524795974000
11:47:25 INFO  : Project midterm_wrapper_hw_platform_0's source hardware specification located at C:/Users/shlab_81/Desktop/midterm/midterm.sdk/midterm_wrapper.hdf is now different from the local copy.
		 The local copy will be replaced with the source specification and your workspace will be updated.
11:47:27 INFO  : Copied contents of C:/Users/shlab_81/Desktop/midterm/midterm.sdk/midterm_wrapper.hdf into \midterm_wrapper_hw_platform_0\system.hdf.
11:47:30 INFO  : Synchronizing projects in the workspace with the hardware platform specification changes.
11:47:32 INFO  : 
11:47:34 ERROR : (XSDB Server)ERROR: [Hsi 55-1433] Error boost::filesystem::directory_iterator::construct:
11:47:34 ERROR : (XSDB Server) 存取被拒。: "C:/Users/shlab_81/AppData/Local/Temp\msdtadmin"

11:47:34 ERROR : (XSDB Server)ERROR: [Hsi 55-1433] Error boost::filesystem::directory_iterator::construct: 存取被拒。: "C:/Users/shlab_81/AppData/Local/Temp\PSFF2E.tmp.dir"

11:47:34 ERROR : Failed to call sync_sw_with_hw_change
Reason: ERROR: [Common 17-39] 'hsi::open_sw_design' failed due to earlier errors.

11:47:34 ERROR : Error updating BSP project MSS files.
11:47:35 INFO  : Updating hardware inferred compiler options for exam.
11:47:36 INFO  : Updating hardware inferred compiler options for exam_rtos.
11:47:36 INFO  : Clearing existing target manager status.
11:47:36 INFO  : Workspace synchronized with the new hardware specification file. Cleaning dependent projects...
11:47:39 WARN  : Linker script will not be updated automatically. Users need to update it manually.
11:48:57 INFO  : Connected to target on host '127.0.0.1' and port '3121'.
11:48:58 INFO  : 'targets -set -filter {jtag_cable_name =~ "Digilent Zed 210248774805" && level==0} -index 1' command is executed.
11:49:01 INFO  : FPGA configured successfully with bitstream "C:/Users/shlab_81/Desktop/midterm/midterm.sdk/midterm_wrapper_hw_platform_0/midterm_wrapper.bit"
11:49:10 INFO  : ps7_init is completed.
11:49:10 INFO  : ps7_post_config is completed.
11:49:10 INFO  : Processor reset is completed for ps7_cortexa9_0
11:49:39 INFO  : ps7_init is completed.
11:49:40 INFO  : ps7_post_config is completed.
11:49:40 INFO  : Processor reset is completed for ps7_cortexa9_0
11:50:07 INFO  : ps7_cortexa9_0 Processor is in use. Please stop existing Run or Debug sessions before launching.
11:50:08 INFO  : Processor reset is completed for ps7_cortexa9_0
11:50:43 INFO  : ps7_init is completed.
11:50:43 INFO  : ps7_post_config is completed.
11:50:43 INFO  : Processor reset is completed for ps7_cortexa9_0
11:51:18 ERROR : (XSDB Server)ERROR: [Hsi 55-1558] Software Design system_0 system_0 is not found

11:51:18 ERROR :  [Common 17-39] 'hsi::current_sw_design' failed due to earlier errors.
11:51:18 ERROR : (XSDB Server)ERROR: [Hsi 55-1558] Software Design system_0 system_0 is not found

11:51:18 INFO  : Unable to read in MSS file C:\Users\shlab_81\Desktop\midterm\midterm.sdk\exam_rtos_bsp\system.mss : null
11:51:18 ERROR : (XSDB Server)ERROR: [Hsi 55-1558] Software Design system_0 system_0 is not found

11:51:18 ERROR : (XSDB Server)ERROR: [Hsi 55-1558] Software Design system_0 system_0 is not found

11:51:18 ERROR : Failed to get_connected_periphs
Reason: ERROR: [Common 17-55] 'get_property' expects at least one object.
Resolution: If [get_<value>] was used to populate the object, check to make sure this command returns at least one valid object.

11:51:28 ERROR : (XSDB Server)ERROR: [Hsi 55-1558] Software Design system_0 system_0 is not found

11:51:28 ERROR :  [Common 17-39] 'hsi::current_sw_design' failed due to earlier errors.
11:51:28 ERROR : (XSDB Server)ERROR: [Hsi 55-1558] Software Design system_0 system_0 is not found

11:51:28 INFO  : Unable to read in MSS file C:\Users\shlab_81\Desktop\midterm\midterm.sdk\exam_rtos_bsp\system.mss : null
11:51:28 ERROR : Failed to closesw "C:/Users/shlab_81/Desktop/midterm/midterm.sdk/exam_rtos_bsp/system.mss"
Reason: Cannot close sw design 'C:/Users/shlab_81/Desktop/midterm/midterm.sdk/exam_rtos_bsp/system.mss'.
Design is not opened in the current session.


11:51:41 INFO  : Processor reset is completed for ps7_cortexa9_0
11:52:03 INFO  : Processor reset is completed for ps7_cortexa9_0
11:52:49 INFO  : ps7_cortexa9_0 Processor is in use. Please stop existing Run or Debug sessions before launching.
11:52:50 INFO  : Processor reset is completed for ps7_cortexa9_0
11:53:04 ERROR : Unexpected error while parsing XMD response ?: com.google.gson.JsonSyntaxException: com.google.gson.stream.MalformedJsonException: invalid number or unquoted string near 
11:53:18 INFO  : Registering command handlers for SDK TCF services
11:53:18 INFO  : Launching XSCT server: xsct.bat -interactive C:\Users\shlab_81\Desktop\midterm\midterm.sdk\temp_xsdb_launch_script.tcl
11:53:21 INFO  : XSCT server has started successfully.
11:53:21 INFO  : Successfully done setting XSCT server connection channel  
11:53:23 INFO  : Successfully done setting SDK workspace  
11:53:23 INFO  : Processing command line option -hwspec C:/Users/shlab_81/Desktop/midterm/midterm.sdk/midterm_wrapper.hdf.
11:53:25 INFO  : Checking for hwspec changes in the project midterm_wrapper_hw_platform_0.
11:53:40 INFO  : Processor reset is completed for ps7_cortexa9_0
11:55:12 INFO  : Processor reset is completed for ps7_cortexa9_0
11:55:36 INFO  : ps7_cortexa9_0 Processor is in use. Please stop existing Run or Debug sessions before launching.
11:55:37 INFO  : Processor reset is completed for ps7_cortexa9_0
11:56:08 INFO  : ps7_init is completed.
11:56:09 INFO  : ps7_post_config is completed.
11:56:09 INFO  : Processor reset is completed for ps7_cortexa9_0
11:56:44 INFO  : Processor reset is completed for ps7_cortexa9_0
11:57:14 INFO  : ps7_init is completed.
11:57:14 INFO  : ps7_post_config is completed.
11:57:14 INFO  : Processor reset is completed for ps7_cortexa9_0
11:57:45 INFO  : Processor reset is completed for ps7_cortexa9_0
11:58:48 INFO  : Processor reset is completed for ps7_cortexa9_0
11:59:03 INFO  : Processor reset is completed for ps7_cortexa9_0
11:59:28 INFO  : Processor reset is completed for ps7_cortexa9_0
12:00:22 INFO  : Processor reset is completed for ps7_cortexa9_0
12:01:11 INFO  : ps7_init is completed.
12:01:11 INFO  : ps7_post_config is completed.
12:01:11 INFO  : Processor reset is completed for ps7_cortexa9_0
12:01:54 INFO  : ps7_init is completed.
12:01:54 INFO  : ps7_post_config is completed.
12:01:54 INFO  : Processor reset is completed for ps7_cortexa9_0
12:02:25 INFO  : ps7_init is completed.
12:02:25 INFO  : ps7_post_config is completed.
12:02:26 INFO  : Processor reset is completed for ps7_cortexa9_0
12:02:47 INFO  : ps7_cortexa9_0 Processor is in use. Please stop existing Run or Debug sessions before launching.
12:02:50 INFO  : Processor reset is completed for ps7_cortexa9_0
12:02:53 ERROR : Unexpected error while launching program.
java.lang.RuntimeException: Failed to download ELF file


    Could not stop the processor after reset


	at com.xilinx.sdk.targetmanager.internal.TM.downloadELF(TM.java:686)
	at com.xilinx.sdk.debug.core.internal.AppRunner.run(AppRunner.java:129)
	at com.xilinx.sdk.debug.core.XilinxAppLaunchConfigurationDelegate.runApplication(XilinxAppLaunchConfigurationDelegate.java:637)
	at com.xilinx.sdk.debug.core.XilinxAppLaunchConfigurationDelegate.launch(XilinxAppLaunchConfigurationDelegate.java:309)
	at com.xilinx.sdk.debug.ui.XilinxAppLaunchDelegateWrapper.launch(XilinxAppLaunchDelegateWrapper.java:31)
	at org.eclipse.debug.internal.core.LaunchConfiguration.launch(LaunchConfiguration.java:885)
	at org.eclipse.debug.internal.core.LaunchConfiguration.launch(LaunchConfiguration.java:739)
	at org.eclipse.debug.internal.ui.DebugUIPlugin.buildAndLaunch(DebugUIPlugin.java:1039)
	at org.eclipse.debug.internal.ui.DebugUIPlugin$8.run(DebugUIPlugin.java:1256)
	at org.eclipse.core.internal.jobs.Worker.run(Worker.java:55)
12:03:06 INFO  : ps7_init is completed.
12:03:06 INFO  : ps7_post_config is completed.
12:03:06 INFO  : Processor reset is completed for ps7_cortexa9_0
12:03:28 INFO  : Processor reset is completed for ps7_cortexa9_0
12:04:19 INFO  : Processor reset is completed for ps7_cortexa9_0
12:04:55 INFO  : Processor reset is completed for ps7_cortexa9_0
12:05:32 INFO  : ps7_init is completed.
12:05:32 INFO  : ps7_post_config is completed.
12:05:32 INFO  : Processor reset is completed for ps7_cortexa9_0
12:07:05 INFO  : ps7_cortexa9_0 Processor is in use. Please stop existing Run or Debug sessions before launching.
12:07:08 INFO  : Processor reset is completed for ps7_cortexa9_0
12:07:11 ERROR : Unexpected error while launching program.
java.lang.RuntimeException: Failed to download ELF file


    Could not stop the processor after reset


	at com.xilinx.sdk.targetmanager.internal.TM.downloadELF(TM.java:686)
	at com.xilinx.sdk.debug.core.internal.AppRunner.run(AppRunner.java:129)
	at com.xilinx.sdk.debug.core.XilinxAppLaunchConfigurationDelegate.runApplication(XilinxAppLaunchConfigurationDelegate.java:637)
	at com.xilinx.sdk.debug.core.XilinxAppLaunchConfigurationDelegate.launch(XilinxAppLaunchConfigurationDelegate.java:309)
	at com.xilinx.sdk.debug.ui.XilinxAppLaunchDelegateWrapper.launch(XilinxAppLaunchDelegateWrapper.java:31)
	at org.eclipse.debug.internal.core.LaunchConfiguration.launch(LaunchConfiguration.java:885)
	at org.eclipse.debug.internal.core.LaunchConfiguration.launch(LaunchConfiguration.java:739)
	at org.eclipse.debug.internal.ui.DebugUIPlugin.buildAndLaunch(DebugUIPlugin.java:1039)
	at org.eclipse.debug.internal.ui.DebugUIPlugin$8.run(DebugUIPlugin.java:1256)
	at org.eclipse.core.internal.jobs.Worker.run(Worker.java:55)
12:07:30 INFO  : ps7_init is completed.
12:07:30 INFO  : ps7_post_config is completed.
12:07:31 INFO  : Processor reset is completed for ps7_cortexa9_0
12:07:56 INFO  : ps7_init is completed.
12:07:56 INFO  : ps7_post_config is completed.
12:07:57 INFO  : Processor reset is completed for ps7_cortexa9_0
12:08:12 INFO  : ps7_init is completed.
12:08:12 INFO  : ps7_post_config is completed.
12:08:13 INFO  : Processor reset is completed for ps7_cortexa9_0
12:08:41 INFO  : ps7_init is completed.
12:08:41 INFO  : ps7_post_config is completed.
12:08:41 INFO  : Processor reset is completed for ps7_cortexa9_0
12:09:20 INFO  : Refreshed build settings on project test
12:10:55 INFO  : ps7_init is completed.
12:10:55 INFO  : ps7_post_config is completed.
12:10:55 INFO  : Processor reset is completed for ps7_cortexa9_0
12:13:11 INFO  : ps7_cortexa9_0 Processor is in use. Please stop existing Run or Debug sessions before launching.
12:13:14 INFO  : Processor reset is completed for ps7_cortexa9_0
12:13:15 ERROR : Unexpected error while launching program.
java.lang.RuntimeException: Failed to download ELF file


    Could not stop the processor after reset


	at com.xilinx.sdk.targetmanager.internal.TM.downloadELF(TM.java:686)
	at com.xilinx.sdk.debug.core.internal.AppRunner.run(AppRunner.java:129)
	at com.xilinx.sdk.debug.core.XilinxAppLaunchConfigurationDelegate.runApplication(XilinxAppLaunchConfigurationDelegate.java:637)
	at com.xilinx.sdk.debug.core.XilinxAppLaunchConfigurationDelegate.launch(XilinxAppLaunchConfigurationDelegate.java:309)
	at com.xilinx.sdk.debug.ui.XilinxAppLaunchDelegateWrapper.launch(XilinxAppLaunchDelegateWrapper.java:31)
	at org.eclipse.debug.internal.core.LaunchConfiguration.launch(LaunchConfiguration.java:885)
	at org.eclipse.debug.internal.core.LaunchConfiguration.launch(LaunchConfiguration.java:739)
	at org.eclipse.debug.internal.ui.DebugUIPlugin.buildAndLaunch(DebugUIPlugin.java:1039)
	at org.eclipse.debug.internal.ui.DebugUIPlugin$8.run(DebugUIPlugin.java:1256)
	at org.eclipse.core.internal.jobs.Worker.run(Worker.java:55)
12:13:41 ERROR : Unexpected error while parsing XMD response ?: com.google.gson.JsonSyntaxException: com.google.gson.stream.MalformedJsonException: invalid number or unquoted string near 
12:13:55 INFO  : Registering command handlers for SDK TCF services
12:13:55 INFO  : Launching XSCT server: xsct.bat -interactive C:\Users\shlab_81\Desktop\midterm\midterm.sdk\temp_xsdb_launch_script.tcl
12:13:57 INFO  : XSCT server has started successfully.
12:14:00 INFO  : Processing command line option -hwspec C:/Users/shlab_81/Desktop/midterm/midterm.sdk/midterm_wrapper.hdf.
12:14:00 INFO  : Successfully done setting XSCT server connection channel  
12:14:00 INFO  : Successfully done setting SDK workspace  
12:14:00 INFO  : Checking for hwspec changes in the project midterm_wrapper_hw_platform_0.
12:14:15 INFO  : ps7_init is completed.
12:14:15 INFO  : ps7_post_config is completed.
12:14:15 INFO  : Processor reset is completed for ps7_cortexa9_0
12:16:34 ERROR : Checking FPGA configuration failed..Connection to Board Failed


    Unknown Error Occured
    Cable is not connected to the host

12:16:34 ERROR : Unexpected error while launching program.
com.xilinx.sdk.targetmanager.TMException: Connection to Board Failed


    Unknown Error Occured
    Cable is not connected to the host

	at com.xilinx.sdk.targetmanager.internal.TM.isFPGAConfigured(TM.java:374)
	at com.xilinx.sdk.debug.core.XilinxAppLaunchConfigurationDelegate.isFpgaConfigured(XilinxAppLaunchConfigurationDelegate.java:409)
	at com.xilinx.sdk.debug.core.XilinxAppLaunchConfigurationDelegate.launch(XilinxAppLaunchConfigurationDelegate.java:303)
	at com.xilinx.sdk.debug.ui.XilinxAppLaunchDelegateWrapper.launch(XilinxAppLaunchDelegateWrapper.java:31)
	at org.eclipse.debug.internal.core.LaunchConfiguration.launch(LaunchConfiguration.java:885)
	at org.eclipse.debug.internal.core.LaunchConfiguration.launch(LaunchConfiguration.java:739)
	at org.eclipse.debug.internal.ui.DebugUIPlugin.buildAndLaunch(DebugUIPlugin.java:1039)
	at org.eclipse.debug.internal.ui.DebugUIPlugin$8.run(DebugUIPlugin.java:1256)
	at org.eclipse.core.internal.jobs.Worker.run(Worker.java:55)
12:16:42 INFO  : ps7_init is completed.
12:16:42 INFO  : ps7_post_config is completed.
12:16:42 INFO  : Processor reset is completed for ps7_cortexa9_0
12:16:59 INFO  : ps7_init is completed.
12:16:59 INFO  : ps7_post_config is completed.
12:16:59 INFO  : Processor reset is completed for ps7_cortexa9_0
12:17:27 INFO  : ps7_init is completed.
12:17:27 INFO  : ps7_post_config is completed.
12:17:27 INFO  : Processor reset is completed for ps7_cortexa9_0
12:17:27 ERROR : No such port: COM27
12:21:34 INFO  : ps7_init is completed.
12:21:34 INFO  : ps7_post_config is completed.
12:21:34 INFO  : Processor reset is completed for ps7_cortexa9_0
12:24:28 INFO  : ps7_init is completed.
12:24:28 INFO  : ps7_post_config is completed.
12:24:29 INFO  : Processor reset is completed for ps7_cortexa9_0
12:25:08 INFO  : ps7_init is completed.
12:25:08 INFO  : ps7_post_config is completed.
12:25:08 INFO  : Processor reset is completed for ps7_cortexa9_0
12:26:34 INFO  : ps7_init is completed.
12:26:34 INFO  : ps7_post_config is completed.
12:26:34 INFO  : Processor reset is completed for ps7_cortexa9_0
12:28:12 INFO  : Processor reset is completed for ps7_cortexa9_0
12:28:12 ERROR : Unexpected error while launching program.
java.lang.RuntimeException: Unknown Error Occured
    Target '64' Does NOT exist in the Current System


	at com.xilinx.sdk.targetmanager.internal.TM.downloadELF(TM.java:686)
	at com.xilinx.sdk.debug.core.internal.AppRunner.run(AppRunner.java:129)
	at com.xilinx.sdk.debug.core.XilinxAppLaunchConfigurationDelegate.runApplication(XilinxAppLaunchConfigurationDelegate.java:637)
	at com.xilinx.sdk.debug.core.XilinxAppLaunchConfigurationDelegate.launch(XilinxAppLaunchConfigurationDelegate.java:309)
	at com.xilinx.sdk.debug.ui.XilinxAppLaunchDelegateWrapper.launch(XilinxAppLaunchDelegateWrapper.java:31)
	at org.eclipse.debug.internal.core.LaunchConfiguration.launch(LaunchConfiguration.java:885)
	at org.eclipse.debug.internal.core.LaunchConfiguration.launch(LaunchConfiguration.java:739)
	at org.eclipse.debug.internal.ui.DebugUIPlugin.buildAndLaunch(DebugUIPlugin.java:1039)
	at org.eclipse.debug.internal.ui.DebugUIPlugin$8.run(DebugUIPlugin.java:1256)
	at org.eclipse.core.internal.jobs.Worker.run(Worker.java:55)
12:28:28 ERROR : Unexpected error while parsing XMD response ?: com.google.gson.JsonSyntaxException: com.google.gson.stream.MalformedJsonException: invalid number or unquoted string near 
12:28:43 INFO  : Registering command handlers for SDK TCF services
12:28:43 INFO  : Launching XSCT server: xsct.bat -interactive C:\Users\shlab_81\Desktop\midterm\midterm.sdk\temp_xsdb_launch_script.tcl
12:28:46 INFO  : XSCT server has started successfully.
12:28:49 INFO  : Processing command line option -hwspec C:/Users/shlab_81/Desktop/midterm/midterm.sdk/midterm_wrapper.hdf.
12:28:49 INFO  : Successfully done setting XSCT server connection channel  
12:28:49 INFO  : Successfully done setting SDK workspace  
12:28:49 INFO  : Checking for hwspec changes in the project midterm_wrapper_hw_platform_0.
12:28:58 INFO  : ps7_init is completed.
12:28:58 INFO  : ps7_post_config is completed.
12:28:58 INFO  : Processor reset is completed for ps7_cortexa9_0
12:29:24 INFO  : Processor reset is completed for ps7_cortexa9_0
12:29:40 INFO  : Connected to target on host '127.0.0.1' and port '3121'.
12:29:40 INFO  : 'targets -set -filter {jtag_cable_name =~ "Digilent Zed 210248774805" && level==0} -index 1' command is executed.
12:29:43 INFO  : FPGA configured successfully with bitstream "C:/Users/shlab_81/Desktop/midterm/midterm.sdk/midterm_wrapper_hw_platform_0/midterm_wrapper.bit"
12:29:50 INFO  : ps7_init is completed.
12:29:50 INFO  : ps7_post_config is completed.
12:29:50 INFO  : Processor reset is completed for ps7_cortexa9_0
12:30:38 INFO  : Processor reset is completed for ps7_cortexa9_0
12:31:01 INFO  : Processor reset is completed for ps7_cortexa9_0
12:31:38 INFO  : Processor reset is completed for ps7_cortexa9_0
12:36:12 INFO  : SDK has detected change in the last modified timestamps for source hardware specification file Source:1524803746295,  Project:1524800740564
12:36:12 INFO  : Project midterm_wrapper_hw_platform_0's source hardware specification located at C:/Users/shlab_81/Desktop/midterm/midterm.sdk/midterm_wrapper.hdf is now different from the local copy.
		 The local copy will be replaced with the source specification and your workspace will be updated.
12:36:25 INFO  : Copied contents of C:/Users/shlab_81/Desktop/midterm/midterm.sdk/midterm_wrapper.hdf into \midterm_wrapper_hw_platform_0\system.hdf.
12:36:29 INFO  : Synchronizing projects in the workspace with the hardware platform specification changes.
12:36:30 ERROR : (XSDB Server)ERROR: [Hsi 55-1433] Error boost::filesystem::directory_iterator::construct: 存取被拒。: "C:/Users/shlab_81/AppData/Local/Temp\msdtadmin"

12:36:30 ERROR : (XSDB Server)ERROR: [Hsi 55-1433] Error boost::filesystem::director
12:36:30 ERROR : (XSDB Server)y_iterator::construct: 存取被拒。: "C:/Users/shlab_81/AppData/Local/Temp\PSFF2E.tmp.dir"

12:36:31 ERROR : Failed to call sync_sw_with_hw_change
Reason: ERROR: [Common 17-39] 'hsi::open_sw_design' failed due to earlier errors.

12:36:31 ERROR : Error updating BSP project MSS files.
12:36:31 INFO  : Updating hardware inferred compiler options for exam.
12:36:32 INFO  : Updating hardware inferred compiler options for exam_rtos.
12:36:33 INFO  : Updating hardware inferred compiler options for test.
12:36:33 INFO  : Clearing existing target manager status.
12:36:33 INFO  : Workspace synchronized with the new hardware specification file. Cleaning dependent projects...
12:36:42 WARN  : Linker script will not be updated automatically. Users need to update it manually.
12:39:53 INFO  : Processor reset is completed for ps7_cortexa9_0
12:40:04 INFO  : Connected to target on host '127.0.0.1' and port '3121'.
12:40:05 INFO  : 'targets -set -filter {jtag_cable_name =~ "Digilent Zed 210248774805" && level==0} -index 1' command is executed.
12:40:07 INFO  : FPGA configured successfully with bitstream "C:/Users/shlab_81/Desktop/midterm/midterm.sdk/midterm_wrapper_hw_platform_0/midterm_wrapper.bit"
12:40:53 INFO  : ps7_init is completed.
12:40:53 INFO  : ps7_post_config is completed.
12:40:53 INFO  : Processor reset is completed for ps7_cortexa9_0
12:48:13 INFO  : Processor reset is completed for ps7_cortexa9_0
12:59:58 INFO  : Processor reset is completed for ps7_cortexa9_0
13:02:42 INFO  : Processor reset is completed for ps7_cortexa9_0
13:03:45 INFO  : Processor reset is completed for ps7_cortexa9_0
13:05:37 INFO  : Processor reset is completed for ps7_cortexa9_0
13:06:25 INFO  : Processor reset is completed for ps7_cortexa9_0
13:06:48 INFO  : Processor reset is completed for ps7_cortexa9_0
13:16:47 INFO  : Processor reset is completed for ps7_cortexa9_0
13:25:12 INFO  : Processor reset is completed for ps7_cortexa9_0
13:32:02 INFO  : Processor reset is completed for ps7_cortexa9_0
