#-----------------------------------------------------------
# Webtalk v2017.2 (64-bit)
# SW Build 1909853 on Thu Jun 15 18:39:09 MDT 2017
# 
# Start of session at: Fri May 11 17:27:35 2018
# Process ID: 5124
# Current directory: D:/0416313_lab4/0416313_lab4.sdk/webtalk
# Command line: wbtcv.exe -mode batch -source sdk_webtalk.tcl
# Log file: D:/0416313_lab4/0416313_lab4.sdk/webtalk/webtalk.log
# Journal file: D:/0416313_lab4/0416313_lab4.sdk/webtalk\webtalk.jou
#-----------------------------------------------------------
source sdk_webtalk.tcl
# webtalk_init -webtalk_dir D:\\0416313_lab4\\0416313_lab4.sdk\\webtalk
# webtalk_register_client -client project
# webtalk_add_data -client project -key date_generated -value "2018-05-11 17:27:34" -context "software_version_and_target_device"
# webtalk_add_data -client project -key product_version -value "SDK v2017.2" -context "software_version_and_target_device"
# webtalk_add_data -client project -key build_version -value "2017.2" -context "software_version_and_target_device"
# webtalk_add_data -client project -key os_platform -value "amd64" -context "software_version_and_target_device"
# webtalk_add_data -client project -key registration_id -value "210633467_174112215_210541164_529" -context "software_version_and_target_device"
# webtalk_add_data -client project -key tool_flow -value "SDK" -context "software_version_and_target_device"
# webtalk_add_data -client project -key beta -value "false" -context "software_version_and_target_device"
# webtalk_add_data -client project -key route_design -value "NA" -context "software_version_and_target_device"
# webtalk_add_data -client project -key target_family -value "NA" -context "software_version_and_target_device"
# webtalk_add_data -client project -key target_device -value "NA" -context "software_version_and_target_device"
# webtalk_add_data -client project -key target_package -value "NA" -context "software_version_and_target_device"
# webtalk_add_data -client project -key target_speed -value "NA" -context "software_version_and_target_device"
# webtalk_add_data -client project -key random_id -value "kf63a508to9d620rr3vaaqm63g" -context "software_version_and_target_device"
# webtalk_add_data -client project -key project_id -value "2017.2_31" -context "software_version_and_target_device"
# webtalk_add_data -client project -key project_iteration -value "31" -context "software_version_and_target_device"
# webtalk_add_data -client project -key os_name -value "Microsoft Windows 7 , 64-bit" -context "user_environment"
# webtalk_add_data -client project -key os_release -value "Service Pack 1  (build 7601)" -context "user_environment"
# webtalk_add_data -client project -key cpu_name -value "Intel(R) Core(TM) i5-3570 CPU @ 3.40GHz" -context "user_environment"
# webtalk_add_data -client project -key cpu_speed -value "3400 MHz" -context "user_environment"
# webtalk_add_data -client project -key total_processors -value "1" -context "user_environment"
# webtalk_add_data -client project -key system_ram -value "16.000 GB" -context "user_environment"
# webtalk_register_client -client sdk
# webtalk_add_data -client sdk -key uid -value "1526024542033" -context "sdk\\\\hardware/1526024542033"
# webtalk_add_data -client sdk -key isZynq -value "true" -context "sdk\\\\hardware/1526024542033"
# webtalk_add_data -client sdk -key isZynqMP -value "false" -context "sdk\\\\hardware/1526024542033"
# webtalk_add_data -client sdk -key Processors -value "2" -context "sdk\\\\hardware/1526024542033"
# webtalk_add_data -client sdk -key VivadoVersion -value "2017.2" -context "sdk\\\\hardware/1526024542033"
# webtalk_add_data -client sdk -key Arch -value "zynq" -context "sdk\\\\hardware/1526024542033"
# webtalk_add_data -client sdk -key Device -value "7z020" -context "sdk\\\\hardware/1526024542033"
# webtalk_add_data -client sdk -key IsHandoff -value "true" -context "sdk\\\\hardware/1526024542033"
# webtalk_add_data -client sdk -key os -value "NA" -context "sdk\\\\hardware/1526024542033"
# webtalk_add_data -client sdk -key apptemplate -value "NA" -context "sdk\\\\hardware/1526024542033"
# webtalk_add_data -client sdk -key RecordType -value "HWCreation" -context "sdk\\\\hardware/1526024542033"
# webtalk_add_data -client sdk -key uid -value "NA" -context "sdk\\\\bsp/1526030854554"
# webtalk_add_data -client sdk -key RecordType -value "ToolUsage" -context "sdk\\\\bsp/1526030854554"
# webtalk_add_data -client sdk -key BootgenCount -value "0" -context "sdk\\\\bsp/1526030854554"
# webtalk_add_data -client sdk -key DebugCount -value "0" -context "sdk\\\\bsp/1526030854554"
# webtalk_add_data -client sdk -key PerfCount -value "0" -context "sdk\\\\bsp/1526030854554"
# webtalk_add_data -client sdk -key FlashCount -value "0" -context "sdk\\\\bsp/1526030854554"
# webtalk_add_data -client sdk -key CrossTriggCount -value "0" -context "sdk\\\\bsp/1526030854554"
# webtalk_add_data -client sdk -key QemuDebugCount -value "0" -context "sdk\\\\bsp/1526030854554"
# webtalk_transmit -clientid 946830681 -regid "210633467_174112215_210541164_529" -xml D:\\0416313_lab4\\0416313_lab4.sdk\\webtalk\\usage_statistics_ext_sdk.xml -html D:\\0416313_lab4\\0416313_lab4.sdk\\webtalk\\usage_statistics_ext_sdk.html -wdm D:\\0416313_lab4\\0416313_lab4.sdk\\webtalk\\sdk_webtalk.wdm -intro "<H3>SDK Usage Report</H3><BR>"
INFO: [Common 17-186] 'D:\0416313_lab4\0416313_lab4.sdk\webtalk\usage_statistics_ext_sdk.xml' has been successfully sent to Xilinx on Fri May 11 17:27:38 2018. For additional details about this file, please refer to the WebTalk help file at C:/Xilinx/SDK/2017.2/doc/webtalk_introduction.html.
# webtalk_terminate
INFO: [Common 17-206] Exiting Webtalk at Fri May 11 17:27:38 2018...
