#-----------------------------------------------------------
# Webtalk v2016.4 (64-bit)
# SW Build 1756540 on Mon Jan 23 19:11:23 MST 2017
# 
# Start of session at: Tue Mar 13 21:25:51 2018
# Process ID: 3744
# Current directory: C:/Users/shlab_89/Desktop/lab1/lab1.sdk/webtalk
# Command line: wbtcv.exe -mode batch -source sdk_webtalk.tcl
# Log file: C:/Users/shlab_89/Desktop/lab1/lab1.sdk/webtalk/webtalk.log
# Journal file: C:/Users/shlab_89/Desktop/lab1/lab1.sdk/webtalk\webtalk.jou
#-----------------------------------------------------------
source sdk_webtalk.tcl
# webtalk_init -webtalk_dir C:\\Users\\shlab_89\\Desktop\\lab1\\lab1.sdk\\webtalk
# webtalk_register_client -client project
# webtalk_add_data -client project -key date_generated -value "2018-03-13 21:25:49" -context "software_version_and_target_device"
# webtalk_add_data -client project -key product_version -value "SDK v2016.4" -context "software_version_and_target_device"
# webtalk_add_data -client project -key build_version -value "2016.4" -context "software_version_and_target_device"
# webtalk_add_data -client project -key os_platform -value "amd64" -context "software_version_and_target_device"
# webtalk_add_data -client project -key registration_id -value "210633467_174112215_210541164_529" -context "software_version_and_target_device"
# webtalk_add_data -client project -key tool_flow -value "SDK" -context "software_version_and_target_device"
# webtalk_add_data -client project -key beta -value "false" -context "software_version_and_target_device"
# webtalk_add_data -client project -key route_design -value "NA" -context "software_version_and_target_device"
# webtalk_add_data -client project -key target_family -value "NA" -context "software_version_and_target_device"
# webtalk_add_data -client project -key target_device -value "NA" -context "software_version_and_target_device"
# webtalk_add_data -client project -key target_package -value "NA" -context "software_version_and_target_device"
# webtalk_add_data -client project -key target_speed -value "NA" -context "software_version_and_target_device"
# webtalk_add_data -client project -key random_id -value "sonm0i82a5s2dlms2qrrkmtlfg" -context "software_version_and_target_device"
# webtalk_add_data -client project -key project_id -value "2016.4_100" -context "software_version_and_target_device"
# webtalk_add_data -client project -key project_iteration -value "100" -context "software_version_and_target_device"
# webtalk_add_data -client project -key os_name -value "Microsoft Windows 7 , 64-bit" -context "user_environment"
# webtalk_add_data -client project -key os_release -value "Service Pack 1  (build 7601)" -context "user_environment"
# webtalk_add_data -client project -key cpu_name -value "Intel(R) Core(TM) i3-3220 CPU @ 3.30GHz" -context "user_environment"
# webtalk_add_data -client project -key cpu_speed -value "3292 MHz" -context "user_environment"
# webtalk_add_data -client project -key total_processors -value "1" -context "user_environment"
# webtalk_add_data -client project -key system_ram -value "16.000 GB" -context "user_environment"
# webtalk_register_client -client sdk
# webtalk_add_data -client sdk -key uid -value "1520945381539" -context "sdk\\\\bsp/1520945381539"
# webtalk_add_data -client sdk -key hwid -value "1520942157715" -context "sdk\\\\bsp/1520945381539"
# webtalk_add_data -client sdk -key os -value "standalone" -context "sdk\\\\bsp/1520945381539"
# webtalk_add_data -client sdk -key apptemplate -value "null" -context "sdk\\\\bsp/1520945381539"
# webtalk_add_data -client sdk -key RecordType -value "BSPCreation" -context "sdk\\\\bsp/1520945381539"
# webtalk_add_data -client sdk -key uid -value "NA" -context "sdk\\\\bsp/1520947549644"
# webtalk_add_data -client sdk -key RecordType -value "ToolUsage" -context "sdk\\\\bsp/1520947549644"
# webtalk_add_data -client sdk -key BootgenCount -value "0" -context "sdk\\\\bsp/1520947549644"
# webtalk_add_data -client sdk -key DebugCount -value "0" -context "sdk\\\\bsp/1520947549644"
# webtalk_add_data -client sdk -key PerfCount -value "0" -context "sdk\\\\bsp/1520947549644"
# webtalk_add_data -client sdk -key FlashCount -value "0" -context "sdk\\\\bsp/1520947549644"
# webtalk_add_data -client sdk -key CrossTriggCount -value "0" -context "sdk\\\\bsp/1520947549644"
# webtalk_add_data -client sdk -key QemuDebugCount -value "0" -context "sdk\\\\bsp/1520947549644"
# webtalk_transmit -clientid 3271359065 -regid "210633467_174112215_210541164_529" -xml C:\\Users\\shlab_89\\Desktop\\lab1\\lab1.sdk\\webtalk\\usage_statistics_ext_sdk.xml -html C:\\Users\\shlab_89\\Desktop\\lab1\\lab1.sdk\\webtalk\\usage_statistics_ext_sdk.html -wdm C:\\Users\\shlab_89\\Desktop\\lab1\\lab1.sdk\\webtalk\\sdk_webtalk.wdm -intro "<H3>SDK Usage Report</H3><BR>"
# webtalk_terminate
INFO: [Common 17-206] Exiting Webtalk at Tue Mar 13 21:25:51 2018...
