
*** Running vivado
    with args -log midterm_matrix_multiplication_0_0.vds -m64 -product Vivado -mode batch -messageDb vivado.pb -notrace -source midterm_matrix_multiplication_0_0.tcl


****** Vivado v2017.2 (64-bit)
  **** SW Build 1909853 on Thu Jun 15 18:39:09 MDT 2017
  **** IP Build 1909766 on Thu Jun 15 19:58:00 MDT 2017
    ** Copyright 1986-2017 Xilinx, Inc. All Rights Reserved.

source midterm_matrix_multiplication_0_0.tcl -notrace
Command: synth_design -top midterm_matrix_multiplication_0_0 -part xc7z020clg484-1 -mode out_of_context
Starting synth_design
Attempting to get a license for feature 'Synthesis' and/or device 'xc7z020-clg484'
INFO: [Common 17-349] Got license for feature 'Synthesis' and/or device 'xc7z020-clg484'
INFO: Launching helper process for spawning children vivado processes
INFO: Helper process launched with PID 10572 
---------------------------------------------------------------------------------
Starting RTL Elaboration : Time (s): cpu = 00:00:02 ; elapsed = 00:00:03 . Memory (MB): peak = 360.082 ; gain = 75.594
---------------------------------------------------------------------------------
INFO: [Synth 8-638] synthesizing module 'midterm_matrix_multiplication_0_0' [c:/Users/shlab_81/Desktop/midterm/midterm.srcs/sources_1/bd/midterm/ip/midterm_matrix_multiplication_0_0/synth/midterm_matrix_multiplication_0_0.v:57]
INFO: [Synth 8-638] synthesizing module 'matrix_multiplication_v1_0' [c:/Users/shlab_81/Desktop/midterm/midterm.srcs/sources_1/bd/midterm/ipshared/1f82/hdl/matrix_multiplication_v1_0.v:4]
	Parameter C_S00_AXI_DATA_WIDTH bound to: 32 - type: integer 
	Parameter C_S00_AXI_ADDR_WIDTH bound to: 5 - type: integer 
INFO: [Synth 8-638] synthesizing module 'matrix_multiplication_v1_0_S00_AXI' [c:/Users/shlab_81/Desktop/midterm/midterm.srcs/sources_1/bd/midterm/ipshared/1f82/hdl/matrix_multiplication_v1_0_S00_AXI.v:4]
	Parameter C_S_AXI_DATA_WIDTH bound to: 32 - type: integer 
	Parameter C_S_AXI_ADDR_WIDTH bound to: 5 - type: integer 
	Parameter ADDR_LSB bound to: 2 - type: integer 
	Parameter OPT_MEM_ADDR_BITS bound to: 2 - type: integer 
	Parameter S_MAIN_WAIT bound to: 0 - type: integer 
	Parameter S_MAIN_START bound to: 1 - type: integer 
	Parameter S_MAIN_ONE bound to: 2 - type: integer 
	Parameter S_MAIN_TWO bound to: 3 - type: integer 
	Parameter S_MAIN_SEND bound to: 4 - type: integer 
	Parameter S_MAIN_CLEAR bound to: 5 - type: integer 
INFO: [Synth 8-5534] Detected attribute (* mark_debug = "true" *) [c:/Users/shlab_81/Desktop/midterm/midterm.srcs/sources_1/bd/midterm/ipshared/1f82/hdl/matrix_multiplication_v1_0_S00_AXI.v:107]
INFO: [Synth 8-5534] Detected attribute (* mark_debug = "true" *) [c:/Users/shlab_81/Desktop/midterm/midterm.srcs/sources_1/bd/midterm/ipshared/1f82/hdl/matrix_multiplication_v1_0_S00_AXI.v:108]
INFO: [Synth 8-5534] Detected attribute (* mark_debug = "true" *) [c:/Users/shlab_81/Desktop/midterm/midterm.srcs/sources_1/bd/midterm/ipshared/1f82/hdl/matrix_multiplication_v1_0_S00_AXI.v:109]
INFO: [Synth 8-5534] Detected attribute (* mark_debug = "true" *) [c:/Users/shlab_81/Desktop/midterm/midterm.srcs/sources_1/bd/midterm/ipshared/1f82/hdl/matrix_multiplication_v1_0_S00_AXI.v:110]
INFO: [Synth 8-5534] Detected attribute (* mark_debug = "true" *) [c:/Users/shlab_81/Desktop/midterm/midterm.srcs/sources_1/bd/midterm/ipshared/1f82/hdl/matrix_multiplication_v1_0_S00_AXI.v:111]
INFO: [Synth 8-5534] Detected attribute (* mark_debug = "true" *) [c:/Users/shlab_81/Desktop/midterm/midterm.srcs/sources_1/bd/midterm/ipshared/1f82/hdl/matrix_multiplication_v1_0_S00_AXI.v:112]
INFO: [Synth 8-5534] Detected attribute (* mark_debug = "true" *) [c:/Users/shlab_81/Desktop/midterm/midterm.srcs/sources_1/bd/midterm/ipshared/1f82/hdl/matrix_multiplication_v1_0_S00_AXI.v:134]
INFO: [Synth 8-5534] Detected attribute (* mark_debug = "true" *) [c:/Users/shlab_81/Desktop/midterm/midterm.srcs/sources_1/bd/midterm/ipshared/1f82/hdl/matrix_multiplication_v1_0_S00_AXI.v:143]
WARNING: [Synth 8-6014] Unused sequential element byte_index was removed.  [c:/Users/shlab_81/Desktop/midterm/midterm.srcs/sources_1/bd/midterm/ipshared/1f82/hdl/matrix_multiplication_v1_0_S00_AXI.v:268]
INFO: [Synth 8-256] done synthesizing module 'matrix_multiplication_v1_0_S00_AXI' (1#1) [c:/Users/shlab_81/Desktop/midterm/midterm.srcs/sources_1/bd/midterm/ipshared/1f82/hdl/matrix_multiplication_v1_0_S00_AXI.v:4]
INFO: [Synth 8-256] done synthesizing module 'matrix_multiplication_v1_0' (2#1) [c:/Users/shlab_81/Desktop/midterm/midterm.srcs/sources_1/bd/midterm/ipshared/1f82/hdl/matrix_multiplication_v1_0.v:4]
INFO: [Synth 8-256] done synthesizing module 'midterm_matrix_multiplication_0_0' (3#1) [c:/Users/shlab_81/Desktop/midterm/midterm.srcs/sources_1/bd/midterm/ip/midterm_matrix_multiplication_0_0/synth/midterm_matrix_multiplication_0_0.v:57]
WARNING: [Synth 8-3331] design matrix_multiplication_v1_0_S00_AXI has unconnected port S_AXI_AWPROT[2]
WARNING: [Synth 8-3331] design matrix_multiplication_v1_0_S00_AXI has unconnected port S_AXI_AWPROT[1]
WARNING: [Synth 8-3331] design matrix_multiplication_v1_0_S00_AXI has unconnected port S_AXI_AWPROT[0]
WARNING: [Synth 8-3331] design matrix_multiplication_v1_0_S00_AXI has unconnected port S_AXI_ARPROT[2]
WARNING: [Synth 8-3331] design matrix_multiplication_v1_0_S00_AXI has unconnected port S_AXI_ARPROT[1]
WARNING: [Synth 8-3331] design matrix_multiplication_v1_0_S00_AXI has unconnected port S_AXI_ARPROT[0]
---------------------------------------------------------------------------------
Finished RTL Elaboration : Time (s): cpu = 00:00:03 ; elapsed = 00:00:04 . Memory (MB): peak = 399.656 ; gain = 115.168
---------------------------------------------------------------------------------

Report Check Netlist: 
+------+------------------+-------+---------+-------+------------------+
|      |Item              |Errors |Warnings |Status |Description       |
+------+------------------+-------+---------+-------+------------------+
|1     |multi_driven_nets |      0|        0|Passed |Multi driven nets |
+------+------------------+-------+---------+-------+------------------+
---------------------------------------------------------------------------------
Finished RTL Optimization Phase 1 : Time (s): cpu = 00:00:03 ; elapsed = 00:00:04 . Memory (MB): peak = 399.656 ; gain = 115.168
---------------------------------------------------------------------------------
INFO: [Device 21-403] Loading part xc7z020clg484-1
INFO: [Project 1-570] Preparing netlist for logic optimization

Processing XDC Constraints
Initializing timing engine
Completed Processing XDC Constraints

INFO: [Project 1-111] Unisim Transformation Summary:
No Unisim elements were transformed.

Constraint Validation Runtime : Time (s): cpu = 00:00:00 ; elapsed = 00:00:00.024 . Memory (MB): peak = 713.480 ; gain = 0.000
---------------------------------------------------------------------------------
Finished Constraint Validation : Time (s): cpu = 00:00:11 ; elapsed = 00:00:12 . Memory (MB): peak = 713.480 ; gain = 428.992
---------------------------------------------------------------------------------
---------------------------------------------------------------------------------
Start Loading Part and Timing Information
---------------------------------------------------------------------------------
Loading part: xc7z020clg484-1
---------------------------------------------------------------------------------
Finished Loading Part and Timing Information : Time (s): cpu = 00:00:11 ; elapsed = 00:00:12 . Memory (MB): peak = 713.480 ; gain = 428.992
---------------------------------------------------------------------------------
---------------------------------------------------------------------------------
Start Applying 'set_property' XDC Constraints
---------------------------------------------------------------------------------
---------------------------------------------------------------------------------
Finished applying 'set_property' XDC Constraints : Time (s): cpu = 00:00:11 ; elapsed = 00:00:12 . Memory (MB): peak = 713.480 ; gain = 428.992
---------------------------------------------------------------------------------
INFO: [Synth 8-5546] ROM "ansx" won't be mapped to RAM because it is too sparse
WARNING: [Synth 8-6014] Unused sequential element ansx_reg was removed.  [c:/Users/shlab_81/Desktop/midterm/midterm.srcs/sources_1/bd/midterm/ipshared/1f82/hdl/matrix_multiplication_v1_0_S00_AXI.v:169]
WARNING: [Synth 8-6014] Unused sequential element ansy_reg was removed.  [c:/Users/shlab_81/Desktop/midterm/midterm.srcs/sources_1/bd/midterm/ipshared/1f82/hdl/matrix_multiplication_v1_0_S00_AXI.v:170]
---------------------------------------------------------------------------------
Finished RTL Optimization Phase 2 : Time (s): cpu = 00:00:12 ; elapsed = 00:00:13 . Memory (MB): peak = 713.480 ; gain = 428.992
---------------------------------------------------------------------------------

Report RTL Partitions: 
+-+--------------+------------+----------+
| |RTL Partition |Replication |Instances |
+-+--------------+------------+----------+
+-+--------------+------------+----------+
---------------------------------------------------------------------------------
Start RTL Component Statistics 
---------------------------------------------------------------------------------
Detailed RTL Component Info : 
+---Registers : 
	               32 Bit    Registers := 7     
	                8 Bit    Registers := 2     
	                5 Bit    Registers := 3     
	                2 Bit    Registers := 2     
	                1 Bit    Registers := 6     
+---Muxes : 
	   2 Input     32 Bit        Muxes := 13    
	   7 Input     32 Bit        Muxes := 6     
	   2 Input      8 Bit        Muxes := 24    
	   2 Input      3 Bit        Muxes := 1     
	   5 Input      3 Bit        Muxes := 1     
	   2 Input      1 Bit        Muxes := 6     
---------------------------------------------------------------------------------
Finished RTL Component Statistics 
---------------------------------------------------------------------------------
---------------------------------------------------------------------------------
Start RTL Hierarchical Component Statistics 
---------------------------------------------------------------------------------
Hierarchical RTL Component report 
Module matrix_multiplication_v1_0_S00_AXI 
Detailed RTL Component Info : 
+---Registers : 
	               32 Bit    Registers := 7     
	                8 Bit    Registers := 2     
	                5 Bit    Registers := 3     
	                2 Bit    Registers := 2     
	                1 Bit    Registers := 6     
+---Muxes : 
	   2 Input     32 Bit        Muxes := 13    
	   7 Input     32 Bit        Muxes := 6     
	   2 Input      8 Bit        Muxes := 24    
	   2 Input      3 Bit        Muxes := 1     
	   5 Input      3 Bit        Muxes := 1     
	   2 Input      1 Bit        Muxes := 6     
---------------------------------------------------------------------------------
Finished RTL Hierarchical Component Statistics
---------------------------------------------------------------------------------
---------------------------------------------------------------------------------
Start Part Resource Summary
---------------------------------------------------------------------------------
Part Resources:
DSPs: 220 (col length:60)
BRAMs: 280 (col length: RAMB18 60 RAMB36 30)
---------------------------------------------------------------------------------
Finished Part Resource Summary
---------------------------------------------------------------------------------
---------------------------------------------------------------------------------
Start Cross Boundary and Area Optimization
---------------------------------------------------------------------------------
WARNING: [Synth 8-3331] design matrix_multiplication_v1_0_S00_AXI has unconnected port S_AXI_AWPROT[2]
WARNING: [Synth 8-3331] design matrix_multiplication_v1_0_S00_AXI has unconnected port S_AXI_AWPROT[1]
WARNING: [Synth 8-3331] design matrix_multiplication_v1_0_S00_AXI has unconnected port S_AXI_AWPROT[0]
WARNING: [Synth 8-3331] design matrix_multiplication_v1_0_S00_AXI has unconnected port S_AXI_ARPROT[2]
WARNING: [Synth 8-3331] design matrix_multiplication_v1_0_S00_AXI has unconnected port S_AXI_ARPROT[1]
WARNING: [Synth 8-3331] design matrix_multiplication_v1_0_S00_AXI has unconnected port S_AXI_ARPROT[0]
INFO: [Synth 8-3886] merging instance 'inst/matrix_multiplication_v1_0_S00_AXI_inst/axi_rresp_reg[0]' (FDRE) to 'inst/matrix_multiplication_v1_0_S00_AXI_inst/axi_rresp_reg[1]'
INFO: [Synth 8-3333] propagating constant 0 across sequential element (\inst/matrix_multiplication_v1_0_S00_AXI_inst /\axi_rresp_reg[1] )
INFO: [Synth 8-3886] merging instance 'inst/matrix_multiplication_v1_0_S00_AXI_inst/axi_bresp_reg[0]' (FDRE) to 'inst/matrix_multiplication_v1_0_S00_AXI_inst/axi_bresp_reg[1]'
INFO: [Synth 8-3333] propagating constant 0 across sequential element (\inst/matrix_multiplication_v1_0_S00_AXI_inst /\axi_bresp_reg[1] )
WARNING: [Synth 8-3332] Sequential element (axi_bresp_reg[1]) is unused and will be removed from module matrix_multiplication_v1_0_S00_AXI.
WARNING: [Synth 8-3332] Sequential element (axi_awaddr_reg[1]) is unused and will be removed from module matrix_multiplication_v1_0_S00_AXI.
WARNING: [Synth 8-3332] Sequential element (axi_awaddr_reg[0]) is unused and will be removed from module matrix_multiplication_v1_0_S00_AXI.
WARNING: [Synth 8-3332] Sequential element (axi_araddr_reg[1]) is unused and will be removed from module matrix_multiplication_v1_0_S00_AXI.
WARNING: [Synth 8-3332] Sequential element (axi_araddr_reg[0]) is unused and will be removed from module matrix_multiplication_v1_0_S00_AXI.
WARNING: [Synth 8-3332] Sequential element (axi_rresp_reg[1]) is unused and will be removed from module matrix_multiplication_v1_0_S00_AXI.
---------------------------------------------------------------------------------
Finished Cross Boundary and Area Optimization : Time (s): cpu = 00:00:15 ; elapsed = 00:00:16 . Memory (MB): peak = 713.480 ; gain = 428.992
---------------------------------------------------------------------------------

Report RTL Partitions: 
+-+--------------+------------+----------+
| |RTL Partition |Replication |Instances |
+-+--------------+------------+----------+
+-+--------------+------------+----------+
---------------------------------------------------------------------------------
Start Applying XDC Timing Constraints
---------------------------------------------------------------------------------
---------------------------------------------------------------------------------
Finished Applying XDC Timing Constraints : Time (s): cpu = 00:00:25 ; elapsed = 00:00:26 . Memory (MB): peak = 713.480 ; gain = 428.992
---------------------------------------------------------------------------------
---------------------------------------------------------------------------------
Start Timing Optimization
---------------------------------------------------------------------------------
---------------------------------------------------------------------------------
Finished Timing Optimization : Time (s): cpu = 00:00:25 ; elapsed = 00:00:26 . Memory (MB): peak = 713.480 ; gain = 428.992
---------------------------------------------------------------------------------

Report RTL Partitions: 
+-+--------------+------------+----------+
| |RTL Partition |Replication |Instances |
+-+--------------+------------+----------+
+-+--------------+------------+----------+
---------------------------------------------------------------------------------
Start Technology Mapping
---------------------------------------------------------------------------------
---------------------------------------------------------------------------------
Finished Technology Mapping : Time (s): cpu = 00:00:25 ; elapsed = 00:00:27 . Memory (MB): peak = 732.605 ; gain = 448.117
---------------------------------------------------------------------------------

Report RTL Partitions: 
+-+--------------+------------+----------+
| |RTL Partition |Replication |Instances |
+-+--------------+------------+----------+
+-+--------------+------------+----------+
---------------------------------------------------------------------------------
Start IO Insertion
---------------------------------------------------------------------------------
---------------------------------------------------------------------------------
Start Flattening Before IO Insertion
---------------------------------------------------------------------------------
---------------------------------------------------------------------------------
Finished Flattening Before IO Insertion
---------------------------------------------------------------------------------
---------------------------------------------------------------------------------
Start Final Netlist Cleanup
---------------------------------------------------------------------------------
---------------------------------------------------------------------------------
Finished Final Netlist Cleanup
---------------------------------------------------------------------------------
---------------------------------------------------------------------------------
Finished IO Insertion : Time (s): cpu = 00:00:26 ; elapsed = 00:00:27 . Memory (MB): peak = 732.605 ; gain = 448.117
---------------------------------------------------------------------------------

Report Check Netlist: 
+------+------------------+-------+---------+-------+------------------+
|      |Item              |Errors |Warnings |Status |Description       |
+------+------------------+-------+---------+-------+------------------+
|1     |multi_driven_nets |      0|        0|Passed |Multi driven nets |
+------+------------------+-------+---------+-------+------------------+
---------------------------------------------------------------------------------
Start Renaming Generated Instances
---------------------------------------------------------------------------------
---------------------------------------------------------------------------------
Finished Renaming Generated Instances : Time (s): cpu = 00:00:26 ; elapsed = 00:00:27 . Memory (MB): peak = 732.605 ; gain = 448.117
---------------------------------------------------------------------------------

Report RTL Partitions: 
+-+--------------+------------+----------+
| |RTL Partition |Replication |Instances |
+-+--------------+------------+----------+
+-+--------------+------------+----------+
---------------------------------------------------------------------------------
Start Rebuilding User Hierarchy
---------------------------------------------------------------------------------
---------------------------------------------------------------------------------
Finished Rebuilding User Hierarchy : Time (s): cpu = 00:00:26 ; elapsed = 00:00:27 . Memory (MB): peak = 732.605 ; gain = 448.117
---------------------------------------------------------------------------------
---------------------------------------------------------------------------------
Start Renaming Generated Ports
---------------------------------------------------------------------------------
---------------------------------------------------------------------------------
Finished Renaming Generated Ports : Time (s): cpu = 00:00:26 ; elapsed = 00:00:27 . Memory (MB): peak = 732.605 ; gain = 448.117
---------------------------------------------------------------------------------
---------------------------------------------------------------------------------
Start Handling Custom Attributes
---------------------------------------------------------------------------------
---------------------------------------------------------------------------------
Finished Handling Custom Attributes : Time (s): cpu = 00:00:26 ; elapsed = 00:00:27 . Memory (MB): peak = 732.605 ; gain = 448.117
---------------------------------------------------------------------------------
---------------------------------------------------------------------------------
Start Renaming Generated Nets
---------------------------------------------------------------------------------
---------------------------------------------------------------------------------
Finished Renaming Generated Nets : Time (s): cpu = 00:00:26 ; elapsed = 00:00:27 . Memory (MB): peak = 732.605 ; gain = 448.117
---------------------------------------------------------------------------------
---------------------------------------------------------------------------------
Start Writing Synthesis Report
---------------------------------------------------------------------------------

Report BlackBoxes: 
+-+--------------+----------+
| |BlackBox name |Instances |
+-+--------------+----------+
+-+--------------+----------+

Report Cell Usage: 
+------+-------+------+
|      |Cell   |Count |
+------+-------+------+
|1     |CARRY4 |    15|
|2     |LUT1   |    16|
|3     |LUT2   |    36|
|4     |LUT3   |    24|
|5     |LUT4   |    79|
|6     |LUT5   |    71|
|7     |LUT6   |   168|
|8     |FDRE   |   254|
|9     |FDSE   |     3|
+------+-------+------+

Report Instance Areas: 
+------+--------------------------------------------+-----------------------------------+------+
|      |Instance                                    |Module                             |Cells |
+------+--------------------------------------------+-----------------------------------+------+
|1     |top                                         |                                   |   666|
|2     |  inst                                      |matrix_multiplication_v1_0         |   665|
|3     |    matrix_multiplication_v1_0_S00_AXI_inst |matrix_multiplication_v1_0_S00_AXI |   661|
+------+--------------------------------------------+-----------------------------------+------+
---------------------------------------------------------------------------------
Finished Writing Synthesis Report : Time (s): cpu = 00:00:26 ; elapsed = 00:00:27 . Memory (MB): peak = 732.605 ; gain = 448.117
---------------------------------------------------------------------------------
Synthesis finished with 0 errors, 0 critical warnings and 14 warnings.
Synthesis Optimization Runtime : Time (s): cpu = 00:00:18 ; elapsed = 00:00:22 . Memory (MB): peak = 732.605 ; gain = 134.293
Synthesis Optimization Complete : Time (s): cpu = 00:00:26 ; elapsed = 00:00:27 . Memory (MB): peak = 732.605 ; gain = 448.117
INFO: [Project 1-571] Translating synthesized netlist
INFO: [Netlist 29-17] Analyzing 15 Unisim elements for replacement
INFO: [Netlist 29-28] Unisim Transformation completed in 0 CPU seconds
INFO: [Project 1-570] Preparing netlist for logic optimization
INFO: [Opt 31-138] Pushed 0 inverter(s) to 0 load pin(s).
INFO: [Project 1-111] Unisim Transformation Summary:
No Unisim elements were transformed.

29 Infos, 21 Warnings, 0 Critical Warnings and 0 Errors encountered.
synth_design completed successfully
synth_design: Time (s): cpu = 00:00:28 ; elapsed = 00:00:29 . Memory (MB): peak = 732.625 ; gain = 450.766
INFO: [Common 17-1381] The checkpoint 'C:/Users/shlab_81/Desktop/midterm/midterm.runs/midterm_matrix_multiplication_0_0_synth_1/midterm_matrix_multiplication_0_0.dcp' has been generated.
