
*** Running vivado
    with args -log design_1_wrapper.vdi -applog -m64 -product Vivado -messageDb vivado.pb -mode batch -source design_1_wrapper.tcl -notrace


****** Vivado v2017.2 (64-bit)
  **** SW Build 1909853 on Thu Jun 15 18:39:09 MDT 2017
  **** IP Build 1909766 on Thu Jun 15 19:58:00 MDT 2017
    ** Copyright 1986-2017 Xilinx, Inc. All Rights Reserved.

source design_1_wrapper.tcl -notrace
INFO: [IP_Flow 19-234] Refreshing IP repositories
INFO: [IP_Flow 19-1700] Loaded user IP repository 'c:/Users/shlab_23/Downloads/final_student/final_exam/ip_repo/final_ip_1.0'.
INFO: [IP_Flow 19-2313] Loaded Vivado IP repository 'C:/Xilinx/Vivado/2017.2/data/ip'.
Design is defaulting to srcset: sources_1
Design is defaulting to constrset: constrs_1
INFO: [Netlist 29-17] Analyzing 167 Unisim elements for replacement
INFO: [Netlist 29-28] Unisim Transformation completed in 0 CPU seconds
INFO: [Project 1-479] Netlist was created with Vivado 2017.2
INFO: [Device 21-403] Loading part xc7z020clg484-1
INFO: [Project 1-570] Preparing netlist for logic optimization
Parsing XDC File [c:/Users/shlab_23/Downloads/final_student/final_exam/final_exam.srcs/sources_1/bd/design_1/ip/design_1_processing_system7_0_0/design_1_processing_system7_0_0.xdc] for cell 'design_1_i/processing_system7_0/inst'
Finished Parsing XDC File [c:/Users/shlab_23/Downloads/final_student/final_exam/final_exam.srcs/sources_1/bd/design_1/ip/design_1_processing_system7_0_0/design_1_processing_system7_0_0.xdc] for cell 'design_1_i/processing_system7_0/inst'
Parsing XDC File [c:/Users/shlab_23/Downloads/final_student/final_exam/final_exam.srcs/sources_1/bd/design_1/ip/design_1_axi_smc_0/bd_0/ip/ip_1/bd_afc3_psr_aclk_0_board.xdc] for cell 'design_1_i/axi_smc/inst/clk_map/psr_aclk/U0'
Finished Parsing XDC File [c:/Users/shlab_23/Downloads/final_student/final_exam/final_exam.srcs/sources_1/bd/design_1/ip/design_1_axi_smc_0/bd_0/ip/ip_1/bd_afc3_psr_aclk_0_board.xdc] for cell 'design_1_i/axi_smc/inst/clk_map/psr_aclk/U0'
Parsing XDC File [c:/Users/shlab_23/Downloads/final_student/final_exam/final_exam.srcs/sources_1/bd/design_1/ip/design_1_axi_smc_0/bd_0/ip/ip_1/bd_afc3_psr_aclk_0.xdc] for cell 'design_1_i/axi_smc/inst/clk_map/psr_aclk/U0'
Finished Parsing XDC File [c:/Users/shlab_23/Downloads/final_student/final_exam/final_exam.srcs/sources_1/bd/design_1/ip/design_1_axi_smc_0/bd_0/ip/ip_1/bd_afc3_psr_aclk_0.xdc] for cell 'design_1_i/axi_smc/inst/clk_map/psr_aclk/U0'
Parsing XDC File [c:/Users/shlab_23/Downloads/final_student/final_exam/final_exam.srcs/sources_1/bd/design_1/ip/design_1_rst_ps7_0_100M_0/design_1_rst_ps7_0_100M_0_board.xdc] for cell 'design_1_i/rst_ps7_0_100M/U0'
Finished Parsing XDC File [c:/Users/shlab_23/Downloads/final_student/final_exam/final_exam.srcs/sources_1/bd/design_1/ip/design_1_rst_ps7_0_100M_0/design_1_rst_ps7_0_100M_0_board.xdc] for cell 'design_1_i/rst_ps7_0_100M/U0'
Parsing XDC File [c:/Users/shlab_23/Downloads/final_student/final_exam/final_exam.srcs/sources_1/bd/design_1/ip/design_1_rst_ps7_0_100M_0/design_1_rst_ps7_0_100M_0.xdc] for cell 'design_1_i/rst_ps7_0_100M/U0'
Finished Parsing XDC File [c:/Users/shlab_23/Downloads/final_student/final_exam/final_exam.srcs/sources_1/bd/design_1/ip/design_1_rst_ps7_0_100M_0/design_1_rst_ps7_0_100M_0.xdc] for cell 'design_1_i/rst_ps7_0_100M/U0'
Parsing XDC File [C:/Users/shlab_23/Downloads/final_student/final_exam/final_exam.srcs/constrs_1/new/design_1_wrapper.xdc]
Finished Parsing XDC File [C:/Users/shlab_23/Downloads/final_student/final_exam/final_exam.srcs/constrs_1/new/design_1_wrapper.xdc]
INFO: [Opt 31-138] Pushed 0 inverter(s) to 0 load pin(s).
INFO: [Project 1-111] Unisim Transformation Summary:
  A total of 103 instances were transformed.
  RAM32M => RAM32M (RAMD32, RAMD32, RAMD32, RAMD32, RAMD32, RAMD32, RAMS32, RAMS32): 103 instances

link_design: Time (s): cpu = 00:00:11 ; elapsed = 00:00:24 . Memory (MB): peak = 646.672 ; gain = 328.992
INFO: [Common 17-600] The following parameters have non-default value.
tcl.collectionResultDisplayLimit
Command: opt_design
Attempting to get a license for feature 'Implementation' and/or device 'xc7z020-clg484'
INFO: [Common 17-349] Got license for feature 'Implementation' and/or device 'xc7z020-clg484'
Running DRC as a precondition to command opt_design

Starting DRC Task
Command: report_drc (run_mandatory_drcs) for: opt_checks
INFO: [DRC 23-27] Running DRC with 2 threads
report_drc (run_mandatory_drcs) completed successfully
INFO: [Project 1-461] DRC finished with 0 Errors
INFO: [Project 1-462] Please refer to the DRC report (report_drc) for more information.

Time (s): cpu = 00:00:02 ; elapsed = 00:00:00.591 . Memory (MB): peak = 652.012 ; gain = 5.340
INFO: [Timing 38-35] Done setting XDC timing constraints.

Starting Logic Optimization Task

Phase 1 Retarget
INFO: [Opt 31-138] Pushed 11 inverter(s) to 51 load pin(s).
INFO: [Opt 31-49] Retargeted 0 cell(s).
Phase 1 Retarget | Checksum: 13f753773

Time (s): cpu = 00:00:01 ; elapsed = 00:00:00.451 . Memory (MB): peak = 1156.738 ; gain = 0.000
INFO: [Opt 31-389] Phase Retarget created 0 cells and removed 99 cells

Phase 2 Constant propagation
INFO: [Opt 31-138] Pushed 0 inverter(s) to 0 load pin(s).
Phase 2 Constant propagation | Checksum: 18fffe6e0

Time (s): cpu = 00:00:01 ; elapsed = 00:00:00.980 . Memory (MB): peak = 1156.738 ; gain = 0.000
INFO: [Opt 31-389] Phase Constant propagation created 87 cells and removed 530 cells

Phase 3 Sweep
Phase 3 Sweep | Checksum: d6b6b38a

Time (s): cpu = 00:00:03 ; elapsed = 00:00:03 . Memory (MB): peak = 1156.738 ; gain = 0.000
INFO: [Opt 31-389] Phase Sweep created 0 cells and removed 1073 cells

Phase 4 BUFG optimization
Phase 4 BUFG optimization | Checksum: d6b6b38a

Time (s): cpu = 00:00:04 ; elapsed = 00:00:03 . Memory (MB): peak = 1156.738 ; gain = 0.000
INFO: [Opt 31-389] Phase BUFG optimization created 0 cells and removed 0 cells

Phase 5 Shift Register Optimization
Phase 5 Shift Register Optimization | Checksum: d6b6b38a

Time (s): cpu = 00:00:04 ; elapsed = 00:00:03 . Memory (MB): peak = 1156.738 ; gain = 0.000
INFO: [Opt 31-389] Phase Shift Register Optimization created 0 cells and removed 0 cells

Starting Connectivity Check Task

Time (s): cpu = 00:00:00 ; elapsed = 00:00:00.015 . Memory (MB): peak = 1156.738 ; gain = 0.000
Ending Logic Optimization Task | Checksum: d6b6b38a

Time (s): cpu = 00:00:04 ; elapsed = 00:00:03 . Memory (MB): peak = 1156.738 ; gain = 0.000

Starting Power Optimization Task
INFO: [Pwropt 34-132] Skipping clock gating for clocks with a period < 2.00 ns.
Ending Power Optimization Task | Checksum: 10f5a3b68

Time (s): cpu = 00:00:00 ; elapsed = 00:00:00.024 . Memory (MB): peak = 1156.738 ; gain = 0.000
25 Infos, 0 Warnings, 0 Critical Warnings and 0 Errors encountered.
opt_design completed successfully
opt_design: Time (s): cpu = 00:00:19 ; elapsed = 00:00:18 . Memory (MB): peak = 1156.738 ; gain = 510.066
Writing placer database...
Writing XDEF routing.
Writing XDEF routing logical nets.
Writing XDEF routing special nets.
Write XDEF Complete: Time (s): cpu = 00:00:00 ; elapsed = 00:00:00.086 . Memory (MB): peak = 1156.738 ; gain = 0.000
INFO: [Common 17-1381] The checkpoint 'C:/Users/shlab_23/Downloads/final_student/final_exam/final_exam.runs/impl_1/design_1_wrapper_opt.dcp' has been generated.
Command: report_drc -file design_1_wrapper_drc_opted.rpt
INFO: [DRC 23-27] Running DRC with 2 threads
INFO: [Coretcl 2-168] The results of DRC are in file C:/Users/shlab_23/Downloads/final_student/final_exam/final_exam.runs/impl_1/design_1_wrapper_drc_opted.rpt.
report_drc completed successfully
INFO: [Chipscope 16-241] No debug cores found in the current design.
Before running the implement_debug_core command, either use the Set Up Debug wizard (GUI mode)
or use the create_debug_core and connect_debug_core Tcl commands to insert debug cores into the design.
Command: place_design
Attempting to get a license for feature 'Implementation' and/or device 'xc7z020-clg484'
INFO: [Common 17-349] Got license for feature 'Implementation' and/or device 'xc7z020-clg484'
Command: report_drc (run_mandatory_drcs) for: incr_eco_checks
INFO: [DRC 23-27] Running DRC with 2 threads
report_drc (run_mandatory_drcs) completed successfully
INFO: [Vivado_Tcl 4-198] DRC finished with 0 Errors
INFO: [Vivado_Tcl 4-199] Please refer to the DRC report (report_drc) for more information.
Running DRC as a precondition to command place_design
Command: report_drc (run_mandatory_drcs) for: placer_checks
INFO: [DRC 23-27] Running DRC with 2 threads
report_drc (run_mandatory_drcs) completed successfully
INFO: [Vivado_Tcl 4-198] DRC finished with 0 Errors
INFO: [Vivado_Tcl 4-199] Please refer to the DRC report (report_drc) for more information.

Starting Placer Task
INFO: [Place 30-611] Multithreading enabled for place_design using a maximum of 2 CPUs

Phase 1 Placer Initialization

Phase 1.1 Placer Initialization Netlist Sorting
Netlist sorting complete. Time (s): cpu = 00:00:00 ; elapsed = 00:00:00.015 . Memory (MB): peak = 1156.738 ; gain = 0.000
Phase 1.1 Placer Initialization Netlist Sorting | Checksum: b7c94f34

Time (s): cpu = 00:00:00 ; elapsed = 00:00:00.022 . Memory (MB): peak = 1156.738 ; gain = 0.000
INFO: [Timing 38-35] Done setting XDC timing constraints.
INFO: [Opt 31-138] Pushed 0 inverter(s) to 0 load pin(s).
Netlist sorting complete. Time (s): cpu = 00:00:00 ; elapsed = 00:00:00.014 . Memory (MB): peak = 1156.738 ; gain = 0.000

Phase 1.2 IO Placement/ Clock Placement/ Build Placer Device
INFO: [Timing 38-35] Done setting XDC timing constraints.
Phase 1.2 IO Placement/ Clock Placement/ Build Placer Device | Checksum: 652eb02a

Time (s): cpu = 00:00:03 ; elapsed = 00:00:03 . Memory (MB): peak = 1156.738 ; gain = 0.000

Phase 1.3 Build Placer Netlist Model
Phase 1.3 Build Placer Netlist Model | Checksum: ea4a455f

Time (s): cpu = 00:00:05 ; elapsed = 00:00:05 . Memory (MB): peak = 1156.738 ; gain = 0.000

Phase 1.4 Constrain Clocks/Macros
Phase 1.4 Constrain Clocks/Macros | Checksum: ea4a455f

Time (s): cpu = 00:00:05 ; elapsed = 00:00:05 . Memory (MB): peak = 1156.738 ; gain = 0.000
Phase 1 Placer Initialization | Checksum: ea4a455f

Time (s): cpu = 00:00:05 ; elapsed = 00:00:05 . Memory (MB): peak = 1156.738 ; gain = 0.000

Phase 2 Global Placement
Phase 2 Global Placement | Checksum: 1357c3f27

Time (s): cpu = 00:00:10 ; elapsed = 00:00:08 . Memory (MB): peak = 1156.738 ; gain = 0.000

Phase 3 Detail Placement

Phase 3.1 Commit Multi Column Macros
Phase 3.1 Commit Multi Column Macros | Checksum: 1357c3f27

Time (s): cpu = 00:00:10 ; elapsed = 00:00:08 . Memory (MB): peak = 1156.738 ; gain = 0.000

Phase 3.2 Commit Most Macros & LUTRAMs
Phase 3.2 Commit Most Macros & LUTRAMs | Checksum: 1af9ceeba

Time (s): cpu = 00:00:12 ; elapsed = 00:00:09 . Memory (MB): peak = 1156.738 ; gain = 0.000

Phase 3.3 Area Swap Optimization
Phase 3.3 Area Swap Optimization | Checksum: 1876c9267

Time (s): cpu = 00:00:12 ; elapsed = 00:00:09 . Memory (MB): peak = 1156.738 ; gain = 0.000

Phase 3.4 Pipeline Register Optimization
Phase 3.4 Pipeline Register Optimization | Checksum: 1876c9267

Time (s): cpu = 00:00:12 ; elapsed = 00:00:09 . Memory (MB): peak = 1156.738 ; gain = 0.000

Phase 3.5 Timing Path Optimizer
Phase 3.5 Timing Path Optimizer | Checksum: 1295a5ddf

Time (s): cpu = 00:00:12 ; elapsed = 00:00:10 . Memory (MB): peak = 1156.738 ; gain = 0.000

Phase 3.6 Small Shape Detail Placement
Phase 3.6 Small Shape Detail Placement | Checksum: 179e899e3

Time (s): cpu = 00:00:14 ; elapsed = 00:00:11 . Memory (MB): peak = 1156.738 ; gain = 0.000

Phase 3.7 Re-assign LUT pins
Phase 3.7 Re-assign LUT pins | Checksum: 1b008ba28

Time (s): cpu = 00:00:14 ; elapsed = 00:00:12 . Memory (MB): peak = 1156.738 ; gain = 0.000

Phase 3.8 Pipeline Register Optimization
Phase 3.8 Pipeline Register Optimization | Checksum: 1b008ba28

Time (s): cpu = 00:00:14 ; elapsed = 00:00:12 . Memory (MB): peak = 1156.738 ; gain = 0.000
Phase 3 Detail Placement | Checksum: 1b008ba28

Time (s): cpu = 00:00:14 ; elapsed = 00:00:12 . Memory (MB): peak = 1156.738 ; gain = 0.000

Phase 4 Post Placement Optimization and Clean-Up

Phase 4.1 Post Commit Optimization
INFO: [Timing 38-35] Done setting XDC timing constraints.

Phase 4.1.1 Post Placement Optimization
Post Placement Optimization Initialization | Checksum: 1b63ddab5

Phase 4.1.1.1 BUFG Insertion
INFO: [Physopt 32-721] Multithreading enabled for phys_opt_design using a maximum of 2 CPUs
INFO: [Place 46-41] BUFG insertion identified 0 candidate nets, 0 success, 0 skipped for placement/routing, 0 skipped for timing, 0 skipped for netlist change reason.
Phase 4.1.1.1 BUFG Insertion | Checksum: 1b63ddab5

Time (s): cpu = 00:00:16 ; elapsed = 00:00:13 . Memory (MB): peak = 1176.910 ; gain = 20.172
INFO: [Place 30-746] Post Placement Timing Summary WNS=2.789. For the most accurate timing information please run report_timing.
Phase 4.1.1 Post Placement Optimization | Checksum: 123bc8ec8

Time (s): cpu = 00:00:16 ; elapsed = 00:00:13 . Memory (MB): peak = 1176.910 ; gain = 20.172
Phase 4.1 Post Commit Optimization | Checksum: 123bc8ec8

Time (s): cpu = 00:00:16 ; elapsed = 00:00:13 . Memory (MB): peak = 1176.910 ; gain = 20.172

Phase 4.2 Post Placement Cleanup
Phase 4.2 Post Placement Cleanup | Checksum: 123bc8ec8

Time (s): cpu = 00:00:16 ; elapsed = 00:00:13 . Memory (MB): peak = 1176.910 ; gain = 20.172

Phase 4.3 Placer Reporting
Phase 4.3 Placer Reporting | Checksum: 123bc8ec8

Time (s): cpu = 00:00:16 ; elapsed = 00:00:13 . Memory (MB): peak = 1176.910 ; gain = 20.172

Phase 4.4 Final Placement Cleanup
Phase 4.4 Final Placement Cleanup | Checksum: dd7aa72e

Time (s): cpu = 00:00:17 ; elapsed = 00:00:13 . Memory (MB): peak = 1176.910 ; gain = 20.172
Phase 4 Post Placement Optimization and Clean-Up | Checksum: dd7aa72e

Time (s): cpu = 00:00:17 ; elapsed = 00:00:13 . Memory (MB): peak = 1176.910 ; gain = 20.172
Ending Placer Task | Checksum: b7ec1317

Time (s): cpu = 00:00:17 ; elapsed = 00:00:13 . Memory (MB): peak = 1176.910 ; gain = 20.172
44 Infos, 0 Warnings, 0 Critical Warnings and 0 Errors encountered.
place_design completed successfully
place_design: Time (s): cpu = 00:00:19 ; elapsed = 00:00:15 . Memory (MB): peak = 1176.910 ; gain = 20.172
Writing placer database...
Writing XDEF routing.
Writing XDEF routing logical nets.
Writing XDEF routing special nets.
Write XDEF Complete: Time (s): cpu = 00:00:01 ; elapsed = 00:00:00.553 . Memory (MB): peak = 1176.910 ; gain = 0.000
INFO: [Common 17-1381] The checkpoint 'C:/Users/shlab_23/Downloads/final_student/final_exam/final_exam.runs/impl_1/design_1_wrapper_placed.dcp' has been generated.
report_io: Time (s): cpu = 00:00:00 ; elapsed = 00:00:00.068 . Memory (MB): peak = 1176.910 ; gain = 0.000
report_utilization: Time (s): cpu = 00:00:01 ; elapsed = 00:00:00.080 . Memory (MB): peak = 1176.910 ; gain = 0.000
report_control_sets: Time (s): cpu = 00:00:00 ; elapsed = 00:00:00.029 . Memory (MB): peak = 1176.910 ; gain = 0.000
Command: route_design
Attempting to get a license for feature 'Implementation' and/or device 'xc7z020-clg484'
INFO: [Common 17-349] Got license for feature 'Implementation' and/or device 'xc7z020-clg484'
Running DRC as a precondition to command route_design
Command: report_drc (run_mandatory_drcs) for: router_checks
INFO: [DRC 23-27] Running DRC with 2 threads
report_drc (run_mandatory_drcs) completed successfully
INFO: [Vivado_Tcl 4-198] DRC finished with 0 Errors
INFO: [Vivado_Tcl 4-199] Please refer to the DRC report (report_drc) for more information.


Starting Routing Task
INFO: [Route 35-254] Multithreading enabled for route_design using a maximum of 2 CPUs
Checksum: PlaceDB: 562c8bf3 ConstDB: 0 ShapeSum: 61bf8724 RouteDB: 0

Phase 1 Build RT Design
Phase 1 Build RT Design | Checksum: 185461252

Time (s): cpu = 00:00:26 ; elapsed = 00:00:23 . Memory (MB): peak = 1313.395 ; gain = 136.484

Phase 2 Router Initialization

Phase 2.1 Create Timer
Phase 2.1 Create Timer | Checksum: 185461252

Time (s): cpu = 00:00:26 ; elapsed = 00:00:23 . Memory (MB): peak = 1313.395 ; gain = 136.484

Phase 2.2 Fix Topology Constraints
Phase 2.2 Fix Topology Constraints | Checksum: 185461252

Time (s): cpu = 00:00:26 ; elapsed = 00:00:23 . Memory (MB): peak = 1313.395 ; gain = 136.484

Phase 2.3 Pre Route Cleanup
Phase 2.3 Pre Route Cleanup | Checksum: 185461252

Time (s): cpu = 00:00:26 ; elapsed = 00:00:23 . Memory (MB): peak = 1313.395 ; gain = 136.484
 Number of Nodes with overlaps = 0

Phase 2.4 Update Timing
Phase 2.4 Update Timing | Checksum: 144188b68

Time (s): cpu = 00:00:29 ; elapsed = 00:00:25 . Memory (MB): peak = 1318.773 ; gain = 141.863
INFO: [Route 35-416] Intermediate Timing Summary | WNS=2.825  | TNS=0.000  | WHS=-0.206 | THS=-116.240|

Phase 2 Router Initialization | Checksum: 16f0726b3

Time (s): cpu = 00:00:30 ; elapsed = 00:00:26 . Memory (MB): peak = 1318.773 ; gain = 141.863

Phase 3 Initial Routing
Phase 3 Initial Routing | Checksum: cc372f97

Time (s): cpu = 00:00:31 ; elapsed = 00:00:26 . Memory (MB): peak = 1318.773 ; gain = 141.863

Phase 4 Rip-up And Reroute

Phase 4.1 Global Iteration 0
 Number of Nodes with overlaps = 490
 Number of Nodes with overlaps = 40
 Number of Nodes with overlaps = 3
 Number of Nodes with overlaps = 0
INFO: [Route 35-416] Intermediate Timing Summary | WNS=2.374  | TNS=0.000  | WHS=N/A    | THS=N/A    |

Phase 4.1 Global Iteration 0 | Checksum: 252c9a3bc

Time (s): cpu = 00:00:34 ; elapsed = 00:00:28 . Memory (MB): peak = 1318.773 ; gain = 141.863

Phase 4.2 Global Iteration 1
 Number of Nodes with overlaps = 1
 Number of Nodes with overlaps = 0
INFO: [Route 35-416] Intermediate Timing Summary | WNS=2.374  | TNS=0.000  | WHS=N/A    | THS=N/A    |

Phase 4.2 Global Iteration 1 | Checksum: 18e42b99b

Time (s): cpu = 00:00:34 ; elapsed = 00:00:28 . Memory (MB): peak = 1318.773 ; gain = 141.863

Phase 4.3 Global Iteration 2
 Number of Nodes with overlaps = 0
INFO: [Route 35-416] Intermediate Timing Summary | WNS=2.374  | TNS=0.000  | WHS=N/A    | THS=N/A    |

Phase 4.3 Global Iteration 2 | Checksum: 20ee73beb

Time (s): cpu = 00:00:34 ; elapsed = 00:00:28 . Memory (MB): peak = 1318.773 ; gain = 141.863
Phase 4 Rip-up And Reroute | Checksum: 20ee73beb

Time (s): cpu = 00:00:34 ; elapsed = 00:00:28 . Memory (MB): peak = 1318.773 ; gain = 141.863

Phase 5 Delay and Skew Optimization

Phase 5.1 Delay CleanUp
Phase 5.1 Delay CleanUp | Checksum: 20ee73beb

Time (s): cpu = 00:00:34 ; elapsed = 00:00:28 . Memory (MB): peak = 1318.773 ; gain = 141.863

Phase 5.2 Clock Skew Optimization
Phase 5.2 Clock Skew Optimization | Checksum: 20ee73beb

Time (s): cpu = 00:00:34 ; elapsed = 00:00:28 . Memory (MB): peak = 1318.773 ; gain = 141.863
Phase 5 Delay and Skew Optimization | Checksum: 20ee73beb

Time (s): cpu = 00:00:34 ; elapsed = 00:00:28 . Memory (MB): peak = 1318.773 ; gain = 141.863

Phase 6 Post Hold Fix

Phase 6.1 Hold Fix Iter

Phase 6.1.1 Update Timing
Phase 6.1.1 Update Timing | Checksum: 12326451f

Time (s): cpu = 00:00:35 ; elapsed = 00:00:28 . Memory (MB): peak = 1318.773 ; gain = 141.863
INFO: [Route 35-416] Intermediate Timing Summary | WNS=2.521  | TNS=0.000  | WHS=0.019  | THS=0.000  |

Phase 6.1 Hold Fix Iter | Checksum: 1fb4695b9

Time (s): cpu = 00:00:35 ; elapsed = 00:00:28 . Memory (MB): peak = 1318.773 ; gain = 141.863
Phase 6 Post Hold Fix | Checksum: 1fb4695b9

Time (s): cpu = 00:00:35 ; elapsed = 00:00:28 . Memory (MB): peak = 1318.773 ; gain = 141.863

Phase 7 Route finalize

Router Utilization Summary
  Global Vertical Routing Utilization    = 0.836854 %
  Global Horizontal Routing Utilization  = 1.06846 %
  Routable Net Status*
  *Does not include unroutable nets such as driverless and loadless.
  Run report_route_status for detailed report.
  Number of Failed Nets               = 0
  Number of Unrouted Nets             = 0
  Number of Partially Routed Nets     = 0
  Number of Node Overlaps             = 0

Phase 7 Route finalize | Checksum: 1c6f1ea12

Time (s): cpu = 00:00:35 ; elapsed = 00:00:28 . Memory (MB): peak = 1318.773 ; gain = 141.863

Phase 8 Verifying routed nets

 Verification completed successfully
Phase 8 Verifying routed nets | Checksum: 1c6f1ea12

Time (s): cpu = 00:00:35 ; elapsed = 00:00:28 . Memory (MB): peak = 1318.773 ; gain = 141.863

Phase 9 Depositing Routes
Phase 9 Depositing Routes | Checksum: 1fdf20c59

Time (s): cpu = 00:00:35 ; elapsed = 00:00:29 . Memory (MB): peak = 1318.773 ; gain = 141.863

Phase 10 Post Router Timing
INFO: [Route 35-57] Estimated Timing Summary | WNS=2.521  | TNS=0.000  | WHS=0.019  | THS=0.000  |

INFO: [Route 35-327] The final timing numbers are based on the router estimated timing analysis. For a complete and accurate timing signoff, please run report_timing_summary.
Phase 10 Post Router Timing | Checksum: 1fdf20c59

Time (s): cpu = 00:00:35 ; elapsed = 00:00:29 . Memory (MB): peak = 1318.773 ; gain = 141.863
INFO: [Route 35-16] Router Completed Successfully

Time (s): cpu = 00:00:35 ; elapsed = 00:00:29 . Memory (MB): peak = 1318.773 ; gain = 141.863

Routing Is Done.
58 Infos, 0 Warnings, 0 Critical Warnings and 0 Errors encountered.
route_design completed successfully
route_design: Time (s): cpu = 00:00:38 ; elapsed = 00:00:38 . Memory (MB): peak = 1318.773 ; gain = 141.863
Writing placer database...
Writing XDEF routing.
Writing XDEF routing logical nets.
Writing XDEF routing special nets.
Write XDEF Complete: Time (s): cpu = 00:00:03 ; elapsed = 00:00:00.745 . Memory (MB): peak = 1318.773 ; gain = 0.000
INFO: [Common 17-1381] The checkpoint 'C:/Users/shlab_23/Downloads/final_student/final_exam/final_exam.runs/impl_1/design_1_wrapper_routed.dcp' has been generated.
Command: report_drc -file design_1_wrapper_drc_routed.rpt -pb design_1_wrapper_drc_routed.pb -rpx design_1_wrapper_drc_routed.rpx
INFO: [DRC 23-27] Running DRC with 2 threads
INFO: [Coretcl 2-168] The results of DRC are in file C:/Users/shlab_23/Downloads/final_student/final_exam/final_exam.runs/impl_1/design_1_wrapper_drc_routed.rpt.
report_drc completed successfully
Command: report_methodology -file design_1_wrapper_methodology_drc_routed.rpt -rpx design_1_wrapper_methodology_drc_routed.rpx
INFO: [Timing 38-35] Done setting XDC timing constraints.
INFO: [DRC 23-133] Running Methodology with 2 threads
INFO: [Coretcl 2-1520] The results of Report Methodology are in file C:/Users/shlab_23/Downloads/final_student/final_exam/final_exam.runs/impl_1/design_1_wrapper_methodology_drc_routed.rpt.
report_methodology completed successfully
Command: report_power -file design_1_wrapper_power_routed.rpt -pb design_1_wrapper_power_summary_routed.pb -rpx design_1_wrapper_power_routed.rpx
INFO: [Timing 38-35] Done setting XDC timing constraints.
Running Vector-less Activity Propagation...

Finished Running Vector-less Activity Propagation
65 Infos, 0 Warnings, 0 Critical Warnings and 0 Errors encountered.
report_power completed successfully
INFO: [Timing 38-91] UpdateTimingParams: Speed grade: -1, Delay Type: min_max.
INFO: [Timing 38-191] Multithreading enabled for timing update using a maximum of 2 CPUs
WARNING: [Memdata 28-169] Found XPM memory block design_1_i/axi_smc/inst/s00_nodes/s00_w_node/inst/inst_mi_handler/gen_normal_area.inst_fifo_node_payld/gen_xpm_memory_fifo.inst_fifo/gen_mem_rep[0].inst_xpm_memory with a MEM.ADDRESS_SPACE property. However, the P_MEMORY_PRIMITIVE property is required and should be set to block.
WARNING: [Memdata 28-169] Found XPM memory block design_1_i/axi_smc/inst/s00_nodes/s00_r_node/inst/inst_mi_handler/gen_normal_area.inst_fifo_node_payld/gen_xpm_memory_fifo.inst_fifo/gen_mem_rep[0].inst_xpm_memory with a MEM.ADDRESS_SPACE property. However, the P_MEMORY_PRIMITIVE property is required and should be set to block.
WARNING: [Memdata 28-169] Found XPM memory block design_1_i/axi_smc/inst/s00_nodes/s00_aw_node/inst/inst_mi_handler/gen_normal_area.inst_fifo_node_payld/gen_xpm_memory_fifo.inst_fifo/gen_mem_rep[0].inst_xpm_memory with a MEM.ADDRESS_SPACE property. However, the P_MEMORY_PRIMITIVE property is required and should be set to block.
WARNING: [Memdata 28-169] Found XPM memory block design_1_i/axi_smc/inst/s00_nodes/s00_ar_node/inst/inst_mi_handler/gen_normal_area.inst_fifo_node_payld/gen_xpm_memory_fifo.inst_fifo/gen_mem_rep[0].inst_xpm_memory with a MEM.ADDRESS_SPACE property. However, the P_MEMORY_PRIMITIVE property is required and should be set to block.
Command: write_bitstream -force design_1_wrapper.bit
Attempting to get a license for feature 'Implementation' and/or device 'xc7z020-clg484'
INFO: [Common 17-349] Got license for feature 'Implementation' and/or device 'xc7z020-clg484'
Running DRC as a precondition to command write_bitstream
Command: report_drc (run_mandatory_drcs) for: bitstream_checks
INFO: [DRC 23-27] Running DRC with 2 threads
report_drc (run_mandatory_drcs) completed successfully
INFO: [Vivado 12-3199] DRC finished with 0 Errors
INFO: [Vivado 12-3200] Please refer to the DRC report (report_drc) for more information.
INFO: [Project 1-821] Please set project.enableDesignId to be 'true'.
INFO: [Designutils 20-2272] Running write_bitstream with 2 threads.
Loading data files...
Loading site data...
Loading route data...
Processing options...
Creating bitmap...
Creating bitstream...
Writing bitstream ./design_1_wrapper.bit...
INFO: [Vivado 12-1842] Bitgen Completed Successfully.
INFO: [Project 1-118] WebTalk data collection is enabled (User setting is ON. Install Setting is ON.).
INFO: [Common 17-186] 'C:/Users/shlab_23/Downloads/final_student/final_exam/final_exam.runs/impl_1/usage_statistics_webtalk.xml' has been successfully sent to Xilinx on Fri Jun 22 13:15:26 2018. For additional details about this file, please refer to the WebTalk help file at C:/Xilinx/Vivado/2017.2/doc/webtalk_introduction.html.
76 Infos, 4 Warnings, 0 Critical Warnings and 0 Errors encountered.
write_bitstream completed successfully
write_bitstream: Time (s): cpu = 00:00:22 ; elapsed = 00:00:22 . Memory (MB): peak = 1735.535 ; gain = 378.316
INFO: [Common 17-206] Exiting Vivado at Fri Jun 22 13:15:26 2018...
