14:12:17 INFO  : Registering command handlers for SDK TCF services
14:12:17 INFO  : Launching XSCT server: xsct.bat -interactive C:\Users\shlab_23\Downloads\Lab3\Lab3\Lab3.sdk\temp_xsdb_launch_script.tcl
14:12:20 INFO  : XSCT server has started successfully.
14:12:23 INFO  : Successfully done setting XSCT server connection channel  
14:12:23 INFO  : Successfully done setting SDK workspace  
14:12:23 INFO  : Processing command line option -hwspec C:/Users/shlab_23/Downloads/Lab3/Lab3/Lab3.sdk/design_1_wrapper.hdf.
14:23:42 INFO  : Refreshed build settings on project final
15:11:44 INFO  : ps7_init is completed.
15:11:44 INFO  : ps7_post_config is completed.
15:11:44 INFO  : Processor reset is completed for ps7_cortexa9_0
15:12:45 INFO  : Processor reset is completed for ps7_cortexa9_0
15:35:24 INFO  : Processor reset is completed for ps7_cortexa9_0
15:36:31 INFO  : ps7_init is completed.
15:36:31 INFO  : ps7_post_config is completed.
15:36:31 INFO  : Processor reset is completed for ps7_cortexa9_0
15:36:57 INFO  : Processor reset is completed for ps7_cortexa9_0
15:41:10 INFO  : Processor reset is completed for ps7_cortexa9_0
18:21:13 INFO  : Processor reset is completed for ps7_cortexa9_0
18:22:11 INFO  : Processor reset is completed for ps7_cortexa9_0
18:29:06 INFO  : Processor reset is completed for ps7_cortexa9_0
19:03:34 INFO  : Processor reset is completed for ps7_cortexa9_0
19:15:11 INFO  : Processor reset is completed for ps7_cortexa9_0
19:16:02 INFO  : Processor reset is completed for ps7_cortexa9_0
19:17:46 INFO  : Processor reset is completed for ps7_cortexa9_0
19:59:33 INFO  : Processor reset is completed for ps7_cortexa9_0
20:01:36 INFO  : Processor reset is completed for ps7_cortexa9_0
20:45:06 INFO  : Processor reset is completed for ps7_cortexa9_0
20:45:07 ERROR : Unexpected error while launching program.
java.lang.RuntimeException: Failed to download ELF file


    Cannot access DDR: the controller is held in reset

	at com.xilinx.sdk.targetmanager.internal.TM.downloadELF(TM.java:686)
	at com.xilinx.sdk.debug.core.internal.AppRunner.run(AppRunner.java:129)
	at com.xilinx.sdk.debug.core.XilinxAppLaunchConfigurationDelegate.runApplication(XilinxAppLaunchConfigurationDelegate.java:637)
	at com.xilinx.sdk.debug.core.XilinxAppLaunchConfigurationDelegate.launch(XilinxAppLaunchConfigurationDelegate.java:309)
	at com.xilinx.sdk.debug.ui.XilinxAppLaunchDelegateWrapper.launch(XilinxAppLaunchDelegateWrapper.java:31)
	at org.eclipse.debug.internal.core.LaunchConfiguration.launch(LaunchConfiguration.java:885)
	at org.eclipse.debug.internal.core.LaunchConfiguration.launch(LaunchConfiguration.java:739)
	at org.eclipse.debug.internal.ui.DebugUIPlugin.buildAndLaunch(DebugUIPlugin.java:1039)
	at org.eclipse.debug.internal.ui.DebugUIPlugin$8.run(DebugUIPlugin.java:1256)
	at org.eclipse.core.internal.jobs.Worker.run(Worker.java:55)
20:45:25 ERROR : Unexpected error while parsing XMD response ?: com.google.gson.JsonSyntaxException: com.google.gson.stream.MalformedJsonException: invalid number or unquoted string near 
20:45:36 INFO  : Registering command handlers for SDK TCF services
20:45:36 INFO  : Launching XSCT server: xsct.bat -interactive C:\Users\shlab_23\Downloads\Lab3\Lab3\Lab3.sdk\temp_xsdb_launch_script.tcl
20:45:39 INFO  : XSCT server has started successfully.
20:45:39 INFO  : Successfully done setting XSCT server connection channel  
20:45:42 INFO  : Successfully done setting SDK workspace  
20:45:42 INFO  : Processing command line option -hwspec C:/Users/shlab_23/Downloads/Lab3/Lab3/Lab3.sdk/design_1_wrapper.hdf.
20:45:42 INFO  : Checking for hwspec changes in the project design_1_wrapper_hw_platform_0.
20:46:00 INFO  : ps7_init is completed.
20:46:00 INFO  : ps7_post_config is completed.
20:46:00 INFO  : Processor reset is completed for ps7_cortexa9_0
20:47:28 INFO  : Processor reset is completed for ps7_cortexa9_0
20:52:27 INFO  : Processor reset is completed for ps7_cortexa9_0
20:54:26 INFO  : Processor reset is completed for ps7_cortexa9_0
20:57:24 INFO  : Processor reset is completed for ps7_cortexa9_0
20:58:42 INFO  : Processor reset is completed for ps7_cortexa9_0
20:59:00 INFO  : Processor reset is completed for ps7_cortexa9_0
20:59:19 INFO  : Processor reset is completed for ps7_cortexa9_0
21:02:20 INFO  : ps7_cortexa9_0 Processor is in use. Please stop existing Run or Debug sessions before launching.
21:02:22 INFO  : Processor reset is completed for ps7_cortexa9_0
21:05:17 INFO  : ps7_init is completed.
21:05:17 INFO  : ps7_post_config is completed.
21:05:17 INFO  : Processor reset is completed for ps7_cortexa9_0
21:06:21 INFO  : Processor reset is completed for ps7_cortexa9_0
21:08:10 INFO  : Processor reset is completed for ps7_cortexa9_0
21:11:01 INFO  : Processor reset is completed for ps7_cortexa9_0
21:13:39 INFO  : Processor reset is completed for ps7_cortexa9_0
21:14:24 INFO  : Processor reset is completed for ps7_cortexa9_0
21:15:01 INFO  : Processor reset is completed for ps7_cortexa9_0
21:25:33 INFO  : Processor reset is completed for ps7_cortexa9_0
21:32:03 INFO  : Processor reset is completed for ps7_cortexa9_0
21:35:48 INFO  : SDK has detected change in the last modified timestamps for source hardware specification file Source:1530102798235,  Project:1530079922757
21:35:48 INFO  : Project design_1_wrapper_hw_platform_0's source hardware specification located at C:/Users/shlab_23/Downloads/Lab3/Lab3/Lab3.sdk/design_1_wrapper.hdf is now different from the local copy.
		 The local copy will be replaced with the source specification and your workspace will be updated.
21:35:51 INFO  : Copied contents of C:/Users/shlab_23/Downloads/Lab3/Lab3/Lab3.sdk/design_1_wrapper.hdf into \design_1_wrapper_hw_platform_0\system.hdf.
21:35:54 INFO  : Synchronizing projects in the workspace with the hardware platform specification changes.
21:35:57 ERROR : (XSDB Server)ERROR: [Hsi 55-1433] Error boost::filesystem::directory_iterator::construct: 存取被拒。: "C:/Users/shlab_23/AppData/Local/Temp\ZYRFDDE.tmp.dir"

21:35:58 ERROR : Failed to call sync_sw_with_hw_change
Reason: ERROR: [Common 17-39] 'hsi::open_sw_design' failed due to earlier errors.

21:35:58 ERROR : Error updating BSP project MSS files.
21:35:58 INFO  : Updating hardware inferred compiler options for final.
21:35:58 INFO  : Clearing existing target manager status.
21:36:04 INFO  : Processor reset is completed for ps7_cortexa9_0
21:37:09 INFO  : Processor reset is completed for ps7_cortexa9_0
21:37:10 ERROR : Unexpected error while launching program.
java.lang.RuntimeException: Failed to download ELF file


    Cannot access DDR: the controller is held in reset

	at com.xilinx.sdk.targetmanager.internal.TM.downloadELF(TM.java:686)
	at com.xilinx.sdk.debug.core.internal.AppRunner.run(AppRunner.java:129)
	at com.xilinx.sdk.debug.core.XilinxAppLaunchConfigurationDelegate.runApplication(XilinxAppLaunchConfigurationDelegate.java:637)
	at com.xilinx.sdk.debug.core.XilinxAppLaunchConfigurationDelegate.launch(XilinxAppLaunchConfigurationDelegate.java:309)
	at com.xilinx.sdk.debug.ui.XilinxAppLaunchDelegateWrapper.launch(XilinxAppLaunchDelegateWrapper.java:31)
	at org.eclipse.debug.internal.core.LaunchConfiguration.launch(LaunchConfiguration.java:885)
	at org.eclipse.debug.internal.core.LaunchConfiguration.launch(LaunchConfiguration.java:739)
	at org.eclipse.debug.internal.ui.DebugUIPlugin.buildAndLaunch(DebugUIPlugin.java:1039)
	at org.eclipse.debug.internal.ui.DebugUIPlugin$8.run(DebugUIPlugin.java:1256)
	at org.eclipse.core.internal.jobs.Worker.run(Worker.java:55)
21:37:22 ERROR : Unexpected error while parsing XMD response ?: com.google.gson.JsonSyntaxException: com.google.gson.stream.MalformedJsonException: invalid number or unquoted string near 
21:37:36 INFO  : Registering command handlers for SDK TCF services
21:37:36 INFO  : Launching XSCT server: xsct.bat -interactive C:\Users\shlab_23\Downloads\Lab3\Lab3\Lab3.sdk\temp_xsdb_launch_script.tcl
21:37:38 INFO  : XSCT server has started successfully.
21:37:42 INFO  : Successfully done setting XSCT server connection channel  
21:37:42 INFO  : Processing command line option -hwspec C:/Users/shlab_23/Downloads/Lab3/Lab3/Lab3.sdk/design_1_wrapper.hdf.
21:37:42 INFO  : Successfully done setting SDK workspace  
21:37:42 INFO  : Checking for hwspec changes in the project design_1_wrapper_hw_platform_0.
21:37:52 INFO  : Processor reset is completed for ps7_cortexa9_0
21:37:53 ERROR : Unexpected error while launching program.
java.lang.RuntimeException: Failed to download ELF file


    Cannot access DDR: the controller is held in reset

	at com.xilinx.sdk.targetmanager.internal.TM.downloadELF(TM.java:686)
	at com.xilinx.sdk.debug.core.internal.AppRunner.run(AppRunner.java:129)
	at com.xilinx.sdk.debug.core.XilinxAppLaunchConfigurationDelegate.runApplication(XilinxAppLaunchConfigurationDelegate.java:637)
	at com.xilinx.sdk.debug.core.XilinxAppLaunchConfigurationDelegate.launch(XilinxAppLaunchConfigurationDelegate.java:309)
	at com.xilinx.sdk.debug.ui.XilinxAppLaunchDelegateWrapper.launch(XilinxAppLaunchDelegateWrapper.java:31)
	at org.eclipse.debug.internal.core.LaunchConfiguration.launch(LaunchConfiguration.java:885)
	at org.eclipse.debug.internal.core.LaunchConfiguration.launch(LaunchConfiguration.java:739)
	at org.eclipse.debug.internal.ui.DebugUIPlugin.buildAndLaunch(DebugUIPlugin.java:1039)
	at org.eclipse.debug.internal.ui.DebugUIPlugin$8.run(DebugUIPlugin.java:1256)
	at org.eclipse.core.internal.jobs.Worker.run(Worker.java:55)
21:38:30 ERROR : Unexpected error while parsing XMD response ?: com.google.gson.JsonSyntaxException: com.google.gson.stream.MalformedJsonException: invalid number or unquoted string near 
21:38:43 INFO  : Registering command handlers for SDK TCF services
21:38:43 INFO  : Launching XSCT server: xsct.bat -interactive C:\Users\shlab_23\Downloads\Lab3\Lab3\Lab3.sdk\temp_xsdb_launch_script.tcl
21:38:45 INFO  : XSCT server has started successfully.
21:38:45 INFO  : Successfully done setting XSCT server connection channel  
21:38:49 INFO  : Successfully done setting SDK workspace  
21:38:49 INFO  : Processing command line option -hwspec C:/Users/shlab_23/Downloads/Lab3/Lab3/Lab3.sdk/design_1_wrapper.hdf.
21:38:49 INFO  : Checking for hwspec changes in the project design_1_wrapper_hw_platform_0.
21:39:00 INFO  : ps7_init is completed.
21:39:00 INFO  : ps7_post_config is completed.
21:39:00 INFO  : Processor reset is completed for ps7_cortexa9_0
21:44:31 INFO  : Processor reset is completed for ps7_cortexa9_0
21:48:49 INFO  : Processor reset is completed for ps7_cortexa9_0
21:52:53 ERROR : Unexpected error while parsing XMD response ?: com.google.gson.JsonSyntaxException: com.google.gson.stream.MalformedJsonException: invalid number or unquoted string near 
22:21:24 INFO  : Registering command handlers for SDK TCF services
22:21:24 INFO  : Launching XSCT server: xsct.bat -interactive C:\Users\shlab_23\Downloads\0416313\Lab3.sdk\temp_xsdb_launch_script.tcl
22:21:26 INFO  : XSCT server has started successfully.
22:21:29 INFO  : Successfully done setting XSCT server connection channel  
22:21:29 INFO  : Successfully done setting SDK workspace  
22:21:29 INFO  : Processing command line option -hwspec C:/Users/shlab_23/Downloads/0416313/Lab3.sdk/design_1_wrapper.hdf.
22:21:34 INFO  : SDK has detected change in the last modified timestamps for source hardware specification file Source:1525787446710,  Project:1530102798235
22:21:34 INFO  : Project design_1_wrapper_hw_platform_0's source hardware specification located at C:/Users/shlab_23/Downloads/Lab3/Lab3/Lab3.sdk/design_1_wrapper.hdf is now different from the local copy.
		 The local copy will be replaced with the source specification and your workspace will be updated.
22:22:19 INFO  : Copied contents of C:/Users/shlab_23/Downloads/Lab3/Lab3/Lab3.sdk/design_1_wrapper.hdf into \design_1_wrapper_hw_platform_0\system.hdf.
22:22:22 INFO  : Synchronizing projects in the workspace with the hardware platform specification changes.
22:22:23 ERROR : (XSDB Server)ERROR: [Hsi 55-1433] Error boost::filesystem::directory_iterator::construct: 存取被拒。: "C:/Users/shlab_23/AppData/Local/Temp\ZYRFDDE.tmp.dir"

22:22:23 ERROR : Failed to call sync_sw_with_hw_change
Reason: ERROR: [Common 17-39] 'hsi::open_sw_design' failed due to earlier errors.

22:22:23 ERROR : Error updating BSP project MSS files.
22:22:24 INFO  : Updating hardware inferred compiler options for final.
22:22:24 INFO  : Clearing existing target manager status.
22:23:56 INFO  : Processor reset is completed for ps7_cortexa9_0
22:25:37 INFO  : Processor reset is completed for ps7_cortexa9_0
22:26:01 INFO  : Processor reset is completed for ps7_cortexa9_0
22:28:47 ERROR : Unexpected error while parsing XMD response ?: com.google.gson.JsonSyntaxException: com.google.gson.stream.MalformedJsonException: invalid number or unquoted string near 
23:11:06 INFO  : Registering command handlers for SDK TCF services
23:11:06 INFO  : Launching XSCT server: xsct.bat -interactive C:\Users\shlab_23\Downloads\0416313\Lab3.sdk\temp_xsdb_launch_script.tcl
23:11:08 INFO  : XSCT server has started successfully.
23:11:11 INFO  : Successfully done setting XSCT server connection channel  
23:11:11 INFO  : Successfully done setting SDK workspace  
23:11:11 INFO  : Processing command line option -hwspec C:/Users/shlab_23/Downloads/0416313/Lab3.sdk/design_1_wrapper.hdf.
23:11:11 INFO  : Checking for hwspec changes in the project design_1_wrapper_hw_platform_1.
13:31:39 INFO  : Registering command handlers for SDK TCF services
13:31:40 INFO  : Launching XSCT server: xsct.bat -interactive C:\Users\shlab_23\Downloads\0416313\Lab3.sdk\temp_xsdb_launch_script.tcl
13:31:42 INFO  : XSCT server has started successfully.
13:31:45 INFO  : Successfully done setting XSCT server connection channel  
13:31:45 INFO  : Successfully done setting SDK workspace  
13:31:45 INFO  : Processing command line option -hwspec C:/Users/shlab_23/Downloads/0416313/Lab3.sdk/design_1_wrapper.hdf.
13:31:45 INFO  : Checking for hwspec changes in the project design_1_wrapper_hw_platform_1.
13:36:18 INFO  : ps7_init is completed.
13:36:18 INFO  : ps7_post_config is completed.
13:36:19 INFO  : Processor reset is completed for ps7_cortexa9_0
13:37:01 ERROR : Unexpected error while parsing XMD response ?: com.google.gson.JsonSyntaxException: com.google.gson.stream.MalformedJsonException: invalid number or unquoted string near 
13:37:28 INFO  : Registering command handlers for SDK TCF services
13:37:28 INFO  : Launching XSCT server: xsct.bat -interactive C:\Users\shlab_23\Downloads\0416313\Lab3.sdk\temp_xsdb_launch_script.tcl
13:37:30 INFO  : XSCT server has started successfully.
13:37:30 INFO  : Successfully done setting XSCT server connection channel  
13:37:34 INFO  : Successfully done setting SDK workspace  
13:37:34 INFO  : Processing command line option -hwspec C:/Users/shlab_23/Downloads/0416313/Lab3.sdk/design_1_wrapper.hdf.
13:37:34 INFO  : Checking for hwspec changes in the project design_1_wrapper_hw_platform_1.
13:38:29 INFO  : ps7_init is completed.
13:38:29 INFO  : ps7_post_config is completed.
13:38:30 INFO  : Processor reset is completed for ps7_cortexa9_0
13:40:09 INFO  : ps7_cortexa9_0 Processor is in use. Please stop existing Run or Debug sessions before launching.
13:40:10 INFO  : Processor reset is completed for ps7_cortexa9_0
13:42:39 INFO  : Processor reset is completed for ps7_cortexa9_0
13:46:25 INFO  : Processor reset is completed for ps7_cortexa9_0
14:00:26 INFO  : Processor reset is completed for ps7_cortexa9_0
14:01:46 INFO  : Processor reset is completed for ps7_cortexa9_0
14:02:09 INFO  : Processor reset is completed for ps7_cortexa9_0
14:02:45 INFO  : Processor reset is completed for ps7_cortexa9_0
14:24:34 INFO  : Processor reset is completed for ps7_cortexa9_0
14:24:55 INFO  : Processor reset is completed for ps7_cortexa9_0
14:27:01 INFO  : SDK has detected change in the last modified timestamps for source hardware specification file Source:1530167219106,  Project:1530109272840
14:27:01 INFO  : Project design_1_wrapper_hw_platform_1's source hardware specification located at C:/Users/shlab_23/Downloads/0416313/Lab3.sdk/design_1_wrapper.hdf is now different from the local copy.
		 The local copy will be replaced with the source specification and your workspace will be updated.
14:27:06 INFO  : Project design_1_wrapper_hw_platform_1's source hardware specification location will not be monitored anymore.
14:27:16 ERROR : Unexpected error while parsing XMD response ?: com.google.gson.JsonSyntaxException: com.google.gson.stream.MalformedJsonException: invalid number or unquoted string near 
14:44:11 INFO  : Registering command handlers for SDK TCF services
14:44:11 INFO  : Launching XSCT server: xsct.bat -interactive C:\Users\shlab_23\Downloads\0416313\Lab3.sdk\temp_xsdb_launch_script.tcl
14:44:13 INFO  : XSCT server has started successfully.
14:44:13 INFO  : Successfully done setting XSCT server connection channel  
14:44:17 INFO  : Successfully done setting SDK workspace  
14:44:17 INFO  : Processing command line option -hwspec C:/Users/shlab_23/Downloads/0416313/Lab3.sdk/design_1_wrapper.hdf.
14:44:46 INFO  : Processor reset is completed for ps7_cortexa9_0
14:46:36 INFO  : Processor reset is completed for ps7_cortexa9_0
14:46:50 INFO  : Processor reset is completed for ps7_cortexa9_0
14:47:33 INFO  : Processor reset is completed for ps7_cortexa9_0
14:48:12 ERROR : Unexpected error while parsing XMD response ?: com.google.gson.JsonSyntaxException: com.google.gson.stream.MalformedJsonException: invalid number or unquoted string near 
15:00:26 INFO  : Registering command handlers for SDK TCF services
15:00:26 INFO  : Launching XSCT server: xsct.bat -interactive C:\Users\shlab_23\Downloads\0416313\Lab3.sdk\temp_xsdb_launch_script.tcl
15:00:28 INFO  : XSCT server has started successfully.
15:00:32 INFO  : Successfully done setting XSCT server connection channel  
15:00:32 INFO  : Successfully done setting SDK workspace  
15:00:32 INFO  : Processing command line option -hwspec C:/Users/shlab_23/Downloads/0416313/Lab3.sdk/design_1_wrapper.hdf.
15:00:32 INFO  : Checking for hwspec changes in the project design_1_wrapper_hw_platform_2.
20:25:07 INFO  : Registering command handlers for SDK TCF services
20:25:08 INFO  : Launching XSCT server: xsct.bat -interactive C:\Users\shlab_23\Downloads\0416313\Lab3.sdk\temp_xsdb_launch_script.tcl
20:25:10 INFO  : XSCT server has started successfully.
20:25:13 INFO  : Successfully done setting XSCT server connection channel  
20:25:13 INFO  : Successfully done setting SDK workspace  
20:25:13 INFO  : Processing command line option -hwspec C:/Users/shlab_23/Downloads/0416313/Lab3.sdk/design_1_wrapper.hdf.
20:25:13 INFO  : Checking for hwspec changes in the project design_1_wrapper_hw_platform_2.
15:31:51 INFO  : Registering command handlers for SDK TCF services
15:31:52 INFO  : Launching XSCT server: xsct.bat -interactive C:\Users\shlab_23\Downloads\0416313\Lab3.sdk\temp_xsdb_launch_script.tcl
15:31:54 INFO  : XSCT server has started successfully.
15:31:57 INFO  : Successfully done setting XSCT server connection channel  
15:31:57 INFO  : Processing command line option -hwspec C:/Users/shlab_23/Downloads/0416313/Lab3.sdk/design_1_wrapper.hdf.
15:31:57 INFO  : Successfully done setting SDK workspace  
15:31:57 INFO  : Checking for hwspec changes in the project design_1_wrapper_hw_platform_2.
15:51:09 INFO  : Processor reset is completed for ps7_cortexa9_0
15:51:42 INFO  : ps7_init is completed.
15:51:42 INFO  : ps7_post_config is completed.
15:51:42 INFO  : Processor reset is completed for ps7_cortexa9_0
16:00:27 ERROR : Unexpected error while parsing XMD response ?: com.google.gson.JsonSyntaxException: com.google.gson.stream.MalformedJsonException: invalid number or unquoted string near 
