20:23:35 INFO  : Registering command handlers for SDK TCF services
20:23:35 INFO  : Launching XSCT server: xsct.bat -interactive C:\0416313_lab4\0416313_lab4.sdk\temp_xsdb_launch_script.tcl
20:23:38 INFO  : XSCT server has started successfully.
20:23:41 INFO  : Successfully done setting XSCT server connection channel  
20:23:41 INFO  : Successfully done setting SDK workspace  
20:23:41 INFO  : Processing command line option -hwspec C:/0416313_lab4/0416313_lab4.sdk/lab4_wrapper.hdf.
15:41:21 INFO  : Registering command handlers for SDK TCF services
15:41:30 INFO  : Launching XSCT server: xsct.bat -interactive D:\0416313_lab4\0416313_lab4.sdk\temp_xsdb_launch_script.tcl
15:41:53 INFO  : XSCT server has started successfully.
15:42:05 INFO  : Successfully done setting XSCT server connection channel  
15:42:05 INFO  : Successfully done setting SDK workspace  
15:42:05 INFO  : Processing command line option -hwspec D:/0416313_lab4/0416313_lab4.sdk/lab4_wrapper.hdf.
15:46:44 INFO  : ps7_init is completed.
15:46:44 INFO  : ps7_post_config is completed.
15:46:44 INFO  : Processor reset is completed for ps7_cortexa9_0
15:47:55 INFO  : FPGA Cable Disconnected. All active launches will be terminated.
15:47:59 INFO  : Connected to target on host '127.0.0.1' and port '3121'.
15:48:00 INFO  : 'targets -set -filter {jtag_cable_name =~ "Digilent Zed 210248471165" && level==0} -index 1' command is executed.
15:48:03 INFO  : FPGA configured successfully with bitstream "D:/0416313_lab4/0416313_lab4.sdk/lab4_wrapper_hw_platform_0/lab4_wrapper.bit"
15:48:13 INFO  : ps7_init is completed.
15:48:13 INFO  : ps7_post_config is completed.
15:48:13 INFO  : Processor reset is completed for ps7_cortexa9_0
15:52:33 INFO  : Processor reset is completed for ps7_cortexa9_0
16:11:15 INFO  : Processor reset is completed for ps7_cortexa9_0
17:27:35 ERROR : Unexpected error while parsing XMD response ?: com.google.gson.JsonSyntaxException: com.google.gson.stream.MalformedJsonException: invalid number or unquoted string near 
15:57:39 INFO  : Registering command handlers for SDK TCF services
15:57:40 INFO  : Launching XSCT server: xsct.bat -interactive D:\0416313_lab4\0416313_lab4.sdk\temp_xsdb_launch_script.tcl
15:57:43 INFO  : XSCT server has started successfully.
15:57:44 INFO  : Successfully done setting XSCT server connection channel  
15:57:44 INFO  : Successfully done setting SDK workspace  
15:57:44 INFO  : Processing command line option -hwspec D:/0416313_lab4/0416313_lab4.sdk/lab4_wrapper.hdf.
15:58:31 INFO  : Connected to target on host '127.0.0.1' and port '3121'.
15:58:58 INFO  : Connected to target on host '127.0.0.1' and port '3121'.
15:58:58 INFO  : 'targets -set -filter {jtag_cable_name =~ "Digilent Zed 210248471165" && level==0} -index 1' command is executed.
15:59:00 INFO  : FPGA configured successfully with bitstream "D:/0416313_lab4/0416313_lab4.sdk/lab4_wrapper_hw_platform_0/lab4_wrapper.bit"
15:59:10 INFO  : ps7_init is completed.
15:59:11 INFO  : ps7_post_config is completed.
15:59:11 INFO  : Processor reset is completed for ps7_cortexa9_0
15:59:35 INFO  : Processor reset is completed for ps7_cortexa9_0
16:17:53 INFO  : Processor reset is completed for ps7_cortexa9_0
16:28:58 INFO  : Processor reset is completed for ps7_cortexa9_0
16:29:07 INFO  : Processor reset is completed for ps7_cortexa9_0
16:30:47 INFO  : Processor reset is completed for ps7_cortexa9_0
16:31:06 INFO  : Processor reset is completed for ps7_cortexa9_0
16:48:32 INFO  : Processor reset is completed for ps7_cortexa9_0
17:09:28 INFO  : ps7_cortexa9_0 Processor is in use. Please stop existing Run or Debug sessions before launching.
17:09:35 ERROR : Unexpected error while launching program.
java.lang.RuntimeException: Error in Resetting Target

    Could not stop the processor after reset


	at com.xilinx.sdk.targetmanager.internal.TM.doProcessorReset(TM.java:1011)
	at com.xilinx.sdk.debug.core.XilinxAppLaunchConfigurationDelegate.runTargetSetup(XilinxAppLaunchConfigurationDelegate.java:534)
	at com.xilinx.sdk.debug.core.XilinxAppLaunchConfigurationDelegate.runApplication(XilinxAppLaunchConfigurationDelegate.java:616)
	at com.xilinx.sdk.debug.core.XilinxAppLaunchConfigurationDelegate.launch(XilinxAppLaunchConfigurationDelegate.java:309)
	at com.xilinx.sdk.debug.ui.XilinxAppLaunchDelegateWrapper.launch(XilinxAppLaunchDelegateWrapper.java:31)
	at org.eclipse.debug.internal.core.LaunchConfiguration.launch(LaunchConfiguration.java:885)
	at org.eclipse.debug.internal.core.LaunchConfiguration.launch(LaunchConfiguration.java:739)
	at org.eclipse.debug.internal.ui.DebugUIPlugin.buildAndLaunch(DebugUIPlugin.java:1039)
	at org.eclipse.debug.internal.ui.DebugUIPlugin$8.run(DebugUIPlugin.java:1256)
	at org.eclipse.core.internal.jobs.Worker.run(Worker.java:55)
17:09:41 INFO  : ps7_init is completed.
17:09:41 INFO  : ps7_post_config is completed.
17:09:41 INFO  : Processor reset is completed for ps7_cortexa9_0
17:11:03 INFO  : ps7_init is completed.
17:11:03 INFO  : ps7_post_config is completed.
17:11:03 INFO  : Processor reset is completed for ps7_cortexa9_0
17:11:23 INFO  : Processor reset is completed for ps7_cortexa9_0
17:12:44 INFO  : Processor reset is completed for ps7_cortexa9_0
17:15:23 INFO  : Processor reset is completed for ps7_cortexa9_0
17:26:08 INFO  : Processor reset is completed for ps7_cortexa9_0
17:31:51 ERROR : Unexpected error while parsing XMD response ?: com.google.gson.JsonSyntaxException: com.google.gson.stream.MalformedJsonException: invalid number or unquoted string near 
15:39:47 INFO  : Registering command handlers for SDK TCF services
15:39:48 INFO  : Launching XSCT server: xsct.bat -interactive D:\0416313_lab4\0416313_lab4.sdk\temp_xsdb_launch_script.tcl
15:39:53 INFO  : XSCT server has started successfully.
15:39:55 INFO  : Successfully done setting XSCT server connection channel  
15:39:55 INFO  : Successfully done setting SDK workspace  
15:39:55 INFO  : Processing command line option -hwspec D:/0416313_lab4/0416313_lab4.sdk/lab4_wrapper.hdf.
15:39:55 INFO  : Checking for hwspec changes in the project lab4_wrapper_hw_platform_1.
15:40:00 INFO  : SDK has detected change in the last modified timestamps for source hardware specification file Source:1526461592018,  Project:1526457260442
15:40:00 INFO  : The hardware specification for project 'lab4_wrapper_hw_platform_1' is different from D:/0416313_lab4/0416313_lab4.sdk/lab4_wrapper.hdf.
15:40:00 INFO  : Copied contents of D:/0416313_lab4/0416313_lab4.sdk/lab4_wrapper.hdf into \lab4_wrapper_hw_platform_1\system.hdf.
15:40:04 INFO  : Synchronizing projects in the workspace with the hardware platform specification changes.
15:40:04 INFO  : Clearing existing target manager status.
15:40:06 INFO  : Workspace synchronized with the new hardware specification file. Cleaning dependent projects...
15:40:06 WARN  : Linker script will not be updated automatically. Users need to update it manually.
15:41:47 INFO  : ps7_init is completed.
15:41:47 INFO  : ps7_post_config is completed.
15:41:47 INFO  : Processor reset is completed for ps7_cortexa9_0
15:42:10 INFO  : Processor reset is completed for ps7_cortexa9_0
16:05:12 INFO  : Processor reset is completed for ps7_cortexa9_0
16:19:35 INFO  : Processor reset is completed for ps7_cortexa9_0
16:20:24 INFO  : Processor reset is completed for ps7_cortexa9_0
16:20:56 INFO  : Processor reset is completed for ps7_cortexa9_0
16:27:33 INFO  : Processor reset is completed for ps7_cortexa9_0
16:29:48 INFO  : Processor reset is completed for ps7_cortexa9_0
16:29:54 INFO  : Processor reset is completed for ps7_cortexa9_0
16:32:53 INFO  : Processor reset is completed for ps7_cortexa9_0
16:33:12 INFO  : Processor reset is completed for ps7_cortexa9_0
16:33:31 INFO  : Processor reset is completed for ps7_cortexa9_0
16:34:37 INFO  : ps7_init is completed.
16:34:37 INFO  : ps7_post_config is completed.
16:34:37 INFO  : Processor reset is completed for ps7_cortexa9_0
16:46:52 INFO  : Processor reset is completed for ps7_cortexa9_0
16:47:06 INFO  : Processor reset is completed for ps7_cortexa9_0
16:47:26 INFO  : ps7_init is completed.
16:47:26 INFO  : ps7_post_config is completed.
16:47:26 INFO  : Processor reset is completed for ps7_cortexa9_0
16:48:17 INFO  : Processor reset is completed for ps7_cortexa9_0
16:48:47 INFO  : Processor reset is completed for ps7_cortexa9_0
16:49:46 INFO  : Processor reset is completed for ps7_cortexa9_0
16:50:18 INFO  : ps7_init is completed.
16:50:18 INFO  : ps7_post_config is completed.
16:50:18 INFO  : Processor reset is completed for ps7_cortexa9_0
17:06:43 INFO  : Processor reset is completed for ps7_cortexa9_0
17:07:23 INFO  : Processor reset is completed for ps7_cortexa9_0
17:07:37 INFO  : Processor reset is completed for ps7_cortexa9_0
17:12:10 INFO  : Processor reset is completed for ps7_cortexa9_0
17:21:04 ERROR : Unexpected error while parsing XMD response ?: com.google.gson.JsonSyntaxException: com.google.gson.stream.MalformedJsonException: invalid number or unquoted string near 
15:40:41 INFO  : Registering command handlers for SDK TCF services
15:40:41 INFO  : Launching XSCT server: xsct.bat -interactive D:\0416313_lab4\0416313_lab4.sdk\temp_xsdb_launch_script.tcl
15:40:47 INFO  : XSCT server has started successfully.
15:40:47 INFO  : Successfully done setting XSCT server connection channel  
15:40:47 INFO  : Successfully done setting SDK workspace  
15:40:47 INFO  : Processing command line option -hwspec D:/0416313_lab4/0416313_lab4.sdk/lab4_wrapper.hdf.
15:40:48 INFO  : Checking for hwspec changes in the project lab4_wrapper_hw_platform_1.
15:40:51 INFO  : SDK has detected change in the last modified timestamps for source hardware specification file Source:1526547941879,  Project:1526461592018
15:40:51 INFO  : The hardware specification for project 'lab4_wrapper_hw_platform_1' is different from D:/0416313_lab4/0416313_lab4.sdk/lab4_wrapper.hdf.
15:40:51 INFO  : Copied contents of D:/0416313_lab4/0416313_lab4.sdk/lab4_wrapper.hdf into \lab4_wrapper_hw_platform_1\system.hdf.
15:40:54 INFO  : Synchronizing projects in the workspace with the hardware platform specification changes.
15:40:54 INFO  : Clearing existing target manager status.
15:40:56 INFO  : Workspace synchronized with the new hardware specification file. Cleaning dependent projects...
15:40:56 WARN  : Linker script will not be updated automatically. Users need to update it manually.
15:43:06 INFO  : ps7_init is completed.
15:43:06 INFO  : ps7_post_config is completed.
15:43:06 INFO  : Processor reset is completed for ps7_cortexa9_0
15:43:31 INFO  : Processor reset is completed for ps7_cortexa9_0
15:43:43 INFO  : Processor reset is completed for ps7_cortexa9_0
15:46:13 INFO  : Processor reset is completed for ps7_cortexa9_0
16:10:32 INFO  : Processor reset is completed for ps7_cortexa9_0
16:11:44 INFO  : Processor reset is completed for ps7_cortexa9_0
16:13:10 INFO  : Processor reset is completed for ps7_cortexa9_0
16:13:28 INFO  : Processor reset is completed for ps7_cortexa9_0
16:13:58 INFO  : ps7_init is completed.
16:13:58 INFO  : ps7_post_config is completed.
16:13:58 INFO  : Processor reset is completed for ps7_cortexa9_0
16:14:41 INFO  : Processor reset is completed for ps7_cortexa9_0
16:14:56 INFO  : Connected to target on host '127.0.0.1' and port '3121'.
16:14:56 INFO  : 'targets -set -filter {jtag_cable_name =~ "Digilent Zed 210248471165" && level==0} -index 1' command is executed.
16:14:59 INFO  : FPGA configured successfully with bitstream "D:/0416313_lab4/0416313_lab4.sdk/lab4_wrapper_hw_platform_0/lab4_wrapper.bit"
16:15:18 INFO  : ps7_init is completed.
16:15:18 INFO  : ps7_post_config is completed.
16:15:18 INFO  : Processor reset is completed for ps7_cortexa9_0
16:15:30 INFO  : ps7_cortexa9_0 Processor is in use. Please stop existing Run or Debug sessions before launching.
16:15:32 INFO  : Processor reset is completed for ps7_cortexa9_0
16:15:49 INFO  : ps7_init is completed.
16:15:49 INFO  : ps7_post_config is completed.
16:15:49 INFO  : Processor reset is completed for ps7_cortexa9_0
16:16:02 INFO  : ps7_cortexa9_0 Processor is in use. Please stop existing Run or Debug sessions before launching.
16:16:03 INFO  : Processor reset is completed for ps7_cortexa9_0
16:16:26 INFO  : ps7_init is completed.
16:16:26 INFO  : ps7_post_config is completed.
16:16:26 INFO  : Processor reset is completed for ps7_cortexa9_0
16:16:42 INFO  : Processor reset is completed for ps7_cortexa9_0
16:17:23 INFO  : ps7_init is completed.
16:17:23 INFO  : ps7_post_config is completed.
16:17:23 INFO  : Processor reset is completed for ps7_cortexa9_0
16:17:58 INFO  : Processor reset is completed for ps7_cortexa9_0
16:20:54 INFO  : ps7_cortexa9_0 Processor is in use. Please stop existing Run or Debug sessions before launching.
16:20:56 INFO  : Processor reset is completed for ps7_cortexa9_0
16:22:20 INFO  : ps7_cortexa9_0 Processor is in use. Please stop existing Run or Debug sessions before launching.
16:22:23 INFO  : Processor reset is completed for ps7_cortexa9_0
16:22:42 INFO  : ps7_cortexa9_0 Processor is in use. Please stop existing Run or Debug sessions before launching.
16:22:44 INFO  : Processor reset is completed for ps7_cortexa9_0
16:23:02 INFO  : ps7_cortexa9_0 Processor is in use. Please stop existing Run or Debug sessions before launching.
16:23:04 INFO  : Processor reset is completed for ps7_cortexa9_0
16:23:25 INFO  : ps7_cortexa9_0 Processor is in use. Please stop existing Run or Debug sessions before launching.
16:23:27 INFO  : Processor reset is completed for ps7_cortexa9_0
16:23:49 INFO  : ps7_init is completed.
16:23:49 INFO  : ps7_post_config is completed.
16:23:50 INFO  : Processor reset is completed for ps7_cortexa9_0
16:25:44 INFO  : Processor reset is completed for ps7_cortexa9_0
16:26:00 INFO  : Processor reset is completed for ps7_cortexa9_0
16:26:18 INFO  : Processor reset is completed for ps7_cortexa9_0
16:26:30 INFO  : Processor reset is completed for ps7_cortexa9_0
16:41:42 INFO  : Processor reset is completed for ps7_cortexa9_0
16:42:01 INFO  : Processor reset is completed for ps7_cortexa9_0
16:42:36 INFO  : Processor reset is completed for ps7_cortexa9_0
16:43:01 INFO  : Processor reset is completed for ps7_cortexa9_0
16:43:11 INFO  : Processor reset is completed for ps7_cortexa9_0
16:43:20 INFO  : Processor reset is completed for ps7_cortexa9_0
16:43:42 INFO  : Processor reset is completed for ps7_cortexa9_0
16:43:54 INFO  : Processor reset is completed for ps7_cortexa9_0
16:44:18 INFO  : Processor reset is completed for ps7_cortexa9_0
16:44:46 INFO  : Processor reset is completed for ps7_cortexa9_0
16:45:20 INFO  : Processor reset is completed for ps7_cortexa9_0
16:47:11 INFO  : Processor reset is completed for ps7_cortexa9_0
16:49:16 INFO  : Processor reset is completed for ps7_cortexa9_0
16:49:59 INFO  : Processor reset is completed for ps7_cortexa9_0
16:50:08 INFO  : Processor reset is completed for ps7_cortexa9_0
16:50:54 INFO  : Processor reset is completed for ps7_cortexa9_0
17:06:58 INFO  : Processor reset is completed for ps7_cortexa9_0
17:07:23 INFO  : Processor reset is completed for ps7_cortexa9_0
17:07:52 INFO  : Processor reset is completed for ps7_cortexa9_0
17:08:24 INFO  : Processor reset is completed for ps7_cortexa9_0
17:08:41 ERROR : Unexpected error while parsing XMD response ?: com.google.gson.JsonSyntaxException: com.google.gson.stream.MalformedJsonException: invalid number or unquoted string near 
