
*** Running vivado
    with args -log lab4_my_dma_0_6.vds -m64 -product Vivado -mode batch -messageDb vivado.pb -notrace -source lab4_my_dma_0_6.tcl


****** Vivado v2017.2 (64-bit)
  **** SW Build 1909853 on Thu Jun 15 18:39:09 MDT 2017
  **** IP Build 1909766 on Thu Jun 15 19:58:00 MDT 2017
    ** Copyright 1986-2017 Xilinx, Inc. All Rights Reserved.

source lab4_my_dma_0_6.tcl -notrace
Command: synth_design -top lab4_my_dma_0_6 -part xc7z020clg484-1 -mode out_of_context
Starting synth_design
Attempting to get a license for feature 'Synthesis' and/or device 'xc7z020-clg484'
INFO: [Common 17-349] Got license for feature 'Synthesis' and/or device 'xc7z020-clg484'
INFO: Launching helper process for spawning children vivado processes
INFO: Helper process launched with PID 5732 
WARNING: [Synth 8-2507] parameter declaration becomes local in my_dma_v1_0_M00_AXI with formal parameter declaration list [d:/0416313_lab4/0416313_lab4.srcs/sources_1/bd/lab4/ipshared/6ffb/hdl/my_dma_v1_0_M00_AXI.v:186]
WARNING: [Synth 8-992] hw_active is already implicitly declared earlier [d:/0416313_lab4/0416313_lab4.srcs/sources_1/bd/lab4/ipshared/6ffb/hdl/my_dma_v1_0.v:202]
WARNING: [Synth 8-992] dst_addr is already implicitly declared earlier [d:/0416313_lab4/0416313_lab4.srcs/sources_1/bd/lab4/ipshared/6ffb/hdl/my_dma_v1_0.v:203]
WARNING: [Synth 8-992] src_addr is already implicitly declared earlier [d:/0416313_lab4/0416313_lab4.srcs/sources_1/bd/lab4/ipshared/6ffb/hdl/my_dma_v1_0.v:204]
WARNING: [Synth 8-992] len_copy is already implicitly declared earlier [d:/0416313_lab4/0416313_lab4.srcs/sources_1/bd/lab4/ipshared/6ffb/hdl/my_dma_v1_0.v:205]
WARNING: [Synth 8-992] hw_done is already implicitly declared earlier [d:/0416313_lab4/0416313_lab4.srcs/sources_1/bd/lab4/ipshared/6ffb/hdl/my_dma_v1_0.v:206]
---------------------------------------------------------------------------------
Starting RTL Elaboration : Time (s): cpu = 00:00:03 ; elapsed = 00:00:03 . Memory (MB): peak = 373.176 ; gain = 90.410
---------------------------------------------------------------------------------
INFO: [Synth 8-638] synthesizing module 'lab4_my_dma_0_6' [d:/0416313_lab4/0416313_lab4.srcs/sources_1/bd/lab4/ip/lab4_my_dma_0_6/synth/lab4_my_dma_0_6.v:56]
INFO: [Synth 8-638] synthesizing module 'my_dma_v1_0' [d:/0416313_lab4/0416313_lab4.srcs/sources_1/bd/lab4/ipshared/6ffb/hdl/my_dma_v1_0.v:4]
	Parameter C_S00_AXI_DATA_WIDTH bound to: 32 - type: integer 
	Parameter C_S00_AXI_ADDR_WIDTH bound to: 4 - type: integer 
	Parameter C_M00_AXI_TARGET_SLAVE_BASE_ADDR bound to: 1073741824 - type: integer 
	Parameter C_M00_AXI_BURST_LEN bound to: 16 - type: integer 
	Parameter C_M00_AXI_ID_WIDTH bound to: 1 - type: integer 
	Parameter C_M00_AXI_ADDR_WIDTH bound to: 32 - type: integer 
	Parameter C_M00_AXI_DATA_WIDTH bound to: 32 - type: integer 
	Parameter C_M00_AXI_AWUSER_WIDTH bound to: 1 - type: integer 
	Parameter C_M00_AXI_ARUSER_WIDTH bound to: 1 - type: integer 
	Parameter C_M00_AXI_WUSER_WIDTH bound to: 4 - type: integer 
	Parameter C_M00_AXI_RUSER_WIDTH bound to: 4 - type: integer 
	Parameter C_M00_AXI_BUSER_WIDTH bound to: 1 - type: integer 
INFO: [Synth 8-638] synthesizing module 'my_dma_v1_0_S00_AXI' [d:/0416313_lab4/0416313_lab4.srcs/sources_1/bd/lab4/ipshared/6ffb/hdl/my_dma_v1_0_S00_AXI.v:4]
	Parameter C_S_AXI_DATA_WIDTH bound to: 32 - type: integer 
	Parameter C_S_AXI_ADDR_WIDTH bound to: 4 - type: integer 
	Parameter ADDR_LSB bound to: 2 - type: integer 
	Parameter OPT_MEM_ADDR_BITS bound to: 1 - type: integer 
INFO: [Synth 8-226] default block is never used [d:/0416313_lab4/0416313_lab4.srcs/sources_1/bd/lab4/ipshared/6ffb/hdl/my_dma_v1_0_S00_AXI.v:235]
INFO: [Synth 8-226] default block is never used [d:/0416313_lab4/0416313_lab4.srcs/sources_1/bd/lab4/ipshared/6ffb/hdl/my_dma_v1_0_S00_AXI.v:379]
WARNING: [Synth 8-6014] Unused sequential element byte_index was removed.  [d:/0416313_lab4/0416313_lab4.srcs/sources_1/bd/lab4/ipshared/6ffb/hdl/my_dma_v1_0_S00_AXI.v:225]
INFO: [Synth 8-256] done synthesizing module 'my_dma_v1_0_S00_AXI' (1#1) [d:/0416313_lab4/0416313_lab4.srcs/sources_1/bd/lab4/ipshared/6ffb/hdl/my_dma_v1_0_S00_AXI.v:4]
INFO: [Synth 8-638] synthesizing module 'my_dma_v1_0_M00_AXI' [d:/0416313_lab4/0416313_lab4.srcs/sources_1/bd/lab4/ipshared/6ffb/hdl/my_dma_v1_0_M00_AXI.v:4]
	Parameter C_M_TARGET_SLAVE_BASE_ADDR bound to: 1073741824 - type: integer 
	Parameter C_M_AXI_BURST_LEN bound to: 16 - type: integer 
	Parameter C_M_AXI_ID_WIDTH bound to: 1 - type: integer 
	Parameter C_M_AXI_ADDR_WIDTH bound to: 32 - type: integer 
	Parameter C_M_AXI_DATA_WIDTH bound to: 32 - type: integer 
	Parameter C_M_AXI_AWUSER_WIDTH bound to: 1 - type: integer 
	Parameter C_M_AXI_ARUSER_WIDTH bound to: 1 - type: integer 
	Parameter C_M_AXI_WUSER_WIDTH bound to: 4 - type: integer 
	Parameter C_M_AXI_RUSER_WIDTH bound to: 4 - type: integer 
	Parameter C_M_AXI_BUSER_WIDTH bound to: 1 - type: integer 
	Parameter C_TRANSACTIONS_NUM bound to: 4 - type: integer 
	Parameter IDLE bound to: 2'b00 
	Parameter INIT_READ bound to: 2'b01 
	Parameter INIT_WRITE bound to: 2'b10 
	Parameter COPY_DONE bound to: 2'b11 
INFO: [Synth 8-226] default block is never used [d:/0416313_lab4/0416313_lab4.srcs/sources_1/bd/lab4/ipshared/6ffb/hdl/my_dma_v1_0_M00_AXI.v:631]
INFO: [Synth 8-256] done synthesizing module 'my_dma_v1_0_M00_AXI' (2#1) [d:/0416313_lab4/0416313_lab4.srcs/sources_1/bd/lab4/ipshared/6ffb/hdl/my_dma_v1_0_M00_AXI.v:4]
INFO: [Synth 8-256] done synthesizing module 'my_dma_v1_0' (3#1) [d:/0416313_lab4/0416313_lab4.srcs/sources_1/bd/lab4/ipshared/6ffb/hdl/my_dma_v1_0.v:4]
INFO: [Synth 8-256] done synthesizing module 'lab4_my_dma_0_6' (4#1) [d:/0416313_lab4/0416313_lab4.srcs/sources_1/bd/lab4/ip/lab4_my_dma_0_6/synth/lab4_my_dma_0_6.v:56]
WARNING: [Synth 8-3331] design my_dma_v1_0_M00_AXI has unconnected port M_AXI_BID[0]
WARNING: [Synth 8-3331] design my_dma_v1_0_M00_AXI has unconnected port M_AXI_BRESP[1]
WARNING: [Synth 8-3331] design my_dma_v1_0_M00_AXI has unconnected port M_AXI_BRESP[0]
WARNING: [Synth 8-3331] design my_dma_v1_0_M00_AXI has unconnected port M_AXI_BUSER[0]
WARNING: [Synth 8-3331] design my_dma_v1_0_M00_AXI has unconnected port M_AXI_RID[0]
WARNING: [Synth 8-3331] design my_dma_v1_0_M00_AXI has unconnected port M_AXI_RRESP[1]
WARNING: [Synth 8-3331] design my_dma_v1_0_M00_AXI has unconnected port M_AXI_RRESP[0]
WARNING: [Synth 8-3331] design my_dma_v1_0_M00_AXI has unconnected port M_AXI_RUSER[3]
WARNING: [Synth 8-3331] design my_dma_v1_0_M00_AXI has unconnected port M_AXI_RUSER[2]
WARNING: [Synth 8-3331] design my_dma_v1_0_M00_AXI has unconnected port M_AXI_RUSER[1]
WARNING: [Synth 8-3331] design my_dma_v1_0_M00_AXI has unconnected port M_AXI_RUSER[0]
WARNING: [Synth 8-3331] design my_dma_v1_0_S00_AXI has unconnected port S_AXI_AWPROT[2]
WARNING: [Synth 8-3331] design my_dma_v1_0_S00_AXI has unconnected port S_AXI_AWPROT[1]
WARNING: [Synth 8-3331] design my_dma_v1_0_S00_AXI has unconnected port S_AXI_AWPROT[0]
WARNING: [Synth 8-3331] design my_dma_v1_0_S00_AXI has unconnected port S_AXI_ARPROT[2]
WARNING: [Synth 8-3331] design my_dma_v1_0_S00_AXI has unconnected port S_AXI_ARPROT[1]
WARNING: [Synth 8-3331] design my_dma_v1_0_S00_AXI has unconnected port S_AXI_ARPROT[0]
---------------------------------------------------------------------------------
Finished RTL Elaboration : Time (s): cpu = 00:00:04 ; elapsed = 00:00:04 . Memory (MB): peak = 399.977 ; gain = 117.211
---------------------------------------------------------------------------------

Report Check Netlist: 
+------+------------------+-------+---------+-------+------------------+
|      |Item              |Errors |Warnings |Status |Description       |
+------+------------------+-------+---------+-------+------------------+
|1     |multi_driven_nets |      0|        0|Passed |Multi driven nets |
+------+------------------+-------+---------+-------+------------------+
---------------------------------------------------------------------------------
Finished RTL Optimization Phase 1 : Time (s): cpu = 00:00:04 ; elapsed = 00:00:05 . Memory (MB): peak = 399.977 ; gain = 117.211
---------------------------------------------------------------------------------
INFO: [Device 21-403] Loading part xc7z020clg484-1
INFO: [Project 1-570] Preparing netlist for logic optimization

Processing XDC Constraints
Initializing timing engine
Completed Processing XDC Constraints

INFO: [Project 1-111] Unisim Transformation Summary:
No Unisim elements were transformed.

Constraint Validation Runtime : Time (s): cpu = 00:00:00 ; elapsed = 00:00:00.031 . Memory (MB): peak = 717.707 ; gain = 0.000
---------------------------------------------------------------------------------
Finished Constraint Validation : Time (s): cpu = 00:00:14 ; elapsed = 00:00:24 . Memory (MB): peak = 717.707 ; gain = 434.941
---------------------------------------------------------------------------------
---------------------------------------------------------------------------------
Start Loading Part and Timing Information
---------------------------------------------------------------------------------
Loading part: xc7z020clg484-1
---------------------------------------------------------------------------------
Finished Loading Part and Timing Information : Time (s): cpu = 00:00:14 ; elapsed = 00:00:24 . Memory (MB): peak = 717.707 ; gain = 434.941
---------------------------------------------------------------------------------
---------------------------------------------------------------------------------
Start Applying 'set_property' XDC Constraints
---------------------------------------------------------------------------------
---------------------------------------------------------------------------------
Finished applying 'set_property' XDC Constraints : Time (s): cpu = 00:00:14 ; elapsed = 00:00:24 . Memory (MB): peak = 717.707 ; gain = 434.941
---------------------------------------------------------------------------------
INFO: [Synth 8-5544] ROM "axi_wdata" won't be mapped to Block RAM because address size (2) smaller than threshold (5)
INFO: [Synth 8-5546] ROM "total_length" won't be mapped to RAM because it is too sparse
WARNING: [Synth 8-6014] Unused sequential element  was removed.  [d:/0416313_lab4/0416313_lab4.srcs/sources_1/bd/lab4/ipshared/6ffb/hdl/my_dma_v1_0_M00_AXI.v:347]
WARNING: [Synth 8-6014] Unused sequential element  was removed.  [d:/0416313_lab4/0416313_lab4.srcs/sources_1/bd/lab4/ipshared/6ffb/hdl/my_dma_v1_0_M00_AXI.v:347]
WARNING: [Synth 8-6014] Unused sequential element write_index_reg was removed.  [d:/0416313_lab4/0416313_lab4.srcs/sources_1/bd/lab4/ipshared/6ffb/hdl/my_dma_v1_0_M00_AXI.v:435]
WARNING: [Synth 8-6014] Unused sequential element read_index_reg was removed.  [d:/0416313_lab4/0416313_lab4.srcs/sources_1/bd/lab4/ipshared/6ffb/hdl/my_dma_v1_0_M00_AXI.v:564]
INFO: [Synth 8-5544] ROM "axi_wdata" won't be mapped to Block RAM because address size (2) smaller than threshold (5)
INFO: [Synth 8-5546] ROM "total_length" won't be mapped to RAM because it is too sparse
INFO: [Synth 8-5544] ROM "mst_exec_state" won't be mapped to Block RAM because address size (1) smaller than threshold (5)
INFO: [Synth 8-5544] ROM "mst_exec_state" won't be mapped to Block RAM because address size (1) smaller than threshold (5)
INFO: [Synth 8-5544] ROM "hw_done" won't be mapped to Block RAM because address size (2) smaller than threshold (5)
WARNING: [Synth 8-6014] Unused sequential element write_index_reg_rep was removed.  [d:/0416313_lab4/0416313_lab4.srcs/sources_1/bd/lab4/ipshared/6ffb/hdl/my_dma_v1_0_M00_AXI.v:435]
WARNING: [Synth 8-327] inferring latch for variable 'axi_wdata_reg' [d:/0416313_lab4/0416313_lab4.srcs/sources_1/bd/lab4/ipshared/6ffb/hdl/my_dma_v1_0_M00_AXI.v:252]
---------------------------------------------------------------------------------
Finished RTL Optimization Phase 2 : Time (s): cpu = 00:00:14 ; elapsed = 00:00:25 . Memory (MB): peak = 717.707 ; gain = 434.941
---------------------------------------------------------------------------------

Report RTL Partitions: 
+-+--------------+------------+----------+
| |RTL Partition |Replication |Instances |
+-+--------------+------------+----------+
+-+--------------+------------+----------+
---------------------------------------------------------------------------------
Start RTL Component Statistics 
---------------------------------------------------------------------------------
Detailed RTL Component Info : 
+---Adders : 
	   2 Input     10 Bit       Adders := 4     
	   2 Input      8 Bit       Adders := 1     
	   2 Input      5 Bit       Adders := 3     
+---Registers : 
	               32 Bit    Registers := 7     
	               10 Bit    Registers := 1     
	                6 Bit    Registers := 2     
	                5 Bit    Registers := 3     
	                4 Bit    Registers := 2     
	                2 Bit    Registers := 3     
	                1 Bit    Registers := 22    
+---RAMs : 
	              512 Bit         RAMs := 1     
+---Muxes : 
	   2 Input     32 Bit        Muxes := 6     
	   4 Input     32 Bit        Muxes := 5     
	   2 Input     10 Bit        Muxes := 5     
	   5 Input      5 Bit        Muxes := 1     
	   6 Input      2 Bit        Muxes := 1     
	   2 Input      2 Bit        Muxes := 1     
	   2 Input      1 Bit        Muxes := 18    
	   4 Input      1 Bit        Muxes := 4     
	   6 Input      1 Bit        Muxes := 1     
---------------------------------------------------------------------------------
Finished RTL Component Statistics 
---------------------------------------------------------------------------------
---------------------------------------------------------------------------------
Start RTL Hierarchical Component Statistics 
---------------------------------------------------------------------------------
Hierarchical RTL Component report 
Module my_dma_v1_0_S00_AXI 
Detailed RTL Component Info : 
+---Registers : 
	               32 Bit    Registers := 5     
	                4 Bit    Registers := 2     
	                2 Bit    Registers := 2     
	                1 Bit    Registers := 6     
+---Muxes : 
	   2 Input     32 Bit        Muxes := 4     
	   4 Input     32 Bit        Muxes := 5     
	   2 Input      1 Bit        Muxes := 6     
Module my_dma_v1_0_M00_AXI 
Detailed RTL Component Info : 
+---Adders : 
	   2 Input     10 Bit       Adders := 4     
	   2 Input      8 Bit       Adders := 1     
	   2 Input      5 Bit       Adders := 3     
+---Registers : 
	               32 Bit    Registers := 2     
	               10 Bit    Registers := 1     
	                6 Bit    Registers := 2     
	                5 Bit    Registers := 3     
	                2 Bit    Registers := 1     
	                1 Bit    Registers := 16    
+---RAMs : 
	              512 Bit         RAMs := 1     
+---Muxes : 
	   2 Input     32 Bit        Muxes := 2     
	   2 Input     10 Bit        Muxes := 5     
	   5 Input      5 Bit        Muxes := 1     
	   6 Input      2 Bit        Muxes := 1     
	   2 Input      2 Bit        Muxes := 1     
	   2 Input      1 Bit        Muxes := 12    
	   4 Input      1 Bit        Muxes := 4     
	   6 Input      1 Bit        Muxes := 1     
---------------------------------------------------------------------------------
Finished RTL Hierarchical Component Statistics
---------------------------------------------------------------------------------
---------------------------------------------------------------------------------
Start Part Resource Summary
---------------------------------------------------------------------------------
Part Resources:
DSPs: 220 (col length:60)
BRAMs: 280 (col length: RAMB18 60 RAMB36 30)
---------------------------------------------------------------------------------
Finished Part Resource Summary
---------------------------------------------------------------------------------
---------------------------------------------------------------------------------
Start Cross Boundary and Area Optimization
---------------------------------------------------------------------------------
WARNING: [Synth 8-6014] Unused sequential element A was removed.  [d:/0416313_lab4/0416313_lab4.srcs/sources_1/bd/lab4/ipshared/6ffb/hdl/my_dma_v1_0_M00_AXI.v:347]
WARNING: [Synth 8-6014] Unused sequential element inst/my_dma_v1_0_M00_AXI_inst/axi_awaddr_reg was removed.  [d:/0416313_lab4/0416313_lab4.srcs/sources_1/bd/lab4/ipshared/6ffb/hdl/my_dma_v1_0_M00_AXI.v:235]
WARNING: [Synth 8-6014] Unused sequential element inst/my_dma_v1_0_M00_AXI_inst/axi_araddr_reg was removed.  [d:/0416313_lab4/0416313_lab4.srcs/sources_1/bd/lab4/ipshared/6ffb/hdl/my_dma_v1_0_M00_AXI.v:262]
WARNING: [Synth 8-6014] Unused sequential element inst/my_dma_v1_0_M00_AXI_inst/read_index_reg was removed.  [d:/0416313_lab4/0416313_lab4.srcs/sources_1/bd/lab4/ipshared/6ffb/hdl/my_dma_v1_0_M00_AXI.v:564]
WARNING: [Synth 8-6014] Unused sequential element inst/my_dma_v1_0_M00_AXI_inst/write_index_reg was removed.  [d:/0416313_lab4/0416313_lab4.srcs/sources_1/bd/lab4/ipshared/6ffb/hdl/my_dma_v1_0_M00_AXI.v:435]
INFO: [Synth 8-3917] design lab4_my_dma_0_6 has port m00_axi_awid[0] driven by constant 0
INFO: [Synth 8-3917] design lab4_my_dma_0_6 has port m00_axi_awsize[2] driven by constant 0
INFO: [Synth 8-3917] design lab4_my_dma_0_6 has port m00_axi_awsize[1] driven by constant 1
INFO: [Synth 8-3917] design lab4_my_dma_0_6 has port m00_axi_awsize[0] driven by constant 0
INFO: [Synth 8-3917] design lab4_my_dma_0_6 has port m00_axi_awburst[1] driven by constant 0
INFO: [Synth 8-3917] design lab4_my_dma_0_6 has port m00_axi_awburst[0] driven by constant 1
INFO: [Synth 8-3917] design lab4_my_dma_0_6 has port m00_axi_awlock driven by constant 0
INFO: [Synth 8-3917] design lab4_my_dma_0_6 has port m00_axi_awcache[3] driven by constant 0
INFO: [Synth 8-3917] design lab4_my_dma_0_6 has port m00_axi_awcache[2] driven by constant 0
INFO: [Synth 8-3917] design lab4_my_dma_0_6 has port m00_axi_awcache[1] driven by constant 1
INFO: [Synth 8-3917] design lab4_my_dma_0_6 has port m00_axi_awcache[0] driven by constant 0
INFO: [Synth 8-3917] design lab4_my_dma_0_6 has port m00_axi_awprot[2] driven by constant 0
INFO: [Synth 8-3917] design lab4_my_dma_0_6 has port m00_axi_awprot[1] driven by constant 0
INFO: [Synth 8-3917] design lab4_my_dma_0_6 has port m00_axi_awprot[0] driven by constant 0
INFO: [Synth 8-3917] design lab4_my_dma_0_6 has port m00_axi_awqos[3] driven by constant 0
INFO: [Synth 8-3917] design lab4_my_dma_0_6 has port m00_axi_awqos[2] driven by constant 0
INFO: [Synth 8-3917] design lab4_my_dma_0_6 has port m00_axi_awqos[1] driven by constant 0
INFO: [Synth 8-3917] design lab4_my_dma_0_6 has port m00_axi_awqos[0] driven by constant 0
INFO: [Synth 8-3917] design lab4_my_dma_0_6 has port m00_axi_awuser[0] driven by constant 1
INFO: [Synth 8-3917] design lab4_my_dma_0_6 has port m00_axi_wstrb[3] driven by constant 1
INFO: [Synth 8-3917] design lab4_my_dma_0_6 has port m00_axi_wstrb[2] driven by constant 1
INFO: [Synth 8-3917] design lab4_my_dma_0_6 has port m00_axi_wstrb[1] driven by constant 1
INFO: [Synth 8-3917] design lab4_my_dma_0_6 has port m00_axi_wstrb[0] driven by constant 1
INFO: [Synth 8-3917] design lab4_my_dma_0_6 has port m00_axi_wuser[3] driven by constant 0
INFO: [Synth 8-3917] design lab4_my_dma_0_6 has port m00_axi_wuser[2] driven by constant 0
INFO: [Synth 8-3917] design lab4_my_dma_0_6 has port m00_axi_wuser[1] driven by constant 0
INFO: [Synth 8-3917] design lab4_my_dma_0_6 has port m00_axi_wuser[0] driven by constant 0
INFO: [Synth 8-3917] design lab4_my_dma_0_6 has port m00_axi_arid[0] driven by constant 0
INFO: [Synth 8-3917] design lab4_my_dma_0_6 has port m00_axi_arsize[2] driven by constant 0
INFO: [Synth 8-3917] design lab4_my_dma_0_6 has port m00_axi_arsize[1] driven by constant 1
INFO: [Synth 8-3917] design lab4_my_dma_0_6 has port m00_axi_arsize[0] driven by constant 0
INFO: [Synth 8-3917] design lab4_my_dma_0_6 has port m00_axi_arburst[1] driven by constant 0
INFO: [Synth 8-3917] design lab4_my_dma_0_6 has port m00_axi_arburst[0] driven by constant 1
INFO: [Synth 8-3917] design lab4_my_dma_0_6 has port m00_axi_arlock driven by constant 0
INFO: [Synth 8-3917] design lab4_my_dma_0_6 has port m00_axi_arcache[3] driven by constant 0
INFO: [Synth 8-3917] design lab4_my_dma_0_6 has port m00_axi_arcache[2] driven by constant 0
INFO: [Synth 8-3917] design lab4_my_dma_0_6 has port m00_axi_arcache[1] driven by constant 1
INFO: [Synth 8-3917] design lab4_my_dma_0_6 has port m00_axi_arcache[0] driven by constant 0
INFO: [Synth 8-3917] design lab4_my_dma_0_6 has port m00_axi_arprot[2] driven by constant 0
INFO: [Synth 8-3917] design lab4_my_dma_0_6 has port m00_axi_arprot[1] driven by constant 0
INFO: [Synth 8-3917] design lab4_my_dma_0_6 has port m00_axi_arprot[0] driven by constant 0
INFO: [Synth 8-3917] design lab4_my_dma_0_6 has port m00_axi_arqos[3] driven by constant 0
INFO: [Synth 8-3917] design lab4_my_dma_0_6 has port m00_axi_arqos[2] driven by constant 0
INFO: [Synth 8-3917] design lab4_my_dma_0_6 has port m00_axi_arqos[1] driven by constant 0
INFO: [Synth 8-3917] design lab4_my_dma_0_6 has port m00_axi_arqos[0] driven by constant 0
INFO: [Synth 8-3917] design lab4_my_dma_0_6 has port m00_axi_aruser[0] driven by constant 1
WARNING: [Synth 8-3331] design lab4_my_dma_0_6 has unconnected port s00_axi_awprot[2]
WARNING: [Synth 8-3331] design lab4_my_dma_0_6 has unconnected port s00_axi_awprot[1]
WARNING: [Synth 8-3331] design lab4_my_dma_0_6 has unconnected port s00_axi_awprot[0]
WARNING: [Synth 8-3331] design lab4_my_dma_0_6 has unconnected port s00_axi_arprot[2]
WARNING: [Synth 8-3331] design lab4_my_dma_0_6 has unconnected port s00_axi_arprot[1]
WARNING: [Synth 8-3331] design lab4_my_dma_0_6 has unconnected port s00_axi_arprot[0]
WARNING: [Synth 8-3331] design lab4_my_dma_0_6 has unconnected port m00_axi_bid[0]
WARNING: [Synth 8-3331] design lab4_my_dma_0_6 has unconnected port m00_axi_bresp[1]
WARNING: [Synth 8-3331] design lab4_my_dma_0_6 has unconnected port m00_axi_bresp[0]
WARNING: [Synth 8-3331] design lab4_my_dma_0_6 has unconnected port m00_axi_buser[0]
WARNING: [Synth 8-3331] design lab4_my_dma_0_6 has unconnected port m00_axi_rid[0]
WARNING: [Synth 8-3331] design lab4_my_dma_0_6 has unconnected port m00_axi_rresp[1]
WARNING: [Synth 8-3331] design lab4_my_dma_0_6 has unconnected port m00_axi_rresp[0]
WARNING: [Synth 8-3331] design lab4_my_dma_0_6 has unconnected port m00_axi_ruser[3]
WARNING: [Synth 8-3331] design lab4_my_dma_0_6 has unconnected port m00_axi_ruser[2]
WARNING: [Synth 8-3331] design lab4_my_dma_0_6 has unconnected port m00_axi_ruser[1]
WARNING: [Synth 8-3331] design lab4_my_dma_0_6 has unconnected port m00_axi_ruser[0]
INFO: [Synth 8-3886] merging instance 'A[0]' (FDE) to 'inst/my_dma_v1_0_M00_AXI_inst/burst_length_reg[0]'
INFO: [Synth 8-3886] merging instance 'A[1]' (FDE) to 'inst/my_dma_v1_0_M00_AXI_inst/burst_length_reg[1]'
INFO: [Synth 8-3886] merging instance 'A[2]' (FDE) to 'inst/my_dma_v1_0_M00_AXI_inst/burst_length_reg[2]'
INFO: [Synth 8-3886] merging instance 'A[3]' (FDE) to 'inst/my_dma_v1_0_M00_AXI_inst/burst_length_reg[3]'
INFO: [Synth 8-3886] merging instance 'A[4]' (FDE) to 'inst/my_dma_v1_0_M00_AXI_inst/burst_length_reg[4]'
INFO: [Synth 8-3886] merging instance 'inst/my_dma_v1_0_S00_AXI_inst/axi_rresp_reg[0]' (FDRE) to 'inst/my_dma_v1_0_S00_AXI_inst/axi_rresp_reg[1]'
INFO: [Synth 8-3333] propagating constant 0 across sequential element (\inst/my_dma_v1_0_S00_AXI_inst/axi_rresp_reg[1] )
INFO: [Synth 8-3886] merging instance 'inst/my_dma_v1_0_S00_AXI_inst/axi_bresp_reg[0]' (FDRE) to 'inst/my_dma_v1_0_S00_AXI_inst/axi_bresp_reg[1]'
INFO: [Synth 8-3333] propagating constant 0 across sequential element (\inst/my_dma_v1_0_S00_AXI_inst/axi_bresp_reg[1] )
INFO: [Synth 8-3332] Sequential element (inst/my_dma_v1_0_S00_AXI_inst/axi_awaddr_reg[1]) is unused and will be removed from module lab4_my_dma_0_6.
INFO: [Synth 8-3332] Sequential element (inst/my_dma_v1_0_S00_AXI_inst/axi_awaddr_reg[0]) is unused and will be removed from module lab4_my_dma_0_6.
INFO: [Synth 8-3332] Sequential element (inst/my_dma_v1_0_S00_AXI_inst/axi_bresp_reg[1]) is unused and will be removed from module lab4_my_dma_0_6.
INFO: [Synth 8-3332] Sequential element (inst/my_dma_v1_0_S00_AXI_inst/axi_araddr_reg[1]) is unused and will be removed from module lab4_my_dma_0_6.
INFO: [Synth 8-3332] Sequential element (inst/my_dma_v1_0_S00_AXI_inst/axi_araddr_reg[0]) is unused and will be removed from module lab4_my_dma_0_6.
INFO: [Synth 8-3332] Sequential element (inst/my_dma_v1_0_S00_AXI_inst/axi_rresp_reg[1]) is unused and will be removed from module lab4_my_dma_0_6.
---------------------------------------------------------------------------------
Finished Cross Boundary and Area Optimization : Time (s): cpu = 00:00:16 ; elapsed = 00:00:26 . Memory (MB): peak = 717.707 ; gain = 434.941
---------------------------------------------------------------------------------
---------------------------------------------------------------------------------
Start ROM, RAM, DSP and Shift Register Reporting
---------------------------------------------------------------------------------

Distributed RAM: Preliminary Mapping  Report (see note below)
+----------------+------------------------------------------+-----------+----------------------+--------------+
|Module Name     | RTL Object                               | Inference | Size (Depth x Width) | Primitives   | 
+----------------+------------------------------------------+-----------+----------------------+--------------+
|lab4_my_dma_0_6 | inst/my_dma_v1_0_M00_AXI_inst/buffer_reg | Implied   | 16 x 32              | RAM32M x 6   | 
+----------------+------------------------------------------+-----------+----------------------+--------------+

Note: The table above is a preliminary report that shows the Distributed RAMs at the current stage of the synthesis flow. Some Distributed RAMs may be reimplemented as non Distributed RAM primitives later in the synthesis flow. Multiple instantiated RAMs are reported only once.
---------------------------------------------------------------------------------
Finished ROM, RAM, DSP and Shift Register Reporting
---------------------------------------------------------------------------------

Report RTL Partitions: 
+-+--------------+------------+----------+
| |RTL Partition |Replication |Instances |
+-+--------------+------------+----------+
+-+--------------+------------+----------+
---------------------------------------------------------------------------------
Start Applying XDC Timing Constraints
---------------------------------------------------------------------------------
---------------------------------------------------------------------------------
Finished Applying XDC Timing Constraints : Time (s): cpu = 00:00:28 ; elapsed = 00:00:38 . Memory (MB): peak = 717.707 ; gain = 434.941
---------------------------------------------------------------------------------
---------------------------------------------------------------------------------
Start Timing Optimization
---------------------------------------------------------------------------------
---------------------------------------------------------------------------------
Finished Timing Optimization : Time (s): cpu = 00:00:28 ; elapsed = 00:00:38 . Memory (MB): peak = 717.707 ; gain = 434.941
---------------------------------------------------------------------------------

Report RTL Partitions: 
+-+--------------+------------+----------+
| |RTL Partition |Replication |Instances |
+-+--------------+------------+----------+
+-+--------------+------------+----------+
---------------------------------------------------------------------------------
Start Technology Mapping
---------------------------------------------------------------------------------
INFO: [Synth 8-3886] merging instance 'inst/my_dma_v1_0_M00_AXI_inst/write_index_reg_rep[0]' (FDRE) to 'inst/my_dma_v1_0_M00_AXI_inst/write_index_reg[0]'
INFO: [Synth 8-3886] merging instance 'inst/my_dma_v1_0_M00_AXI_inst/write_index_reg_rep[1]' (FDRE) to 'inst/my_dma_v1_0_M00_AXI_inst/write_index_reg[1]'
INFO: [Synth 8-3886] merging instance 'inst/my_dma_v1_0_M00_AXI_inst/write_index_reg_rep[2]' (FDRE) to 'inst/my_dma_v1_0_M00_AXI_inst/write_index_reg[2]'
INFO: [Synth 8-3886] merging instance 'inst/my_dma_v1_0_M00_AXI_inst/write_index_reg_rep[3]' (FDRE) to 'inst/my_dma_v1_0_M00_AXI_inst/write_index_reg[3]'
---------------------------------------------------------------------------------
Finished Technology Mapping : Time (s): cpu = 00:00:28 ; elapsed = 00:00:38 . Memory (MB): peak = 717.707 ; gain = 434.941
---------------------------------------------------------------------------------

Report RTL Partitions: 
+-+--------------+------------+----------+
| |RTL Partition |Replication |Instances |
+-+--------------+------------+----------+
+-+--------------+------------+----------+
---------------------------------------------------------------------------------
Start IO Insertion
---------------------------------------------------------------------------------
---------------------------------------------------------------------------------
Start Flattening Before IO Insertion
---------------------------------------------------------------------------------
---------------------------------------------------------------------------------
Finished Flattening Before IO Insertion
---------------------------------------------------------------------------------
---------------------------------------------------------------------------------
Start Final Netlist Cleanup
---------------------------------------------------------------------------------
---------------------------------------------------------------------------------
Finished Final Netlist Cleanup
---------------------------------------------------------------------------------
---------------------------------------------------------------------------------
Finished IO Insertion : Time (s): cpu = 00:00:29 ; elapsed = 00:00:39 . Memory (MB): peak = 717.707 ; gain = 434.941
---------------------------------------------------------------------------------

Report Check Netlist: 
+------+------------------+-------+---------+-------+------------------+
|      |Item              |Errors |Warnings |Status |Description       |
+------+------------------+-------+---------+-------+------------------+
|1     |multi_driven_nets |      0|        0|Passed |Multi driven nets |
+------+------------------+-------+---------+-------+------------------+
---------------------------------------------------------------------------------
Start Renaming Generated Instances
---------------------------------------------------------------------------------
---------------------------------------------------------------------------------
Finished Renaming Generated Instances : Time (s): cpu = 00:00:29 ; elapsed = 00:00:39 . Memory (MB): peak = 717.707 ; gain = 434.941
---------------------------------------------------------------------------------

Report RTL Partitions: 
+-+--------------+------------+----------+
| |RTL Partition |Replication |Instances |
+-+--------------+------------+----------+
+-+--------------+------------+----------+
---------------------------------------------------------------------------------
Start Rebuilding User Hierarchy
---------------------------------------------------------------------------------
---------------------------------------------------------------------------------
Finished Rebuilding User Hierarchy : Time (s): cpu = 00:00:29 ; elapsed = 00:00:39 . Memory (MB): peak = 717.707 ; gain = 434.941
---------------------------------------------------------------------------------
---------------------------------------------------------------------------------
Start Renaming Generated Ports
---------------------------------------------------------------------------------
---------------------------------------------------------------------------------
Finished Renaming Generated Ports : Time (s): cpu = 00:00:29 ; elapsed = 00:00:39 . Memory (MB): peak = 717.707 ; gain = 434.941
---------------------------------------------------------------------------------
---------------------------------------------------------------------------------
Start Handling Custom Attributes
---------------------------------------------------------------------------------
---------------------------------------------------------------------------------
Finished Handling Custom Attributes : Time (s): cpu = 00:00:29 ; elapsed = 00:00:39 . Memory (MB): peak = 717.707 ; gain = 434.941
---------------------------------------------------------------------------------
---------------------------------------------------------------------------------
Start Renaming Generated Nets
---------------------------------------------------------------------------------
---------------------------------------------------------------------------------
Finished Renaming Generated Nets : Time (s): cpu = 00:00:29 ; elapsed = 00:00:39 . Memory (MB): peak = 717.707 ; gain = 434.941
---------------------------------------------------------------------------------
---------------------------------------------------------------------------------
Start Writing Synthesis Report
---------------------------------------------------------------------------------

Report BlackBoxes: 
+-+--------------+----------+
| |BlackBox name |Instances |
+-+--------------+----------+
+-+--------------+----------+

Report Cell Usage: 
+------+-------+------+
|      |Cell   |Count |
+------+-------+------+
|1     |CARRY4 |    16|
|2     |LUT1   |     5|
|3     |LUT2   |    12|
|4     |LUT3   |    11|
|5     |LUT4   |    42|
|6     |LUT5   |    70|
|7     |LUT6   |    68|
|8     |RAM32M |     6|
|9     |FDRE   |   276|
|10    |FDSE   |     1|
|11    |LDC    |    32|
+------+-------+------+

Report Instance Areas: 
+------+-----------------------------+--------------------+------+
|      |Instance                     |Module              |Cells |
+------+-----------------------------+--------------------+------+
|1     |top                          |                    |   539|
|2     |  inst                       |my_dma_v1_0         |   539|
|3     |    my_dma_v1_0_M00_AXI_inst |my_dma_v1_0_M00_AXI |   300|
|4     |    my_dma_v1_0_S00_AXI_inst |my_dma_v1_0_S00_AXI |   239|
+------+-----------------------------+--------------------+------+
---------------------------------------------------------------------------------
Finished Writing Synthesis Report : Time (s): cpu = 00:00:29 ; elapsed = 00:00:39 . Memory (MB): peak = 717.707 ; gain = 434.941
---------------------------------------------------------------------------------
Synthesis finished with 0 errors, 0 critical warnings and 28 warnings.
Synthesis Optimization Runtime : Time (s): cpu = 00:00:18 ; elapsed = 00:00:23 . Memory (MB): peak = 717.707 ; gain = 117.211
Synthesis Optimization Complete : Time (s): cpu = 00:00:29 ; elapsed = 00:00:39 . Memory (MB): peak = 717.707 ; gain = 434.941
INFO: [Project 1-571] Translating synthesized netlist
INFO: [Netlist 29-17] Analyzing 54 Unisim elements for replacement
INFO: [Netlist 29-28] Unisim Transformation completed in 0 CPU seconds
INFO: [Project 1-570] Preparing netlist for logic optimization
INFO: [Opt 31-138] Pushed 0 inverter(s) to 0 load pin(s).
INFO: [Project 1-111] Unisim Transformation Summary:
  A total of 38 instances were transformed.
  LDC => LDCE: 32 instances
  RAM32M => RAM32M (RAMD32, RAMD32, RAMD32, RAMD32, RAMD32, RAMD32, RAMS32, RAMS32): 6 instances

93 Infos, 52 Warnings, 0 Critical Warnings and 0 Errors encountered.
synth_design completed successfully
synth_design: Time (s): cpu = 00:00:31 ; elapsed = 00:00:41 . Memory (MB): peak = 717.707 ; gain = 436.566
INFO: [Common 17-1381] The checkpoint 'D:/0416313_lab4/0416313_lab4.runs/lab4_my_dma_0_6_synth_1/lab4_my_dma_0_6.dcp' has been generated.
