#-----------------------------------------------------------
# Webtalk v2017.2 (64-bit)
# SW Build 1909853 on Thu Jun 15 18:39:09 MDT 2017
# 
# Start of session at: Fri Apr 27 11:53:05 2018
# Process ID: 10312
# Current directory: C:/Users/shlab_81/Desktop/midterm/midterm.sdk/webtalk
# Command line: wbtcv.exe -mode batch -source sdk_webtalk.tcl
# Log file: C:/Users/shlab_81/Desktop/midterm/midterm.sdk/webtalk/webtalk.log
# Journal file: C:/Users/shlab_81/Desktop/midterm/midterm.sdk/webtalk\webtalk.jou
#-----------------------------------------------------------
source sdk_webtalk.tcl
# webtalk_init -webtalk_dir C:\\Users\\shlab_81\\Desktop\\midterm\\midterm.sdk\\webtalk
# webtalk_register_client -client project
# webtalk_add_data -client project -key date_generated -value "2018-04-27 11:53:03" -context "software_version_and_target_device"
# webtalk_add_data -client project -key product_version -value "SDK v2017.2" -context "software_version_and_target_device"
# webtalk_add_data -client project -key build_version -value "2017.2" -context "software_version_and_target_device"
# webtalk_add_data -client project -key os_platform -value "amd64" -context "software_version_and_target_device"
# webtalk_add_data -client project -key registration_id -value "" -context "software_version_and_target_device"
# webtalk_add_data -client project -key tool_flow -value "SDK" -context "software_version_and_target_device"
# webtalk_add_data -client project -key beta -value "false" -context "software_version_and_target_device"
# webtalk_add_data -client project -key route_design -value "NA" -context "software_version_and_target_device"
# webtalk_add_data -client project -key target_family -value "NA" -context "software_version_and_target_device"
# webtalk_add_data -client project -key target_device -value "NA" -context "software_version_and_target_device"
# webtalk_add_data -client project -key target_package -value "NA" -context "software_version_and_target_device"
# webtalk_add_data -client project -key target_speed -value "NA" -context "software_version_and_target_device"
# webtalk_add_data -client project -key random_id -value "u56a51bvrba4h9u4rh225lchg9" -context "software_version_and_target_device"
# webtalk_add_data -client project -key project_id -value "2017.2_1" -context "software_version_and_target_device"
# webtalk_add_data -client project -key project_iteration -value "1" -context "software_version_and_target_device"
# webtalk_add_data -client project -key os_name -value "Microsoft Windows 7 , 64-bit" -context "user_environment"
# webtalk_add_data -client project -key os_release -value "Service Pack 1  (build 7601)" -context "user_environment"
# webtalk_add_data -client project -key cpu_name -value "Intel(R) Core(TM) i3-4150 CPU @ 3.50GHz" -context "user_environment"
# webtalk_add_data -client project -key cpu_speed -value "3491 MHz" -context "user_environment"
# webtalk_add_data -client project -key total_processors -value "1" -context "user_environment"
# webtalk_add_data -client project -key system_ram -value "12.000 GB" -context "user_environment"
# webtalk_register_client -client sdk
# webtalk_add_data -client sdk -key uid -value "1524797588894" -context "sdk\\\\hardware/1524797588894"
# webtalk_add_data -client sdk -key isZynq -value "true" -context "sdk\\\\hardware/1524797588894"
# webtalk_add_data -client sdk -key isZynqMP -value "false" -context "sdk\\\\hardware/1524797588894"
# webtalk_add_data -client sdk -key Processors -value "2" -context "sdk\\\\hardware/1524797588894"
# webtalk_add_data -client sdk -key VivadoVersion -value "2017.2" -context "sdk\\\\hardware/1524797588894"
# webtalk_add_data -client sdk -key Arch -value "zynq" -context "sdk\\\\hardware/1524797588894"
# webtalk_add_data -client sdk -key Device -value "7z020" -context "sdk\\\\hardware/1524797588894"
# webtalk_add_data -client sdk -key IsHandoff -value "true" -context "sdk\\\\hardware/1524797588894"
# webtalk_add_data -client sdk -key os -value "NA" -context "sdk\\\\hardware/1524797588894"
# webtalk_add_data -client sdk -key apptemplate -value "NA" -context "sdk\\\\hardware/1524797588894"
# webtalk_add_data -client sdk -key RecordType -value "HWCreation" -context "sdk\\\\hardware/1524797588894"
# webtalk_add_data -client sdk -key uid -value "1524797644660" -context "sdk\\\\bsp/1524797644660"
# webtalk_add_data -client sdk -key hwid -value "1524797588894" -context "sdk\\\\bsp/1524797644660"
# webtalk_add_data -client sdk -key os -value "standalone" -context "sdk\\\\bsp/1524797644660"
# webtalk_add_data -client sdk -key apptemplate -value "hello_world" -context "sdk\\\\bsp/1524797644660"
# webtalk_add_data -client sdk -key RecordType -value "BSPCreation" -context "sdk\\\\bsp/1524797644660"
# webtalk_add_data -client sdk -key uid -value "1524797653910" -context "sdk\\\\application/1524797653910"
# webtalk_add_data -client sdk -key hwid -value "1524797588894" -context "sdk\\\\application/1524797653910"
# webtalk_add_data -client sdk -key bspid -value "1524797644660" -context "sdk\\\\application/1524797653910"
# webtalk_add_data -client sdk -key newbsp -value "true" -context "sdk\\\\application/1524797653910"
# webtalk_add_data -client sdk -key os -value "standalone" -context "sdk\\\\application/1524797653910"
# webtalk_add_data -client sdk -key apptemplate -value "hello_world" -context "sdk\\\\application/1524797653910"
# webtalk_add_data -client sdk -key RecordType -value "APPCreation" -context "sdk\\\\application/1524797653910"
# webtalk_add_data -client sdk -key LangUsed -value "C" -context "sdk\\\\application/1524797653910"
# webtalk_add_data -client sdk -key Procused -value "ps7_cortexa9" -context "sdk\\\\application/1524797653910"
# webtalk_add_data -client sdk -key projSize -value "184.33984375" -context "sdk\\\\application/1524797653910"
# webtalk_add_data -client sdk -key uid -value "1524800570447" -context "sdk\\\\bsp/1524800570447"
# webtalk_add_data -client sdk -key hwid -value "1524797588894" -context "sdk\\\\bsp/1524800570447"
# webtalk_add_data -client sdk -key os -value "freertos901_xilinx" -context "sdk\\\\bsp/1524800570447"
# webtalk_add_data -client sdk -key apptemplate -value "freertos_hello_world" -context "sdk\\\\bsp/1524800570447"
# webtalk_add_data -client sdk -key RecordType -value "BSPCreation" -context "sdk\\\\bsp/1524800570447"
# webtalk_add_data -client sdk -key uid -value "1524800573482" -context "sdk\\\\application/1524800573482"
# webtalk_add_data -client sdk -key hwid -value "1524797588894" -context "sdk\\\\application/1524800573482"
# webtalk_add_data -client sdk -key bspid -value "1524800570447" -context "sdk\\\\application/1524800573482"
# webtalk_add_data -client sdk -key newbsp -value "true" -context "sdk\\\\application/1524800573482"
# webtalk_add_data -client sdk -key os -value "freertos901_xilinx" -context "sdk\\\\application/1524800573482"
# webtalk_add_data -client sdk -key apptemplate -value "freertos_hello_world" -context "sdk\\\\application/1524800573482"
# webtalk_add_data -client sdk -key RecordType -value "APPCreation" -context "sdk\\\\application/1524800573482"
# webtalk_add_data -client sdk -key LangUsed -value "C" -context "sdk\\\\application/1524800573482"
# webtalk_add_data -client sdk -key Procused -value "ps7_cortexa9" -context "sdk\\\\application/1524800573482"
# webtalk_add_data -client sdk -key projSize -value "258.765625" -context "sdk\\\\application/1524800573482"
# webtalk_add_data -client sdk -key uid -value "NA" -context "sdk\\\\bsp/1524801183166"
# webtalk_add_data -client sdk -key RecordType -value "ToolUsage" -context "sdk\\\\bsp/1524801183166"
# webtalk_add_data -client sdk -key BootgenCount -value "0" -context "sdk\\\\bsp/1524801183166"
# webtalk_add_data -client sdk -key DebugCount -value "0" -context "sdk\\\\bsp/1524801183166"
# webtalk_add_data -client sdk -key PerfCount -value "0" -context "sdk\\\\bsp/1524801183166"
# webtalk_add_data -client sdk -key FlashCount -value "0" -context "sdk\\\\bsp/1524801183166"
# webtalk_add_data -client sdk -key CrossTriggCount -value "0" -context "sdk\\\\bsp/1524801183166"
# webtalk_add_data -client sdk -key QemuDebugCount -value "0" -context "sdk\\\\bsp/1524801183166"
# webtalk_transmit -clientid 1065372973 -regid "" -xml C:\\Users\\shlab_81\\Desktop\\midterm\\midterm.sdk\\webtalk\\usage_statistics_ext_sdk.xml -html C:\\Users\\shlab_81\\Desktop\\midterm\\midterm.sdk\\webtalk\\usage_statistics_ext_sdk.html -wdm C:\\Users\\shlab_81\\Desktop\\midterm\\midterm.sdk\\webtalk\\sdk_webtalk.wdm -intro "<H3>SDK Usage Report</H3><BR>"
webtalk_transmit: Time (s): cpu = 00:00:00 ; elapsed = 00:00:07 . Memory (MB): peak = 61.699 ; gain = 1.207
# webtalk_terminate
INFO: [Common 17-206] Exiting Webtalk at Fri Apr 27 11:53:13 2018...
