10:11:22 INFO  : Registering command handlers for SDK TCF services
10:11:22 INFO  : Launching XSCT server: xsct.bat -interactive C:\Users\shlab_23\Downloads\final_student\final_exam\final_exam.sdk\temp_xsdb_launch_script.tcl
10:11:27 INFO  : XSCT server has started successfully.
10:11:27 INFO  : Successfully done setting XSCT server connection channel  
10:11:33 INFO  : Successfully done setting SDK workspace  
10:11:33 INFO  : Processing command line option -hwspec C:/Users/shlab_23/Downloads/final_student/final_exam/final_exam.sdk/design_1_wrapper.hdf.
11:19:48 INFO  : ps7_init is completed.
11:19:48 INFO  : ps7_post_config is completed.
11:19:48 INFO  : Processor reset is completed for ps7_cortexa9_0
11:20:04 INFO  : Processor reset is completed for ps7_cortexa9_0
11:22:37 INFO  : Processor reset is completed for ps7_cortexa9_0
11:36:34 INFO  : Processor reset is completed for ps7_cortexa9_0
11:49:44 INFO  : Processor reset is completed for ps7_cortexa9_0
11:50:02 INFO  : Processor reset is completed for ps7_cortexa9_0
11:50:34 INFO  : Processor reset is completed for ps7_cortexa9_0
11:50:52 INFO  : Processor reset is completed for ps7_cortexa9_0
11:51:16 INFO  : ps7_init is completed.
11:51:16 INFO  : ps7_post_config is completed.
11:51:17 INFO  : Processor reset is completed for ps7_cortexa9_0
11:54:10 INFO  : Processor reset is completed for ps7_cortexa9_0
11:54:44 INFO  : ps7_init is completed.
11:54:44 INFO  : ps7_post_config is completed.
11:54:45 INFO  : Processor reset is completed for ps7_cortexa9_0
11:55:05 INFO  : Processor reset is completed for ps7_cortexa9_0
12:09:55 INFO  : ps7_cortexa9_0 Processor is in use. Please stop existing Run or Debug sessions before launching.
12:10:02 ERROR : Unexpected error while launching program.
java.lang.RuntimeException: Error in Resetting Target

    Could not stop the processor after reset


	at com.xilinx.sdk.targetmanager.internal.TM.doProcessorReset(TM.java:1011)
	at com.xilinx.sdk.debug.core.XilinxAppLaunchConfigurationDelegate.runTargetSetup(XilinxAppLaunchConfigurationDelegate.java:534)
	at com.xilinx.sdk.debug.core.XilinxAppLaunchConfigurationDelegate.runApplication(XilinxAppLaunchConfigurationDelegate.java:616)
	at com.xilinx.sdk.debug.core.XilinxAppLaunchConfigurationDelegate.launch(XilinxAppLaunchConfigurationDelegate.java:309)
	at com.xilinx.sdk.debug.ui.XilinxAppLaunchDelegateWrapper.launch(XilinxAppLaunchDelegateWrapper.java:31)
	at org.eclipse.debug.internal.core.LaunchConfiguration.launch(LaunchConfiguration.java:885)
	at org.eclipse.debug.internal.core.LaunchConfiguration.launch(LaunchConfiguration.java:739)
	at org.eclipse.debug.internal.ui.DebugUIPlugin.buildAndLaunch(DebugUIPlugin.java:1039)
	at org.eclipse.debug.internal.ui.DebugUIPlugin$8.run(DebugUIPlugin.java:1256)
	at org.eclipse.core.internal.jobs.Worker.run(Worker.java:55)
12:10:18 INFO  : ps7_init is completed.
12:10:19 INFO  : ps7_post_config is completed.
12:10:19 INFO  : Processor reset is completed for ps7_cortexa9_0
12:29:43 INFO  : Processor reset is completed for ps7_cortexa9_0
12:34:18 INFO  : Processor reset is completed for ps7_cortexa9_0
12:44:56 INFO  : Processor reset is completed for ps7_cortexa9_0
12:45:49 INFO  : Processor reset is completed for ps7_cortexa9_0
12:46:08 INFO  : Processor reset is completed for ps7_cortexa9_0
12:46:35 INFO  : Processor reset is completed for ps7_cortexa9_0
12:46:36 ERROR : Unexpected error while launching program.
java.lang.RuntimeException: Failed to download ELF file


    Cannot access DDR: the controller is held in reset

	at com.xilinx.sdk.targetmanager.internal.TM.downloadELF(TM.java:686)
	at com.xilinx.sdk.debug.core.internal.AppRunner.run(AppRunner.java:129)
	at com.xilinx.sdk.debug.core.XilinxAppLaunchConfigurationDelegate.runApplication(XilinxAppLaunchConfigurationDelegate.java:637)
	at com.xilinx.sdk.debug.core.XilinxAppLaunchConfigurationDelegate.launch(XilinxAppLaunchConfigurationDelegate.java:309)
	at com.xilinx.sdk.debug.ui.XilinxAppLaunchDelegateWrapper.launch(XilinxAppLaunchDelegateWrapper.java:31)
	at org.eclipse.debug.internal.core.LaunchConfiguration.launch(LaunchConfiguration.java:885)
	at org.eclipse.debug.internal.core.LaunchConfiguration.launch(LaunchConfiguration.java:739)
	at org.eclipse.debug.internal.ui.DebugUIPlugin.buildAndLaunch(DebugUIPlugin.java:1039)
	at org.eclipse.debug.internal.ui.DebugUIPlugin$8.run(DebugUIPlugin.java:1256)
	at org.eclipse.core.internal.jobs.Worker.run(Worker.java:55)
12:47:23 ERROR : Unexpected error while parsing XMD response ?: com.google.gson.JsonSyntaxException: com.google.gson.stream.MalformedJsonException: invalid number or unquoted string near 
12:47:36 INFO  : Registering command handlers for SDK TCF services
12:47:36 INFO  : Launching XSCT server: xsct.bat -interactive C:\Users\shlab_23\Downloads\final_student\final_exam\final_exam.sdk\temp_xsdb_launch_script.tcl
12:47:38 INFO  : XSCT server has started successfully.
12:47:41 INFO  : Successfully done setting XSCT server connection channel  
12:47:41 INFO  : Processing command line option -hwspec C:/Users/shlab_23/Downloads/final_student/final_exam/final_exam.sdk/design_1_wrapper.hdf.
12:47:41 INFO  : Checking for hwspec changes in the project design_1_wrapper_hw_platform_0.
12:47:43 INFO  : Successfully done setting SDK workspace  
12:47:46 INFO  : ps7_init is completed.
12:47:46 INFO  : ps7_post_config is completed.
12:47:46 INFO  : Processor reset is completed for ps7_cortexa9_0
12:49:29 INFO  : Processor reset is completed for ps7_cortexa9_0
12:49:56 INFO  : Processor reset is completed for ps7_cortexa9_0
12:50:30 INFO  : Processor reset is completed for ps7_cortexa9_0
12:51:17 INFO  : Processor reset is completed for ps7_cortexa9_0
13:04:45 INFO  : Processor reset is completed for ps7_cortexa9_0
13:05:43 INFO  : Processor reset is completed for ps7_cortexa9_0
13:15:58 INFO  : ps7_init is completed.
13:15:58 INFO  : ps7_post_config is completed.
13:15:58 INFO  : Processor reset is completed for ps7_cortexa9_0
13:16:10 INFO  : Processor reset is completed for ps7_cortexa9_0
13:16:27 INFO  : ps7_init is completed.
13:16:27 INFO  : ps7_post_config is completed.
13:16:27 INFO  : Processor reset is completed for ps7_cortexa9_0
13:17:05 ERROR : Unexpected error while parsing XMD response ?: com.google.gson.JsonSyntaxException: com.google.gson.stream.MalformedJsonException: invalid number or unquoted string near 
