#
# A fatal error has been detected by the Java Runtime Environment:
#
#  EXCEPTION_ACCESS_VIOLATION (0xc0000005) at pc=0x000007fed6db8bf0, pid=2872, tid=0x0000000000001084
#
# JRE version: Java(TM) SE Runtime Environment (8.0_112-b15) (build 1.8.0_112-b15)
# Java VM: Java HotSpot(TM) 64-Bit Server VM (25.112-b15 mixed mode windows-amd64 compressed oops)
# Problematic frame:
# C  [librdi_coregen.dll+0x7a8bf0]
#
# Failed to write core dump. Minidumps are not enabled by default on client versions of Windows
#
# If you would like to submit a bug report, please visit:
#   http://bugreport.java.com/bugreport/crash.jsp
# The crash happened outside the Java Virtual Machine in native code.
# See problematic frame for where to report the bug.
#

---------------  T H R E A D  ---------------

Current thread (0x0000000002620800):  JavaThread "Refresh Filesets Swing Worker" [_thread_in_native, id=4228, stack(0x000000003cae0000,0x000000003cfe0000)]

siginfo: ExceptionCode=0xc0000005, reading address 0x0000000000000038

Registers:
RAX=0x0000000000000000, RBX=0x0000000002747150, RCX=0x0000000000000000, RDX=0xfffffffffeb96f20
RSP=0x000000003cfded18, RBP=0x000000003cfdee20, RSI=0x0000000000000000, RDI=0x00000000506753f8
R8 =0x000000003cfdedb0, R9 =0x000000003cfdee90, R10=0x000000002e54a100, R11=0x000000003cfdee70
R12=0x0000000000000000, R13=0x00000000506753a0, R14=0x000000002a4f0bf0, R15=0x0000000001e1e500
RIP=0x000007fed6db8bf0, EFLAGS=0x0000000000010246

Top of Stack: (sp=0x000000003cfded18)
0x000000003cfded18:   000007fed6ea8e14 0000000000000000
0x000000003cfded28:   000007feeb9603f0 0000000101000000
0x000000003cfded38:   0000000300000000 000000003cfdf008
0x000000003cfded48:   000007feeb962792 000000003cfdefb8
0x000000003cfded58:   0000000000000000 000000003cfdee50
0x000000003cfded68:   00000000506753f8 0000000004909590
0x000000003cfded78:   0000000004909590 0000000000000000
0x000000003cfded88:   fffffffffffffffe 0000000004909590
0x000000003cfded98:   0000000004909590 0000000000000000
0x000000003cfdeda8:   0000000004909500 0000000004909590
0x000000003cfdedb8:   0000000004909590 0000000000000000
0x000000003cfdedc8:   0000000004909500 0000000004909590
0x000000003cfdedd8:   0000000004909590 0000000000000000
0x000000003cfdede8:   0000000004909500 0000000004909590
0x000000003cfdedf8:   0000000004909590 0000000000000000
0x000000003cfdee08:   0000000004909500 0000000004909590 

Instructions: (pc=0x000007fed6db8bf0)
0x000007fed6db8bd0:   da fa ff 48 8b c3 48 83 c4 30 5b c3 cc cc cc cc
0x000007fed6db8be0:   48 8b 41 30 c3 cc cc cc cc cc cc cc cc cc cc cc
0x000007fed6db8bf0:   48 8b 49 38 e9 77 ce 04 00 cc cc cc cc cc cc cc
0x000007fed6db8c00:   48 83 ec 28 48 8b 49 38 e8 63 ce 04 00 48 8b c8 


Register to memory mapping:

RAX=0x0000000000000000 is an unknown value
RBX=0x0000000002747150 is an unknown value
RCX=0x0000000000000000 is an unknown value
RDX=0xfffffffffeb96f20 is an unknown value
RSP=0x000000003cfded18 is pointing into the stack for thread: 0x0000000002620800
RBP=0x000000003cfdee20 is pointing into the stack for thread: 0x0000000002620800
RSI=0x0000000000000000 is an unknown value
RDI=0x00000000506753f8 is an unknown value
R8 =0x000000003cfdedb0 is pointing into the stack for thread: 0x0000000002620800
R9 =0x000000003cfdee90 is pointing into the stack for thread: 0x0000000002620800
R10=0x000000002e54a100 is an unknown value
R11=0x000000003cfdee70 is pointing into the stack for thread: 0x0000000002620800
R12=0x0000000000000000 is an unknown value
R13=0x00000000506753a0 is an unknown value
R14=0x000000002a4f0bf0 is an unknown value
R15=0x0000000001e1e500 is an unknown value


Stack: [0x000000003cae0000,0x000000003cfe0000],  sp=0x000000003cfded18,  free space=5115k
Native frames: (J=compiled Java code, j=interpreted, Vv=VM code, C=native code)
C  [librdi_coregen.dll+0x7a8bf0]

Java frames: (J=compiled Java code, j=interpreted, Vv=VM code)
J 13927  ui.data.design.dai.HADAFileMgr_refreshFileSets(J)V (0 bytes) @ 0x000000001345fbc1 [0x000000001345fb80+0x41]
J 21055 C2 ui.data.design.n.aqd()V (37 bytes) @ 0x000000001539eb5c [0x000000001539e8a0+0x2bc]
j  ui.data.design.x.construct()Ljava/lang/Object;+28
j  ui.frmwork.D.run()V+23
j  java.lang.Thread.run()V+11
v  ~StubRoutines::call_stub

---------------  P R O C E S S  ---------------

Java Threads: ( => current thread )
  0x000000006152c000 JavaThread "Thread-1223" [_thread_in_native, id=5312, stack(0x00000000513f0000,0x00000000514f0000)]
  0x000000003a1a5000 JavaThread "Image Fetcher 0" daemon [_thread_blocked, id=7120, stack(0x00000000667b0000,0x0000000066cb0000)]
  0x000000004636f000 JavaThread "Image Fetcher 3" daemon [_thread_blocked, id=6792, stack(0x0000000068420000,0x0000000068920000)]
  0x0000000050b75800 JavaThread "Update Runs Swing Worker" [_thread_blocked, id=8728, stack(0x0000000067ea0000,0x00000000683a0000)]
  0x000000005fb5b000 JavaThread "Thread-1179" [_thread_in_native, id=7520, stack(0x0000000060a00000,0x0000000060b00000)]
  0x000000005fb50800 JavaThread "Thread-1178" [_thread_in_native, id=3312, stack(0x0000000060ba0000,0x0000000060ca0000)]
  0x0000000060d3f000 JavaThread "Thread-1108" [_thread_in_native, id=5008, stack(0x0000000050f70000,0x0000000051070000)]
  0x0000000032b6c800 JavaThread "Thread-931" [_thread_in_native, id=3380, stack(0x0000000046760000,0x0000000046860000)]
  0x000000003a1a5800 JavaThread "Thread-930" [_thread_in_native, id=8356, stack(0x0000000046140000,0x0000000046240000)]
  0x0000000031b64000 JavaThread "Thread-917" [_thread_in_native, id=3444, stack(0x000000003fc80000,0x000000003fd80000)]
  0x0000000008ae2000 JavaThread "Thread-834" [_thread_in_native, id=7768, stack(0x000000002c900000,0x000000002ca00000)]
  0x000000000285e000 JavaThread "Thread-833" [_thread_in_native, id=7604, stack(0x000000002c650000,0x000000002c750000)]
  0x0000000037d5f800 JavaThread "SyntheticaAnimation 50" daemon [_thread_blocked, id=1180, stack(0x0000000042ae0000,0x0000000042fe0000)]
  0x00000000372d4800 JavaThread "SyntheticaAnimation 50" daemon [_thread_blocked, id=724, stack(0x000000003deb0000,0x000000003e3b0000)]
  0x00000000303e7800 JavaThread "c" [_thread_blocked, id=3688, stack(0x000000003e9e0000,0x000000003eee0000)]
  0x00000000303e8800 JavaThread "Thread-30" daemon [_thread_in_native, id=2492, stack(0x000000003e490000,0x000000003e990000)]
  0x000000002af5f800 JavaThread "Update Runs Swing Worker" [_thread_blocked, id=4460, stack(0x000000003d110000,0x000000003d610000)]
=>0x0000000002620800 JavaThread "Refresh Filesets Swing Worker" [_thread_in_native, id=4228, stack(0x000000003cae0000,0x000000003cfe0000)]
  0x0000000002745800 JavaThread "Thread-23" [_thread_in_native, id=3828, stack(0x00000000319c0000,0x0000000031ac0000)]
  0x000000003692c800 JavaThread "Thread-22" [_thread_in_native, id=3848, stack(0x00000000317a0000,0x00000000318a0000)]
  0x000000002a930800 JavaThread "hw_ila_monitor" [_thread_blocked, id=4888, stack(0x0000000030cf0000,0x00000000311f0000)]
  0x0000000029d4f800 JavaThread "Refresh Filesets Swing Worker" [_thread_blocked, id=1052, stack(0x000000002fb90000,0x0000000030090000)]
  0x0000000029e7f800 JavaThread "SyntheticaAnimation 70" daemon [_thread_blocked, id=1808, stack(0x0000000031c60000,0x0000000032160000)]
  0x0000000027585000 JavaThread "SyntheticaAnimation 25" daemon [_thread_blocked, id=3232, stack(0x00000000307b0000,0x0000000030cb0000)]
  0x0000000027597800 JavaThread "SyntheticaAnimation 50" daemon [_thread_blocked, id=3840, stack(0x000000002f5f0000,0x000000002faf0000)]
  0x000000002a921800 JavaThread "Batik CleanerThread" daemon [_thread_blocked, id=5092, stack(0x000000002bad0000,0x000000002bfd0000)]
  0x00000000278bf800 JavaThread "SyntheticaCleanerThread" daemon [_thread_blocked, id=1468, stack(0x00000000290d0000,0x00000000295d0000)]
  0x0000000008b67800 JavaThread "Process Messages" [_thread_blocked, id=2912, stack(0x00000000279b0000,0x0000000027eb0000)]
  0x0000000009f21800 JavaThread "Thread-2" [_thread_in_native, id=4312, stack(0x0000000002f90000,0x0000000004390000)]
  0x0000000023170800 JavaThread "AWT-EventQueue-0" [_thread_in_native, id=1408, stack(0x0000000026ad0000,0x0000000026fd0000)]
  0x0000000022e16800 JavaThread "AWT-Windows" daemon [_thread_in_native, id=4496, stack(0x0000000024f30000,0x0000000025430000)]
  0x0000000022e17800 JavaThread "AWT-Shutdown" [_thread_blocked, id=1184, stack(0x0000000024860000,0x0000000024d60000)]
  0x0000000008b52000 JavaThread "Java2D Disposer" daemon [_thread_blocked, id=2556, stack(0x0000000024220000,0x0000000024720000)]
  0x0000000022c67800 JavaThread "TimerQueue" daemon [_thread_blocked, id=3432, stack(0x0000000023c40000,0x0000000024140000)]
  0x0000000009f3f800 JavaThread "Service Thread" daemon [_thread_blocked, id=4600, stack(0x0000000022430000,0x0000000022930000)]
  0x0000000009f47800 JavaThread "C1 CompilerThread2" daemon [_thread_blocked, id=2036, stack(0x0000000022230000,0x0000000022330000)]
  0x00000000111f5800 JavaThread "C2 CompilerThread1" daemon [_thread_blocked, id=2020, stack(0x00000000220e0000,0x00000000221e0000)]
  0x0000000011210800 JavaThread "C2 CompilerThread0" daemon [_thread_blocked, id=4620, stack(0x0000000021ef0000,0x0000000021ff0000)]
  0x0000000011211800 JavaThread "Attach Listener" daemon [_thread_blocked, id=1232, stack(0x0000000011af0000,0x0000000011ff0000)]
  0x0000000011215800 JavaThread "Signal Dispatcher" daemon [_thread_blocked, id=4940, stack(0x0000000021900000,0x0000000021e00000)]
  0x0000000009fe8800 JavaThread "Finalizer" daemon [_thread_blocked, id=4184, stack(0x0000000021350000,0x0000000021850000)]
  0x0000000009feb800 JavaThread "Reference Handler" daemon [_thread_blocked, id=1700, stack(0x0000000011550000,0x0000000011a50000)]
  0x0000000004405000 JavaThread "main" [_thread_blocked, id=4612, stack(0x0000000008b80000,0x0000000008c80000)]

Other Threads:
  0x0000000007921000 VMThread [stack: 0x00000000112e0000,0x00000000113e0000] [id=776]
  0x0000000008b17800 WatcherThread [stack: 0x00000000229a0000,0x0000000022aa0000] [id=4756]

VM state:not at safepoint (normal execution)

VM Mutex/Monitor currently owned by a thread: None

Heap:
 PSYoungGen      total 50688K, used 20601K [0x00000007bc400000, 0x00000007c0000000, 0x00000007c0000000)
  eden space 48128K, 37% used [0x00000007bc400000,0x00000007bd59ff80,0x00000007bf300000)
  from space 2560K, 99% used [0x00000007bfd80000,0x00000007bfffe740,0x00000007c0000000)
  to   space 6656K, 0% used [0x00000007bf300000,0x00000007bf300000,0x00000007bf980000)
 ParOldGen       total 205824K, used 149133K [0x0000000700000000, 0x000000070c900000, 0x00000007bc400000)
  object space 205824K, 72% used [0x0000000700000000,0x00000007091a3530,0x000000070c900000)
 Metaspace       used 91300K, capacity 92241K, committed 92888K, reserved 1128448K
  class space    used 13325K, capacity 13507K, committed 13568K, reserved 1048576K

Card table byte_map: [0x0000000009040000,0x0000000009650000] byte_map_base: 0x0000000005840000

Marking Bits: (ParMarkBitMap*) 0x0000000062c5a6d0
 Begin Bits: [0x000000000a990000, 0x000000000d990000)
 End Bits:   [0x000000000d990000, 0x0000000010990000)

Polling page: 0x0000000000270000

CodeCache: size=245760Kb used=79994Kb max_used=80006Kb free=165765Kb
 bounds [0x0000000012280000, 0x0000000017150000, 0x0000000021280000]
 total_blobs=21084 nmethods=19987 adapters=999
 compilation: enabled

Compilation events (10 events):
Event: 7756.686 Thread 0x0000000009f47800 28348       1       sun.awt.im.InputMethodLocator::getLocale (5 bytes)
Event: 7756.686 Thread 0x0000000009f47800 nmethod 28348 0x0000000012ad5890 code [0x0000000012ad59e0, 0x0000000012ad5af0]
Event: 7756.688 Thread 0x0000000011210800 28351       4       javax.swing.tree.VariableHeightLayoutCache::getMaxNodeWidth (47 bytes)
Event: 7756.688 Thread 0x0000000009f47800 28349       1       sun.awt.im.InputMethodLocator::getDescriptor (5 bytes)
Event: 7756.688 Thread 0x0000000009f47800 nmethod 28349 0x000000001339ca90 code [0x000000001339cbe0, 0x000000001339ccf0]
Event: 7756.690 Thread 0x0000000009f47800 28350       1       sun.awt.windows.WInputMethod::supportsBelowTheSpot (2 bytes)
Event: 7756.691 Thread 0x0000000009f47800 nmethod 28350 0x0000000014e6cb10 code [0x0000000014e6cc60, 0x0000000014e6cd70]
Event: 7756.695 Thread 0x0000000011210800 nmethod 28351 0x0000000016797410 code [0x00000000167975a0, 0x0000000016797fe8]
Event: 7756.704 Thread 0x00000000111f5800 28352       4       java.awt.geom.Rectangle2D::contains (85 bytes)
Event: 7756.706 Thread 0x00000000111f5800 nmethod 28352 0x00000000155f42d0 code [0x00000000155f4440, 0x00000000155f47b8]

GC Heap History (10 events):
Event: 7751.612 GC heap before
{Heap before GC invocations=882 (full 63):
 PSYoungGen      total 58880K, used 57984K [0x00000007bc400000, 0x00000007c0000000, 0x00000007c0000000)
  eden space 56320K, 100% used [0x00000007bc400000,0x00000007bfb00000,0x00000007bfb00000)
  from space 2560K, 65% used [0x00000007bfd80000,0x00000007bff20000,0x00000007c0000000)
  to   space 2560K, 0% used [0x00000007bfb00000,0x00000007bfb00000,0x00000007bfd80000)
 ParOldGen       total 205824K, used 168974K [0x0000000700000000, 0x000000070c900000, 0x00000007bc400000)
  object space 205824K, 82% used [0x0000000700000000,0x000000070a503820,0x000000070c900000)
 Metaspace       used 91205K, capacity 92177K, committed 92888K, reserved 1128448K
  class space    used 13325K, capacity 13507K, committed 13568K, reserved 1048576K
Event: 7751.620 GC heap after
Heap after GC invocations=882 (full 63):
 PSYoungGen      total 58880K, used 1472K [0x00000007bc400000, 0x00000007c0000000, 0x00000007c0000000)
  eden space 56320K, 0% used [0x00000007bc400000,0x00000007bc400000,0x00000007bfb00000)
  from space 2560K, 57% used [0x00000007bfb00000,0x00000007bfc70000,0x00000007bfd80000)
  to   space 2560K, 0% used [0x00000007bfd80000,0x00000007bfd80000,0x00000007c0000000)
 ParOldGen       total 205824K, used 169006K [0x0000000700000000, 0x000000070c900000, 0x00000007bc400000)
  object space 205824K, 82% used [0x0000000700000000,0x000000070a50b820,0x000000070c900000)
 Metaspace       used 91205K, capacity 92177K, committed 92888K, reserved 1128448K
  class space    used 13325K, capacity 13507K, committed 13568K, reserved 1048576K
}
Event: 7752.441 GC heap before
{Heap before GC invocations=883 (full 63):
 PSYoungGen      total 58880K, used 6411K [0x00000007bc400000, 0x00000007c0000000, 0x00000007c0000000)
  eden space 56320K, 8% used [0x00000007bc400000,0x00000007bc8d2f28,0x00000007bfb00000)
  from space 2560K, 57% used [0x00000007bfb00000,0x00000007bfc70000,0x00000007bfd80000)
  to   space 2560K, 0% used [0x00000007bfd80000,0x00000007bfd80000,0x00000007c0000000)
 ParOldGen       total 205824K, used 169006K [0x0000000700000000, 0x000000070c900000, 0x00000007bc400000)
  object space 205824K, 82% used [0x0000000700000000,0x000000070a50b820,0x000000070c900000)
 Metaspace       used 91208K, capacity 92177K, committed 92888K, reserved 1128448K
  class space    used 13325K, capacity 13507K, committed 13568K, reserved 1048576K
Event: 7752.446 GC heap after
Heap after GC invocations=883 (full 63):
 PSYoungGen      total 58880K, used 1024K [0x00000007bc400000, 0x00000007c0000000, 0x00000007c0000000)
  eden space 56320K, 0% used [0x00000007bc400000,0x00000007bc400000,0x00000007bfb00000)
  from space 2560K, 40% used [0x00000007bfd80000,0x00000007bfe80000,0x00000007c0000000)
  to   space 2560K, 0% used [0x00000007bfb00000,0x00000007bfb00000,0x00000007bfd80000)
 ParOldGen       total 205824K, used 169296K [0x0000000700000000, 0x000000070c900000, 0x00000007bc400000)
  object space 205824K, 82% used [0x0000000700000000,0x000000070a5541f8,0x000000070c900000)
 Metaspace       used 91208K, capacity 92177K, committed 92888K, reserved 1128448K
  class space    used 13325K, capacity 13507K, committed 13568K, reserved 1048576K
}
Event: 7752.446 GC heap before
{Heap before GC invocations=884 (full 64):
 PSYoungGen      total 58880K, used 1024K [0x00000007bc400000, 0x00000007c0000000, 0x00000007c0000000)
  eden space 56320K, 0% used [0x00000007bc400000,0x00000007bc400000,0x00000007bfb00000)
  from space 2560K, 40% used [0x00000007bfd80000,0x00000007bfe80000,0x00000007c0000000)
  to   space 2560K, 0% used [0x00000007bfb00000,0x00000007bfb00000,0x00000007bfd80000)
 ParOldGen       total 205824K, used 169296K [0x0000000700000000, 0x000000070c900000, 0x00000007bc400000)
  object space 205824K, 82% used [0x0000000700000000,0x000000070a5541f8,0x000000070c900000)
 Metaspace       used 91208K, capacity 92177K, committed 92888K, reserved 1128448K
  class space    used 13325K, capacity 13507K, committed 13568K, reserved 1048576K
Event: 7752.773 GC heap after
Heap after GC invocations=884 (full 64):
 PSYoungGen      total 58880K, used 0K [0x00000007bc400000, 0x00000007c0000000, 0x00000007c0000000)
  eden space 56320K, 0% used [0x00000007bc400000,0x00000007bc400000,0x00000007bfb00000)
  from space 2560K, 0% used [0x00000007bfd80000,0x00000007bfd80000,0x00000007c0000000)
  to   space 2560K, 0% used [0x00000007bfb00000,0x00000007bfb00000,0x00000007bfd80000)
 ParOldGen       total 205824K, used 139141K [0x0000000700000000, 0x000000070c900000, 0x00000007bc400000)
  object space 205824K, 67% used [0x0000000700000000,0x00000007087e1448,0x000000070c900000)
 Metaspace       used 91208K, capacity 92177K, committed 92888K, reserved 1128448K
  class space    used 13325K, capacity 13507K, committed 13568K, reserved 1048576K
}
Event: 7754.182 GC heap before
{Heap before GC invocations=885 (full 64):
 PSYoungGen      total 58880K, used 56320K [0x00000007bc400000, 0x00000007c0000000, 0x00000007c0000000)
  eden space 56320K, 100% used [0x00000007bc400000,0x00000007bfb00000,0x00000007bfb00000)
  from space 2560K, 0% used [0x00000007bfd80000,0x00000007bfd80000,0x00000007c0000000)
  to   space 2560K, 0% used [0x00000007bfb00000,0x00000007bfb00000,0x00000007bfd80000)
 ParOldGen       total 205824K, used 139141K [0x0000000700000000, 0x000000070c900000, 0x00000007bc400000)
  object space 205824K, 67% used [0x0000000700000000,0x00000007087e1448,0x000000070c900000)
 Metaspace       used 91275K, capacity 92241K, committed 92888K, reserved 1128448K
  class space    used 13325K, capacity 13507K, committed 13568K, reserved 1048576K
Event: 7754.192 GC heap after
Heap after GC invocations=885 (full 64):
 PSYoungGen      total 58880K, used 2531K [0x00000007bc400000, 0x00000007c0000000, 0x00000007c0000000)
  eden space 56320K, 0% used [0x00000007bc400000,0x00000007bc400000,0x00000007bfb00000)
  from space 2560K, 98% used [0x00000007bfb00000,0x00000007bfd78c88,0x00000007bfd80000)
  to   space 2560K, 0% used [0x00000007bfd80000,0x00000007bfd80000,0x00000007c0000000)
 ParOldGen       total 205824K, used 145989K [0x0000000700000000, 0x000000070c900000, 0x00000007bc400000)
  object space 205824K, 70% used [0x0000000700000000,0x0000000708e914b0,0x000000070c900000)
 Metaspace       used 91275K, capacity 92241K, committed 92888K, reserved 1128448K
  class space    used 13325K, capacity 13507K, committed 13568K, reserved 1048576K
}
Event: 7756.641 GC heap before
{Heap before GC invocations=886 (full 64):
 PSYoungGen      total 58880K, used 58851K [0x00000007bc400000, 0x00000007c0000000, 0x00000007c0000000)
  eden space 56320K, 100% used [0x00000007bc400000,0x00000007bfb00000,0x00000007bfb00000)
  from space 2560K, 98% used [0x00000007bfb00000,0x00000007bfd78c88,0x00000007bfd80000)
  to   space 2560K, 0% used [0x00000007bfd80000,0x00000007bfd80000,0x00000007c0000000)
 ParOldGen       total 205824K, used 145989K [0x0000000700000000, 0x000000070c900000, 0x00000007bc400000)
  object space 205824K, 70% used [0x0000000700000000,0x0000000708e914b0,0x000000070c900000)
 Metaspace       used 91299K, capacity 92241K, committed 92888K, reserved 1128448K
  class space    used 13325K, capacity 13507K, committed 13568K, reserved 1048576K
Event: 7756.647 GC heap after
Heap after GC invocations=886 (full 64):
 PSYoungGen      total 50688K, used 2553K [0x00000007bc400000, 0x00000007c0000000, 0x00000007c0000000)
  eden space 48128K, 0% used [0x00000007bc400000,0x00000007bc400000,0x00000007bf300000)
  from space 2560K, 99% used [0x00000007bfd80000,0x00000007bfffe740,0x00000007c0000000)
  to   space 6656K, 0% used [0x00000007bf300000,0x00000007bf300000,0x00000007bf980000)
 ParOldGen       total 205824K, used 149133K [0x0000000700000000, 0x000000070c900000, 0x00000007bc400000)
  object space 205824K, 72% used [0x0000000700000000,0x00000007091a3530,0x000000070c900000)
 Metaspace       used 91299K, capacity 92241K, committed 92888K, reserved 1128448K
  class space    used 13325K, capacity 13507K, committed 13568K, reserved 1048576K
}

Deoptimization events (10 events):
Event: 7504.168 Thread 0x0000000023170800 Uncommon trap: reason=bimorphic action=maybe_recompile pc=0x0000000013255650 method=javax.swing.text.html.StyleSheet.convertAttributeSet(Ljavax/swing/text/AttributeSet;)Ljavax/swing/text/AttributeSet; @ 24
Event: 7504.168 Thread 0x0000000023170800 Uncommon trap: reason=bimorphic action=maybe_recompile pc=0x0000000013b0d1d4 method=javax.swing.text.StyleContext.addAttributes(Ljavax/swing/text/AttributeSet;Ljavax/swing/text/AttributeSet;)Ljavax/swing/text/AttributeSet; @ 7
Event: 7504.170 Thread 0x0000000023170800 Uncommon trap: reason=class_check action=maybe_recompile pc=0x0000000013bd2d3c method=javax.swing.text.SimpleAttributeSet.containsAttributes(Ljavax/swing/text/AttributeSet;)Z @ 44
Event: 7508.161 Thread 0x0000000023170800 Uncommon trap: reason=bimorphic action=maybe_recompile pc=0x0000000012cd60d0 method=sun.awt.image.ToolkitImage.getProperty(Ljava/lang/String;Ljava/awt/image/ImageObserver;)Ljava/lang/Object; @ 27
Event: 7508.172 Thread 0x0000000050b7f800 Uncommon trap: reason=range_check action=make_not_entrant pc=0x0000000015b9b414 method=java.awt.image.DirectColorModel.getsRGBComponentFromsRGB(II)I @ 6
Event: 7508.186 Thread 0x0000000023170800 Uncommon trap: reason=unstable_if action=reinterpret pc=0x0000000016d425ac method=javax.swing.text.DefaultCaret.changeCaretPosition(ILjavax/swing/text/Position$Bias;)V @ 8
Event: 7516.709 Thread 0x0000000023170800 Uncommon trap: reason=bimorphic action=maybe_recompile pc=0x000000001701fd54 method=ui.data.B.a(Lui/data/af;Lui/frmwork/a/a;)V @ 85
Event: 7589.419 Thread 0x0000000023170800 Uncommon trap: reason=class_check action=maybe_recompile pc=0x0000000016c24a1c method=javax.swing.plaf.basic.BasicLookAndFeel$AWTEventHelper.eventDispatched(Ljava/awt/AWTEvent;)V @ 59
Event: 7733.618 Thread 0x0000000023170800 Uncommon trap: reason=unstable_if action=reinterpret pc=0x000000001521592c method=java.util.TimSort.mergeLo(IIII)V @ 87
Event: 7752.777 Thread 0x0000000008b52000 Uncommon trap: reason=speculate_class_check action=maybe_recompile pc=0x0000000014778504 method=java.util.Hashtable.remove(Ljava/lang/Object;)Ljava/lang/Object; @ 6

Internal exceptions (10 events):
Event: 7755.612 Thread 0x0000000023170800 Exception <a 'de/concept/nlview/NlviewException'> (0x00000007be5deb80) thrown at [C:\re\workspace\8-2-build-windows-amd64-cygwin\jdk8u112\7884\hotspot\src\share\vm\prims\jni.cpp, line 709]
Event: 7755.612 Thread 0x0000000023170800 Exception <a 'de/concept/nlview/NlviewException'> (0x00000007be5dfb10) thrown at [C:\re\workspace\8-2-build-windows-amd64-cygwin\jdk8u112\7884\hotspot\src\share\vm\prims\jni.cpp, line 709]
Event: 7755.612 Thread 0x0000000023170800 Exception <a 'de/concept/nlview/NlviewException'> (0x00000007be5e0a90) thrown at [C:\re\workspace\8-2-build-windows-amd64-cygwin\jdk8u112\7884\hotspot\src\share\vm\prims\jni.cpp, line 709]
Event: 7755.612 Thread 0x0000000023170800 Exception <a 'de/concept/nlview/NlviewException'> (0x00000007be5e1d60) thrown at [C:\re\workspace\8-2-build-windows-amd64-cygwin\jdk8u112\7884\hotspot\src\share\vm\prims\jni.cpp, line 709]
Event: 7755.612 Thread 0x0000000023170800 Exception <a 'de/concept/nlview/NlviewException'> (0x00000007be5e2ce8) thrown at [C:\re\workspace\8-2-build-windows-amd64-cygwin\jdk8u112\7884\hotspot\src\share\vm\prims\jni.cpp, line 709]
Event: 7755.612 Thread 0x0000000023170800 Exception <a 'de/concept/nlview/NlviewException'> (0x00000007be5e3c70) thrown at [C:\re\workspace\8-2-build-windows-amd64-cygwin\jdk8u112\7884\hotspot\src\share\vm\prims\jni.cpp, line 709]
Event: 7755.613 Thread 0x0000000023170800 Exception <a 'de/concept/nlview/NlviewException'> (0x00000007be5ee998) thrown at [C:\re\workspace\8-2-build-windows-amd64-cygwin\jdk8u112\7884\hotspot\src\share\vm\prims\jni.cpp, line 709]
Event: 7755.613 Thread 0x0000000023170800 Exception <a 'de/concept/nlview/NlviewException'> (0x00000007be5ef198) thrown at [C:\re\workspace\8-2-build-windows-amd64-cygwin\jdk8u112\7884\hotspot\src\share\vm\prims\jni.cpp, line 709]
Event: 7756.767 Thread 0x0000000023170800 Exception <a 'java/io/FileNotFoundException'> (0x00000007bd50c6a0) thrown at [C:\re\workspace\8-2-build-windows-amd64-cygwin\jdk8u112\7884\hotspot\src\share\vm\prims\jni.cpp, line 709]
Event: 7756.767 Thread 0x0000000023170800 Exception <a 'java/io/FileNotFoundException'> (0x00000007bd50cd78) thrown at [C:\re\workspace\8-2-build-windows-amd64-cygwin\jdk8u112\7884\hotspot\src\share\vm\prims\jni.cpp, line 709]

Events (10 events):
Event: 7755.736 Thread 0x0000000009f47800 flushing nmethod 0x0000000012ad5890
Event: 7755.736 Thread 0x0000000009f47800 flushing nmethod 0x0000000012bfb810
Event: 7755.740 Executing VM operation: RevokeBias
Event: 7755.740 Executing VM operation: RevokeBias done
Event: 7755.799 Thread 0x0000000009f47800 flushing nmethod 0x000000001339ca90
Event: 7756.612 Thread 0x0000000009f47800 flushing nmethod 0x000000001411e1d0
Event: 7756.641 Executing VM operation: ParallelGCFailedAllocation
Event: 7756.647 Executing VM operation: ParallelGCFailedAllocation done
Event: 7756.690 Thread 0x0000000009f47800 flushing nmethod 0x00000000155f4250
Event: 7756.692 Thread 0x0000000009f47800 flushing nmethod 0x0000000015b9fad0


Dynamic libraries:
0x000000013f880000 - 0x000000013f8b2000 	C:\Xilinx\Vivado\2017.2\bin\unwrapped\win64.o\vivado.exe
0x00000000774f0000 - 0x000000007768f000 	C:\Windows\SYSTEM32\ntdll.dll
0x00000000772d0000 - 0x00000000773ef000 	C:\Windows\system32\kernel32.dll
0x000007fefd480000 - 0x000007fefd4ea000 	C:\Windows\system32\KERNELBASE.dll
0x000000000a900000 - 0x000000000a983000 	C:\Xilinx\Vivado\2017.2\lib\win64.o\SHSMP64.dll
0x00000000773f0000 - 0x00000000774ea000 	C:\Windows\system32\USER32.dll
0x000007fefd650000 - 0x000007fefd6b7000 	C:\Windows\system32\GDI32.dll
0x000007fefe6c0000 - 0x000007fefe6ce000 	C:\Windows\system32\LPK.dll
0x000007fefd580000 - 0x000007fefd64b000 	C:\Windows\system32\USP10.dll
0x000007fefea90000 - 0x000007fefeb2f000 	C:\Windows\system32\msvcrt.dll
0x000007fefe9b0000 - 0x000007fefea8b000 	C:\Windows\system32\ADVAPI32.dll
0x000007feff230000 - 0x000007feff24f000 	C:\Windows\SYSTEM32\sechost.dll
0x000007fefec40000 - 0x000007fefed6d000 	C:\Windows\system32\RPCRT4.dll
0x000007fefc2a0000 - 0x000007fefc2ac000 	C:\Windows\system32\VERSION.dll
0x000007fef6210000 - 0x000007fef6224000 	C:\Xilinx\Vivado\2017.2\lib\win64.o\libboost_signals.dll
0x000007fef0730000 - 0x000007fef07cd000 	C:\Windows\system32\MSVCP140.dll
0x000007fef0a20000 - 0x000007fef0a37000 	C:\Windows\system32\VCRUNTIME140.dll
0x000007fef0a10000 - 0x000007fef0a14000 	C:\Windows\system32\api-ms-win-crt-runtime-l1-1-0.dll
0x000007fef0910000 - 0x000007fef0a04000 	C:\Windows\system32\ucrtbase.DLL
0x000007fef0900000 - 0x000007fef0903000 	C:\Windows\system32\api-ms-win-core-timezone-l1-1-0.dll
0x000007fef08f0000 - 0x000007fef08f3000 	C:\Windows\system32\api-ms-win-core-file-l2-1-0.dll
0x000007fef08e0000 - 0x000007fef08e3000 	C:\Windows\system32\api-ms-win-core-localization-l1-2-0.dll
0x000007fef08d0000 - 0x000007fef08d3000 	C:\Windows\system32\api-ms-win-core-synch-l1-2-0.dll
0x000007fef08c0000 - 0x000007fef08c3000 	C:\Windows\system32\api-ms-win-core-processthreads-l1-1-1.dll
0x000007fef08a0000 - 0x000007fef08a3000 	C:\Windows\system32\api-ms-win-core-file-l1-2-0.dll
0x000007fef08b0000 - 0x000007fef08b4000 	C:\Windows\system32\api-ms-win-crt-string-l1-1-0.dll
0x000007fef0890000 - 0x000007fef0893000 	C:\Windows\system32\api-ms-win-crt-heap-l1-1-0.dll
0x000007fef0880000 - 0x000007fef0884000 	C:\Windows\system32\api-ms-win-crt-stdio-l1-1-0.dll
0x000007fef0870000 - 0x000007fef0874000 	C:\Windows\system32\api-ms-win-crt-convert-l1-1-0.dll
0x000007fef0720000 - 0x000007fef0723000 	C:\Windows\system32\api-ms-win-crt-locale-l1-1-0.dll
0x000007fef0710000 - 0x000007fef0715000 	C:\Windows\system32\api-ms-win-crt-math-l1-1-0.dll
0x000007fef0700000 - 0x000007fef0705000 	C:\Windows\system32\api-ms-win-crt-multibyte-l1-1-0.dll
0x000007fef06f0000 - 0x000007fef06f3000 	C:\Windows\system32\api-ms-win-crt-time-l1-1-0.dll
0x000007fef06e0000 - 0x000007fef06e3000 	C:\Windows\system32\api-ms-win-crt-filesystem-l1-1-0.dll
0x000007fef06d0000 - 0x000007fef06d3000 	C:\Windows\system32\api-ms-win-crt-environment-l1-1-0.dll
0x000007fef06c0000 - 0x000007fef06c3000 	C:\Windows\system32\api-ms-win-crt-utility-l1-1-0.dll
0x000007feeb4e0000 - 0x000007feec0ef000 	C:\Xilinx\Vivado\2017.2\lib\win64.o\librdi_common.dll
0x000007feedb50000 - 0x000007feedebe000 	C:\Xilinx\Vivado\2017.2\lib\win64.o\libCOIN-all.dll
0x000007feedf30000 - 0x000007feee221000 	C:\Xilinx\Vivado\2017.2\lib\win64.o\libXil_lmgr11.dll
0x000007fefad80000 - 0x000007fefad96000 	C:\Windows\system32\NETAPI32.dll
0x000007fefad70000 - 0x000007fefad7c000 	C:\Windows\system32\netutils.dll
0x000007fefcc30000 - 0x000007fefcc53000 	C:\Windows\system32\srvcli.dll
0x000007fefad50000 - 0x000007fefad65000 	C:\Windows\system32\wkscli.dll
0x000007feff190000 - 0x000007feff227000 	C:\Windows\system32\COMDLG32.dll
0x000007fefe5e0000 - 0x000007fefe651000 	C:\Windows\system32\SHLWAPI.dll
0x000007feeff90000 - 0x000007fef0030000 	C:\Windows\WinSxS\amd64_microsoft.windows.common-controls_6595b64144ccf1df_5.82.7601.18837_none_a4d981ff711297b6\COMCTL32.dll
0x000007fefd6c0000 - 0x000007fefe44b000 	C:\Windows\system32\SHELL32.dll
0x000007fefa660000 - 0x000007fefa669000 	C:\Windows\system32\WSOCK32.dll
0x000007feff0a0000 - 0x000007feff0ed000 	C:\Windows\system32\WS2_32.dll
0x000007fefe9a0000 - 0x000007fefe9a8000 	C:\Windows\system32\NSI.dll
0x000007fefe480000 - 0x000007fefe55a000 	C:\Windows\system32\OLEAUT32.dll
0x000007feff5e0000 - 0x000007feff7dd000 	C:\Windows\system32\ole32.dll
0x000007fef3b30000 - 0x000007fef3c04000 	C:\Windows\system32\MSVCR110.dll
0x000007fefd540000 - 0x000007fefd57b000 	C:\Windows\system32\WINTRUST.dll
0x000007fefd1f0000 - 0x000007fefd35d000 	C:\Windows\system32\CRYPT32.dll
0x000007fefd1c0000 - 0x000007fefd1cf000 	C:\Windows\system32\MSASN1.dll
0x000007fefc0e0000 - 0x000007fefc0f4000 	C:\Xilinx\Vivado\2017.2\lib\win64.o\libboost_date_time.dll
0x000007fef3f60000 - 0x000007fef3f86000 	C:\Xilinx\Vivado\2017.2\lib\win64.o\libboost_filesystem.dll
0x000007fef6d50000 - 0x000007fef6d5b000 	C:\Xilinx\Vivado\2017.2\lib\win64.o\libboost_system.dll
0x000007fef3ab0000 - 0x000007fef3b2e000 	C:\Xilinx\Vivado\2017.2\lib\win64.o\libboost_program_options.dll
0x000007fef39a0000 - 0x000007fef3aad000 	C:\Xilinx\Vivado\2017.2\lib\win64.o\libboost_regex.dll
0x000007fef61f0000 - 0x000007fef6210000 	C:\Xilinx\Vivado\2017.2\lib\win64.o\libboost_thread.dll
0x000007fefa320000 - 0x000007fefa32d000 	C:\Xilinx\Vivado\2017.2\lib\win64.o\libboost_chrono.dll
0x000007fef61e0000 - 0x000007fef61ef000 	C:\Xilinx\Vivado\2017.2\lib\win64.o\libboost_xilinx.dll
0x000007fef3d60000 - 0x000007fef3de2000 	C:\Xilinx\Vivado\2017.2\lib\win64.o\libhdlpsolve.dll
0x000007fef38f0000 - 0x000007fef3995000 	C:\Xilinx\Vivado\2017.2\lib\win64.o\libhdxml.dll
0x000007feec920000 - 0x000007feeccfe000 	C:\Xilinx\Vivado\2017.2\lib\win64.o\libisl_iostreams.dll
0x000007fef3eb0000 - 0x000007fef3ecb000 	C:\Xilinx\Vivado\2017.2\lib\win64.o\libboost_iostreams.dll
0x000007fef28a0000 - 0x000007fef28c1000 	C:\Xilinx\Vivado\2017.2\lib\win64.o\librdizlib.dll
0x000007fef23a0000 - 0x000007fef23c5000 	C:\Xilinx\Vivado\2017.2\lib\win64.o\libisl_iosutils.dll
0x000007fef3f50000 - 0x000007fef3f53000 	C:\Windows\system32\api-ms-win-crt-conio-l1-1-0.dll
0x000007fef2370000 - 0x000007fef239e000 	C:\Xilinx\Vivado\2017.2\lib\win64.o\libisl_sysinfo.dll
0x0000000062440000 - 0x0000000062cda000 	C:\Xilinx\Vivado\2017.2\tps\win64\jre\bin\server\jvm.dll
0x000007fefacc0000 - 0x000007fefacfb000 	C:\Windows\system32\WINMM.dll
0x00000000776a0000 - 0x00000000776a7000 	C:\Windows\system32\PSAPI.DLL
0x0000000073830000 - 0x0000000073902000 	C:\Windows\system32\MSVCR100.dll
0x000007fef3e90000 - 0x000007fef3ea5000 	C:\Xilinx\Vivado\2017.2\lib\win64.o\pthreadVC2.dll
0x000007fef2260000 - 0x000007fef2361000 	C:\Xilinx\Vivado\2017.2\lib\win64.o\librdi_commonxillic.dll
0x000007feed710000 - 0x000007feed861000 	C:\Xilinx\Vivado\2017.2\lib\win64.o\librdi_curl.dll
0x000007fef3d40000 - 0x000007fef3d5c000 	C:\Xilinx\Vivado\2017.2\lib\win64.o\librdiconfig.dll
0x000000006b0e0000 - 0x000000006b20b000 	C:\Xilinx\Vivado\2017.2\lib\win64.o\tcl85t.dll
0x0000000012000000 - 0x0000000012272000 	C:\Xilinx\Vivado\2017.2\lib\win64.o\xerces-c_3_1.dll
0x000007fefed70000 - 0x000007feff091000 	C:\Windows\system32\WININET.dll
0x000007fefd390000 - 0x000007fefd394000 	C:\Windows\system32\api-ms-win-downlevel-user32-l1-1-0.dll
0x000007fefd530000 - 0x000007fefd534000 	C:\Windows\system32\api-ms-win-downlevel-shlwapi-l1-1-0.dll
0x000007fefd380000 - 0x000007fefd384000 	C:\Windows\system32\api-ms-win-downlevel-version-l1-1-0.dll
0x000007fefd3a0000 - 0x000007fefd3a3000 	C:\Windows\system32\api-ms-win-downlevel-normaliz-l1-1-0.dll
0x0000000077690000 - 0x0000000077693000 	C:\Windows\system32\normaliz.DLL
0x000007fefe6d0000 - 0x000007fefe99a000 	C:\Windows\system32\iertutil.dll
0x000007fefd1e0000 - 0x000007fefd1e5000 	C:\Windows\system32\api-ms-win-downlevel-advapi32-l1-1-0.dll
0x000007fefd3b0000 - 0x000007fefd3ce000 	C:\Windows\system32\USERENV.dll
0x000007fefd1d0000 - 0x000007fefd1df000 	C:\Windows\system32\profapi.dll
0x000007fef9b00000 - 0x000007fef9b71000 	C:\Windows\system32\WINHTTP.dll
0x000007fef9a90000 - 0x000007fef9af4000 	C:\Windows\system32\webio.dll
0x000007feff250000 - 0x000007feff3d5000 	C:\Windows\system32\urlmon.dll
0x000007fefd470000 - 0x000007fefd474000 	C:\Windows\system32\api-ms-win-downlevel-ole32-l1-1-0.dll
0x000007feea640000 - 0x000007feeb4d1000 	C:\Xilinx\Vivado\2017.2\lib\win64.o\gurobi65.dll
0x000007fef2200000 - 0x000007fef222e000 	C:\Windows\system32\VCOMP140.DLL
0x000007fef2400000 - 0x000007fef2414000 	C:\Xilinx\Vivado\2017.2\lib\win64.o\librdi_commonmain.dll
0x000007fef3f40000 - 0x000007fef3f4a000 	C:\Xilinx\Vivado\2017.2\lib\win64.o\librdi_commonversion.dll
0x000007fefe450000 - 0x000007fefe47e000 	C:\Windows\system32\IMM32.DLL
0x000007fefeb30000 - 0x000007fefec39000 	C:\Windows\system32\MSCTF.dll
0x000007feec4b0000 - 0x000007feec913000 	C:\Xilinx\Vivado\2017.2\lib\win64.o\librdi_commontasks.dll
0x000007feec280000 - 0x000007feec4aa000 	C:\Xilinx\Vivado\2017.2\lib\win64.o\librdi_sio.dll
0x000007fefac30000 - 0x000007fefac57000 	C:\Windows\system32\IPHLPAPI.DLL
0x000007fefac20000 - 0x000007fefac2b000 	C:\Windows\system32\WINNSI.DLL
0x000007fee86b0000 - 0x000007feea631000 	C:\Xilinx\Vivado\2017.2\lib\win64.o\librdi_tcltasks.dll
0x000007fee8340000 - 0x000007fee86a2000 	C:\Xilinx\Vivado\2017.2\lib\win64.o\librdi_bitstream.dll
0x000007fedc260000 - 0x000007fee833b000 	C:\Xilinx\Vivado\2017.2\lib\win64.o\librdi_device.dll
0x000007feeec60000 - 0x000007feeecab000 	C:\Xilinx\Vivado\2017.2\lib\win64.o\libboost_serialization.dll
0x000007fedb7e0000 - 0x000007fedc252000 	C:\Xilinx\Vivado\2017.2\lib\win64.o\libverific.dll
0x000007feecf80000 - 0x000007feed0f5000 	C:\Xilinx\Vivado\2017.2\lib\win64.o\librdi_board.dll
0x000007feedec0000 - 0x000007feedf28000 	C:\Xilinx\Vivado\2017.2\lib\win64.o\librdi_boarddep.dll
0x000007fedb5c0000 - 0x000007fedb7d9000 	C:\Xilinx\Vivado\2017.2\lib\win64.o\librdi_chipscope.dll
0x000007feeda60000 - 0x000007feedac5000 	C:\Xilinx\Vivado\2017.2\lib\win64.o\liblmx6.0.dll
0x000007feda0c0000 - 0x000007fedb5b6000 	C:\Xilinx\Vivado\2017.2\lib\win64.o\librdi_constraints.dll
0x000007fed9b80000 - 0x000007feda0c0000 	C:\Xilinx\Vivado\2017.2\lib\win64.o\librdi_filemgmt.dll
0x000007fed96f0000 - 0x000007fed9b75000 	C:\Xilinx\Vivado\2017.2\lib\win64.o\librdi_netlist.dll
0x000007fed9100000 - 0x000007fed96e2000 	C:\Xilinx\Vivado\2017.2\lib\win64.o\librdi_psta.dll
0x000007fed6610000 - 0x000007fed90ff000 	C:\Xilinx\Vivado\2017.2\lib\win64.o\librdi_coregen.dll
0x000007fed5f40000 - 0x000007fed6606000 	C:\Xilinx\Vivado\2017.2\lib\win64.o\librdi_coregenipxact.dll
0x000007fed24b0000 - 0x000007fed5f3d000 	C:\Xilinx\Vivado\2017.2\lib\win64.o\librdi_designutils.dll
0x000007fed1f60000 - 0x000007fed24ae000 	C:\Xilinx\Vivado\2017.2\lib\win64.o\librdi_xdm.dll
0x000007fed1960000 - 0x000007fed1f54000 	C:\Xilinx\Vivado\2017.2\lib\win64.o\librdi_memdata.dll
0x000007fed1450000 - 0x000007fed1953000 	C:\Xilinx\Vivado\2017.2\lib\win64.o\librdi_drc.dll
0x000007fed0880000 - 0x000007fed1449000 	C:\Xilinx\Vivado\2017.2\lib\win64.o\librdi_timing.dll
0x000007fed0620000 - 0x000007fed0880000 	C:\Xilinx\Vivado\2017.2\lib\win64.o\librdi_dlyest.dll
0x000007feed2c0000 - 0x000007feed35e000 	C:\Xilinx\Vivado\2017.2\lib\win64.o\libise.dll

VM Arguments:
jvm_args: -Dsun.java2d.pmoffscreen=false -Dsun.java2d.d3d=false -Dsun.awt.nopixfmt=true -Xverify:none -Dswing.aatext=true -XX:-UsePerfData -Djdk.map.althashing.threshold=512 -XX:StringTableSize=4072 -XX:NewSize=60m -XX:MaxNewSize=60m -Xms128m -Xmx3072m -Xss5m 
java_command: <unknown>
java_class_path (initial): C:/Xilinx/Vivado/2017.2\lib\classes\alloy.jar;C:/Xilinx/Vivado/2017.2\lib\classes\batik-anim.jar;C:/Xilinx/Vivado/2017.2\lib\classes\batik-awt-util.jar;C:/Xilinx/Vivado/2017.2\lib\classes\batik-bridge.jar;C:/Xilinx/Vivado/2017.2\lib\classes\batik-codec.jar;C:/Xilinx/Vivado/2017.2\lib\classes\batik-css.jar;C:/Xilinx/Vivado/2017.2\lib\classes\batik-dom.jar;C:/Xilinx/Vivado/2017.2\lib\classes\batik-ext.jar;C:/Xilinx/Vivado/2017.2\lib\classes\batik-gui-util.jar;C:/Xilinx/Vivado/2017.2\lib\classes\batik-gvt.jar;C:/Xilinx/Vivado/2017.2\lib\classes\batik-parser.jar;C:/Xilinx/Vivado/2017.2\lib\classes\batik-script.jar;C:/Xilinx/Vivado/2017.2\lib\classes\batik-svg-dom.jar;C:/Xilinx/Vivado/2017.2\lib\classes\batik-swing.jar;C:/Xilinx/Vivado/2017.2\lib\classes\batik-transcoder.jar;C:/Xilinx/Vivado/2017.2\lib\classes\batik-util.jar;C:/Xilinx/Vivado/2017.2\lib\classes\batik-xml.jar;C:/Xilinx/Vivado/2017.2\lib\classes\commons-math-2.2.jar;C:/Xilinx/Vivado/2017.2\lib\classes\dom4j-1.6.1.jar;C:/Xilinx/Vivado/2017.2\lib\classes\forms.jar;C:/Xilinx/Vivado/2017.2\lib\classes\guava-18.0.jar;C:/Xilinx/Vivado/2017.2\lib\classes\help.jar;C:/Xilinx/Vivado/2017.2\lib\classes\hsqldb.jar;C:/Xilinx/Vivado/2017.2\lib\classes\jh.jar;C:/Xilinx/Vivado/2017.2\lib\classes\jide-action.jar;C:/Xilinx/Vivado/2017.2\lib\classes\jide-charts.jar;C:/Xilinx/Vivado/2017.2\lib\classes\jide-common.jar;C:/Xilinx/Vivado/2017.2\lib\classes\jide-components.jar;C:/Xilinx/Vivado/2017.2\lib\classes\jide-dashboard.jar;C:/Xilinx/Vivado/2017.2\lib\classes\jide-data.jar;C:/Xilinx/Vivado/2017.2\lib\classes\jide-dialogs.jar;C:/Xilinx/Vivado/2017.2\lib\classes\jide-diff.jar;C:/Xilinx/Vivado/2017.2\lib\classes\jide-dock.jar;C:/Xilinx/Vivado/2017.2\lib\classes\jide-editor.jar;C:/Xilinx/Vivado/2017.2\lib\classes\jide-gantt.jar;C:/Xilinx/Vivado/2017.2\lib\classes\jide-grids.jar;C:/Xilinx/Vivado/2017.2\lib\classes\jide-pivot.jar;C:/Xilinx/Vivado/2017.2\lib\classes\jide-plaf-jdk7.jar;C:/Xilinx/Vivado/2
Launcher Type: generic

Environment Variables:
PATH=C:/Xilinx/Vivado/2017.2/bin;C:/Xilinx/Vivado/2017.2/lib/win64.o;C:/Xilinx/Vivado/2017.2/tps/win64/jre/bin/server;C:/Xilinx/Vivado/2017.2/tps/win64/jre/bin;C:/Xilinx/SDK/2017.2/bin;C:/Xilinx/Vivado/2017.2/ids_lite/ISE/bin/nt64;C:/Xilinx/Vivado/2017.2/ids_lite/ISE/lib/nt64;C:/Xilinx/Vivado_HLS/2017.2/bin;C:\Windows\system32;C:\Windows;C:\Windows\System32\Wbem;C:\Windows\System32\WindowsPowerShell\v1.0\;C:\Program Files (x86)\Intel\OpenCL SDK\2.0\bin\x86;C:\Program Files (x86)\Intel\OpenCL SDK\2.0\bin\x64;C:\Users\shlab_23\AppData\Local\Programs\Python\Launcher\;C:/Xilinx/Vivado/2017.2\tps\mingw\6.2.0\win64.o\nt\bin;C:/Xilinx/Vivado/2017.2\tps\mingw\6.2.0\win64.o\nt\libexec\gcc\x86_64-w64-mingw32\6.2.0
USERNAME=shlab_23
OS=Windows_NT
PROCESSOR_IDENTIFIER=Intel64 Family 6 Model 58 Stepping 9, GenuineIntel



---------------  S Y S T E M  ---------------

OS: Windows 7 , 64 bit Build 7601 (6.1.7601.24150)

CPU:total 4 (4 cores per cpu, 1 threads per core) family 6 model 58 stepping 9, cmov, cx8, fxsr, mmx, sse, sse2, sse3, ssse3, sse4.1, sse4.2, popcnt, avx, aes, clmul, erms, tsc, tscinvbit, tscinv

Memory: 4k page, physical 16443468k(10976420k free), swap 32885060k(27338576k free)

vm_info: Java HotSpot(TM) 64-Bit Server VM (25.112-b15) for windows-amd64 JRE (1.8.0_112-b15), built on Sep 22 2016 21:31:56 by "java_re" with MS VC++ 10.0 (VS2010)

time: Wed Jun 27 15:46:23 2018
elapsed time: 7756 seconds (0d 2h 9m 16s)

