Copyright 1986-2017 Xilinx, Inc. All Rights Reserved.
------------------------------------------------------------------------------------
| Tool Version : Vivado v.2017.2 (win64) Build 1909853 Thu Jun 15 18:39:09 MDT 2017
| Date         : Thu Jun 28 14:28:22 2018
| Host         : shlab_32-PC running 64-bit Service Pack 1  (build 7601)
| Command      : upgrade_ip
| Device       : xc7z020clg484-1
------------------------------------------------------------------------------------

Upgrade Log for IP 'design_1_compute_sad_0_1'

1. Summary
----------

SUCCESS in the upgrade of design_1_compute_sad_0_1 (xilinx.com:user:compute_sad:1.0) from (Rev. 47) to (Rev. 48)






Copyright 1986-2017 Xilinx, Inc. All Rights Reserved.
------------------------------------------------------------------------------------
| Tool Version : Vivado v.2017.2 (win64) Build 1909853 Thu Jun 15 18:39:09 MDT 2017
| Date         : Wed Jun 27 20:11:47 2018
| Host         : shlab_32-PC running 64-bit Service Pack 1  (build 7601)
| Command      : upgrade_ip
| Device       : xc7z020clg484-1
------------------------------------------------------------------------------------

Upgrade Log for IP 'design_1_compute_sad_0_1'

1. Summary
----------

SUCCESS in the upgrade of design_1_compute_sad_0_1 (xilinx.com:user:compute_sad:1.0) from (Rev. 46) to (Rev. 47)






Copyright 1986-2017 Xilinx, Inc. All Rights Reserved.
------------------------------------------------------------------------------------
| Tool Version : Vivado v.2017.2 (win64) Build 1909853 Thu Jun 15 18:39:09 MDT 2017
| Date         : Wed Jun 27 19:39:58 2018
| Host         : shlab_32-PC running 64-bit Service Pack 1  (build 7601)
| Command      : upgrade_ip
| Device       : xc7z020clg484-1
------------------------------------------------------------------------------------

Upgrade Log for IP 'design_1_compute_sad_0_1'

1. Summary
----------

SUCCESS in the upgrade of design_1_compute_sad_0_1 (xilinx.com:user:compute_sad:1.0) from (Rev. 45) to (Rev. 46)






Copyright 1986-2017 Xilinx, Inc. All Rights Reserved.
------------------------------------------------------------------------------------
| Tool Version : Vivado v.2017.2 (win64) Build 1909853 Thu Jun 15 18:39:09 MDT 2017
| Date         : Wed Jun 27 18:36:30 2018
| Host         : shlab_32-PC running 64-bit Service Pack 1  (build 7601)
| Command      : upgrade_ip
| Device       : xc7z020clg484-1
------------------------------------------------------------------------------------

Upgrade Log for IP 'design_1_compute_sad_0_1'

1. Summary
----------

SUCCESS in the upgrade of design_1_compute_sad_0_1 (xilinx.com:user:compute_sad:1.0) from (Rev. 44) to (Rev. 45)






Copyright 1986-2017 Xilinx, Inc. All Rights Reserved.
------------------------------------------------------------------------------------
| Tool Version : Vivado v.2017.2 (win64) Build 1909853 Thu Jun 15 18:39:09 MDT 2017
| Date         : Wed Jun 27 18:31:06 2018
| Host         : shlab_32-PC running 64-bit Service Pack 1  (build 7601)
| Command      : upgrade_ip
| Device       : xc7z020clg484-1
------------------------------------------------------------------------------------

Upgrade Log for IP 'design_1_compute_sad_0_1'

1. Summary
----------

SUCCESS in the upgrade of design_1_compute_sad_0_1 (xilinx.com:user:compute_sad:1.0) from (Rev. 43) to (Rev. 44)






Copyright 1986-2017 Xilinx, Inc. All Rights Reserved.
------------------------------------------------------------------------------------
| Tool Version : Vivado v.2017.2 (win64) Build 1909853 Thu Jun 15 18:39:09 MDT 2017
| Date         : Wed Jun 27 18:03:17 2018
| Host         : shlab_32-PC running 64-bit Service Pack 1  (build 7601)
| Command      : upgrade_ip
| Device       : xc7z020clg484-1
------------------------------------------------------------------------------------

Upgrade Log for IP 'design_1_compute_sad_0_1'

1. Summary
----------

SUCCESS in the upgrade of design_1_compute_sad_0_1 (xilinx.com:user:compute_sad:1.0) from (Rev. 42) to (Rev. 43)






Copyright 1986-2017 Xilinx, Inc. All Rights Reserved.
------------------------------------------------------------------------------------
| Tool Version : Vivado v.2017.2 (win64) Build 1909853 Thu Jun 15 18:39:09 MDT 2017
| Date         : Wed Jun 27 17:39:36 2018
| Host         : shlab_32-PC running 64-bit Service Pack 1  (build 7601)
| Command      : upgrade_ip
| Device       : xc7z020clg484-1
------------------------------------------------------------------------------------

Upgrade Log for IP 'design_1_compute_sad_0_1'

1. Summary
----------

SUCCESS in the upgrade of design_1_compute_sad_0_1 (xilinx.com:user:compute_sad:1.0) from (Rev. 41) to (Rev. 42)






Copyright 1986-2017 Xilinx, Inc. All Rights Reserved.
------------------------------------------------------------------------------------
| Tool Version : Vivado v.2017.2 (win64) Build 1909853 Thu Jun 15 18:39:09 MDT 2017
| Date         : Wed Jun 27 16:56:50 2018
| Host         : shlab_32-PC running 64-bit Service Pack 1  (build 7601)
| Command      : upgrade_ip
| Device       : xc7z020clg484-1
------------------------------------------------------------------------------------

Upgrade Log for IP 'design_1_compute_sad_0_1'

1. Summary
----------

SUCCESS in the upgrade of design_1_compute_sad_0_1 (xilinx.com:user:compute_sad:1.0) from (Rev. 40) to (Rev. 41)






Copyright 1986-2017 Xilinx, Inc. All Rights Reserved.
------------------------------------------------------------------------------------
| Tool Version : Vivado v.2017.2 (win64) Build 1909853 Thu Jun 15 18:39:09 MDT 2017
| Date         : Wed Jun 27 16:18:20 2018
| Host         : shlab_32-PC running 64-bit Service Pack 1  (build 7601)
| Command      : upgrade_ip
| Device       : xc7z020clg484-1
------------------------------------------------------------------------------------

Upgrade Log for IP 'design_1_compute_sad_0_1'

1. Summary
----------

SUCCESS in the upgrade of design_1_compute_sad_0_1 (xilinx.com:user:compute_sad:1.0) from (Rev. 39) to (Rev. 40)






Copyright 1986-2017 Xilinx, Inc. All Rights Reserved.
------------------------------------------------------------------------------------
| Tool Version : Vivado v.2017.2 (win64) Build 1909853 Thu Jun 15 18:39:09 MDT 2017
| Date         : Wed Jun 27 15:47:26 2018
| Host         : shlab_32-PC running 64-bit Service Pack 1  (build 7601)
| Command      : upgrade_ip
| Device       : xc7z020clg484-1
------------------------------------------------------------------------------------

Upgrade Log for IP 'design_1_compute_sad_0_1'

1. Summary
----------

SUCCESS in the upgrade of design_1_compute_sad_0_1 (xilinx.com:user:compute_sad:1.0) from (Rev. 38) to (Rev. 39)






Copyright 1986-2017 Xilinx, Inc. All Rights Reserved.
------------------------------------------------------------------------------------
| Tool Version : Vivado v.2017.2 (win64) Build 1909853 Thu Jun 15 18:39:09 MDT 2017
| Date         : Wed Jun 27 15:42:09 2018
| Host         : shlab_32-PC running 64-bit Service Pack 1  (build 7601)
| Command      : upgrade_ip
| Device       : xc7z020clg484-1
------------------------------------------------------------------------------------

Upgrade Log for IP 'design_1_compute_sad_0_1'

1. Summary
----------

SUCCESS in the upgrade of design_1_compute_sad_0_1 (xilinx.com:user:compute_sad:1.0) from (Rev. 37) to (Rev. 38)






Copyright 1986-2017 Xilinx, Inc. All Rights Reserved.
------------------------------------------------------------------------------------
| Tool Version : Vivado v.2017.2 (win64) Build 1909853 Thu Jun 15 18:39:09 MDT 2017
| Date         : Wed Jun 27 15:14:52 2018
| Host         : shlab_32-PC running 64-bit Service Pack 1  (build 7601)
| Command      : upgrade_ip
| Device       : xc7z020clg484-1
------------------------------------------------------------------------------------

Upgrade Log for IP 'design_1_compute_sad_0_1'

1. Summary
----------

SUCCESS in the upgrade of design_1_compute_sad_0_1 (xilinx.com:user:compute_sad:1.0) from (Rev. 35) to (Rev. 37)






Copyright 1986-2017 Xilinx, Inc. All Rights Reserved.
------------------------------------------------------------------------------------
| Tool Version : Vivado v.2017.2 (win64) Build 1909853 Thu Jun 15 18:39:09 MDT 2017
| Date         : Wed Jun 27 14:56:46 2018
| Host         : shlab_32-PC running 64-bit Service Pack 1  (build 7601)
| Command      : upgrade_ip
| Device       : xc7z020clg484-1
------------------------------------------------------------------------------------

Upgrade Log for IP 'design_1_compute_sad_0_1'

1. Summary
----------

SUCCESS in the upgrade of design_1_compute_sad_0_1 (xilinx.com:user:compute_sad:1.0) from (Rev. 34) to (Rev. 35)






Copyright 1986-2017 Xilinx, Inc. All Rights Reserved.
------------------------------------------------------------------------------------
| Tool Version : Vivado v.2017.2 (win64) Build 1909853 Thu Jun 15 18:39:09 MDT 2017
| Date         : Mon Jun 25 23:20:08 2018
| Host         : shlab_32-PC running 64-bit Service Pack 1  (build 7601)
| Command      : upgrade_ip
| Device       : xc7z020clg484-1
------------------------------------------------------------------------------------

Upgrade Log for IP 'design_1_compute_sad_0_1'

1. Summary
----------

SUCCESS in the upgrade of design_1_compute_sad_0_1 (xilinx.com:user:compute_sad:1.0) from (Rev. 33) to (Rev. 34)






Copyright 1986-2017 Xilinx, Inc. All Rights Reserved.
------------------------------------------------------------------------------------
| Tool Version : Vivado v.2017.2 (win64) Build 1909853 Thu Jun 15 18:39:09 MDT 2017
| Date         : Tue May  8 21:33:40 2018
| Host         : shlab_34-PC running 64-bit Service Pack 1  (build 7601)
| Command      : upgrade_ip
| Device       : xc7z020clg484-1
------------------------------------------------------------------------------------

Upgrade Log for IP 'design_1_compute_sad_0_1'

1. Summary
----------

SUCCESS in the upgrade of design_1_compute_sad_0_1 (xilinx.com:user:compute_sad:1.0) from (Rev. 32) to (Rev. 33)






Copyright 1986-2017 Xilinx, Inc. All Rights Reserved.
------------------------------------------------------------------------------------
| Tool Version : Vivado v.2017.2 (win64) Build 1909853 Thu Jun 15 18:39:09 MDT 2017
| Date         : Tue May  8 21:02:09 2018
| Host         : shlab_34-PC running 64-bit Service Pack 1  (build 7601)
| Command      : upgrade_ip
| Device       : xc7z020clg484-1
------------------------------------------------------------------------------------

Upgrade Log for IP 'design_1_compute_sad_0_1'

1. Summary
----------

SUCCESS in the upgrade of design_1_compute_sad_0_1 (xilinx.com:user:compute_sad:1.0) from (Rev. 31) to (Rev. 32)






Copyright 1986-2017 Xilinx, Inc. All Rights Reserved.
------------------------------------------------------------------------------------
| Tool Version : Vivado v.2017.2 (win64) Build 1909853 Thu Jun 15 18:39:09 MDT 2017
| Date         : Tue May  8 20:22:20 2018
| Host         : shlab_34-PC running 64-bit Service Pack 1  (build 7601)
| Command      : upgrade_ip
| Device       : xc7z020clg484-1
------------------------------------------------------------------------------------

Upgrade Log for IP 'design_1_compute_sad_0_1'

1. Summary
----------

SUCCESS in the upgrade of design_1_compute_sad_0_1 (xilinx.com:user:compute_sad:1.0) from (Rev. 30) to (Rev. 31)






Copyright 1986-2017 Xilinx, Inc. All Rights Reserved.
------------------------------------------------------------------------------------
| Tool Version : Vivado v.2017.2 (win64) Build 1909853 Thu Jun 15 18:39:09 MDT 2017
| Date         : Tue May  8 19:51:03 2018
| Host         : shlab_34-PC running 64-bit Service Pack 1  (build 7601)
| Command      : upgrade_ip
| Device       : xc7z020clg484-1
------------------------------------------------------------------------------------

Upgrade Log for IP 'design_1_compute_sad_0_1'

1. Summary
----------

SUCCESS in the upgrade of design_1_compute_sad_0_1 (xilinx.com:user:compute_sad:1.0) from (Rev. 29) to (Rev. 30)






Copyright 1986-2017 Xilinx, Inc. All Rights Reserved.
------------------------------------------------------------------------------------
| Tool Version : Vivado v.2017.2 (win64) Build 1909853 Thu Jun 15 18:39:09 MDT 2017
| Date         : Tue May  8 18:57:27 2018
| Host         : shlab_34-PC running 64-bit Service Pack 1  (build 7601)
| Command      : upgrade_ip
| Device       : xc7z020clg484-1
------------------------------------------------------------------------------------

Upgrade Log for IP 'design_1_compute_sad_0_1'

1. Summary
----------

SUCCESS in the upgrade of design_1_compute_sad_0_1 (xilinx.com:user:compute_sad:1.0) from (Rev. 28) to (Rev. 29)






Copyright 1986-2017 Xilinx, Inc. All Rights Reserved.
------------------------------------------------------------------------------------
| Tool Version : Vivado v.2017.2 (win64) Build 1909853 Thu Jun 15 18:39:09 MDT 2017
| Date         : Tue May  8 18:16:19 2018
| Host         : shlab_34-PC running 64-bit Service Pack 1  (build 7601)
| Command      : upgrade_ip
| Device       : xc7z020clg484-1
------------------------------------------------------------------------------------

Upgrade Log for IP 'design_1_compute_sad_0_1'

1. Summary
----------

SUCCESS in the upgrade of design_1_compute_sad_0_1 (xilinx.com:user:compute_sad:1.0) from (Rev. 27) to (Rev. 28)






Copyright 1986-2017 Xilinx, Inc. All Rights Reserved.
------------------------------------------------------------------------------------
| Tool Version : Vivado v.2017.2 (win64) Build 1909853 Thu Jun 15 18:39:09 MDT 2017
| Date         : Tue May  8 14:02:27 2018
| Host         : shlab_34-PC running 64-bit Service Pack 1  (build 7601)
| Command      : upgrade_ip
| Device       : xc7z020clg484-1
------------------------------------------------------------------------------------

Upgrade Log for IP 'design_1_compute_sad_0_1'

1. Summary
----------

SUCCESS in the upgrade of design_1_compute_sad_0_1 (xilinx.com:user:compute_sad:1.0) from (Rev. 26) to (Rev. 27)






Copyright 1986-2017 Xilinx, Inc. All Rights Reserved.
------------------------------------------------------------------------------------
| Tool Version : Vivado v.2017.2 (win64) Build 1909853 Thu Jun 15 18:39:09 MDT 2017
| Date         : Tue May  8 13:09:27 2018
| Host         : shlab_34-PC running 64-bit Service Pack 1  (build 7601)
| Command      : upgrade_ip
| Device       : xc7z020clg484-1
------------------------------------------------------------------------------------

Upgrade Log for IP 'design_1_compute_sad_0_1'

1. Summary
----------

SUCCESS in the upgrade of design_1_compute_sad_0_1 (xilinx.com:user:compute_sad:1.0) from (Rev. 25) to (Rev. 26)






Copyright 1986-2017 Xilinx, Inc. All Rights Reserved.
------------------------------------------------------------------------------------
| Tool Version : Vivado v.2017.2 (win64) Build 1909853 Thu Jun 15 18:39:09 MDT 2017
| Date         : Mon May  7 23:05:24 2018
| Host         : shlab_36-PC running 64-bit Service Pack 1  (build 7601)
| Command      : upgrade_ip
| Device       : xc7z020clg484-1
------------------------------------------------------------------------------------

Upgrade Log for IP 'design_1_compute_sad_0_1'

1. Summary
----------

SUCCESS in the upgrade of design_1_compute_sad_0_1 (xilinx.com:user:compute_sad:1.0) from (Rev. 24) to (Rev. 25)






Copyright 1986-2017 Xilinx, Inc. All Rights Reserved.
------------------------------------------------------------------------------------
| Tool Version : Vivado v.2017.2 (win64) Build 1909853 Thu Jun 15 18:39:09 MDT 2017
| Date         : Mon May  7 22:45:19 2018
| Host         : shlab_36-PC running 64-bit Service Pack 1  (build 7601)
| Command      : upgrade_ip
| Device       : xc7z020clg484-1
------------------------------------------------------------------------------------

Upgrade Log for IP 'design_1_compute_sad_0_1'

1. Summary
----------

SUCCESS in the upgrade of design_1_compute_sad_0_1 (xilinx.com:user:compute_sad:1.0) from (Rev. 23) to (Rev. 24)






Copyright 1986-2017 Xilinx, Inc. All Rights Reserved.
------------------------------------------------------------------------------------
| Tool Version : Vivado v.2017.2 (win64) Build 1909853 Thu Jun 15 18:39:09 MDT 2017
| Date         : Mon May  7 21:08:15 2018
| Host         : shlab_36-PC running 64-bit Service Pack 1  (build 7601)
| Command      : upgrade_ip
| Device       : xc7z020clg484-1
------------------------------------------------------------------------------------

Upgrade Log for IP 'design_1_compute_sad_0_1'

1. Summary
----------

SUCCESS in the upgrade of design_1_compute_sad_0_1 (xilinx.com:user:compute_sad:1.0) from (Rev. 22) to (Rev. 23)






Copyright 1986-2017 Xilinx, Inc. All Rights Reserved.
------------------------------------------------------------------------------------
| Tool Version : Vivado v.2017.2 (win64) Build 1909853 Thu Jun 15 18:39:09 MDT 2017
| Date         : Mon May  7 20:10:19 2018
| Host         : shlab_36-PC running 64-bit Service Pack 1  (build 7601)
| Command      : upgrade_ip
| Device       : xc7z020clg484-1
------------------------------------------------------------------------------------

Upgrade Log for IP 'design_1_compute_sad_0_1'

1. Summary
----------

SUCCESS in the upgrade of design_1_compute_sad_0_1 (xilinx.com:user:compute_sad:1.0) from (Rev. 21) to (Rev. 22)






Copyright 1986-2017 Xilinx, Inc. All Rights Reserved.
------------------------------------------------------------------------------------
| Tool Version : Vivado v.2017.2 (win64) Build 1909853 Thu Jun 15 18:39:09 MDT 2017
| Date         : Mon May  7 18:43:12 2018
| Host         : shlab_36-PC running 64-bit Service Pack 1  (build 7601)
| Command      : upgrade_ip
| Device       : xc7z020clg484-1
------------------------------------------------------------------------------------

Upgrade Log for IP 'design_1_compute_sad_0_1'

1. Summary
----------

SUCCESS in the upgrade of design_1_compute_sad_0_1 (xilinx.com:user:compute_sad:1.0) from (Rev. 20) to (Rev. 21)






Copyright 1986-2017 Xilinx, Inc. All Rights Reserved.
------------------------------------------------------------------------------------
| Tool Version : Vivado v.2017.2 (win64) Build 1909853 Thu Jun 15 18:39:09 MDT 2017
| Date         : Mon May  7 16:08:41 2018
| Host         : shlab_36-PC running 64-bit Service Pack 1  (build 7601)
| Command      : upgrade_ip
| Device       : xc7z020clg484-1
------------------------------------------------------------------------------------

Upgrade Log for IP 'design_1_compute_sad_0_1'

1. Summary
----------

SUCCESS in the upgrade of design_1_compute_sad_0_1 (xilinx.com:user:compute_sad:1.0) from (Rev. 19) to (Rev. 20)






Copyright 1986-2017 Xilinx, Inc. All Rights Reserved.
------------------------------------------------------------------------------------
| Tool Version : Vivado v.2017.2 (win64) Build 1909853 Thu Jun 15 18:39:09 MDT 2017
| Date         : Mon May  7 02:28:21 2018
| Host         : shlab_36-PC running 64-bit Service Pack 1  (build 7601)
| Command      : upgrade_ip
| Device       : xc7z020clg484-1
------------------------------------------------------------------------------------

Upgrade Log for IP 'design_1_compute_sad_0_1'

1. Summary
----------

SUCCESS in the upgrade of design_1_compute_sad_0_1 (xilinx.com:user:compute_sad:1.0) from (Rev. 18) to (Rev. 19)






Copyright 1986-2017 Xilinx, Inc. All Rights Reserved.
------------------------------------------------------------------------------------
| Tool Version : Vivado v.2017.2 (win64) Build 1909853 Thu Jun 15 18:39:09 MDT 2017
| Date         : Mon May  7 02:08:31 2018
| Host         : shlab_36-PC running 64-bit Service Pack 1  (build 7601)
| Command      : upgrade_ip
| Device       : xc7z020clg484-1
------------------------------------------------------------------------------------

Upgrade Log for IP 'design_1_compute_sad_0_1'

1. Summary
----------

SUCCESS in the upgrade of design_1_compute_sad_0_1 (xilinx.com:user:compute_sad:1.0) from (Rev. 17) to (Rev. 18)






Copyright 1986-2017 Xilinx, Inc. All Rights Reserved.
------------------------------------------------------------------------------------
| Tool Version : Vivado v.2017.2 (win64) Build 1909853 Thu Jun 15 18:39:09 MDT 2017
| Date         : Mon May  7 00:42:42 2018
| Host         : shlab_36-PC running 64-bit Service Pack 1  (build 7601)
| Command      : upgrade_ip
| Device       : xc7z020clg484-1
------------------------------------------------------------------------------------

Upgrade Log for IP 'design_1_compute_sad_0_1'

1. Summary
----------

SUCCESS in the upgrade of design_1_compute_sad_0_1 (xilinx.com:user:compute_sad:1.0) from (Rev. 16) to (Rev. 17)






Copyright 1986-2017 Xilinx, Inc. All Rights Reserved.
------------------------------------------------------------------------------------
| Tool Version : Vivado v.2017.2 (win64) Build 1909853 Thu Jun 15 18:39:09 MDT 2017
| Date         : Sun May  6 22:21:22 2018
| Host         : shlab_36-PC running 64-bit Service Pack 1  (build 7601)
| Command      : upgrade_ip
| Device       : xc7z020clg484-1
------------------------------------------------------------------------------------

Upgrade Log for IP 'design_1_compute_sad_0_1'

1. Summary
----------

SUCCESS in the upgrade of design_1_compute_sad_0_1 (xilinx.com:user:compute_sad:1.0) from (Rev. 15) to (Rev. 16)






Copyright 1986-2017 Xilinx, Inc. All Rights Reserved.
------------------------------------------------------------------------------------
| Tool Version : Vivado v.2017.2 (win64) Build 1909853 Thu Jun 15 18:39:09 MDT 2017
| Date         : Sun May  6 20:59:33 2018
| Host         : shlab_36-PC running 64-bit Service Pack 1  (build 7601)
| Command      : upgrade_ip
| Device       : xc7z020clg484-1
------------------------------------------------------------------------------------

Upgrade Log for IP 'design_1_compute_sad_0_1'

1. Summary
----------

SUCCESS in the upgrade of design_1_compute_sad_0_1 (xilinx.com:user:compute_sad:1.0) from (Rev. 14) to (Rev. 15)






Copyright 1986-2017 Xilinx, Inc. All Rights Reserved.
------------------------------------------------------------------------------------
| Tool Version : Vivado v.2017.2 (win64) Build 1909853 Thu Jun 15 18:39:09 MDT 2017
| Date         : Sun May  6 20:39:21 2018
| Host         : shlab_36-PC running 64-bit Service Pack 1  (build 7601)
| Command      : upgrade_ip
| Device       : xc7z020clg484-1
------------------------------------------------------------------------------------

Upgrade Log for IP 'design_1_compute_sad_0_1'

1. Summary
----------

SUCCESS in the upgrade of design_1_compute_sad_0_1 (xilinx.com:user:compute_sad:1.0) from (Rev. 13) to (Rev. 14)






Copyright 1986-2017 Xilinx, Inc. All Rights Reserved.
------------------------------------------------------------------------------------
| Tool Version : Vivado v.2017.2 (win64) Build 1909853 Thu Jun 15 18:39:09 MDT 2017
| Date         : Sun May  6 18:24:36 2018
| Host         : shlab_36-PC running 64-bit Service Pack 1  (build 7601)
| Command      : upgrade_ip
| Device       : xc7z020clg484-1
------------------------------------------------------------------------------------

Upgrade Log for IP 'design_1_compute_sad_0_1'

1. Summary
----------

SUCCESS in the upgrade of design_1_compute_sad_0_1 (xilinx.com:user:compute_sad:1.0) from (Rev. 12) to (Rev. 13)






Copyright 1986-2017 Xilinx, Inc. All Rights Reserved.
------------------------------------------------------------------------------------
| Tool Version : Vivado v.2017.2 (win64) Build 1909853 Thu Jun 15 18:39:09 MDT 2017
| Date         : Sat May  5 11:39:34 2018
| Host         : shlab_31-PC running 64-bit Service Pack 1  (build 7601)
| Command      : upgrade_ip
| Device       : xc7z020clg484-1
------------------------------------------------------------------------------------

Upgrade Log for IP 'design_1_compute_sad_0_1'

1. Summary
----------

SUCCESS in the upgrade of design_1_compute_sad_0_1 (xilinx.com:user:compute_sad:1.0) from (Rev. 11) to (Rev. 12)






Copyright 1986-2017 Xilinx, Inc. All Rights Reserved.
------------------------------------------------------------------------------------
| Tool Version : Vivado v.2017.2 (win64) Build 1909853 Thu Jun 15 18:39:09 MDT 2017
| Date         : Fri May  4 20:38:26 2018
| Host         : shlab_31-PC running 64-bit Service Pack 1  (build 7601)
| Command      : upgrade_ip
| Device       : xc7z020clg484-1
------------------------------------------------------------------------------------

Upgrade Log for IP 'design_1_compute_sad_0_1'

1. Summary
----------

SUCCESS in the upgrade of design_1_compute_sad_0_1 (xilinx.com:user:compute_sad:1.0) from (Rev. 10) to (Rev. 11)






Copyright 1986-2017 Xilinx, Inc. All Rights Reserved.
------------------------------------------------------------------------------------
| Tool Version : Vivado v.2017.2 (win64) Build 1909853 Thu Jun 15 18:39:09 MDT 2017
| Date         : Fri May  4 20:17:37 2018
| Host         : shlab_31-PC running 64-bit Service Pack 1  (build 7601)
| Command      : upgrade_ip
| Device       : xc7z020clg484-1
------------------------------------------------------------------------------------

Upgrade Log for IP 'design_1_compute_sad_0_1'

1. Summary
----------

SUCCESS in the upgrade of design_1_compute_sad_0_1 (xilinx.com:user:compute_sad:1.0) from (Rev. 9) to (Rev. 10)






Copyright 1986-2017 Xilinx, Inc. All Rights Reserved.
------------------------------------------------------------------------------------
| Tool Version : Vivado v.2017.2 (win64) Build 1909853 Thu Jun 15 18:39:09 MDT 2017
| Date         : Fri May  4 19:57:58 2018
| Host         : shlab_31-PC running 64-bit Service Pack 1  (build 7601)
| Command      : upgrade_ip
| Device       : xc7z020clg484-1
------------------------------------------------------------------------------------

Upgrade Log for IP 'design_1_compute_sad_0_1'

1. Summary
----------

SUCCESS in the upgrade of design_1_compute_sad_0_1 (xilinx.com:user:compute_sad:1.0) from (Rev. 8) to (Rev. 9)






Copyright 1986-2017 Xilinx, Inc. All Rights Reserved.
------------------------------------------------------------------------------------
| Tool Version : Vivado v.2017.2 (win64) Build 1909853 Thu Jun 15 18:39:09 MDT 2017
| Date         : Fri May  4 19:39:48 2018
| Host         : shlab_31-PC running 64-bit Service Pack 1  (build 7601)
| Command      : upgrade_ip
| Device       : xc7z020clg484-1
------------------------------------------------------------------------------------

Upgrade Log for IP 'design_1_compute_sad_0_1'

1. Summary
----------

SUCCESS in the upgrade of design_1_compute_sad_0_1 (xilinx.com:user:compute_sad:1.0) from (Rev. 7) to (Rev. 8)






Copyright 1986-2017 Xilinx, Inc. All Rights Reserved.
------------------------------------------------------------------------------------
| Tool Version : Vivado v.2017.2 (win64) Build 1909853 Thu Jun 15 18:39:09 MDT 2017
| Date         : Fri May  4 18:56:45 2018
| Host         : shlab_31-PC running 64-bit Service Pack 1  (build 7601)
| Command      : upgrade_ip
| Device       : xc7z020clg484-1
------------------------------------------------------------------------------------

Upgrade Log for IP 'design_1_compute_sad_0_1'

1. Summary
----------

SUCCESS in the upgrade of design_1_compute_sad_0_1 (xilinx.com:user:compute_sad:1.0) from (Rev. 6) to (Rev. 7)






Copyright 1986-2017 Xilinx, Inc. All Rights Reserved.
------------------------------------------------------------------------------------
| Tool Version : Vivado v.2017.2 (win64) Build 1909853 Thu Jun 15 18:39:09 MDT 2017
| Date         : Fri May  4 18:44:51 2018
| Host         : shlab_31-PC running 64-bit Service Pack 1  (build 7601)
| Command      : upgrade_ip
| Device       : xc7z020clg484-1
------------------------------------------------------------------------------------

Upgrade Log for IP 'design_1_compute_sad_0_1'

1. Summary
----------

SUCCESS in the upgrade of design_1_compute_sad_0_1 (xilinx.com:user:compute_sad:1.0) from (Rev. 5) to (Rev. 6)






Copyright 1986-2017 Xilinx, Inc. All Rights Reserved.
------------------------------------------------------------------------------------
| Tool Version : Vivado v.2017.2 (win64) Build 1909853 Thu Jun 15 18:39:09 MDT 2017
| Date         : Fri May  4 18:39:59 2018
| Host         : shlab_31-PC running 64-bit Service Pack 1  (build 7601)
| Command      : upgrade_ip
| Device       : xc7z020clg484-1
------------------------------------------------------------------------------------

Upgrade Log for IP 'design_1_compute_sad_0_1'

1. Summary
----------

SUCCESS in the upgrade of design_1_compute_sad_0_1 (xilinx.com:user:compute_sad:1.0) from (Rev. 4) to (Rev. 5)






Copyright 1986-2017 Xilinx, Inc. All Rights Reserved.
------------------------------------------------------------------------------------
| Tool Version : Vivado v.2017.2 (win64) Build 1909853 Thu Jun 15 18:39:09 MDT 2017
| Date         : Fri May  4 17:17:14 2018
| Host         : shlab_31-PC running 64-bit Service Pack 1  (build 7601)
| Command      : upgrade_ip
| Device       : xc7z020clg484-1
------------------------------------------------------------------------------------

Upgrade Log for IP 'design_1_compute_sad_0_1'

1. Summary
----------

SUCCESS in the upgrade of design_1_compute_sad_0_1 (xilinx.com:user:compute_sad:1.0) from (Rev. 3) to (Rev. 4)






Copyright 1986-2017 Xilinx, Inc. All Rights Reserved.
------------------------------------------------------------------------------------
| Tool Version : Vivado v.2017.2 (win64) Build 1909853 Thu Jun 15 18:39:09 MDT 2017
| Date         : Fri May  4 16:56:53 2018
| Host         : shlab_31-PC running 64-bit Service Pack 1  (build 7601)
| Command      : upgrade_ip
| Device       : xc7z020clg484-1
------------------------------------------------------------------------------------

Upgrade Log for IP 'design_1_compute_sad_0_1'

1. Summary
----------

SUCCESS in the upgrade of design_1_compute_sad_0_1 (xilinx.com:user:compute_sad:1.0) from (Rev. 2) to (Rev. 3)






Copyright 1986-2017 Xilinx, Inc. All Rights Reserved.
------------------------------------------------------------------------------------
| Tool Version : Vivado v.2017.2 (win64) Build 1909853 Thu Jun 15 18:39:09 MDT 2017
| Date         : Fri May  4 15:31:44 2018
| Host         : shlab_31-PC running 64-bit Service Pack 1  (build 7601)
| Command      : upgrade_ip
| Device       : xc7z020clg484-1
------------------------------------------------------------------------------------

Upgrade Log for IP 'design_1_compute_sad_0_1'

1. Summary
----------

SUCCESS in the upgrade of design_1_compute_sad_0_1 (xilinx.com:user:compute_sad:1.0) from (Rev. 1) to (Rev. 2)






Copyright 1986-2017 Xilinx, Inc. All Rights Reserved.
------------------------------------------------------------------------------------
| Tool Version : Vivado v.2017.2 (win64) Build 1909853 Thu Jun 15 18:39:09 MDT 2017
| Date         : Thu May  3 19:56:22 2018
| Host         : shlab_31-PC running 64-bit Service Pack 1  (build 7601)
| Command      : upgrade_ip
| Device       : xc7z020clg484-1
------------------------------------------------------------------------------------

Upgrade Log for IP 'design_1_compute_sad_0_0'

1. Summary
----------

SUCCESS in the upgrade of design_1_compute_sad_0_0 (xilinx.com:user:compute_sad:1.0) from (Rev. 2) to (Rev. 3)






Copyright 1986-2017 Xilinx, Inc. All Rights Reserved.
------------------------------------------------------------------------------------
| Tool Version : Vivado v.2017.2 (win64) Build 1909853 Thu Jun 15 18:39:09 MDT 2017
| Date         : Thu May  3 19:23:29 2018
| Host         : shlab_31-PC running 64-bit Service Pack 1  (build 7601)
| Command      : upgrade_ip
| Device       : xc7z020clg484-1
------------------------------------------------------------------------------------

Upgrade Log for IP 'design_1_compute_sad_0_0'

1. Summary
----------

SUCCESS in the upgrade of design_1_compute_sad_0_0 (xilinx.com:user:compute_sad:1.0) from (Rev. 1) to (Rev. 2)

