#-----------------------------------------------------------
# Vivado v2017.2 (64-bit)
# SW Build 1909853 on Thu Jun 15 18:39:09 MDT 2017
# IP Build 1909766 on Thu Jun 15 19:58:00 MDT 2017
# Start of session at: Wed Jun 27 21:59:25 2018
# Process ID: 4568
# Current directory: C:/Users/shlab_23/Downloads/0416313
# Command line: vivado.exe -gui_launcher_event rodinguilauncherevent2700 C:\Users\shlab_23\Downloads\0416313\Lab3.xpr
# Log file: C:/Users/shlab_23/Downloads/0416313/vivado.log
# Journal file: C:/Users/shlab_23/Downloads/0416313\vivado.jou
#-----------------------------------------------------------
start_gui
open_project C:/Users/shlab_23/Downloads/0416313/Lab3.xpr
INFO: [Project 1-313] Project file moved from 'C:/Users/shlab_23/Downloads/Lab3/Lab3' since last save.
Scanning sources...
Finished scanning sources
WARNING: [filemgmt 56-2] IP Repository Path: Could not find the directory 'C:/Users/shlab_23/Downloads/ip_repo/compute_sad_1.0', nor could it be found using path 'C:/Users/shlab_23/Downloads/Lab3/ip_repo/compute_sad_1.0'.
INFO: [IP_Flow 19-234] Refreshing IP repositories
INFO: [IP_Flow 19-1700] Loaded user IP repository 'c:/Users/shlab_23/Downloads/0416313/ip_repo/compute_sad_1.0'.
WARNING: [IP_Flow 19-2248] Failed to load user IP repository 'c:/Users/shlab_23/Downloads/ip_repo/compute_sad_1.0'; Can't find the specified path.
If this directory should no longer be in your list of user repositories, go to the IP Settings dialog and remove it.
INFO: [IP_Flow 19-2313] Loaded Vivado IP repository 'C:/Xilinx/Vivado/2017.2/data/ip'.
WARNING: [IP_Flow 19-3664] IP 'design_1_auto_pc_0' generated file not found 'c:/Users/shlab_23/Downloads/0416313/Lab3.srcs/sources_1/bd/design_1/ip/design_1_auto_pc_0/stats.txt'. Please regenerate to continue.
open_project: Time (s): cpu = 00:00:13 ; elapsed = 00:00:08 . Memory (MB): peak = 855.688 ; gain = 79.711
update_compile_order -fileset sources_1
ipx::edit_ip_in_project -upgrade true -name compute_sad_v1_0_v1_0_project -directory C:/Users/shlab_23/Downloads/0416313/Lab3.tmp/compute_sad_v1_0_v1_0_project c:/Users/shlab_23/Downloads/0416313/ip_repo/compute_sad_1.0/component.xml
INFO: [IP_Flow 19-234] Refreshing IP repositories
INFO: [IP_Flow 19-1704] No user IP repositories specified
INFO: [IP_Flow 19-2313] Loaded Vivado IP repository 'C:/Xilinx/Vivado/2017.2/data/ip'.
INFO: [IP_Flow 19-234] Refreshing IP repositories
INFO: [IP_Flow 19-1700] Loaded user IP repository 'c:/Users/shlab_23/Downloads/0416313/ip_repo/compute_sad_1.0'.
WARNING: [IP_Flow 19-2248] Failed to load user IP repository 'c:/Users/shlab_23/Downloads/ip_repo/compute_sad_1.0'; Can't find the specified path.
If this directory should no longer be in your list of user repositories, go to the IP Settings dialog and remove it.
INFO: [IP_Flow 19-795] Syncing license key meta-data
INFO: [IP_Flow 19-793] Syncing display name meta-data
INFO: [IP_Flow 19-798] Syncing taxonomy meta-data
ipx::edit_ip_in_project: Time (s): cpu = 00:00:10 ; elapsed = 00:00:06 . Memory (MB): peak = 891.836 ; gain = 28.496
update_compile_order -fileset sources_1
current_project Lab3
close_project
exit
INFO: [Common 17-206] Exiting Vivado at Wed Jun 27 22:15:49 2018...
