Copyright 1986-2017 Xilinx, Inc. All Rights Reserved.
------------------------------------------------------------------------------------
| Tool Version : Vivado v.2017.2 (win64) Build 1909853 Thu Jun 15 18:39:09 MDT 2017
| Date         : Fri May 18 16:53:00 2018
| Host         : shlab_32-PC running 64-bit Service Pack 1  (build 7601)
| Command      : upgrade_ip
| Device       : xc7z020clg484-1
------------------------------------------------------------------------------------

Upgrade Log for IP 'lab4_my_dma_0_6'

1. Summary
----------

SUCCESS in the upgrade of lab4_my_dma_0_6 (user.org:user:my_dma:1.0) from (Rev. 18) to (Rev. 19)






Copyright 1986-2017 Xilinx, Inc. All Rights Reserved.
------------------------------------------------------------------------------------
| Tool Version : Vivado v.2017.2 (win64) Build 1909853 Thu Jun 15 18:39:09 MDT 2017
| Date         : Fri May 18 16:31:52 2018
| Host         : shlab_32-PC running 64-bit Service Pack 1  (build 7601)
| Command      : upgrade_ip
| Device       : xc7z020clg484-1
------------------------------------------------------------------------------------

Upgrade Log for IP 'lab4_my_dma_0_6'

1. Summary
----------

SUCCESS in the upgrade of lab4_my_dma_0_6 (user.org:user:my_dma:1.0) from (Rev. 17) to (Rev. 18)






Copyright 1986-2017 Xilinx, Inc. All Rights Reserved.
------------------------------------------------------------------------------------
| Tool Version : Vivado v.2017.2 (win64) Build 1909853 Thu Jun 15 18:39:09 MDT 2017
| Date         : Fri May 18 15:59:30 2018
| Host         : shlab_32-PC running 64-bit Service Pack 1  (build 7601)
| Command      : upgrade_ip
| Device       : xc7z020clg484-1
------------------------------------------------------------------------------------

Upgrade Log for IP 'lab4_my_dma_0_6'

1. Summary
----------

SUCCESS in the upgrade of lab4_my_dma_0_6 (user.org:user:my_dma:1.0) from (Rev. 16) to (Rev. 17)






Copyright 1986-2017 Xilinx, Inc. All Rights Reserved.
------------------------------------------------------------------------------------
| Tool Version : Vivado v.2017.2 (win64) Build 1909853 Thu Jun 15 18:39:09 MDT 2017
| Date         : Thu May 17 16:58:31 2018
| Host         : shlab_32-PC running 64-bit Service Pack 1  (build 7601)
| Command      : upgrade_ip
| Device       : xc7z020clg484-1
------------------------------------------------------------------------------------

Upgrade Log for IP 'lab4_my_dma_0_6'

1. Summary
----------

SUCCESS in the upgrade of lab4_my_dma_0_6 (user.org:user:my_dma:1.0) from (Rev. 15) to (Rev. 16)






Copyright 1986-2017 Xilinx, Inc. All Rights Reserved.
------------------------------------------------------------------------------------
| Tool Version : Vivado v.2017.2 (win64) Build 1909853 Thu Jun 15 18:39:09 MDT 2017
| Date         : Thu May 17 16:38:49 2018
| Host         : shlab_32-PC running 64-bit Service Pack 1  (build 7601)
| Command      : upgrade_ip
| Device       : xc7z020clg484-1
------------------------------------------------------------------------------------

Upgrade Log for IP 'lab4_my_dma_0_6'

1. Summary
----------

SUCCESS in the upgrade of lab4_my_dma_0_6 (user.org:user:my_dma:1.0) from (Rev. 14) to (Rev. 15)






Copyright 1986-2017 Xilinx, Inc. All Rights Reserved.
------------------------------------------------------------------------------------
| Tool Version : Vivado v.2017.2 (win64) Build 1909853 Thu Jun 15 18:39:09 MDT 2017
| Date         : Thu May 17 16:11:28 2018
| Host         : shlab_32-PC running 64-bit Service Pack 1  (build 7601)
| Command      : upgrade_ip
| Device       : xc7z020clg484-1
------------------------------------------------------------------------------------

Upgrade Log for IP 'lab4_my_dma_0_6'

1. Summary
----------

SUCCESS in the upgrade of lab4_my_dma_0_6 (user.org:user:my_dma:1.0) from (Rev. 13) to (Rev. 14)






Copyright 1986-2017 Xilinx, Inc. All Rights Reserved.
------------------------------------------------------------------------------------
| Tool Version : Vivado v.2017.2 (win64) Build 1909853 Thu Jun 15 18:39:09 MDT 2017
| Date         : Thu May 17 15:56:05 2018
| Host         : shlab_32-PC running 64-bit Service Pack 1  (build 7601)
| Command      : upgrade_ip
| Device       : xc7z020clg484-1
------------------------------------------------------------------------------------

Upgrade Log for IP 'lab4_my_dma_0_6'

1. Summary
----------

SUCCESS in the upgrade of lab4_my_dma_0_6 (user.org:user:my_dma:1.0) from (Rev. 12) to (Rev. 13)






Copyright 1986-2017 Xilinx, Inc. All Rights Reserved.
------------------------------------------------------------------------------------
| Tool Version : Vivado v.2017.2 (win64) Build 1909853 Thu Jun 15 18:39:09 MDT 2017
| Date         : Wed May 16 16:56:39 2018
| Host         : shlab_32-PC running 64-bit Service Pack 1  (build 7601)
| Command      : upgrade_ip
| Device       : xc7z020clg484-1
------------------------------------------------------------------------------------

Upgrade Log for IP 'lab4_my_dma_0_6'

1. Summary
----------

SUCCESS in the upgrade of lab4_my_dma_0_6 (user.org:user:my_dma:1.0) from (Rev. 11) to (Rev. 12)






Copyright 1986-2017 Xilinx, Inc. All Rights Reserved.
------------------------------------------------------------------------------------
| Tool Version : Vivado v.2017.2 (win64) Build 1909853 Thu Jun 15 18:39:09 MDT 2017
| Date         : Wed May 16 16:34:10 2018
| Host         : shlab_32-PC running 64-bit Service Pack 1  (build 7601)
| Command      : upgrade_ip
| Device       : xc7z020clg484-1
------------------------------------------------------------------------------------

Upgrade Log for IP 'lab4_my_dma_0_6'

1. Summary
----------

SUCCESS in the upgrade of lab4_my_dma_0_6 (user.org:user:my_dma:1.0) from (Rev. 10) to (Rev. 11)






Copyright 1986-2017 Xilinx, Inc. All Rights Reserved.
------------------------------------------------------------------------------------
| Tool Version : Vivado v.2017.2 (win64) Build 1909853 Thu Jun 15 18:39:09 MDT 2017
| Date         : Wed May 16 16:22:47 2018
| Host         : shlab_32-PC running 64-bit Service Pack 1  (build 7601)
| Command      : upgrade_ip
| Device       : xc7z020clg484-1
------------------------------------------------------------------------------------

Upgrade Log for IP 'lab4_my_dma_0_6'

1. Summary
----------

SUCCESS in the upgrade of lab4_my_dma_0_6 (user.org:user:my_dma:1.0) from (Rev. 9) to (Rev. 10)






Copyright 1986-2017 Xilinx, Inc. All Rights Reserved.
------------------------------------------------------------------------------------
| Tool Version : Vivado v.2017.2 (win64) Build 1909853 Thu Jun 15 18:39:09 MDT 2017
| Date         : Wed May 16 16:10:37 2018
| Host         : shlab_32-PC running 64-bit Service Pack 1  (build 7601)
| Command      : upgrade_ip
| Device       : xc7z020clg484-1
------------------------------------------------------------------------------------

Upgrade Log for IP 'lab4_my_dma_0_6'

1. Summary
----------

SUCCESS in the upgrade of lab4_my_dma_0_6 (user.org:user:my_dma:1.0) from (Rev. 8) to (Rev. 9)






Copyright 1986-2017 Xilinx, Inc. All Rights Reserved.
------------------------------------------------------------------------------------
| Tool Version : Vivado v.2017.2 (win64) Build 1909853 Thu Jun 15 18:39:09 MDT 2017
| Date         : Wed May 16 15:49:44 2018
| Host         : shlab_32-PC running 64-bit Service Pack 1  (build 7601)
| Command      : upgrade_ip
| Device       : xc7z020clg484-1
------------------------------------------------------------------------------------

Upgrade Log for IP 'lab4_my_dma_0_6'

1. Summary
----------

SUCCESS in the upgrade of lab4_my_dma_0_6 (user.org:user:my_dma:1.0) from (Rev. 7) to (Rev. 8)






Copyright 1986-2017 Xilinx, Inc. All Rights Reserved.
------------------------------------------------------------------------------------
| Tool Version : Vivado v.2017.2 (win64) Build 1909853 Thu Jun 15 18:39:09 MDT 2017
| Date         : Wed May 16 15:44:11 2018
| Host         : shlab_32-PC running 64-bit Service Pack 1  (build 7601)
| Command      : upgrade_ip
| Device       : xc7z020clg484-1
------------------------------------------------------------------------------------

Upgrade Log for IP 'lab4_my_dma_0_6'

1. Summary
----------

SUCCESS in the upgrade of lab4_my_dma_0_6 (user.org:user:my_dma:1.0) from (Rev. 6) to (Rev. 7)






Copyright 1986-2017 Xilinx, Inc. All Rights Reserved.
------------------------------------------------------------------------------------
| Tool Version : Vivado v.2017.2 (win64) Build 1909853 Thu Jun 15 18:39:09 MDT 2017
| Date         : Wed May 16 15:24:52 2018
| Host         : shlab_32-PC running 64-bit Service Pack 1  (build 7601)
| Command      : upgrade_ip
| Device       : xc7z020clg484-1
------------------------------------------------------------------------------------

Upgrade Log for IP 'lab4_my_dma_0_6'

1. Summary
----------

CAUTION (success, with warnings) in the upgrade of lab4_my_dma_0_6 (user.org:user:my_dma:1.0) from (Rev. 4) to (Rev. 6)

2. Interface Information
------------------------

Detected external interface differences while upgrading 'lab4_my_dma_0_6'.


-Upgrade has added interface 'm00_axi_aclk' (xilinx.com:signal:clock:1.0)

-Upgrade has added interface 'm00_axi_aresetn' (xilinx.com:signal:reset:1.0)

-Upgrade has added interface 's00_axi_aclk' (xilinx.com:signal:clock:1.0)

-Upgrade has added interface 's00_axi_aresetn' (xilinx.com:signal:reset:1.0)







Copyright 1986-2017 Xilinx, Inc. All Rights Reserved.
------------------------------------------------------------------------------------
| Tool Version : Vivado v.2017.2 (win64) Build 1909853 Thu Jun 15 18:39:09 MDT 2017
| Date         : Thu May 10 20:09:47 2018
| Host         : shlab_37-PC running 64-bit Service Pack 1  (build 7601)
| Command      : upgrade_ip
| Device       : xc7z020clg484-1
------------------------------------------------------------------------------------

Upgrade Log for IP 'lab4_my_dma_0_6'

1. Summary
----------

SUCCESS in the upgrade of lab4_my_dma_0_6 (user.org:user:my_dma:1.0) from (Rev. 3) to (Rev. 4)

