#-----------------------------------------------------------
# Vivado v2017.2 (64-bit)
# SW Build 1909853 on Thu Jun 15 18:39:09 MDT 2017
# IP Build 1909766 on Thu Jun 15 19:58:00 MDT 2017
# Start of session at: Fri May 11 15:26:39 2018
# Process ID: 4304
# Current directory: D:/0416313_lab4
# Command line: vivado.exe -gui_launcher_event rodinguilauncherevent5036 D:\0416313_lab4\0416313_lab4.xpr
# Log file: D:/0416313_lab4/vivado.log
# Journal file: D:/0416313_lab4\vivado.jou
#-----------------------------------------------------------
start_gui
open_project D:/0416313_lab4/0416313_lab4.xpr
INFO: [Project 1-313] Project file moved from 'C:/0416313_lab4' since last save.
Scanning sources...
Finished scanning sources
INFO: [IP_Flow 19-234] Refreshing IP repositories
INFO: [IP_Flow 19-1700] Loaded user IP repository 'd:/0416313_lab4/ip_repo/my_dma_1.0'.
INFO: [IP_Flow 19-2313] Loaded Vivado IP repository 'C:/Xilinx/Vivado/2017.2/data/ip'.
WARNING: [BD 41-1661] One or more IPs have been locked in the design 'lab4.bd'. Please run report_ip_status for more details and recommendations on how to fix this issue.
List of locked IPs:
lab4_my_dma_0_6

open_project: Time (s): cpu = 00:00:17 ; elapsed = 00:00:35 . Memory (MB): peak = 826.641 ; gain = 161.602
update_compile_order -fileset sources_1
ipx::edit_ip_in_project -upgrade true -name my_dma_v1_0_v1_0_project -directory D:/0416313_lab4/0416313_lab4.tmp/my_dma_v1_0_v1_0_project d:/0416313_lab4/ip_repo/my_dma_1.0/component.xml
INFO: [IP_Flow 19-234] Refreshing IP repositories
INFO: [IP_Flow 19-1704] No user IP repositories specified
INFO: [IP_Flow 19-2313] Loaded Vivado IP repository 'C:/Xilinx/Vivado/2017.2/data/ip'.
INFO: [IP_Flow 19-234] Refreshing IP repositories
INFO: [IP_Flow 19-1700] Loaded user IP repository 'd:/0416313_lab4/ip_repo/my_dma_1.0'.
INFO: [IP_Flow 19-795] Syncing license key meta-data
INFO: [IP_Flow 19-793] Syncing display name meta-data
INFO: [IP_Flow 19-798] Syncing taxonomy meta-data
ipx::edit_ip_in_project: Time (s): cpu = 00:00:10 ; elapsed = 00:00:09 . Memory (MB): peak = 829.297 ; gain = 0.000
update_compile_order -fileset sources_1
current_project 0416313_lab4
file copy -force D:/0416313_lab4/0416313_lab4.runs/impl_1/lab4_wrapper.sysdef D:/0416313_lab4/0416313_lab4.sdk/lab4_wrapper.hdf

launch_sdk -workspace D:/0416313_lab4/0416313_lab4.sdk -hwspec D:/0416313_lab4/0416313_lab4.sdk/lab4_wrapper.hdf
INFO: [Vivado 12-393] Launching SDK...
INFO: [Vivado 12-417] Running xsdk -workspace D:/0416313_lab4/0416313_lab4.sdk -hwspec D:/0416313_lab4/0416313_lab4.sdk/lab4_wrapper.hdf
INFO: [Vivado 12-3157] SDK launch initiated. Please check console for any further messages.
current_project my_dma_v1_0_v1_0_project
close_project
exit
INFO: [Common 17-206] Exiting Vivado at Fri May 11 17:27:40 2018...
