Copyright 1986-2017 Xilinx, Inc. All Rights Reserved.
------------------------------------------------------------------------------------
| Tool Version : Vivado v.2017.2 (win64) Build 1909853 Thu Jun 15 18:39:09 MDT 2017
| Date         : Fri Jun 22 13:08:14 2018
| Host         : shlab_32-PC running 64-bit Service Pack 1  (build 7601)
| Command      : upgrade_ip
| Device       : xc7z020clg484-1
------------------------------------------------------------------------------------

Upgrade Log for IP 'design_1_final_ip_0_0'

1. Summary
----------

SUCCESS in the upgrade of design_1_final_ip_0_0 (xilinx.com:user:final_ip:1.0) from (Rev. 14) to (Rev. 15)






Copyright 1986-2017 Xilinx, Inc. All Rights Reserved.
------------------------------------------------------------------------------------
| Tool Version : Vivado v.2017.2 (win64) Build 1909853 Thu Jun 15 18:39:09 MDT 2017
| Date         : Fri Jun 22 12:57:23 2018
| Host         : shlab_32-PC running 64-bit Service Pack 1  (build 7601)
| Command      : upgrade_ip
| Device       : xc7z020clg484-1
------------------------------------------------------------------------------------

Upgrade Log for IP 'design_1_final_ip_0_0'

1. Summary
----------

SUCCESS in the upgrade of design_1_final_ip_0_0 (xilinx.com:user:final_ip:1.0) from (Rev. 13) to (Rev. 14)






Copyright 1986-2017 Xilinx, Inc. All Rights Reserved.
------------------------------------------------------------------------------------
| Tool Version : Vivado v.2017.2 (win64) Build 1909853 Thu Jun 15 18:39:09 MDT 2017
| Date         : Fri Jun 22 12:54:02 2018
| Host         : shlab_32-PC running 64-bit Service Pack 1  (build 7601)
| Command      : upgrade_ip
| Device       : xc7z020clg484-1
------------------------------------------------------------------------------------

Upgrade Log for IP 'design_1_final_ip_0_0'

1. Summary
----------

SUCCESS in the upgrade of design_1_final_ip_0_0 (xilinx.com:user:final_ip:1.0) from (Rev. 12) to (Rev. 13)






Copyright 1986-2017 Xilinx, Inc. All Rights Reserved.
------------------------------------------------------------------------------------
| Tool Version : Vivado v.2017.2 (win64) Build 1909853 Thu Jun 15 18:39:09 MDT 2017
| Date         : Fri Jun 22 12:36:20 2018
| Host         : shlab_32-PC running 64-bit Service Pack 1  (build 7601)
| Command      : upgrade_ip
| Device       : xc7z020clg484-1
------------------------------------------------------------------------------------

Upgrade Log for IP 'design_1_final_ip_0_0'

1. Summary
----------

SUCCESS in the upgrade of design_1_final_ip_0_0 (xilinx.com:user:final_ip:1.0) from (Rev. 11) to (Rev. 12)






Copyright 1986-2017 Xilinx, Inc. All Rights Reserved.
------------------------------------------------------------------------------------
| Tool Version : Vivado v.2017.2 (win64) Build 1909853 Thu Jun 15 18:39:09 MDT 2017
| Date         : Fri Jun 22 12:30:17 2018
| Host         : shlab_32-PC running 64-bit Service Pack 1  (build 7601)
| Command      : upgrade_ip
| Device       : xc7z020clg484-1
------------------------------------------------------------------------------------

Upgrade Log for IP 'design_1_final_ip_0_0'

1. Summary
----------

SUCCESS in the upgrade of design_1_final_ip_0_0 (xilinx.com:user:final_ip:1.0) from (Rev. 10) to (Rev. 11)






Copyright 1986-2017 Xilinx, Inc. All Rights Reserved.
------------------------------------------------------------------------------------
| Tool Version : Vivado v.2017.2 (win64) Build 1909853 Thu Jun 15 18:39:09 MDT 2017
| Date         : Fri Jun 22 12:17:10 2018
| Host         : shlab_32-PC running 64-bit Service Pack 1  (build 7601)
| Command      : upgrade_ip
| Device       : xc7z020clg484-1
------------------------------------------------------------------------------------

Upgrade Log for IP 'design_1_final_ip_0_0'

1. Summary
----------

SUCCESS in the upgrade of design_1_final_ip_0_0 (xilinx.com:user:final_ip:1.0) from (Rev. 9) to (Rev. 10)






Copyright 1986-2017 Xilinx, Inc. All Rights Reserved.
------------------------------------------------------------------------------------
| Tool Version : Vivado v.2017.2 (win64) Build 1909853 Thu Jun 15 18:39:09 MDT 2017
| Date         : Fri Jun 22 12:13:11 2018
| Host         : shlab_32-PC running 64-bit Service Pack 1  (build 7601)
| Command      : upgrade_ip
| Device       : xc7z020clg484-1
------------------------------------------------------------------------------------

Upgrade Log for IP 'design_1_final_ip_0_0'

1. Summary
----------

SUCCESS in the upgrade of design_1_final_ip_0_0 (xilinx.com:user:final_ip:1.0) from (Rev. 8) to (Rev. 9)






Copyright 1986-2017 Xilinx, Inc. All Rights Reserved.
------------------------------------------------------------------------------------
| Tool Version : Vivado v.2017.2 (win64) Build 1909853 Thu Jun 15 18:39:09 MDT 2017
| Date         : Fri Jun 22 12:00:30 2018
| Host         : shlab_32-PC running 64-bit Service Pack 1  (build 7601)
| Command      : upgrade_ip
| Device       : xc7z020clg484-1
------------------------------------------------------------------------------------

Upgrade Log for IP 'design_1_final_ip_0_0'

1. Summary
----------

SUCCESS in the upgrade of design_1_final_ip_0_0 (xilinx.com:user:final_ip:1.0) from (Rev. 7) to (Rev. 8)






Copyright 1986-2017 Xilinx, Inc. All Rights Reserved.
------------------------------------------------------------------------------------
| Tool Version : Vivado v.2017.2 (win64) Build 1909853 Thu Jun 15 18:39:09 MDT 2017
| Date         : Fri Jun 22 11:57:14 2018
| Host         : shlab_32-PC running 64-bit Service Pack 1  (build 7601)
| Command      : upgrade_ip
| Device       : xc7z020clg484-1
------------------------------------------------------------------------------------

Upgrade Log for IP 'design_1_final_ip_0_0'

1. Summary
----------

SUCCESS in the upgrade of design_1_final_ip_0_0 (xilinx.com:user:final_ip:1.0) from (Rev. 6) to (Rev. 7)






Copyright 1986-2017 Xilinx, Inc. All Rights Reserved.
------------------------------------------------------------------------------------
| Tool Version : Vivado v.2017.2 (win64) Build 1909853 Thu Jun 15 18:39:09 MDT 2017
| Date         : Fri Jun 22 11:40:40 2018
| Host         : shlab_32-PC running 64-bit Service Pack 1  (build 7601)
| Command      : upgrade_ip
| Device       : xc7z020clg484-1
------------------------------------------------------------------------------------

Upgrade Log for IP 'design_1_final_ip_0_0'

1. Summary
----------

SUCCESS in the upgrade of design_1_final_ip_0_0 (xilinx.com:user:final_ip:1.0) from (Rev. 5) to (Rev. 6)






Copyright 1986-2017 Xilinx, Inc. All Rights Reserved.
------------------------------------------------------------------------------------
| Tool Version : Vivado v.2017.2 (win64) Build 1909853 Thu Jun 15 18:39:09 MDT 2017
| Date         : Fri Jun 22 11:27:29 2018
| Host         : shlab_32-PC running 64-bit Service Pack 1  (build 7601)
| Command      : upgrade_ip
| Device       : xc7z020clg484-1
------------------------------------------------------------------------------------

Upgrade Log for IP 'design_1_final_ip_0_0'

1. Summary
----------

SUCCESS in the upgrade of design_1_final_ip_0_0 (xilinx.com:user:final_ip:1.0) from (Rev. 4) to (Rev. 5)






Copyright 1986-2017 Xilinx, Inc. All Rights Reserved.
------------------------------------------------------------------------------------
| Tool Version : Vivado v.2017.2 (win64) Build 1909853 Thu Jun 15 18:39:09 MDT 2017
| Date         : Fri Jun 22 11:03:02 2018
| Host         : shlab_32-PC running 64-bit Service Pack 1  (build 7601)
| Command      : upgrade_ip
| Device       : xc7z020clg484-1
------------------------------------------------------------------------------------

Upgrade Log for IP 'design_1_final_ip_0_0'

1. Summary
----------

SUCCESS in the upgrade of design_1_final_ip_0_0 (xilinx.com:user:final_ip:1.0) from (Rev. 3) to (Rev. 4)

