21:03:10 INFO  : Registering command handlers for SDK TCF services
21:03:11 INFO  : Launching XSCT server: xsct.bat -interactive D:\xilinx\codesign\2018\lab1\lab1.sdk\temp_xsdb_launch_script.tcl
21:03:13 INFO  : XSCT server has started successfully.
21:03:14 INFO  : Successfully done setting XSCT server connection channel  
21:03:14 INFO  : Processing command line option -hwspec D:/xilinx/codesign/2018/lab1/lab1.sdk/lab1_wrapper.hdf.
21:03:15 INFO  : Successfully done setting SDK workspace  
21:10:21 INFO  : Refreshed build settings on project find_face
21:14:02 WARN  : Given IPC port value is invalid. Using default port 2350
21:14:02 WARN  : Given XMD timeout value is invalid. Using default value of 50000
21:14:03 WARN  : Given XMD transaction timeout value is invalid. Using default value of 60000 milli seconds
21:14:03 WARN  : Given XMD transaction timeout value is invalid. Using default value of 60000 milli seconds
21:14:05 WARN  : Given XMD transaction timeout value is invalid. Using default value of 60000 milli seconds
21:15:11 INFO  : Connected to target on host '127.0.0.1' and port '3121'.
21:15:11 INFO  : 'targets -set -filter {jtag_cable_name =~ "Platform Cable USB 00000000000000" && level==0} -index 1' command is executed.
21:15:20 INFO  : FPGA configured successfully with bitstream "D:/xilinx/codesign/2018/lab1/lab1.sdk/lab1_wrapper_hw_platform_0/lab1_wrapper.bit"
21:15:30 WARN  : Given XMD transaction timeout value is invalid. Using default value of 60000 milli seconds
21:15:30 WARN  : Given XMD transaction timeout value is invalid. Using default value of 60000 milli seconds
21:15:30 WARN  : Given XMD transaction timeout value is invalid. Using default value of 60000 milli seconds
21:15:30 WARN  : Given XMD transaction timeout value is invalid. Using default value of 60000 milli seconds
21:15:30 WARN  : Given XMD transaction timeout value is invalid. Using default value of 60000 milli seconds
21:15:30 WARN  : Given XMD transaction timeout value is invalid. Using default value of 60000 milli seconds
21:15:31 WARN  : Given XMD transaction timeout value is invalid. Using default value of 60000 milli seconds
21:15:31 INFO  : ps7_init is completed.
21:15:31 WARN  : Given XMD transaction timeout value is invalid. Using default value of 60000 milli seconds
21:15:31 INFO  : ps7_post_config is completed.
21:15:31 WARN  : Given XMD transaction timeout value is invalid. Using default value of 60000 milli seconds
21:15:31 WARN  : Given XMD transaction timeout value is invalid. Using default value of 60000 milli seconds
21:15:31 INFO  : Processor reset is completed for ps7_cortexa9_0
21:15:32 WARN  : Given XMD transaction timeout value is invalid. Using default value of 60000 milli seconds
21:15:33 WARN  : Given XMD transaction timeout value is invalid. Using default value of 60000 milli seconds
21:15:34 WARN  : Given XMD transaction timeout value is invalid. Using default value of 60000 milli seconds
21:15:34 WARN  : Given XMD transaction timeout value is invalid. Using default value of 60000 milli seconds
21:15:34 WARN  : Given XMD transaction timeout value is invalid. Using default value of 60000 milli seconds
21:15:34 WARN  : Given XMD transaction timeout value is invalid. Using default value of 60000 milli seconds
21:23:50 WARN  : Given XMD transaction timeout value is invalid. Using default value of 60000 milli seconds
21:23:50 INFO  : ps7_cortexa9_0 Processor is in use. Please stop existing Run or Debug sessions before launching.
21:23:55 WARN  : Given XMD transaction timeout value is invalid. Using default value of 60000 milli seconds
21:23:55 WARN  : Given XMD transaction timeout value is invalid. Using default value of 60000 milli seconds
21:23:55 WARN  : Given XMD transaction timeout value is invalid. Using default value of 60000 milli seconds
21:23:55 WARN  : Given XMD transaction timeout value is invalid. Using default value of 60000 milli seconds
21:23:55 WARN  : Given XMD transaction timeout value is invalid. Using default value of 60000 milli seconds
21:23:55 INFO  : Processor reset is completed for ps7_cortexa9_0
21:23:55 WARN  : Given XMD transaction timeout value is invalid. Using default value of 60000 milli seconds
21:23:57 WARN  : Given XMD transaction timeout value is invalid. Using default value of 60000 milli seconds
21:23:57 WARN  : Given XMD transaction timeout value is invalid. Using default value of 60000 milli seconds
21:23:57 WARN  : Given XMD transaction timeout value is invalid. Using default value of 60000 milli seconds
21:23:57 WARN  : Given XMD transaction timeout value is invalid. Using default value of 60000 milli seconds
21:23:58 WARN  : Given XMD transaction timeout value is invalid. Using default value of 60000 milli seconds
21:23:58 WARN  : Given XMD transaction timeout value is invalid. Using default value of 60000 milli seconds
21:23:58 WARN  : Given XMD transaction timeout value is invalid. Using default value of 60000 milli seconds
21:23:58 WARN  : Given XMD transaction timeout value is invalid. Using default value of 60000 milli seconds
21:25:36 WARN  : Given XMD transaction timeout value is invalid. Using default value of 60000 milli seconds
21:25:36 WARN  : Given XMD transaction timeout value is invalid. Using default value of 60000 milli seconds
21:25:36 WARN  : Given XMD transaction timeout value is invalid. Using default value of 60000 milli seconds
21:25:36 WARN  : Given XMD transaction timeout value is invalid. Using default value of 60000 milli seconds
21:25:36 WARN  : Given XMD transaction timeout value is invalid. Using default value of 60000 milli seconds
21:25:37 WARN  : Given XMD transaction timeout value is invalid. Using default value of 60000 milli seconds
21:25:37 WARN  : Given XMD transaction timeout value is invalid. Using default value of 60000 milli seconds
21:25:37 INFO  : Processor reset is completed for ps7_cortexa9_0
21:25:37 WARN  : Given XMD transaction timeout value is invalid. Using default value of 60000 milli seconds
21:25:39 WARN  : Given XMD transaction timeout value is invalid. Using default value of 60000 milli seconds
21:25:39 WARN  : Given XMD transaction timeout value is invalid. Using default value of 60000 milli seconds
21:25:39 WARN  : Given XMD transaction timeout value is invalid. Using default value of 60000 milli seconds
21:25:39 WARN  : Given XMD transaction timeout value is invalid. Using default value of 60000 milli seconds
21:25:39 WARN  : Given XMD transaction timeout value is invalid. Using default value of 60000 milli seconds
21:26:01 WARN  : Given XMD transaction timeout value is invalid. Using default value of 60000 milli seconds
21:26:02 WARN  : Given XMD transaction timeout value is invalid. Using default value of 60000 milli seconds
21:26:02 WARN  : Given XMD transaction timeout value is invalid. Using default value of 60000 milli seconds
21:30:45 WARN  : Given XMD transaction timeout value is invalid. Using default value of 60000 milli seconds
21:30:45 WARN  : Given XMD transaction timeout value is invalid. Using default value of 60000 milli seconds
21:30:45 WARN  : Given XMD transaction timeout value is invalid. Using default value of 60000 milli seconds
21:30:45 WARN  : Given XMD transaction timeout value is invalid. Using default value of 60000 milli seconds
21:30:45 WARN  : Given XMD transaction timeout value is invalid. Using default value of 60000 milli seconds
21:30:45 WARN  : Given XMD transaction timeout value is invalid. Using default value of 60000 milli seconds
21:30:45 WARN  : Given XMD transaction timeout value is invalid. Using default value of 60000 milli seconds
21:30:45 INFO  : Processor reset is completed for ps7_cortexa9_0
21:30:45 WARN  : Given XMD transaction timeout value is invalid. Using default value of 60000 milli seconds
21:30:47 WARN  : Given XMD transaction timeout value is invalid. Using default value of 60000 milli seconds
21:30:47 WARN  : Given XMD transaction timeout value is invalid. Using default value of 60000 milli seconds
21:30:47 WARN  : Given XMD transaction timeout value is invalid. Using default value of 60000 milli seconds
21:30:47 WARN  : Given XMD transaction timeout value is invalid. Using default value of 60000 milli seconds
21:30:47 WARN  : Given XMD transaction timeout value is invalid. Using default value of 60000 milli seconds
21:31:10 WARN  : Given XMD transaction timeout value is invalid. Using default value of 60000 milli seconds
21:31:10 WARN  : Given XMD transaction timeout value is invalid. Using default value of 60000 milli seconds
21:31:10 WARN  : Given XMD transaction timeout value is invalid. Using default value of 60000 milli seconds
21:31:48 WARN  : Given XMD transaction timeout value is invalid. Using default value of 60000 milli seconds
21:31:48 WARN  : Given XMD transaction timeout value is invalid. Using default value of 60000 milli seconds
21:31:48 WARN  : Given XMD transaction timeout value is invalid. Using default value of 60000 milli seconds
21:31:48 WARN  : Given XMD transaction timeout value is invalid. Using default value of 60000 milli seconds
21:31:48 WARN  : Given XMD transaction timeout value is invalid. Using default value of 60000 milli seconds
21:31:49 WARN  : Given XMD transaction timeout value is invalid. Using default value of 60000 milli seconds
21:31:49 WARN  : Given XMD transaction timeout value is invalid. Using default value of 60000 milli seconds
21:31:49 INFO  : Processor reset is completed for ps7_cortexa9_0
21:31:49 WARN  : Given XMD transaction timeout value is invalid. Using default value of 60000 milli seconds
21:31:51 WARN  : Given XMD transaction timeout value is invalid. Using default value of 60000 milli seconds
21:31:51 WARN  : Given XMD transaction timeout value is invalid. Using default value of 60000 milli seconds
21:31:51 WARN  : Given XMD transaction timeout value is invalid. Using default value of 60000 milli seconds
21:31:51 WARN  : Given XMD transaction timeout value is invalid. Using default value of 60000 milli seconds
21:31:51 WARN  : Given XMD transaction timeout value is invalid. Using default value of 60000 milli seconds
21:32:13 WARN  : Given XMD transaction timeout value is invalid. Using default value of 60000 milli seconds
21:32:13 WARN  : Given XMD transaction timeout value is invalid. Using default value of 60000 milli seconds
21:32:13 WARN  : Given XMD transaction timeout value is invalid. Using default value of 60000 milli seconds
05:49:21 INFO  : Connected to target on host '127.0.0.1' and port '3121'.
05:49:21 INFO  : 'targets -set -filter {jtag_cable_name =~ "Platform Cable USB 00000000000000" && level==0} -index 1' command is executed.
05:49:30 INFO  : FPGA configured successfully with bitstream "D:/xilinx/codesign/2018/lab1/lab1.sdk/lab1_wrapper_hw_platform_0/lab1_wrapper.bit"
05:49:49 WARN  : Given XMD transaction timeout value is invalid. Using default value of 60000 milli seconds
05:49:49 WARN  : Given XMD transaction timeout value is invalid. Using default value of 60000 milli seconds
05:49:49 WARN  : Given XMD transaction timeout value is invalid. Using default value of 60000 milli seconds
05:49:49 WARN  : Given XMD transaction timeout value is invalid. Using default value of 60000 milli seconds
05:49:49 WARN  : Given XMD transaction timeout value is invalid. Using default value of 60000 milli seconds
05:49:49 WARN  : Given XMD transaction timeout value is invalid. Using default value of 60000 milli seconds
05:49:50 WARN  : Given XMD transaction timeout value is invalid. Using default value of 60000 milli seconds
05:49:50 INFO  : ps7_init is completed.
05:49:50 WARN  : Given XMD transaction timeout value is invalid. Using default value of 60000 milli seconds
05:49:50 INFO  : ps7_post_config is completed.
05:49:50 WARN  : Given XMD transaction timeout value is invalid. Using default value of 60000 milli seconds
05:49:50 WARN  : Given XMD transaction timeout value is invalid. Using default value of 60000 milli seconds
05:49:50 INFO  : Processor reset is completed for ps7_cortexa9_0
05:49:51 WARN  : Given XMD transaction timeout value is invalid. Using default value of 60000 milli seconds
05:49:52 WARN  : Given XMD transaction timeout value is invalid. Using default value of 60000 milli seconds
05:49:52 WARN  : Given XMD transaction timeout value is invalid. Using default value of 60000 milli seconds
05:49:53 WARN  : Given XMD transaction timeout value is invalid. Using default value of 60000 milli seconds
05:49:53 WARN  : Given XMD transaction timeout value is invalid. Using default value of 60000 milli seconds
05:49:53 WARN  : Given XMD transaction timeout value is invalid. Using default value of 60000 milli seconds
05:50:15 WARN  : Given XMD transaction timeout value is invalid. Using default value of 60000 milli seconds
05:50:15 WARN  : Given XMD transaction timeout value is invalid. Using default value of 60000 milli seconds
05:50:16 WARN  : Given XMD transaction timeout value is invalid. Using default value of 60000 milli seconds
05:52:01 WARN  : Given XMD transaction timeout value is invalid. Using default value of 60000 milli seconds
05:52:01 WARN  : Given XMD transaction timeout value is invalid. Using default value of 60000 milli seconds
05:52:01 WARN  : Given XMD transaction timeout value is invalid. Using default value of 60000 milli seconds
05:52:01 WARN  : Given XMD transaction timeout value is invalid. Using default value of 60000 milli seconds
05:52:01 WARN  : Given XMD transaction timeout value is invalid. Using default value of 60000 milli seconds
05:52:01 WARN  : Given XMD transaction timeout value is invalid. Using default value of 60000 milli seconds
05:52:02 WARN  : Given XMD transaction timeout value is invalid. Using default value of 60000 milli seconds
05:52:02 INFO  : Processor reset is completed for ps7_cortexa9_0
05:52:02 WARN  : Given XMD transaction timeout value is invalid. Using default value of 60000 milli seconds
05:52:04 WARN  : Given XMD transaction timeout value is invalid. Using default value of 60000 milli seconds
05:52:04 WARN  : Given XMD transaction timeout value is invalid. Using default value of 60000 milli seconds
05:52:04 WARN  : Given XMD transaction timeout value is invalid. Using default value of 60000 milli seconds
05:52:04 WARN  : Given XMD transaction timeout value is invalid. Using default value of 60000 milli seconds
05:52:04 WARN  : Given XMD transaction timeout value is invalid. Using default value of 60000 milli seconds
05:52:26 WARN  : Given XMD transaction timeout value is invalid. Using default value of 60000 milli seconds
05:52:27 WARN  : Given XMD transaction timeout value is invalid. Using default value of 60000 milli seconds
05:52:27 WARN  : Given XMD transaction timeout value is invalid. Using default value of 60000 milli seconds
06:04:35 INFO  : Refreshed build settings on project find_face
06:05:49 INFO  : Refreshed build settings on project find_face
06:21:12 INFO  : No changes in MSS file content so not generating sources.
06:25:28 WARN  : Given XMD transaction timeout value is invalid. Using default value of 60000 milli seconds
06:25:28 WARN  : Given XMD transaction timeout value is invalid. Using default value of 60000 milli seconds
06:25:28 WARN  : Given XMD transaction timeout value is invalid. Using default value of 60000 milli seconds
06:25:28 WARN  : Given XMD transaction timeout value is invalid. Using default value of 60000 milli seconds
06:25:28 WARN  : Given XMD transaction timeout value is invalid. Using default value of 60000 milli seconds
06:25:29 WARN  : Given XMD transaction timeout value is invalid. Using default value of 60000 milli seconds
06:25:29 WARN  : Given XMD transaction timeout value is invalid. Using default value of 60000 milli seconds
06:25:29 INFO  : Processor reset is completed for ps7_cortexa9_0
06:25:29 WARN  : Given XMD transaction timeout value is invalid. Using default value of 60000 milli seconds
06:25:29 WARN  : Given XMD transaction timeout value is invalid. Using default value of 60000 milli seconds
06:25:31 WARN  : Given XMD transaction timeout value is invalid. Using default value of 60000 milli seconds
06:25:31 WARN  : Given XMD transaction timeout value is invalid. Using default value of 60000 milli seconds
06:25:31 WARN  : Given XMD transaction timeout value is invalid. Using default value of 60000 milli seconds
06:25:31 WARN  : Given XMD transaction timeout value is invalid. Using default value of 60000 milli seconds
06:25:31 WARN  : Given XMD transaction timeout value is invalid. Using default value of 60000 milli seconds
06:25:58 WARN  : Given XMD transaction timeout value is invalid. Using default value of 60000 milli seconds
06:25:58 INFO  : ps7_cortexa9_0 Processor is in use. Please stop existing Run or Debug sessions before launching.
06:26:00 WARN  : Given XMD transaction timeout value is invalid. Using default value of 60000 milli seconds
06:26:00 WARN  : Given XMD transaction timeout value is invalid. Using default value of 60000 milli seconds
06:26:00 WARN  : Given XMD transaction timeout value is invalid. Using default value of 60000 milli seconds
06:26:00 WARN  : Given XMD transaction timeout value is invalid. Using default value of 60000 milli seconds
06:26:00 WARN  : Given XMD transaction timeout value is invalid. Using default value of 60000 milli seconds
06:26:00 WARN  : Given XMD transaction timeout value is invalid. Using default value of 60000 milli seconds
06:26:00 WARN  : Given XMD transaction timeout value is invalid. Using default value of 60000 milli seconds
06:26:01 WARN  : Given XMD transaction timeout value is invalid. Using default value of 60000 milli seconds
06:26:01 WARN  : Given XMD transaction timeout value is invalid. Using default value of 60000 milli seconds
06:26:01 ERROR : Unexpected error while launching program.
java.lang.RuntimeException: Error while running ps7_init method.
No Target with ID 64 in the System


	at com.xilinx.sdk.targetmanager.internal.TM.run_ps7_init(TM.java:1083)
	at com.xilinx.sdk.debug.core.XilinxAppLaunchConfigurationDelegate.runTargetSetup(XilinxAppLaunchConfigurationDelegate.java:514)
	at com.xilinx.sdk.debug.core.XilinxAppLaunchConfigurationDelegate.runApplication(XilinxAppLaunchConfigurationDelegate.java:616)
	at com.xilinx.sdk.debug.core.XilinxAppLaunchConfigurationDelegate.launch(XilinxAppLaunchConfigurationDelegate.java:309)
	at com.xilinx.sdk.debug.ui.XilinxAppLaunchDelegateWrapper.launch(XilinxAppLaunchDelegateWrapper.java:31)
	at org.eclipse.debug.internal.core.LaunchConfiguration.launch(LaunchConfiguration.java:885)
	at org.eclipse.debug.internal.core.LaunchConfiguration.launch(LaunchConfiguration.java:739)
	at org.eclipse.debug.internal.ui.DebugUIPlugin.buildAndLaunch(DebugUIPlugin.java:1039)
	at org.eclipse.debug.internal.ui.DebugUIPlugin$8.run(DebugUIPlugin.java:1256)
	at org.eclipse.core.internal.jobs.Worker.run(Worker.java:55)
06:26:01 INFO  : Profiling results stored at D:\xilinx\codesign\2018\lab1\lab1.sdk\find_face\Debug/gmon.out.
06:26:26 WARN  : Given XMD transaction timeout value is invalid. Using default value of 60000 milli seconds
06:26:26 WARN  : Given XMD transaction timeout value is invalid. Using default value of 60000 milli seconds
06:26:26 WARN  : Given XMD transaction timeout value is invalid. Using default value of 60000 milli seconds
06:26:27 WARN  : Given XMD transaction timeout value is invalid. Using default value of 60000 milli seconds
06:26:27 WARN  : Given XMD transaction timeout value is invalid. Using default value of 60000 milli seconds
06:26:27 WARN  : Given XMD transaction timeout value is invalid. Using default value of 60000 milli seconds
06:26:27 WARN  : Given XMD transaction timeout value is invalid. Using default value of 60000 milli seconds
06:26:27 INFO  : Processor reset is completed for ps7_cortexa9_0
06:26:27 ERROR : Binary has been compiled for profiling. 
However certain parameters required for profiling have not been set in the launch configuration.
Please modify your launch configuration before running this program.
06:26:27 ERROR : Unexpected error while launching program.
java.lang.RuntimeException: Please provide profiling parameters in the Run configuration (ELF has mcount function, but profiling not enabled in the Run configuration).
	at com.xilinx.sdk.debug.core.internal.AppRunner.run(AppRunner.java:123)
	at com.xilinx.sdk.debug.core.XilinxAppLaunchConfigurationDelegate.runApplication(XilinxAppLaunchConfigurationDelegate.java:637)
	at com.xilinx.sdk.debug.core.XilinxAppLaunchConfigurationDelegate.launch(XilinxAppLaunchConfigurationDelegate.java:309)
	at com.xilinx.sdk.debug.ui.XilinxAppLaunchDelegateWrapper.launch(XilinxAppLaunchDelegateWrapper.java:31)
	at org.eclipse.debug.internal.core.LaunchConfiguration.launch(LaunchConfiguration.java:885)
	at org.eclipse.debug.internal.core.LaunchConfiguration.launch(LaunchConfiguration.java:739)
	at org.eclipse.debug.internal.ui.DebugUIPlugin.buildAndLaunch(DebugUIPlugin.java:1039)
	at org.eclipse.debug.internal.ui.DebugUIPlugin$8.run(DebugUIPlugin.java:1256)
	at org.eclipse.core.internal.jobs.Worker.run(Worker.java:55)
06:26:27 WARN  : Given XMD transaction timeout value is invalid. Using default value of 60000 milli seconds
06:26:27 WARN  : Given XMD transaction timeout value is invalid. Using default value of 60000 milli seconds
06:26:27 WARN  : Given XMD transaction timeout value is invalid. Using default value of 60000 milli seconds
06:26:27 WARN  : Given XMD transaction timeout value is invalid. Using default value of 60000 milli seconds
06:26:54 WARN  : Given XMD transaction timeout value is invalid. Using default value of 60000 milli seconds
06:26:54 WARN  : Given XMD transaction timeout value is invalid. Using default value of 60000 milli seconds
06:26:55 WARN  : Given XMD transaction timeout value is invalid. Using default value of 60000 milli seconds
06:26:55 WARN  : Given XMD transaction timeout value is invalid. Using default value of 60000 milli seconds
06:26:55 WARN  : Given XMD transaction timeout value is invalid. Using default value of 60000 milli seconds
06:26:55 WARN  : Given XMD transaction timeout value is invalid. Using default value of 60000 milli seconds
06:26:55 WARN  : Given XMD transaction timeout value is invalid. Using default value of 60000 milli seconds
06:26:55 INFO  : Processor reset is completed for ps7_cortexa9_0
06:26:55 WARN  : Given XMD transaction timeout value is invalid. Using default value of 60000 milli seconds
06:26:55 WARN  : Given XMD transaction timeout value is invalid. Using default value of 60000 milli seconds
06:26:57 WARN  : Given XMD transaction timeout value is invalid. Using default value of 60000 milli seconds
06:26:58 WARN  : Given XMD transaction timeout value is invalid. Using default value of 60000 milli seconds
06:26:58 WARN  : Given XMD transaction timeout value is invalid. Using default value of 60000 milli seconds
06:26:58 WARN  : Given XMD transaction timeout value is invalid. Using default value of 60000 milli seconds
06:26:58 WARN  : Given XMD transaction timeout value is invalid. Using default value of 60000 milli seconds
06:29:02 WARN  : Given XMD transaction timeout value is invalid. Using default value of 60000 milli seconds
06:29:02 WARN  : Given XMD transaction timeout value is invalid. Using default value of 60000 milli seconds
06:29:02 WARN  : Given XMD transaction timeout value is invalid. Using default value of 60000 milli seconds
06:29:02 WARN  : Given XMD transaction timeout value is invalid. Using default value of 60000 milli seconds
06:29:02 INFO  : Profiling results stored at D:\xilinx\codesign\2018\lab1\lab1.sdk\find_face\Debug/gmon.out.
07:03:54 ERROR : Unexpected error while parsing XMD response ?: com.google.gson.JsonSyntaxException: com.google.gson.stream.MalformedJsonException: invalid number or unquoted string near 
08:27:49 INFO  : Registering command handlers for SDK TCF services
08:27:49 INFO  : Launching XSCT server: xsct.bat -interactive D:\xilinx\codesign\2018\lab1\lab1.sdk\temp_xsdb_launch_script.tcl
08:27:50 INFO  : XSCT server has started successfully.
08:27:51 INFO  : Successfully done setting XSCT server connection channel  
08:27:51 INFO  : Successfully done setting SDK workspace  
08:27:56 INFO  : SDK has detected change in the last modified timestamps for source hardware specification file Source:1520550410215,  Project:1520513884401
08:27:56 INFO  : Project lab1_wrapper_hw_platform_0's source hardware specification located at D:/xilinx/codesign/2018/lab1/lab1.sdk/lab1_wrapper.hdf is now different from the local copy.
		 The local copy will be replaced with the source specification and your workspace will be updated.
08:28:10 INFO  : Project lab1_wrapper_hw_platform_0's source hardware specification location will not be monitored anymore.
09:31:00 INFO  : Registering command handlers for SDK TCF services
09:31:00 INFO  : Launching XSCT server: xsct.bat -interactive D:\xilinx\codesign\2018\lab1\lab1.sdk\temp_xsdb_launch_script.tcl
09:31:02 INFO  : XSCT server has started successfully.
09:31:02 INFO  : Successfully done setting XSCT server connection channel  
09:31:02 INFO  : Successfully done setting SDK workspace  
09:32:25 INFO  : Refreshed build settings on project find_face
19:55:54 INFO  : Registering command handlers for SDK TCF services
19:55:55 INFO  : Launching XSCT server: xsct.bat -interactive C:\Users\shlab_89\Desktop\lab1\lab1.sdk\temp_xsdb_launch_script.tcl
19:55:57 INFO  : XSCT server has started successfully.
19:55:57 INFO  : Successfully done setting XSCT server connection channel  
19:55:57 INFO  : Processing command line option -hwspec C:/Users/shlab_89/Desktop/lab1/lab1.sdk/face_wrapper.hdf.
19:55:57 INFO  : Successfully done setting SDK workspace  
20:22:00 INFO  : Registering command handlers for SDK TCF services
20:22:02 INFO  : Launching XSCT server: xsct.bat -interactive C:\Users\shlab_89\Desktop\lab1\lab1.sdk\temp_xsdb_launch_script.tcl
20:22:09 INFO  : XSCT server has started successfully.
20:22:11 INFO  : Successfully done setting XSCT server connection channel  
20:22:11 INFO  : Successfully done setting SDK workspace  
20:22:11 INFO  : Processing command line option -hwspec C:/Users/shlab_89/Desktop/lab1/lab1.sdk/face_wrapper.hdf.
20:22:11 INFO  : Checking for hwspec changes in the project face_wrapper_hw_platform_0.
20:22:13 INFO  : SDK has detected change in the last modified timestamps for source hardware specification file Source:1520941832000,  Project:1520941830484
20:22:13 INFO  : The hardware specification for project 'face_wrapper_hw_platform_0' is different from C:/Users/shlab_89/Desktop/lab1/lab1.sdk/face_wrapper.hdf.
20:22:39 INFO  : Copied contents of C:/Users/shlab_89/Desktop/lab1/lab1.sdk/face_wrapper.hdf into \face_wrapper_hw_platform_0\system.hdf.
20:22:45 INFO  : Synchronizing projects in the workspace with the hardware platform specification changes.
20:22:45 INFO  : Clearing existing target manager status.
20:22:47 INFO  : Workspace synchronized with the new hardware specification file. Cleaning dependent projects...
20:22:47 WARN  : Linker script will not be updated automatically. Users need to update it manually.
20:25:16 ERROR : Unexpected error while parsing XMD response ?: com.google.gson.JsonSyntaxException: com.google.gson.stream.MalformedJsonException: invalid number or unquoted string near 
20:25:37 INFO  : Registering command handlers for SDK TCF services
20:25:37 INFO  : Launching XSCT server: xsct.bat -interactive C:\Users\shlab_89\Desktop\lab1\lab1.sdk\temp_xsdb_launch_script.tcl
20:25:40 INFO  : XSCT server has started successfully.
20:25:40 INFO  : Successfully done setting XSCT server connection channel  
20:25:40 INFO  : Processing command line option -hwspec C:/Users/shlab_89/Desktop/lab1/lab1.sdk/face_wrapper.hdf.
20:25:40 INFO  : Successfully done setting SDK workspace  
20:25:40 INFO  : Checking for hwspec changes in the project face_wrapper_hw_platform_0.
20:32:37 INFO  : Registering command handlers for SDK TCF services
20:32:38 INFO  : Launching XSCT server: xsct.bat -interactive C:\Users\shlab_89\Desktop\lab1\lab1.sdk\temp_xsdb_launch_script.tcl
20:32:40 INFO  : XSCT server has started successfully.
20:32:40 INFO  : Successfully done setting XSCT server connection channel  
20:32:40 INFO  : Processing command line option -hwspec C:/Users/shlab_89/Desktop/lab1/lab1.sdk/face_wrapper.hdf.
20:32:40 INFO  : Successfully done setting SDK workspace  
20:32:40 INFO  : Checking for hwspec changes in the project face_wrapper_hw_platform_0.
20:36:26 INFO  : Registering command handlers for SDK TCF services
20:36:27 INFO  : Launching XSCT server: xsct.bat -interactive C:\Users\shlab_89\Desktop\lab1\lab1.sdk\temp_xsdb_launch_script.tcl
20:36:29 INFO  : XSCT server has started successfully.
20:36:30 INFO  : Successfully done setting XSCT server connection channel  
20:36:30 INFO  : Processing command line option -hwspec C:/Users/shlab_89/Desktop/lab1/lab1.sdk/face_wrapper.hdf.
20:36:30 INFO  : Successfully done setting SDK workspace  
20:36:30 INFO  : Checking for hwspec changes in the project face_wrapper_hw_platform_0.
20:37:45 ERROR : The Hardware Project referenced by this BSP (find_face_bsp) was not found in this workspace. As a result, this BSP will not build properly. To fix this error, please import the associated hardware project or recreate a new BSP targeting an existing hardware platform.
20:42:40 ERROR : Unexpected error occurred during generating bsp sources
java.lang.reflect.InvocationTargetException
	at org.eclipse.jface.operation.ModalContext.run(ModalContext.java:420)
	at org.eclipse.jface.dialogs.ProgressMonitorDialog.run(ProgressMonitorDialog.java:500)
	at org.eclipse.ui.internal.progress.ProgressMonitorJobsDialog.run(ProgressMonitorJobsDialog.java:284)
	at org.eclipse.ui.internal.progress.ProgressManager$3.run(ProgressManager.java:997)
	at org.eclipse.swt.custom.BusyIndicator.showWhile(BusyIndicator.java:70)
	at org.eclipse.ui.internal.progress.ProgressManager.busyCursorWhile(ProgressManager.java:1032)
	at org.eclipse.ui.internal.progress.ProgressManager.busyCursorWhile(ProgressManager.java:1007)
	at org.eclipse.ui.internal.progress.ProgressManager.run(ProgressManager.java:1208)
	at com.xilinx.sdk.sw.ui.handlers.RegenBspSourcesHandler.execute(RegenBspSourcesHandler.java:124)
	at com.xilinx.sdk.sw.ui.handlers.RegenBspSourcesHandler.execute(RegenBspSourcesHandler.java:78)
	at org.eclipse.ui.internal.handlers.HandlerProxy.execute(HandlerProxy.java:295)
	at org.eclipse.ui.internal.handlers.E4HandlerProxy.execute(E4HandlerProxy.java:90)
	at sun.reflect.NativeMethodAccessorImpl.invoke0(Native Method)
	at sun.reflect.NativeMethodAccessorImpl.invoke(NativeMethodAccessorImpl.java:62)
	at sun.reflect.DelegatingMethodAccessorImpl.invoke(DelegatingMethodAccessorImpl.java:43)
	at java.lang.reflect.Method.invoke(Method.java:497)
	at org.eclipse.e4.core.internal.di.MethodRequestor.execute(MethodRequestor.java:56)
	at org.eclipse.e4.core.internal.di.InjectorImpl.invokeUsingClass(InjectorImpl.java:252)
	at org.eclipse.e4.core.internal.di.InjectorImpl.invoke(InjectorImpl.java:234)
	at org.eclipse.e4.core.contexts.ContextInjectionFactory.invoke(ContextInjectionFactory.java:132)
	at org.eclipse.e4.core.commands.internal.HandlerServiceHandler.execute(HandlerServiceHandler.java:152)
	at org.eclipse.core.commands.Command.executeWithChecks(Command.java:493)
	at org.eclipse.core.commands.ParameterizedCommand.executeWithChecks(ParameterizedCommand.java:486)
	at org.eclipse.e4.core.commands.internal.HandlerServiceImpl.executeHandler(HandlerServiceImpl.java:210)
	at org.eclipse.e4.ui.workbench.renderers.swt.HandledContributionItem.executeItem(HandledContributionItem.java:799)
	at org.eclipse.e4.ui.workbench.renderers.swt.HandledContributionItem.handleWidgetSelection(HandledContributionItem.java:675)
	at org.eclipse.e4.ui.workbench.renderers.swt.HandledContributionItem.access$7(HandledContributionItem.java:659)
	at org.eclipse.e4.ui.workbench.renderers.swt.HandledContributionItem$4.handleEvent(HandledContributionItem.java:592)
	at org.eclipse.swt.widgets.EventTable.sendEvent(EventTable.java:84)
	at org.eclipse.swt.widgets.Display.sendEvent(Display.java:4362)
	at org.eclipse.swt.widgets.Widget.sendEvent(Widget.java:1113)
	at org.eclipse.swt.widgets.Display.runDeferredEvents(Display.java:4180)
	at org.eclipse.swt.widgets.Display.readAndDispatch(Display.java:3769)
	at org.eclipse.e4.ui.internal.workbench.swt.PartRenderingEngine$4.run(PartRenderingEngine.java:1127)
	at org.eclipse.core.databinding.observable.Realm.runWithDefault(Realm.java:337)
	at org.eclipse.e4.ui.internal.workbench.swt.PartRenderingEngine.run(PartRenderingEngine.java:1018)
	at org.eclipse.e4.ui.internal.workbench.E4Workbench.createAndRunUI(E4Workbench.java:156)
	at org.eclipse.ui.internal.Workbench$5.run(Workbench.java:654)
	at org.eclipse.core.databinding.observable.Realm.runWithDefault(Realm.java:337)
	at org.eclipse.ui.internal.Workbench.createAndRunWorkbench(Workbench.java:598)
	at org.eclipse.ui.PlatformUI.createAndRunWorkbench(PlatformUI.java:150)
	at org.eclipse.ui.internal.ide.application.IDEApplication.start(IDEApplication.java:139)
	at org.eclipse.equinox.internal.app.EclipseAppHandle.run(EclipseAppHandle.java:196)
	at org.eclipse.core.runtime.internal.adaptor.EclipseAppLauncher.runApplication(EclipseAppLauncher.java:134)
	at org.eclipse.core.runtime.internal.adaptor.EclipseAppLauncher.start(EclipseAppLauncher.java:104)
	at org.eclipse.core.runtime.adaptor.EclipseStarter.run(EclipseStarter.java:380)
	at org.eclipse.core.runtime.adaptor.EclipseStarter.run(EclipseStarter.java:235)
	at sun.reflect.NativeMethodAccessorImpl.invoke0(Native Method)
	at sun.reflect.NativeMethodAccessorImpl.invoke(NativeMethodAccessorImpl.java:62)
	at sun.reflect.DelegatingMethodAccessorImpl.invoke(DelegatingMethodAccessorImpl.java:43)
	at java.lang.reflect.Method.invoke(Method.java:497)
	at org.eclipse.equinox.launcher.Main.invokeFramework(Main.java:669)
	at org.eclipse.equinox.launcher.Main.basicRun(Main.java:608)
	at org.eclipse.equinox.launcher.Main.run(Main.java:1515)
Caused by: java.lang.NullPointerException
	at com.xilinx.sdk.sw.ui.handlers.RegenBspSourcesHandler$1.run(RegenBspSourcesHandler.java:135)
	at org.eclipse.jface.operation.ModalContext$ModalContextThread.run(ModalContext.java:119)
20:45:52 ERROR : The Hardware Project referenced by this BSP (find_face_bsp) was not found in this workspace. As a result, this BSP will not build properly. To fix this error, please import the associated hardware project or recreate a new BSP targeting an existing hardware platform.
20:47:34 ERROR : The Hardware Project referenced by this BSP (find_face_bsp) was not found in this workspace. As a result, this BSP will not build properly. To fix this error, please import the associated hardware project or recreate a new BSP targeting an existing hardware platform.
20:50:03 INFO  : Refreshed build settings on project find_face
20:51:22 INFO  : ps7_init is completed.
20:51:22 INFO  : ps7_post_config is completed.
20:51:22 INFO  : Processor reset is completed for ps7_cortexa9_0
20:51:52 INFO  : ps7_cortexa9_0 Processor is in use. Please stop existing Run or Debug sessions before launching.
20:51:55 INFO  : Processor reset is completed for ps7_cortexa9_0
20:57:06 INFO  : Refreshed build settings on project find_face
20:59:46 INFO  : Refreshed build settings on project find_face
21:03:16 INFO  : Processor reset is completed for ps7_cortexa9_0
21:05:21 INFO  : Profiling results stored at C:\Users\shlab_89\Desktop\lab1\lab1.sdk\find_face\Debug/gmon.out.
21:25:50 ERROR : Unexpected error while parsing XMD response ?: com.google.gson.JsonSyntaxException: com.google.gson.stream.MalformedJsonException: invalid number or unquoted string near 
13:56:08 INFO  : Registering command handlers for SDK TCF services
13:56:09 INFO  : Launching XSCT server: xsct.bat -interactive C:\Users\shlab_89\Desktop\0416313\lab1.sdk\temp_xsdb_launch_script.tcl
13:56:13 INFO  : XSCT server has started successfully.
13:56:22 INFO  : Successfully done setting XSCT server connection channel  
13:56:22 INFO  : Successfully done setting SDK workspace  
13:56:22 INFO  : Processing command line option -hwspec C:/Users/shlab_89/Desktop/0416313/lab1.sdk/face_wrapper.hdf.
14:02:47 INFO  : ps7_init is completed.
14:02:47 INFO  : ps7_post_config is completed.
14:02:47 INFO  : Processor reset is completed for ps7_cortexa9_0
14:04:52 INFO  : Profiling results stored at C:\Users\shlab_89\Desktop\0416313\lab1.sdk\find_face\Debug/gmon.out.
14:50:10 INFO  : Processor reset is completed for ps7_cortexa9_0
14:52:15 INFO  : Profiling results stored at C:\Users\shlab_89\Desktop\0416313\lab1.sdk\find_face\Debug/gmon.out.
15:03:58 INFO  : Processor reset is completed for ps7_cortexa9_0
15:04:11 INFO  : Profiling results stored at C:\Users\shlab_89\Desktop\0416313\lab1.sdk\find_face\Debug/gmon.out.
16:22:59 INFO  : Connected to target on host '127.0.0.1' and port '3121'.
16:23:02 INFO  : 'targets -set -filter {jtag_cable_name =~ "Digilent Zed 210248586094" && level==0} -index 1' command is executed.
16:23:05 INFO  : FPGA configured successfully with bitstream "C:/Users/shlab_89/Desktop/0416313/lab1.sdk/face_wrapper_hw_platform_0/face_wrapper.bit"
16:30:43 INFO  : Processor reset is completed for ps7_cortexa9_0
16:31:37 INFO  : Profiling results stored at C:\Users\shlab_89\Desktop\0416313\lab1.sdk\find_face\Debug/gmon.out.
16:50:14 INFO  : Processor reset is completed for ps7_cortexa9_0
16:51:07 INFO  : Profiling results stored at C:\Users\shlab_89\Desktop\0416313\lab1.sdk\find_face\Debug/gmon.out.
19:24:18 INFO  : Registering command handlers for SDK TCF services
19:24:19 INFO  : Launching XSCT server: xsct.bat -interactive C:\Users\shlab_89\Desktop\0416313\lab1.sdk\temp_xsdb_launch_script.tcl
19:24:23 INFO  : XSCT server has started successfully.
19:24:23 INFO  : Successfully done setting XSCT server connection channel  
19:24:29 INFO  : Successfully done setting SDK workspace  
19:24:29 INFO  : Processing command line option -hwspec C:/Users/shlab_89/Desktop/0416313/lab1.sdk/face_wrapper.hdf.
19:24:29 INFO  : Checking for hwspec changes in the project face_wrapper_hw_platform_1.
19:27:44 INFO  : Registering command handlers for SDK TCF services
19:27:44 INFO  : Launching XSCT server: xsct.bat -interactive C:\Users\shlab_89\Desktop\0416313\lab1.sdk\temp_xsdb_launch_script.tcl
19:27:49 INFO  : XSCT server has started successfully.
19:27:49 INFO  : Successfully done setting XSCT server connection channel  
19:27:49 INFO  : Successfully done setting SDK workspace  
19:27:49 INFO  : Processing command line option -hwspec C:/Users/shlab_89/Desktop/0416313/lab1.sdk/face_wrapper.hdf.
19:27:49 INFO  : Checking for hwspec changes in the project face_wrapper_hw_platform_1.
19:29:35 INFO  : Registering command handlers for SDK TCF services
19:29:35 INFO  : Launching XSCT server: xsct.bat -interactive C:\Users\shlab_89\Desktop\0416313\lab1.sdk\temp_xsdb_launch_script.tcl
19:29:37 INFO  : XSCT server has started successfully.
19:29:38 INFO  : Successfully done setting XSCT server connection channel  
19:29:38 INFO  : Processing command line option -hwspec C:/Users/shlab_89/Desktop/0416313/lab1.sdk/face_wrapper.hdf.
19:29:38 INFO  : Successfully done setting SDK workspace  
19:29:38 INFO  : Checking for hwspec changes in the project face_wrapper_hw_platform_1.
19:30:24 WARN  : Hardware Project 'face_wrapper_hw_platform_0' referenced by launch configuration 'find_face Debug' doesn't exist in the workspace.
19:31:03 INFO  : ps7_init is completed.
19:31:04 INFO  : ps7_post_config is completed.
19:31:04 INFO  : Processor reset is completed for ps7_cortexa9_0
19:31:57 INFO  : Profiling results stored at C:\Users\shlab_89\Desktop\0416313\lab1.sdk\find_face\Debug/gmon.out.
19:35:24 INFO  : Processor reset is completed for ps7_cortexa9_0
19:36:18 INFO  : Profiling results stored at C:\Users\shlab_89\Desktop\0416313\lab1.sdk\find_face\Debug/gmon.out.
19:43:29 INFO  : Processor reset is completed for ps7_cortexa9_0
19:43:40 INFO  : Profiling results stored at C:\Users\shlab_89\Desktop\0416313\lab1.sdk\find_face\Debug/gmon.out.
19:48:18 INFO  : Processor reset is completed for ps7_cortexa9_0
19:48:29 INFO  : Profiling results stored at C:\Users\shlab_89\Desktop\0416313\lab1.sdk\find_face\Debug/gmon.out.
19:54:16 ERROR : Unexpected error while launching program.
com.xilinx.sdk.targetmanager.TMException: 
    Unknown Error Occured
    Cable is not powered-on

	at com.xilinx.sdk.targetmanager.internal.TM.connectToProcessor(TM.java:484)
	at com.xilinx.sdk.debug.core.XilinxAppLaunchConfigurationDelegate.runTargetSetup(XilinxAppLaunchConfigurationDelegate.java:503)
	at com.xilinx.sdk.debug.core.XilinxAppLaunchConfigurationDelegate.runApplication(XilinxAppLaunchConfigurationDelegate.java:616)
	at com.xilinx.sdk.debug.core.XilinxAppLaunchConfigurationDelegate.launch(XilinxAppLaunchConfigurationDelegate.java:309)
	at com.xilinx.sdk.debug.ui.XilinxAppLaunchDelegateWrapper.launch(XilinxAppLaunchDelegateWrapper.java:31)
	at org.eclipse.debug.internal.core.LaunchConfiguration.launch(LaunchConfiguration.java:885)
	at org.eclipse.debug.internal.core.LaunchConfiguration.launch(LaunchConfiguration.java:739)
	at org.eclipse.debug.internal.ui.DebugUIPlugin.buildAndLaunch(DebugUIPlugin.java:1039)
	at org.eclipse.debug.internal.ui.DebugUIPlugin$8.run(DebugUIPlugin.java:1256)
	at org.eclipse.core.internal.jobs.Worker.run(Worker.java:55)
19:54:46 INFO  : Processor reset is completed for ps7_cortexa9_0
19:55:40 INFO  : Profiling results stored at C:\Users\shlab_89\Desktop\0416313\lab1.sdk\find_face\Debug/gmon.out.
20:00:10 INFO  : Processor reset is completed for ps7_cortexa9_0
20:02:14 INFO  : Profiling results stored at C:\Users\shlab_89\Desktop\0416313\lab1.sdk\find_face\Debug/gmon.out.
20:06:16 INFO  : Processor reset is completed for ps7_cortexa9_0
20:06:27 INFO  : Profiling results stored at C:\Users\shlab_89\Desktop\0416313\lab1.sdk\find_face\Debug/gmon.out.
20:08:00 INFO  : Processor reset is completed for ps7_cortexa9_0
20:08:11 INFO  : Profiling results stored at C:\Users\shlab_89\Desktop\0416313\lab1.sdk\find_face\Debug/gmon.out.
20:26:03 INFO  : Processor reset is completed for ps7_cortexa9_0
20:26:15 INFO  : Profiling results stored at C:\Users\shlab_89\Desktop\0416313\lab1.sdk\find_face\Debug/gmon.out.
20:27:55 INFO  : Processor reset is completed for ps7_cortexa9_0
20:27:56 ERROR : Binary has been compiled for profiling. 
However certain parameters required for profiling have not been set in the launch configuration.
Please modify your launch configuration before running this program.
20:27:56 ERROR : Unexpected error while launching program.
java.lang.RuntimeException: Please provide profiling parameters in the Run configuration (ELF has mcount function, but profiling not enabled in the Run configuration).
	at com.xilinx.sdk.debug.core.internal.AppRunner.run(AppRunner.java:123)
	at com.xilinx.sdk.debug.core.XilinxAppLaunchConfigurationDelegate.runApplication(XilinxAppLaunchConfigurationDelegate.java:637)
	at com.xilinx.sdk.debug.core.XilinxAppLaunchConfigurationDelegate.launch(XilinxAppLaunchConfigurationDelegate.java:309)
	at com.xilinx.sdk.debug.ui.XilinxAppLaunchDelegateWrapper.launch(XilinxAppLaunchDelegateWrapper.java:31)
	at org.eclipse.debug.internal.core.LaunchConfiguration.launch(LaunchConfiguration.java:885)
	at org.eclipse.debug.internal.core.LaunchConfiguration.launch(LaunchConfiguration.java:739)
	at org.eclipse.debug.internal.ui.DebugUIPlugin.buildAndLaunch(DebugUIPlugin.java:1039)
	at org.eclipse.debug.internal.ui.DebugUIPlugin$8.run(DebugUIPlugin.java:1256)
	at org.eclipse.core.internal.jobs.Worker.run(Worker.java:55)
20:32:46 ERROR : Unexpected error while parsing XMD response ?: com.google.gson.JsonSyntaxException: com.google.gson.stream.MalformedJsonException: invalid number or unquoted string near 
20:33:01 INFO  : Registering command handlers for SDK TCF services
20:33:01 INFO  : Launching XSCT server: xsct.bat -interactive C:\Users\shlab_89\Desktop\0416313\lab1.sdk\temp_xsdb_launch_script.tcl
20:33:04 INFO  : XSCT server has started successfully.
20:33:04 INFO  : Successfully done setting XSCT server connection channel  
20:33:04 INFO  : Successfully done setting SDK workspace  
20:33:04 INFO  : Processing command line option -hwspec C:/Users/shlab_89/Desktop/0416313/lab1.sdk/face_wrapper.hdf.
20:33:04 INFO  : Checking for hwspec changes in the project face_wrapper_hw_platform_1.
20:33:42 INFO  : ps7_init is completed.
20:33:42 INFO  : ps7_post_config is completed.
20:33:42 INFO  : Processor reset is completed for ps7_cortexa9_0
20:33:43 ERROR : Binary has been compiled for profiling. 
However certain parameters required for profiling have not been set in the launch configuration.
Please modify your launch configuration before running this program.
20:33:43 ERROR : Unexpected error while launching program.
java.lang.RuntimeException: Please provide profiling parameters in the Run configuration (ELF has mcount function, but profiling not enabled in the Run configuration).
	at com.xilinx.sdk.debug.core.internal.AppRunner.run(AppRunner.java:123)
	at com.xilinx.sdk.debug.core.XilinxAppLaunchConfigurationDelegate.runApplication(XilinxAppLaunchConfigurationDelegate.java:637)
	at com.xilinx.sdk.debug.core.XilinxAppLaunchConfigurationDelegate.launch(XilinxAppLaunchConfigurationDelegate.java:309)
	at com.xilinx.sdk.debug.ui.XilinxAppLaunchDelegateWrapper.launch(XilinxAppLaunchDelegateWrapper.java:31)
	at org.eclipse.debug.internal.core.LaunchConfiguration.launch(LaunchConfiguration.java:885)
	at org.eclipse.debug.internal.core.LaunchConfiguration.launch(LaunchConfiguration.java:739)
	at org.eclipse.debug.internal.ui.DebugUIPlugin.buildAndLaunch(DebugUIPlugin.java:1039)
	at org.eclipse.debug.internal.ui.DebugUIPlugin$8.run(DebugUIPlugin.java:1256)
	at org.eclipse.core.internal.jobs.Worker.run(Worker.java:55)
20:35:39 INFO  : Refreshed build settings on project find_face
20:37:03 INFO  : Processor reset is completed for ps7_cortexa9_0
20:37:05 ERROR : Port COM21 is already in use.
20:37:17 INFO  : Profiling results stored at C:\Users\shlab_89\Desktop\0416313\lab1.sdk\find_face\Debug/gmon.out.
20:40:45 ERROR : Unexpected error while parsing XMD response ?: com.google.gson.JsonSyntaxException: com.google.gson.stream.MalformedJsonException: invalid number or unquoted string near 
