Copyright 1986-2017 Xilinx, Inc. All Rights Reserved.
------------------------------------------------------------------------------------
| Tool Version : Vivado v.2017.2 (win64) Build 1909853 Thu Jun 15 18:39:09 MDT 2017
| Date         : Fri Apr 27 13:25:33 2018
| Host         : shlab_81-PC running 64-bit Service Pack 1  (build 7601)
| Command      : upgrade_ip
| Device       : xc7z020clg484-1
------------------------------------------------------------------------------------

Upgrade Log for IP 'midterm_matrix_multiplication_0_0'

1. Summary
----------

SUCCESS in the upgrade of midterm_matrix_multiplication_0_0 (xilinx.com:user:matrix_multiplication:1.0) from (Rev. 9) to (Rev. 10)






Copyright 1986-2017 Xilinx, Inc. All Rights Reserved.
------------------------------------------------------------------------------------
| Tool Version : Vivado v.2017.2 (win64) Build 1909853 Thu Jun 15 18:39:09 MDT 2017
| Date         : Fri Apr 27 13:10:00 2018
| Host         : shlab_81-PC running 64-bit Service Pack 1  (build 7601)
| Command      : upgrade_ip
| Device       : xc7z020clg484-1
------------------------------------------------------------------------------------

Upgrade Log for IP 'midterm_matrix_multiplication_0_0'

1. Summary
----------

SUCCESS in the upgrade of midterm_matrix_multiplication_0_0 (xilinx.com:user:matrix_multiplication:1.0) from (Rev. 8) to (Rev. 9)






Copyright 1986-2017 Xilinx, Inc. All Rights Reserved.
------------------------------------------------------------------------------------
| Tool Version : Vivado v.2017.2 (win64) Build 1909853 Thu Jun 15 18:39:09 MDT 2017
| Date         : Fri Apr 27 12:48:55 2018
| Host         : shlab_81-PC running 64-bit Service Pack 1  (build 7601)
| Command      : upgrade_ip
| Device       : xc7z020clg484-1
------------------------------------------------------------------------------------

Upgrade Log for IP 'midterm_matrix_multiplication_0_0'

1. Summary
----------

SUCCESS in the upgrade of midterm_matrix_multiplication_0_0 (xilinx.com:user:matrix_multiplication:1.0) from (Rev. 7) to (Rev. 8)






Copyright 1986-2017 Xilinx, Inc. All Rights Reserved.
------------------------------------------------------------------------------------
| Tool Version : Vivado v.2017.2 (win64) Build 1909853 Thu Jun 15 18:39:09 MDT 2017
| Date         : Fri Apr 27 12:37:03 2018
| Host         : shlab_81-PC running 64-bit Service Pack 1  (build 7601)
| Command      : upgrade_ip
| Device       : xc7z020clg484-1
------------------------------------------------------------------------------------

Upgrade Log for IP 'midterm_matrix_multiplication_0_0'

1. Summary
----------

SUCCESS in the upgrade of midterm_matrix_multiplication_0_0 (xilinx.com:user:matrix_multiplication:1.0) from (Rev. 6) to (Rev. 7)






Copyright 1986-2017 Xilinx, Inc. All Rights Reserved.
------------------------------------------------------------------------------------
| Tool Version : Vivado v.2017.2 (win64) Build 1909853 Thu Jun 15 18:39:09 MDT 2017
| Date         : Fri Apr 27 12:36:19 2018
| Host         : shlab_81-PC running 64-bit Service Pack 1  (build 7601)
| Command      : upgrade_ip
| Device       : xc7z020clg484-1
------------------------------------------------------------------------------------

Upgrade Log for IP 'midterm_matrix_multiplication_0_0'

1. Summary
----------

SUCCESS in the conversion of midterm_matrix_multiplication_0_0 (xilinx.com:user:matrix_multiplication:1.0 (Rev. 6)) to Vivado generation flows.






Copyright 1986-2017 Xilinx, Inc. All Rights Reserved.
------------------------------------------------------------------------------------
| Tool Version : Vivado v.2017.2 (win64) Build 1909853 Thu Jun 15 18:39:09 MDT 2017
| Date         : Fri Apr 27 12:32:27 2018
| Host         : shlab_81-PC running 64-bit Service Pack 1  (build 7601)
| Command      : upgrade_ip
| Device       : xc7z020clg484-1
------------------------------------------------------------------------------------

Upgrade Log for IP 'midterm_matrix_multiplication_0_0'

1. Summary
----------

SUCCESS in the upgrade of midterm_matrix_multiplication_0_0 (xilinx.com:user:matrix_multiplication:1.0) from (Rev. 5) to (Rev. 6)






Copyright 1986-2017 Xilinx, Inc. All Rights Reserved.
------------------------------------------------------------------------------------
| Tool Version : Vivado v.2017.2 (win64) Build 1909853 Thu Jun 15 18:39:09 MDT 2017
| Date         : Fri Apr 27 11:42:10 2018
| Host         : shlab_81-PC running 64-bit Service Pack 1  (build 7601)
| Command      : upgrade_ip
| Device       : xc7z020clg484-1
------------------------------------------------------------------------------------

Upgrade Log for IP 'midterm_matrix_multiplication_0_0'

1. Summary
----------

SUCCESS in the upgrade of midterm_matrix_multiplication_0_0 (xilinx.com:user:matrix_multiplication:1.0) from (Rev. 4) to (Rev. 5)






Copyright 1986-2017 Xilinx, Inc. All Rights Reserved.
------------------------------------------------------------------------------------
| Tool Version : Vivado v.2017.2 (win64) Build 1909853 Thu Jun 15 18:39:09 MDT 2017
| Date         : Fri Apr 27 11:36:55 2018
| Host         : shlab_81-PC running 64-bit Service Pack 1  (build 7601)
| Command      : upgrade_ip
| Device       : xc7z020clg484-1
------------------------------------------------------------------------------------

Upgrade Log for IP 'midterm_matrix_multiplication_0_0'

1. Summary
----------

SUCCESS in the upgrade of midterm_matrix_multiplication_0_0 (xilinx.com:user:matrix_multiplication:1.0) from (Rev. 3) to (Rev. 4)






Copyright 1986-2017 Xilinx, Inc. All Rights Reserved.
------------------------------------------------------------------------------------
| Tool Version : Vivado v.2017.2 (win64) Build 1909853 Thu Jun 15 18:39:09 MDT 2017
| Date         : Fri Apr 27 11:31:10 2018
| Host         : shlab_81-PC running 64-bit Service Pack 1  (build 7601)
| Command      : upgrade_ip
| Device       : xc7z020clg484-1
------------------------------------------------------------------------------------

Upgrade Log for IP 'midterm_matrix_multiplication_0_0'

1. Summary
----------

SUCCESS in the upgrade of midterm_matrix_multiplication_0_0 (xilinx.com:user:matrix_multiplication:1.0) from (Rev. 2) to (Rev. 3)

