#-----------------------------------------------------------
# Vivado v2017.2 (64-bit)
# SW Build 1909853 on Thu Jun 15 18:39:09 MDT 2017
# IP Build 1909766 on Thu Jun 15 19:58:00 MDT 2017
# Start of session at: Fri Apr 27 10:11:02 2018
# Process ID: 5756
# Current directory: C:/Users/shlab_89/Desktop/midterm
# Command line: vivado.exe -gui_launcher_event rodinguilauncherevent5852 C:\Users\shlab_89\Desktop\midterm\midterm.xpr
# Log file: C:/Users/shlab_89/Desktop/midterm/vivado.log
# Journal file: C:/Users/shlab_89/Desktop/midterm\vivado.jou
#-----------------------------------------------------------
start_gui
open_project C:/Users/shlab_89/Desktop/midterm/midterm.xpr
INFO: [Project 1-313] Project file moved from 'C:/Users/Di/Desktop/codesign/midterm/mid/midterm_student' since last save.
Scanning sources...
Finished scanning sources
INFO: [IP_Flow 19-234] Refreshing IP repositories
INFO: [IP_Flow 19-1700] Loaded user IP repository 'c:/Users/shlab_89/Desktop/midterm/matrix_multiplication_1.0'.
INFO: [IP_Flow 19-2313] Loaded Vivado IP repository 'C:/Xilinx/Vivado/2017.2/data/ip'.
WARNING: [IP_Flow 19-3664] IP 'midterm_auto_pc_0' generated file not found 'c:/Users/shlab_89/Desktop/midterm/midterm.srcs/sources_1/bd/midterm/ip/midterm_auto_pc_0/stats.txt'. Please regenerate to continue.
open_project: Time (s): cpu = 00:00:18 ; elapsed = 00:00:09 . Memory (MB): peak = 872.957 ; gain = 153.285
update_compile_order -fileset sources_1
open_bd_design {C:/Users/shlab_89/Desktop/midterm/midterm.srcs/sources_1/bd/midterm/midterm.bd}
Adding cell -- xilinx.com:ip:processing_system7:5.5 - processing_system7_0
Adding cell -- xilinx.com:ip:proc_sys_reset:5.0 - rst_ps7_0_100M
Adding cell -- xilinx.com:user:matrix_multiplication:1.0 - matrix_multiplication_0
Adding cell -- xilinx.com:ip:axi_protocol_converter:2.1 - auto_pc
Successfully read diagram <midterm> from BD file <C:/Users/shlab_89/Desktop/midterm/midterm.srcs/sources_1/bd/midterm/midterm.bd>
open_bd_design: Time (s): cpu = 00:00:08 ; elapsed = 00:00:08 . Memory (MB): peak = 897.793 ; gain = 24.836
ipx::edit_ip_in_project -upgrade true -name matrix_multiplication_v1_0_v1_0_project -directory C:/Users/shlab_89/Desktop/midterm/midterm.tmp/matrix_multiplication_v1_0_v1_0_project c:/Users/shlab_89/Desktop/midterm/matrix_multiplication_1.0/component.xml
INFO: [ProjectBase 1-489] The host OS only allows 260 characters in a normal path. The project is stored in a path with more than 80 characters. If you experience issues with IP, Block Designs, or files not being found, please consider moving the project to a location with a shorter path. Alternately consider using the OS subst command to map part of the path to a drive letter.
Current project path is 'c:/users/shlab_89/desktop/midterm/midterm.tmp/matrix_multiplication_v1_0_v1_0_project'
INFO: [IP_Flow 19-234] Refreshing IP repositories
INFO: [IP_Flow 19-1704] No user IP repositories specified
INFO: [IP_Flow 19-2313] Loaded Vivado IP repository 'C:/Xilinx/Vivado/2017.2/data/ip'.
INFO: [IP_Flow 19-234] Refreshing IP repositories
INFO: [IP_Flow 19-1700] Loaded user IP repository 'c:/Users/shlab_89/Desktop/midterm/matrix_multiplication_1.0'.
INFO: [IP_Flow 19-795] Syncing license key meta-data
INFO: [IP_Flow 19-793] Syncing display name meta-data
INFO: [IP_Flow 19-798] Syncing taxonomy meta-data
ipx::edit_ip_in_project: Time (s): cpu = 00:00:12 ; elapsed = 00:00:07 . Memory (MB): peak = 964.445 ; gain = 26.004
update_compile_order -fileset sources_1
ipx::edit_ip_in_project -upgrade true -name matrix_multiplication_v1_0_v1_0_project -directory c:/users/shlab_89/desktop/midterm/midterm.tmp/matrix_multiplication_v1_0_v1_0_project/matrix_multiplication_v1_0_v1_0_project.tmp/matrix_multiplication_v1_0_v1_0_project c:/Users/shlab_89/Desktop/midterm/matrix_multiplication_1.0/component.xml
ERROR: [Ipptcl 7-561] A project named 'matrix_multiplication_v1_0_v1_0_project' is already opened.
ERROR: [Common 17-39] 'ipx::edit_ip_in_project' failed due to earlier errors.
current_project midterm
launch_runs impl_1 -to_step write_bitstream -jobs 4
[Fri Apr 27 10:23:02 2018] Launched synth_1...
Run output will be captured here: C:/Users/shlab_89/Desktop/midterm/midterm.runs/synth_1/runme.log
[Fri Apr 27 10:23:02 2018] Launched impl_1...
Run output will be captured here: C:/Users/shlab_89/Desktop/midterm/midterm.runs/impl_1/runme.log
file mkdir C:/Users/shlab_89/Desktop/midterm/midterm.sdk
file copy -force C:/Users/shlab_89/Desktop/midterm/midterm.runs/impl_1/midterm_wrapper.sysdef C:/Users/shlab_89/Desktop/midterm/midterm.sdk/midterm_wrapper.hdf

launch_sdk -workspace C:/Users/shlab_89/Desktop/midterm/midterm.sdk -hwspec C:/Users/shlab_89/Desktop/midterm/midterm.sdk/midterm_wrapper.hdf
INFO: [Vivado 12-393] Launching SDK...
INFO: [Vivado 12-417] Running xsdk -workspace C:/Users/shlab_89/Desktop/midterm/midterm.sdk -hwspec C:/Users/shlab_89/Desktop/midterm/midterm.sdk/midterm_wrapper.hdf
INFO: [Vivado 12-3157] SDK launch initiated. Please check console for any further messages.
