
*** Running vivado
    with args -log midterm_rst_ps7_0_100M_0.vds -m64 -product Vivado -mode batch -messageDb vivado.pb -notrace -source midterm_rst_ps7_0_100M_0.tcl


****** Vivado v2017.2 (64-bit)
  **** SW Build 1909853 on Thu Jun 15 18:39:09 MDT 2017
  **** IP Build 1909766 on Thu Jun 15 19:58:00 MDT 2017
    ** Copyright 1986-2017 Xilinx, Inc. All Rights Reserved.

source midterm_rst_ps7_0_100M_0.tcl -notrace
Starting RTL Elaboration : Time (s): cpu = 00:00:03 ; elapsed = 00:00:03 . Memory (MB): peak = 367.633 ; gain = 82.570
INFO: [Synth 8-638] synthesizing module 'midterm_rst_ps7_0_100M_0' [c:/Users/Di/Desktop/codesign/midterm/mid/midterm/midterm.srcs/sources_1/bd/midterm/ip/midterm_rst_ps7_0_100M_0/synth/midterm_rst_ps7_0_100M_0.vhd:74]
INFO: [Synth 8-638] synthesizing module 'proc_sys_reset' [c:/Users/Di/Desktop/codesign/midterm/mid/midterm/midterm.srcs/sources_1/bd/midterm/ipshared/5db7/hdl/proc_sys_reset_v5_0_vh_rfs.vhd:1323]
INFO: [Synth 8-638] synthesizing module 'lpf' [c:/Users/Di/Desktop/codesign/midterm/mid/midterm/midterm.srcs/sources_1/bd/midterm/ipshared/5db7/hdl/proc_sys_reset_v5_0_vh_rfs.vhd:816]
INFO: [Synth 8-638] synthesizing module 'SRL16' [C:/Xilinx/Vivado/2017.2/scripts/rt/data/unisim_comp.v:43657]
INFO: [Synth 8-256] done synthesizing module 'SRL16' (1#1) [C:/Xilinx/Vivado/2017.2/scripts/rt/data/unisim_comp.v:43657]
INFO: [Synth 8-638] synthesizing module 'cdc_sync' [c:/Users/Di/Desktop/codesign/midterm/mid/midterm/midterm.srcs/sources_1/bd/midterm/ipshared/52cb/hdl/lib_cdc_v1_0_rfs.vhd:106]
INFO: [Synth 8-256] done synthesizing module 'cdc_sync' (2#1) [c:/Users/Di/Desktop/codesign/midterm/mid/midterm/midterm.srcs/sources_1/bd/midterm/ipshared/52cb/hdl/lib_cdc_v1_0_rfs.vhd:106]
INFO: [Synth 8-256] done synthesizing module 'lpf' (3#1) [c:/Users/Di/Desktop/codesign/midterm/mid/midterm/midterm.srcs/sources_1/bd/midterm/ipshared/5db7/hdl/proc_sys_reset_v5_0_vh_rfs.vhd:816]
INFO: [Synth 8-638] synthesizing module 'sequence_psr' [c:/Users/Di/Desktop/codesign/midterm/mid/midterm/midterm.srcs/sources_1/bd/midterm/ipshared/5db7/hdl/proc_sys_reset_v5_0_vh_rfs.vhd:301]
INFO: [Synth 8-638] synthesizing module 'upcnt_n' [c:/Users/Di/Desktop/codesign/midterm/mid/midterm/midterm.srcs/sources_1/bd/midterm/ipshared/5db7/hdl/proc_sys_reset_v5_0_vh_rfs.vhd:125]
INFO: [Synth 8-256] done synthesizing module 'upcnt_n' (4#1) [c:/Users/Di/Desktop/codesign/midterm/mid/midterm/midterm.srcs/sources_1/bd/midterm/ipshared/5db7/hdl/proc_sys_reset_v5_0_vh_rfs.vhd:125]
INFO: [Synth 8-256] done synthesizing module 'sequence_psr' (5#1) [c:/Users/Di/Desktop/codesign/midterm/mid/midterm/midterm.srcs/sources_1/bd/midterm/ipshared/5db7/hdl/proc_sys_reset_v5_0_vh_rfs.vhd:301]
INFO: [Synth 8-256] done synthesizing module 'proc_sys_reset' (6#1) [c:/Users/Di/Desktop/codesign/midterm/mid/midterm/midterm.srcs/sources_1/bd/midterm/ipshared/5db7/hdl/proc_sys_reset_v5_0_vh_rfs.vhd:1323]
INFO: [Synth 8-256] done synthesizing module 'midterm_rst_ps7_0_100M_0' (7#1) [c:/Users/Di/Desktop/codesign/midterm/mid/midterm/midterm.srcs/sources_1/bd/midterm/ip/midterm_rst_ps7_0_100M_0/synth/midterm_rst_ps7_0_100M_0.vhd:74]
Finished RTL Elaboration : Time (s): cpu = 00:00:04 ; elapsed = 00:00:05 . Memory (MB): peak = 407.965 ; gain = 122.902
Finished RTL Optimization Phase 1 : Time (s): cpu = 00:00:04 ; elapsed = 00:00:05 . Memory (MB): peak = 407.965 ; gain = 122.902
INFO: [Device 21-403] Loading part xc7z020clg484-1
Constraint Validation Runtime : Time (s): cpu = 00:00:00 ; elapsed = 00:00:00.012 . Memory (MB): peak = 730.176 ; gain = 0.000
Finished Constraint Validation : Time (s): cpu = 00:00:13 ; elapsed = 00:00:19 . Memory (MB): peak = 730.176 ; gain = 445.113
Finished Loading Part and Timing Information : Time (s): cpu = 00:00:13 ; elapsed = 00:00:19 . Memory (MB): peak = 730.176 ; gain = 445.113
Finished applying 'set_property' XDC Constraints : Time (s): cpu = 00:00:13 ; elapsed = 00:00:19 . Memory (MB): peak = 730.176 ; gain = 445.113
Finished RTL Optimization Phase 2 : Time (s): cpu = 00:00:13 ; elapsed = 00:00:20 . Memory (MB): peak = 730.176 ; gain = 445.113
Finished Cross Boundary and Area Optimization : Time (s): cpu = 00:00:14 ; elapsed = 00:00:20 . Memory (MB): peak = 730.176 ; gain = 445.113
Finished Applying XDC Timing Constraints : Time (s): cpu = 00:00:25 ; elapsed = 00:00:31 . Memory (MB): peak = 730.176 ; gain = 445.113
Finished Timing Optimization : Time (s): cpu = 00:00:25 ; elapsed = 00:00:31 . Memory (MB): peak = 730.176 ; gain = 445.113
Finished Technology Mapping : Time (s): cpu = 00:00:25 ; elapsed = 00:00:31 . Memory (MB): peak = 730.176 ; gain = 445.113
Finished IO Insertion : Time (s): cpu = 00:00:25 ; elapsed = 00:00:32 . Memory (MB): peak = 730.176 ; gain = 445.113
Finished Renaming Generated Instances : Time (s): cpu = 00:00:25 ; elapsed = 00:00:32 . Memory (MB): peak = 730.176 ; gain = 445.113
Finished Rebuilding User Hierarchy : Time (s): cpu = 00:00:25 ; elapsed = 00:00:32 . Memory (MB): peak = 730.176 ; gain = 445.113
Finished Renaming Generated Ports : Time (s): cpu = 00:00:25 ; elapsed = 00:00:32 . Memory (MB): peak = 730.176 ; gain = 445.113
Finished Handling Custom Attributes : Time (s): cpu = 00:00:25 ; elapsed = 00:00:32 . Memory (MB): peak = 730.176 ; gain = 445.113
Finished Renaming Generated Nets : Time (s): cpu = 00:00:25 ; elapsed = 00:00:32 . Memory (MB): peak = 730.176 ; gain = 445.113

Report Cell Usage: 
+------+------+------+
|      |Cell  |Count |
+------+------+------+
|1     |LUT1  |     5|
|2     |LUT2  |     9|
|3     |LUT3  |     1|
|4     |LUT4  |     6|
|5     |LUT5  |     3|
|6     |LUT6  |     1|
|7     |SRL16 |     1|
|8     |FDR   |     8|
|9     |FDRE  |    28|
|10    |FDSE  |     4|
+------+------+------+
Finished Writing Synthesis Report : Time (s): cpu = 00:00:25 ; elapsed = 00:00:32 . Memory (MB): peak = 730.176 ; gain = 445.113
synth_design: Time (s): cpu = 00:00:27 ; elapsed = 00:00:33 . Memory (MB): peak = 730.176 ; gain = 445.738
