
*** Running vivado
    with args -log design_1_final_ip_0_0.vds -m64 -product Vivado -mode batch -messageDb vivado.pb -notrace -source design_1_final_ip_0_0.tcl


****** Vivado v2017.2 (64-bit)
  **** SW Build 1909853 on Thu Jun 15 18:39:09 MDT 2017
  **** IP Build 1909766 on Thu Jun 15 19:58:00 MDT 2017
    ** Copyright 1986-2017 Xilinx, Inc. All Rights Reserved.

source design_1_final_ip_0_0.tcl -notrace
Command: synth_design -top design_1_final_ip_0_0 -part xc7z020clg484-1 -mode out_of_context
Starting synth_design
Attempting to get a license for feature 'Synthesis' and/or device 'xc7z020-clg484'
INFO: [Common 17-349] Got license for feature 'Synthesis' and/or device 'xc7z020-clg484'
INFO: Launching helper process for spawning children vivado processes
INFO: Helper process launched with PID 3456 
WARNING: [Synth 8-2507] parameter declaration becomes local in final_ip_v1_0_M00_AXI with formal parameter declaration list [c:/Users/shlab_23/Downloads/final_student/final_exam/final_exam.srcs/sources_1/bd/design_1/ipshared/14b2/hdl/final_ip_v1_0_M00_AXI.v:189]
WARNING: [Synth 8-992] dst_addr is already implicitly declared earlier [c:/Users/shlab_23/Downloads/final_student/final_exam/final_exam.srcs/sources_1/bd/design_1/ipshared/14b2/hdl/final_ip_v1_0.v:219]
WARNING: [Synth 8-992] the_second_max is already implicitly declared earlier [c:/Users/shlab_23/Downloads/final_student/final_exam/final_exam.srcs/sources_1/bd/design_1/ipshared/14b2/hdl/final_ip_v1_0.v:220]
WARNING: [Synth 8-992] the_second_min is already implicitly declared earlier [c:/Users/shlab_23/Downloads/final_student/final_exam/final_exam.srcs/sources_1/bd/design_1/ipshared/14b2/hdl/final_ip_v1_0.v:221]
WARNING: [Synth 8-992] part2_done is already implicitly declared earlier [c:/Users/shlab_23/Downloads/final_student/final_exam/final_exam.srcs/sources_1/bd/design_1/ipshared/14b2/hdl/final_ip_v1_0.v:222]
WARNING: [Synth 8-992] part3_done is already implicitly declared earlier [c:/Users/shlab_23/Downloads/final_student/final_exam/final_exam.srcs/sources_1/bd/design_1/ipshared/14b2/hdl/final_ip_v1_0.v:223]
---------------------------------------------------------------------------------
Starting RTL Elaboration : Time (s): cpu = 00:00:03 ; elapsed = 00:00:03 . Memory (MB): peak = 374.434 ; gain = 90.656
---------------------------------------------------------------------------------
INFO: [Synth 8-638] synthesizing module 'design_1_final_ip_0_0' [c:/Users/shlab_23/Downloads/final_student/final_exam/final_exam.srcs/sources_1/bd/design_1/ip/design_1_final_ip_0_0/synth/design_1_final_ip_0_0.v:58]
INFO: [Synth 8-638] synthesizing module 'final_ip_v1_0' [c:/Users/shlab_23/Downloads/final_student/final_exam/final_exam.srcs/sources_1/bd/design_1/ipshared/14b2/hdl/final_ip_v1_0.v:13]
	Parameter C_S00_AXI_DATA_WIDTH bound to: 32 - type: integer 
	Parameter C_S00_AXI_ADDR_WIDTH bound to: 5 - type: integer 
	Parameter C_M00_AXI_TARGET_SLAVE_BASE_ADDR bound to: 1073741824 - type: integer 
	Parameter C_M00_AXI_BURST_LEN bound to: 16 - type: integer 
	Parameter C_M00_AXI_ID_WIDTH bound to: 1 - type: integer 
	Parameter C_M00_AXI_ADDR_WIDTH bound to: 32 - type: integer 
	Parameter C_M00_AXI_DATA_WIDTH bound to: 32 - type: integer 
	Parameter C_M00_AXI_AWUSER_WIDTH bound to: 1 - type: integer 
	Parameter C_M00_AXI_ARUSER_WIDTH bound to: 1 - type: integer 
	Parameter C_M00_AXI_WUSER_WIDTH bound to: 4 - type: integer 
	Parameter C_M00_AXI_RUSER_WIDTH bound to: 4 - type: integer 
	Parameter C_M00_AXI_BUSER_WIDTH bound to: 1 - type: integer 
INFO: [Synth 8-638] synthesizing module 'final_ip_v1_0_S00_AXI' [c:/Users/shlab_23/Downloads/final_student/final_exam/final_exam.srcs/sources_1/bd/design_1/ipshared/14b2/hdl/final_ip_v1_0_S00_AXI.v:4]
	Parameter C_S_AXI_DATA_WIDTH bound to: 32 - type: integer 
	Parameter C_S_AXI_ADDR_WIDTH bound to: 5 - type: integer 
	Parameter ADDR_LSB bound to: 2 - type: integer 
	Parameter OPT_MEM_ADDR_BITS bound to: 2 - type: integer 
	Parameter S_MAIN_WAIT bound to: 0 - type: integer 
	Parameter S_MAIN_START bound to: 1 - type: integer 
	Parameter S_MAIN_SEND_DONE bound to: 2 - type: integer 
	Parameter S_MAIN_COMPUTE bound to: 3 - type: integer 
	Parameter S_MAIN_TWO bound to: 4 - type: integer 
	Parameter S_MAIN_THREE bound to: 5 - type: integer 
	Parameter S_MAIN_FOUR bound to: 6 - type: integer 
	Parameter S_MAIN_SEND bound to: 7 - type: integer 
	Parameter S_MAIN_CLEAR bound to: 8 - type: integer 
INFO: [Synth 8-5534] Detected attribute (* mark_debug = "true" *) [c:/Users/shlab_23/Downloads/final_student/final_exam/final_exam.srcs/sources_1/bd/design_1/ipshared/14b2/hdl/final_ip_v1_0_S00_AXI.v:467]
INFO: [Synth 8-5534] Detected attribute (* mark_debug = "true" *) [c:/Users/shlab_23/Downloads/final_student/final_exam/final_exam.srcs/sources_1/bd/design_1/ipshared/14b2/hdl/final_ip_v1_0_S00_AXI.v:468]
INFO: [Synth 8-5534] Detected attribute (* mark_debug = "true" *) [c:/Users/shlab_23/Downloads/final_student/final_exam/final_exam.srcs/sources_1/bd/design_1/ipshared/14b2/hdl/final_ip_v1_0_S00_AXI.v:469]
INFO: [Synth 8-5534] Detected attribute (* mark_debug = "true" *) [c:/Users/shlab_23/Downloads/final_student/final_exam/final_exam.srcs/sources_1/bd/design_1/ipshared/14b2/hdl/final_ip_v1_0_S00_AXI.v:470]
INFO: [Synth 8-5534] Detected attribute (* mark_debug = "true" *) [c:/Users/shlab_23/Downloads/final_student/final_exam/final_exam.srcs/sources_1/bd/design_1/ipshared/14b2/hdl/final_ip_v1_0_S00_AXI.v:472]
INFO: [Synth 8-226] default block is never used [c:/Users/shlab_23/Downloads/final_student/final_exam/final_exam.srcs/sources_1/bd/design_1/ipshared/14b2/hdl/final_ip_v1_0_S00_AXI.v:256]
INFO: [Synth 8-226] default block is never used [c:/Users/shlab_23/Downloads/final_student/final_exam/final_exam.srcs/sources_1/bd/design_1/ipshared/14b2/hdl/final_ip_v1_0_S00_AXI.v:432]
WARNING: [Synth 8-6014] Unused sequential element byte_index was removed.  [c:/Users/shlab_23/Downloads/final_student/final_exam/final_exam.srcs/sources_1/bd/design_1/ipshared/14b2/hdl/final_ip_v1_0_S00_AXI.v:232]
WARNING: [Synth 8-6014] Unused sequential element i was removed.  [c:/Users/shlab_23/Downloads/final_student/final_exam/final_exam.srcs/sources_1/bd/design_1/ipshared/14b2/hdl/final_ip_v1_0_S00_AXI.v:502]
INFO: [Synth 8-256] done synthesizing module 'final_ip_v1_0_S00_AXI' (1#1) [c:/Users/shlab_23/Downloads/final_student/final_exam/final_exam.srcs/sources_1/bd/design_1/ipshared/14b2/hdl/final_ip_v1_0_S00_AXI.v:4]
INFO: [Synth 8-638] synthesizing module 'final_ip_v1_0_M00_AXI' [c:/Users/shlab_23/Downloads/final_student/final_exam/final_exam.srcs/sources_1/bd/design_1/ipshared/14b2/hdl/final_ip_v1_0_M00_AXI.v:4]
	Parameter C_M_TARGET_SLAVE_BASE_ADDR bound to: 1073741824 - type: integer 
	Parameter C_M_AXI_BURST_LEN bound to: 16 - type: integer 
	Parameter C_M_AXI_ID_WIDTH bound to: 1 - type: integer 
	Parameter C_M_AXI_ADDR_WIDTH bound to: 32 - type: integer 
	Parameter C_M_AXI_DATA_WIDTH bound to: 32 - type: integer 
	Parameter C_M_AXI_AWUSER_WIDTH bound to: 1 - type: integer 
	Parameter C_M_AXI_ARUSER_WIDTH bound to: 1 - type: integer 
	Parameter C_M_AXI_WUSER_WIDTH bound to: 4 - type: integer 
	Parameter C_M_AXI_RUSER_WIDTH bound to: 4 - type: integer 
	Parameter C_M_AXI_BUSER_WIDTH bound to: 1 - type: integer 
	Parameter C_TRANSACTIONS_NUM bound to: 4 - type: integer 
	Parameter IDLE bound to: 2'b00 
	Parameter INIT_READ bound to: 2'b01 
	Parameter INIT_WRITE bound to: 2'b10 
	Parameter COPY_DONE bound to: 2'b11 
INFO: [Synth 8-5534] Detected attribute (* mark_debug = "true" *) [c:/Users/shlab_23/Downloads/final_student/final_exam/final_exam.srcs/sources_1/bd/design_1/ipshared/14b2/hdl/final_ip_v1_0_M00_AXI.v:192]
INFO: [Synth 8-226] default block is never used [c:/Users/shlab_23/Downloads/final_student/final_exam/final_exam.srcs/sources_1/bd/design_1/ipshared/14b2/hdl/final_ip_v1_0_M00_AXI.v:634]
INFO: [Synth 8-256] done synthesizing module 'final_ip_v1_0_M00_AXI' (2#1) [c:/Users/shlab_23/Downloads/final_student/final_exam/final_exam.srcs/sources_1/bd/design_1/ipshared/14b2/hdl/final_ip_v1_0_M00_AXI.v:4]
INFO: [Synth 8-256] done synthesizing module 'final_ip_v1_0' (3#1) [c:/Users/shlab_23/Downloads/final_student/final_exam/final_exam.srcs/sources_1/bd/design_1/ipshared/14b2/hdl/final_ip_v1_0.v:13]
INFO: [Synth 8-256] done synthesizing module 'design_1_final_ip_0_0' (4#1) [c:/Users/shlab_23/Downloads/final_student/final_exam/final_exam.srcs/sources_1/bd/design_1/ip/design_1_final_ip_0_0/synth/design_1_final_ip_0_0.v:58]
WARNING: [Synth 8-3331] design final_ip_v1_0_M00_AXI has unconnected port M_AXI_BID[0]
WARNING: [Synth 8-3331] design final_ip_v1_0_M00_AXI has unconnected port M_AXI_BRESP[1]
WARNING: [Synth 8-3331] design final_ip_v1_0_M00_AXI has unconnected port M_AXI_BRESP[0]
WARNING: [Synth 8-3331] design final_ip_v1_0_M00_AXI has unconnected port M_AXI_BUSER[0]
WARNING: [Synth 8-3331] design final_ip_v1_0_M00_AXI has unconnected port M_AXI_RID[0]
WARNING: [Synth 8-3331] design final_ip_v1_0_M00_AXI has unconnected port M_AXI_RDATA[31]
WARNING: [Synth 8-3331] design final_ip_v1_0_M00_AXI has unconnected port M_AXI_RDATA[30]
WARNING: [Synth 8-3331] design final_ip_v1_0_M00_AXI has unconnected port M_AXI_RDATA[29]
WARNING: [Synth 8-3331] design final_ip_v1_0_M00_AXI has unconnected port M_AXI_RDATA[28]
WARNING: [Synth 8-3331] design final_ip_v1_0_M00_AXI has unconnected port M_AXI_RDATA[27]
WARNING: [Synth 8-3331] design final_ip_v1_0_M00_AXI has unconnected port M_AXI_RDATA[26]
WARNING: [Synth 8-3331] design final_ip_v1_0_M00_AXI has unconnected port M_AXI_RDATA[25]
WARNING: [Synth 8-3331] design final_ip_v1_0_M00_AXI has unconnected port M_AXI_RDATA[24]
WARNING: [Synth 8-3331] design final_ip_v1_0_M00_AXI has unconnected port M_AXI_RDATA[23]
WARNING: [Synth 8-3331] design final_ip_v1_0_M00_AXI has unconnected port M_AXI_RDATA[22]
WARNING: [Synth 8-3331] design final_ip_v1_0_M00_AXI has unconnected port M_AXI_RDATA[21]
WARNING: [Synth 8-3331] design final_ip_v1_0_M00_AXI has unconnected port M_AXI_RDATA[20]
WARNING: [Synth 8-3331] design final_ip_v1_0_M00_AXI has unconnected port M_AXI_RDATA[19]
WARNING: [Synth 8-3331] design final_ip_v1_0_M00_AXI has unconnected port M_AXI_RDATA[18]
WARNING: [Synth 8-3331] design final_ip_v1_0_M00_AXI has unconnected port M_AXI_RDATA[17]
WARNING: [Synth 8-3331] design final_ip_v1_0_M00_AXI has unconnected port M_AXI_RDATA[16]
WARNING: [Synth 8-3331] design final_ip_v1_0_M00_AXI has unconnected port M_AXI_RDATA[15]
WARNING: [Synth 8-3331] design final_ip_v1_0_M00_AXI has unconnected port M_AXI_RDATA[14]
WARNING: [Synth 8-3331] design final_ip_v1_0_M00_AXI has unconnected port M_AXI_RDATA[13]
WARNING: [Synth 8-3331] design final_ip_v1_0_M00_AXI has unconnected port M_AXI_RDATA[12]
WARNING: [Synth 8-3331] design final_ip_v1_0_M00_AXI has unconnected port M_AXI_RDATA[11]
WARNING: [Synth 8-3331] design final_ip_v1_0_M00_AXI has unconnected port M_AXI_RDATA[10]
WARNING: [Synth 8-3331] design final_ip_v1_0_M00_AXI has unconnected port M_AXI_RDATA[9]
WARNING: [Synth 8-3331] design final_ip_v1_0_M00_AXI has unconnected port M_AXI_RDATA[8]
WARNING: [Synth 8-3331] design final_ip_v1_0_M00_AXI has unconnected port M_AXI_RDATA[7]
WARNING: [Synth 8-3331] design final_ip_v1_0_M00_AXI has unconnected port M_AXI_RDATA[6]
WARNING: [Synth 8-3331] design final_ip_v1_0_M00_AXI has unconnected port M_AXI_RDATA[5]
WARNING: [Synth 8-3331] design final_ip_v1_0_M00_AXI has unconnected port M_AXI_RDATA[4]
WARNING: [Synth 8-3331] design final_ip_v1_0_M00_AXI has unconnected port M_AXI_RDATA[3]
WARNING: [Synth 8-3331] design final_ip_v1_0_M00_AXI has unconnected port M_AXI_RDATA[2]
WARNING: [Synth 8-3331] design final_ip_v1_0_M00_AXI has unconnected port M_AXI_RDATA[1]
WARNING: [Synth 8-3331] design final_ip_v1_0_M00_AXI has unconnected port M_AXI_RDATA[0]
WARNING: [Synth 8-3331] design final_ip_v1_0_M00_AXI has unconnected port M_AXI_RRESP[1]
WARNING: [Synth 8-3331] design final_ip_v1_0_M00_AXI has unconnected port M_AXI_RRESP[0]
WARNING: [Synth 8-3331] design final_ip_v1_0_M00_AXI has unconnected port M_AXI_RUSER[3]
WARNING: [Synth 8-3331] design final_ip_v1_0_M00_AXI has unconnected port M_AXI_RUSER[2]
WARNING: [Synth 8-3331] design final_ip_v1_0_M00_AXI has unconnected port M_AXI_RUSER[1]
WARNING: [Synth 8-3331] design final_ip_v1_0_M00_AXI has unconnected port M_AXI_RUSER[0]
WARNING: [Synth 8-3331] design final_ip_v1_0_S00_AXI has unconnected port S_AXI_AWPROT[2]
WARNING: [Synth 8-3331] design final_ip_v1_0_S00_AXI has unconnected port S_AXI_AWPROT[1]
WARNING: [Synth 8-3331] design final_ip_v1_0_S00_AXI has unconnected port S_AXI_AWPROT[0]
WARNING: [Synth 8-3331] design final_ip_v1_0_S00_AXI has unconnected port S_AXI_ARPROT[2]
WARNING: [Synth 8-3331] design final_ip_v1_0_S00_AXI has unconnected port S_AXI_ARPROT[1]
WARNING: [Synth 8-3331] design final_ip_v1_0_S00_AXI has unconnected port S_AXI_ARPROT[0]
---------------------------------------------------------------------------------
Finished RTL Elaboration : Time (s): cpu = 00:00:05 ; elapsed = 00:00:05 . Memory (MB): peak = 405.242 ; gain = 121.465
---------------------------------------------------------------------------------

Report Check Netlist: 
+------+------------------+-------+---------+-------+------------------+
|      |Item              |Errors |Warnings |Status |Description       |
+------+------------------+-------+---------+-------+------------------+
|1     |multi_driven_nets |      0|        0|Passed |Multi driven nets |
+------+------------------+-------+---------+-------+------------------+
---------------------------------------------------------------------------------
Finished RTL Optimization Phase 1 : Time (s): cpu = 00:00:05 ; elapsed = 00:00:05 . Memory (MB): peak = 405.242 ; gain = 121.465
---------------------------------------------------------------------------------
INFO: [Device 21-403] Loading part xc7z020clg484-1
INFO: [Project 1-570] Preparing netlist for logic optimization

Processing XDC Constraints
Initializing timing engine
Completed Processing XDC Constraints

INFO: [Project 1-111] Unisim Transformation Summary:
No Unisim elements were transformed.

Constraint Validation Runtime : Time (s): cpu = 00:00:00 ; elapsed = 00:00:00.045 . Memory (MB): peak = 722.730 ; gain = 0.000
---------------------------------------------------------------------------------
Finished Constraint Validation : Time (s): cpu = 00:00:15 ; elapsed = 00:00:26 . Memory (MB): peak = 722.730 ; gain = 438.953
---------------------------------------------------------------------------------
---------------------------------------------------------------------------------
Start Loading Part and Timing Information
---------------------------------------------------------------------------------
Loading part: xc7z020clg484-1
---------------------------------------------------------------------------------
Finished Loading Part and Timing Information : Time (s): cpu = 00:00:15 ; elapsed = 00:00:26 . Memory (MB): peak = 722.730 ; gain = 438.953
---------------------------------------------------------------------------------
---------------------------------------------------------------------------------
Start Applying 'set_property' XDC Constraints
---------------------------------------------------------------------------------
---------------------------------------------------------------------------------
Finished applying 'set_property' XDC Constraints : Time (s): cpu = 00:00:15 ; elapsed = 00:00:26 . Memory (MB): peak = 722.730 ; gain = 438.953
---------------------------------------------------------------------------------
INFO: [Synth 8-5546] ROM "buffer_reg[31]" won't be mapped to RAM because it is too sparse
INFO: [Synth 8-5546] ROM "buffer_reg[30]" won't be mapped to RAM because it is too sparse
INFO: [Synth 8-5546] ROM "buffer_reg[29]" won't be mapped to RAM because it is too sparse
INFO: [Synth 8-5546] ROM "buffer_reg[28]" won't be mapped to RAM because it is too sparse
INFO: [Synth 8-5546] ROM "buffer_reg[27]" won't be mapped to RAM because it is too sparse
INFO: [Synth 8-5546] ROM "buffer_reg[26]" won't be mapped to RAM because it is too sparse
INFO: [Synth 8-5546] ROM "buffer_reg[25]" won't be mapped to RAM because it is too sparse
INFO: [Synth 8-5546] ROM "buffer_reg[24]" won't be mapped to RAM because it is too sparse
INFO: [Synth 8-5546] ROM "buffer_reg[23]" won't be mapped to RAM because it is too sparse
INFO: [Synth 8-5546] ROM "buffer_reg[22]" won't be mapped to RAM because it is too sparse
INFO: [Synth 8-5546] ROM "buffer_reg[21]" won't be mapped to RAM because it is too sparse
INFO: [Synth 8-5546] ROM "buffer_reg[20]" won't be mapped to RAM because it is too sparse
INFO: [Synth 8-5546] ROM "buffer_reg[19]" won't be mapped to RAM because it is too sparse
INFO: [Synth 8-5546] ROM "buffer_reg[18]" won't be mapped to RAM because it is too sparse
INFO: [Synth 8-5546] ROM "buffer_reg[17]" won't be mapped to RAM because it is too sparse
INFO: [Synth 8-5546] ROM "buffer_reg[16]" won't be mapped to RAM because it is too sparse
INFO: [Synth 8-5546] ROM "buffer_reg[15]" won't be mapped to RAM because it is too sparse
INFO: [Synth 8-5546] ROM "buffer_reg[14]" won't be mapped to RAM because it is too sparse
INFO: [Synth 8-5546] ROM "buffer_reg[13]" won't be mapped to RAM because it is too sparse
INFO: [Synth 8-5546] ROM "buffer_reg[12]" won't be mapped to RAM because it is too sparse
INFO: [Synth 8-5546] ROM "buffer_reg[11]" won't be mapped to RAM because it is too sparse
INFO: [Synth 8-5546] ROM "buffer_reg[10]" won't be mapped to RAM because it is too sparse
INFO: [Synth 8-5546] ROM "buffer_reg[9]" won't be mapped to RAM because it is too sparse
INFO: [Synth 8-5546] ROM "buffer_reg[8]" won't be mapped to RAM because it is too sparse
INFO: [Synth 8-5546] ROM "buffer_reg[7]" won't be mapped to RAM because it is too sparse
INFO: [Synth 8-5546] ROM "buffer_reg[6]" won't be mapped to RAM because it is too sparse
INFO: [Synth 8-5546] ROM "buffer_reg[5]" won't be mapped to RAM because it is too sparse
INFO: [Synth 8-5546] ROM "buffer_reg[4]" won't be mapped to RAM because it is too sparse
INFO: [Synth 8-5546] ROM "buffer_reg[3]" won't be mapped to RAM because it is too sparse
INFO: [Synth 8-5546] ROM "buffer_reg[2]" won't be mapped to RAM because it is too sparse
INFO: [Synth 8-5546] ROM "buffer_reg[1]" won't be mapped to RAM because it is too sparse
INFO: [Synth 8-5546] ROM "buffer_reg[0]" won't be mapped to RAM because it is too sparse
INFO: [Synth 8-5546] ROM "slv_reg1" won't be mapped to RAM because it is too sparse
INFO: [Synth 8-5546] ROM "slv_reg6" won't be mapped to RAM because it is too sparse
INFO: [Synth 8-5546] ROM "slv_reg6" won't be mapped to RAM because it is too sparse
INFO: [Synth 8-5546] ROM "P_next" won't be mapped to RAM because it is too sparse
INFO: [Synth 8-5546] ROM "P_next" won't be mapped to RAM because it is too sparse
INFO: [Synth 8-5545] ROM "P_next" won't be mapped to RAM because address size (32) is larger than maximum supported(25)
INFO: [Synth 8-5546] ROM "P_next" won't be mapped to RAM because it is too sparse
INFO: [Synth 8-5546] ROM "sum" won't be mapped to RAM because it is too sparse
INFO: [Synth 8-5546] ROM "p_2_in" won't be mapped to RAM because it is too sparse
INFO: [Synth 8-5544] ROM "axi_wdata" won't be mapped to Block RAM because address size (2) smaller than threshold (5)
WARNING: [Synth 8-6014] Unused sequential element axi_awaddr_reg was removed.  [c:/Users/shlab_23/Downloads/final_student/final_exam/final_exam.srcs/sources_1/bd/design_1/ipshared/14b2/hdl/final_ip_v1_0_M00_AXI.v:236]
WARNING: [Synth 8-6014] Unused sequential element write_index_reg was removed.  [c:/Users/shlab_23/Downloads/final_student/final_exam/final_exam.srcs/sources_1/bd/design_1/ipshared/14b2/hdl/final_ip_v1_0_M00_AXI.v:437]
WARNING: [Synth 8-6014] Unused sequential element axi_araddr_reg was removed.  [c:/Users/shlab_23/Downloads/final_student/final_exam/final_exam.srcs/sources_1/bd/design_1/ipshared/14b2/hdl/final_ip_v1_0_M00_AXI.v:263]
WARNING: [Synth 8-6014] Unused sequential element read_index_reg was removed.  [c:/Users/shlab_23/Downloads/final_student/final_exam/final_exam.srcs/sources_1/bd/design_1/ipshared/14b2/hdl/final_ip_v1_0_M00_AXI.v:566]
WARNING: [Synth 8-6014] Unused sequential element write_index_reg_rep was removed.  [c:/Users/shlab_23/Downloads/final_student/final_exam/final_exam.srcs/sources_1/bd/design_1/ipshared/14b2/hdl/final_ip_v1_0_M00_AXI.v:437]
WARNING: [Synth 8-327] inferring latch for variable 'axi_wdata_reg' [c:/Users/shlab_23/Downloads/final_student/final_exam/final_exam.srcs/sources_1/bd/design_1/ipshared/14b2/hdl/final_ip_v1_0_M00_AXI.v:253]
---------------------------------------------------------------------------------
Finished RTL Optimization Phase 2 : Time (s): cpu = 00:00:15 ; elapsed = 00:00:27 . Memory (MB): peak = 722.730 ; gain = 438.953
---------------------------------------------------------------------------------

Report RTL Partitions: 
+-+--------------+------------+----------+
| |RTL Partition |Replication |Instances |
+-+--------------+------------+----------+
+-+--------------+------------+----------+
---------------------------------------------------------------------------------
Start RTL Component Statistics 
---------------------------------------------------------------------------------
Detailed RTL Component Info : 
+---Adders : 
	   2 Input     16 Bit       Adders := 1     
	   2 Input      7 Bit       Adders := 2     
	   2 Input      5 Bit       Adders := 3     
+---Registers : 
	               32 Bit    Registers := 9     
	               16 Bit    Registers := 1     
	                9 Bit    Registers := 36    
	                7 Bit    Registers := 2     
	                5 Bit    Registers := 5     
	                2 Bit    Registers := 3     
	                1 Bit    Registers := 21    
+---RAMs : 
	              512 Bit         RAMs := 1     
+---Muxes : 
	   2 Input     32 Bit        Muxes := 21    
	   3 Input     32 Bit        Muxes := 7     
	   8 Input     32 Bit        Muxes := 8     
	   5 Input     32 Bit        Muxes := 1     
	   2 Input      9 Bit        Muxes := 8     
	   3 Input      9 Bit        Muxes := 2     
	   4 Input      9 Bit        Muxes := 2     
	   4 Input      7 Bit        Muxes := 1     
	   2 Input      7 Bit        Muxes := 1     
	   2 Input      3 Bit        Muxes := 3     
	   2 Input      2 Bit        Muxes := 1     
	   6 Input      2 Bit        Muxes := 1     
	   2 Input      1 Bit        Muxes := 19    
	   3 Input      1 Bit        Muxes := 34    
	   4 Input      1 Bit        Muxes := 4     
---------------------------------------------------------------------------------
Finished RTL Component Statistics 
---------------------------------------------------------------------------------
---------------------------------------------------------------------------------
Start RTL Hierarchical Component Statistics 
---------------------------------------------------------------------------------
Hierarchical RTL Component report 
Module final_ip_v1_0_S00_AXI 
Detailed RTL Component Info : 
+---Adders : 
	   2 Input     16 Bit       Adders := 1     
	   2 Input      7 Bit       Adders := 2     
+---Registers : 
	               32 Bit    Registers := 9     
	               16 Bit    Registers := 1     
	                9 Bit    Registers := 36    
	                7 Bit    Registers := 2     
	                5 Bit    Registers := 3     
	                2 Bit    Registers := 2     
	                1 Bit    Registers := 6     
+---Muxes : 
	   2 Input     32 Bit        Muxes := 19    
	   3 Input     32 Bit        Muxes := 7     
	   8 Input     32 Bit        Muxes := 8     
	   5 Input     32 Bit        Muxes := 1     
	   2 Input      9 Bit        Muxes := 8     
	   3 Input      9 Bit        Muxes := 2     
	   4 Input      9 Bit        Muxes := 2     
	   4 Input      7 Bit        Muxes := 1     
	   2 Input      7 Bit        Muxes := 1     
	   2 Input      3 Bit        Muxes := 3     
	   2 Input      2 Bit        Muxes := 1     
	   2 Input      1 Bit        Muxes := 9     
	   3 Input      1 Bit        Muxes := 34    
	   4 Input      1 Bit        Muxes := 1     
Module final_ip_v1_0_M00_AXI 
Detailed RTL Component Info : 
+---Adders : 
	   2 Input      5 Bit       Adders := 3     
+---Registers : 
	                5 Bit    Registers := 2     
	                2 Bit    Registers := 1     
	                1 Bit    Registers := 15    
+---RAMs : 
	              512 Bit         RAMs := 1     
+---Muxes : 
	   2 Input     32 Bit        Muxes := 2     
	   6 Input      2 Bit        Muxes := 1     
	   4 Input      1 Bit        Muxes := 3     
	   2 Input      1 Bit        Muxes := 10    
---------------------------------------------------------------------------------
Finished RTL Hierarchical Component Statistics
---------------------------------------------------------------------------------
---------------------------------------------------------------------------------
Start Part Resource Summary
---------------------------------------------------------------------------------
Part Resources:
DSPs: 220 (col length:60)
BRAMs: 280 (col length: RAMB18 60 RAMB36 30)
---------------------------------------------------------------------------------
Finished Part Resource Summary
---------------------------------------------------------------------------------
---------------------------------------------------------------------------------
Start Cross Boundary and Area Optimization
---------------------------------------------------------------------------------
INFO: [Synth 8-5545] ROM "P_next" won't be mapped to RAM because address size (32) is larger than maximum supported(25)
INFO: [Synth 8-5546] ROM "P_next" won't be mapped to RAM because it is too sparse
INFO: [Synth 8-5546] ROM "P_next" won't be mapped to RAM because it is too sparse
INFO: [Synth 8-5546] ROM "P_next" won't be mapped to RAM because it is too sparse
WARNING: [Synth 8-6014] Unused sequential element inst/final_ip_v1_0_M00_AXI_inst/write_index_reg was removed.  [c:/Users/shlab_23/Downloads/final_student/final_exam/final_exam.srcs/sources_1/bd/design_1/ipshared/14b2/hdl/final_ip_v1_0_M00_AXI.v:437]
WARNING: [Synth 8-6014] Unused sequential element inst/final_ip_v1_0_M00_AXI_inst/read_index_reg was removed.  [c:/Users/shlab_23/Downloads/final_student/final_exam/final_exam.srcs/sources_1/bd/design_1/ipshared/14b2/hdl/final_ip_v1_0_M00_AXI.v:566]
WARNING: [Synth 8-6014] Unused sequential element inst/final_ip_v1_0_M00_AXI_inst/axi_awaddr_reg was removed.  [c:/Users/shlab_23/Downloads/final_student/final_exam/final_exam.srcs/sources_1/bd/design_1/ipshared/14b2/hdl/final_ip_v1_0_M00_AXI.v:236]
WARNING: [Synth 8-6014] Unused sequential element inst/final_ip_v1_0_M00_AXI_inst/axi_araddr_reg was removed.  [c:/Users/shlab_23/Downloads/final_student/final_exam/final_exam.srcs/sources_1/bd/design_1/ipshared/14b2/hdl/final_ip_v1_0_M00_AXI.v:263]
INFO: [Synth 8-3917] design design_1_final_ip_0_0 has port m00_axi_awid[0] driven by constant 0
INFO: [Synth 8-3917] design design_1_final_ip_0_0 has port m00_axi_awlen[7] driven by constant 0
INFO: [Synth 8-3917] design design_1_final_ip_0_0 has port m00_axi_awlen[6] driven by constant 0
INFO: [Synth 8-3917] design design_1_final_ip_0_0 has port m00_axi_awlen[5] driven by constant 0
INFO: [Synth 8-3917] design design_1_final_ip_0_0 has port m00_axi_awlen[4] driven by constant 0
INFO: [Synth 8-3917] design design_1_final_ip_0_0 has port m00_axi_awlen[3] driven by constant 1
INFO: [Synth 8-3917] design design_1_final_ip_0_0 has port m00_axi_awlen[2] driven by constant 1
INFO: [Synth 8-3917] design design_1_final_ip_0_0 has port m00_axi_awlen[1] driven by constant 1
INFO: [Synth 8-3917] design design_1_final_ip_0_0 has port m00_axi_awlen[0] driven by constant 1
INFO: [Synth 8-3917] design design_1_final_ip_0_0 has port m00_axi_awsize[2] driven by constant 0
INFO: [Synth 8-3917] design design_1_final_ip_0_0 has port m00_axi_awsize[1] driven by constant 1
INFO: [Synth 8-3917] design design_1_final_ip_0_0 has port m00_axi_awsize[0] driven by constant 0
INFO: [Synth 8-3917] design design_1_final_ip_0_0 has port m00_axi_awburst[1] driven by constant 0
INFO: [Synth 8-3917] design design_1_final_ip_0_0 has port m00_axi_awburst[0] driven by constant 1
INFO: [Synth 8-3917] design design_1_final_ip_0_0 has port m00_axi_awlock driven by constant 0
INFO: [Synth 8-3917] design design_1_final_ip_0_0 has port m00_axi_awcache[3] driven by constant 0
INFO: [Synth 8-3917] design design_1_final_ip_0_0 has port m00_axi_awcache[2] driven by constant 0
INFO: [Synth 8-3917] design design_1_final_ip_0_0 has port m00_axi_awcache[1] driven by constant 1
INFO: [Synth 8-3917] design design_1_final_ip_0_0 has port m00_axi_awcache[0] driven by constant 0
INFO: [Synth 8-3917] design design_1_final_ip_0_0 has port m00_axi_awprot[2] driven by constant 0
INFO: [Synth 8-3917] design design_1_final_ip_0_0 has port m00_axi_awprot[1] driven by constant 0
INFO: [Synth 8-3917] design design_1_final_ip_0_0 has port m00_axi_awprot[0] driven by constant 0
INFO: [Synth 8-3917] design design_1_final_ip_0_0 has port m00_axi_awqos[3] driven by constant 0
INFO: [Synth 8-3917] design design_1_final_ip_0_0 has port m00_axi_awqos[2] driven by constant 0
INFO: [Synth 8-3917] design design_1_final_ip_0_0 has port m00_axi_awqos[1] driven by constant 0
INFO: [Synth 8-3917] design design_1_final_ip_0_0 has port m00_axi_awqos[0] driven by constant 0
INFO: [Synth 8-3917] design design_1_final_ip_0_0 has port m00_axi_awuser[0] driven by constant 1
INFO: [Synth 8-3917] design design_1_final_ip_0_0 has port m00_axi_wstrb[3] driven by constant 1
INFO: [Synth 8-3917] design design_1_final_ip_0_0 has port m00_axi_wstrb[2] driven by constant 1
INFO: [Synth 8-3917] design design_1_final_ip_0_0 has port m00_axi_wstrb[1] driven by constant 1
INFO: [Synth 8-3917] design design_1_final_ip_0_0 has port m00_axi_wstrb[0] driven by constant 1
INFO: [Synth 8-3917] design design_1_final_ip_0_0 has port m00_axi_wuser[3] driven by constant 0
INFO: [Synth 8-3917] design design_1_final_ip_0_0 has port m00_axi_wuser[2] driven by constant 0
INFO: [Synth 8-3917] design design_1_final_ip_0_0 has port m00_axi_wuser[1] driven by constant 0
INFO: [Synth 8-3917] design design_1_final_ip_0_0 has port m00_axi_wuser[0] driven by constant 0
INFO: [Synth 8-3917] design design_1_final_ip_0_0 has port m00_axi_arid[0] driven by constant 0
INFO: [Synth 8-3917] design design_1_final_ip_0_0 has port m00_axi_arlen[7] driven by constant 0
INFO: [Synth 8-3917] design design_1_final_ip_0_0 has port m00_axi_arlen[6] driven by constant 0
INFO: [Synth 8-3917] design design_1_final_ip_0_0 has port m00_axi_arlen[5] driven by constant 0
INFO: [Synth 8-3917] design design_1_final_ip_0_0 has port m00_axi_arlen[4] driven by constant 0
INFO: [Synth 8-3917] design design_1_final_ip_0_0 has port m00_axi_arlen[3] driven by constant 1
INFO: [Synth 8-3917] design design_1_final_ip_0_0 has port m00_axi_arlen[2] driven by constant 1
INFO: [Synth 8-3917] design design_1_final_ip_0_0 has port m00_axi_arlen[1] driven by constant 1
INFO: [Synth 8-3917] design design_1_final_ip_0_0 has port m00_axi_arlen[0] driven by constant 1
INFO: [Synth 8-3917] design design_1_final_ip_0_0 has port m00_axi_arsize[2] driven by constant 0
INFO: [Synth 8-3917] design design_1_final_ip_0_0 has port m00_axi_arsize[1] driven by constant 1
INFO: [Synth 8-3917] design design_1_final_ip_0_0 has port m00_axi_arsize[0] driven by constant 0
INFO: [Synth 8-3917] design design_1_final_ip_0_0 has port m00_axi_arburst[1] driven by constant 0
INFO: [Synth 8-3917] design design_1_final_ip_0_0 has port m00_axi_arburst[0] driven by constant 1
INFO: [Synth 8-3917] design design_1_final_ip_0_0 has port m00_axi_arlock driven by constant 0
INFO: [Synth 8-3917] design design_1_final_ip_0_0 has port m00_axi_arcache[3] driven by constant 0
INFO: [Synth 8-3917] design design_1_final_ip_0_0 has port m00_axi_arcache[2] driven by constant 0
INFO: [Synth 8-3917] design design_1_final_ip_0_0 has port m00_axi_arcache[1] driven by constant 1
INFO: [Synth 8-3917] design design_1_final_ip_0_0 has port m00_axi_arcache[0] driven by constant 0
INFO: [Synth 8-3917] design design_1_final_ip_0_0 has port m00_axi_arprot[2] driven by constant 0
INFO: [Synth 8-3917] design design_1_final_ip_0_0 has port m00_axi_arprot[1] driven by constant 0
INFO: [Synth 8-3917] design design_1_final_ip_0_0 has port m00_axi_arprot[0] driven by constant 0
INFO: [Synth 8-3917] design design_1_final_ip_0_0 has port m00_axi_arqos[3] driven by constant 0
INFO: [Synth 8-3917] design design_1_final_ip_0_0 has port m00_axi_arqos[2] driven by constant 0
INFO: [Synth 8-3917] design design_1_final_ip_0_0 has port m00_axi_arqos[1] driven by constant 0
INFO: [Synth 8-3917] design design_1_final_ip_0_0 has port m00_axi_arqos[0] driven by constant 0
INFO: [Synth 8-3917] design design_1_final_ip_0_0 has port m00_axi_aruser[0] driven by constant 1
WARNING: [Synth 8-3331] design final_ip_v1_0_S00_AXI has unconnected port S_AXI_AWPROT[2]
WARNING: [Synth 8-3331] design final_ip_v1_0_S00_AXI has unconnected port S_AXI_AWPROT[1]
WARNING: [Synth 8-3331] design final_ip_v1_0_S00_AXI has unconnected port S_AXI_AWPROT[0]
WARNING: [Synth 8-3331] design final_ip_v1_0_S00_AXI has unconnected port S_AXI_ARPROT[2]
WARNING: [Synth 8-3331] design final_ip_v1_0_S00_AXI has unconnected port S_AXI_ARPROT[1]
WARNING: [Synth 8-3331] design final_ip_v1_0_S00_AXI has unconnected port S_AXI_ARPROT[0]
WARNING: [Synth 8-3331] design design_1_final_ip_0_0 has unconnected port m00_axi_bid[0]
WARNING: [Synth 8-3331] design design_1_final_ip_0_0 has unconnected port m00_axi_bresp[1]
WARNING: [Synth 8-3331] design design_1_final_ip_0_0 has unconnected port m00_axi_bresp[0]
WARNING: [Synth 8-3331] design design_1_final_ip_0_0 has unconnected port m00_axi_buser[0]
WARNING: [Synth 8-3331] design design_1_final_ip_0_0 has unconnected port m00_axi_rid[0]
WARNING: [Synth 8-3331] design design_1_final_ip_0_0 has unconnected port m00_axi_rdata[31]
WARNING: [Synth 8-3331] design design_1_final_ip_0_0 has unconnected port m00_axi_rdata[30]
WARNING: [Synth 8-3331] design design_1_final_ip_0_0 has unconnected port m00_axi_rdata[29]
WARNING: [Synth 8-3331] design design_1_final_ip_0_0 has unconnected port m00_axi_rdata[28]
WARNING: [Synth 8-3331] design design_1_final_ip_0_0 has unconnected port m00_axi_rdata[27]
WARNING: [Synth 8-3331] design design_1_final_ip_0_0 has unconnected port m00_axi_rdata[26]
WARNING: [Synth 8-3331] design design_1_final_ip_0_0 has unconnected port m00_axi_rdata[25]
WARNING: [Synth 8-3331] design design_1_final_ip_0_0 has unconnected port m00_axi_rdata[24]
WARNING: [Synth 8-3331] design design_1_final_ip_0_0 has unconnected port m00_axi_rdata[23]
WARNING: [Synth 8-3331] design design_1_final_ip_0_0 has unconnected port m00_axi_rdata[22]
WARNING: [Synth 8-3331] design design_1_final_ip_0_0 has unconnected port m00_axi_rdata[21]
WARNING: [Synth 8-3331] design design_1_final_ip_0_0 has unconnected port m00_axi_rdata[20]
WARNING: [Synth 8-3331] design design_1_final_ip_0_0 has unconnected port m00_axi_rdata[19]
WARNING: [Synth 8-3331] design design_1_final_ip_0_0 has unconnected port m00_axi_rdata[18]
WARNING: [Synth 8-3331] design design_1_final_ip_0_0 has unconnected port m00_axi_rdata[17]
WARNING: [Synth 8-3331] design design_1_final_ip_0_0 has unconnected port m00_axi_rdata[16]
WARNING: [Synth 8-3331] design design_1_final_ip_0_0 has unconnected port m00_axi_rdata[15]
WARNING: [Synth 8-3331] design design_1_final_ip_0_0 has unconnected port m00_axi_rdata[14]
WARNING: [Synth 8-3331] design design_1_final_ip_0_0 has unconnected port m00_axi_rdata[13]
WARNING: [Synth 8-3331] design design_1_final_ip_0_0 has unconnected port m00_axi_rdata[12]
WARNING: [Synth 8-3331] design design_1_final_ip_0_0 has unconnected port m00_axi_rdata[11]
WARNING: [Synth 8-3331] design design_1_final_ip_0_0 has unconnected port m00_axi_rdata[10]
WARNING: [Synth 8-3331] design design_1_final_ip_0_0 has unconnected port m00_axi_rdata[9]
WARNING: [Synth 8-3331] design design_1_final_ip_0_0 has unconnected port m00_axi_rdata[8]
WARNING: [Synth 8-3331] design design_1_final_ip_0_0 has unconnected port m00_axi_rdata[7]
WARNING: [Synth 8-3331] design design_1_final_ip_0_0 has unconnected port m00_axi_rdata[6]
WARNING: [Synth 8-3331] design design_1_final_ip_0_0 has unconnected port m00_axi_rdata[5]
WARNING: [Synth 8-3331] design design_1_final_ip_0_0 has unconnected port m00_axi_rdata[4]
WARNING: [Synth 8-3331] design design_1_final_ip_0_0 has unconnected port m00_axi_rdata[3]
WARNING: [Synth 8-3331] design design_1_final_ip_0_0 has unconnected port m00_axi_rdata[2]
WARNING: [Synth 8-3331] design design_1_final_ip_0_0 has unconnected port m00_axi_rdata[1]
WARNING: [Synth 8-3331] design design_1_final_ip_0_0 has unconnected port m00_axi_rdata[0]
WARNING: [Synth 8-3331] design design_1_final_ip_0_0 has unconnected port m00_axi_rresp[1]
WARNING: [Synth 8-3331] design design_1_final_ip_0_0 has unconnected port m00_axi_rresp[0]
WARNING: [Synth 8-3331] design design_1_final_ip_0_0 has unconnected port m00_axi_ruser[3]
WARNING: [Synth 8-3331] design design_1_final_ip_0_0 has unconnected port m00_axi_ruser[2]
WARNING: [Synth 8-3331] design design_1_final_ip_0_0 has unconnected port m00_axi_ruser[1]
WARNING: [Synth 8-3331] design design_1_final_ip_0_0 has unconnected port m00_axi_ruser[0]
INFO: [Synth 8-3333] propagating constant 0 across sequential element (i_18/\inst/final_ip_v1_0_M00_AXI_inst/axi_araddr_reg[0] )
INFO: [Synth 8-3333] propagating constant 0 across sequential element (i_18/\inst/final_ip_v1_0_M00_AXI_inst/axi_araddr_reg[1] )
INFO: [Synth 8-3333] propagating constant 0 across sequential element (i_18/\inst/final_ip_v1_0_M00_AXI_inst/axi_araddr_reg[2] )
INFO: [Synth 8-3333] propagating constant 0 across sequential element (i_18/\inst/final_ip_v1_0_M00_AXI_inst/axi_araddr_reg[3] )
INFO: [Synth 8-3333] propagating constant 0 across sequential element (i_18/\inst/final_ip_v1_0_M00_AXI_inst/axi_araddr_reg[4] )
INFO: [Synth 8-3333] propagating constant 0 across sequential element (i_18/\inst/final_ip_v1_0_M00_AXI_inst/axi_araddr_reg[5] )
INFO: [Synth 8-3332] Sequential element (inst/final_ip_v1_0_M00_AXI_inst/axi_araddr_reg[0]) is unused and will be removed from module design_1_final_ip_0_0.
INFO: [Synth 8-3332] Sequential element (inst/final_ip_v1_0_M00_AXI_inst/axi_araddr_reg[1]) is unused and will be removed from module design_1_final_ip_0_0.
INFO: [Synth 8-3332] Sequential element (inst/final_ip_v1_0_M00_AXI_inst/axi_araddr_reg[2]) is unused and will be removed from module design_1_final_ip_0_0.
INFO: [Synth 8-3332] Sequential element (inst/final_ip_v1_0_M00_AXI_inst/axi_araddr_reg[3]) is unused and will be removed from module design_1_final_ip_0_0.
INFO: [Synth 8-3332] Sequential element (inst/final_ip_v1_0_M00_AXI_inst/axi_araddr_reg[4]) is unused and will be removed from module design_1_final_ip_0_0.
INFO: [Synth 8-3332] Sequential element (inst/final_ip_v1_0_M00_AXI_inst/axi_araddr_reg[5]) is unused and will be removed from module design_1_final_ip_0_0.
INFO: [Synth 8-3886] merging instance 'inst/final_ip_v1_0_S00_AXI_inst/axi_rresp_reg[0]' (FDRE) to 'inst/final_ip_v1_0_S00_AXI_inst/axi_rresp_reg[1]'
INFO: [Synth 8-3333] propagating constant 0 across sequential element (\inst/final_ip_v1_0_S00_AXI_inst /\axi_rresp_reg[1] )
INFO: [Synth 8-3886] merging instance 'inst/final_ip_v1_0_S00_AXI_inst/axi_bresp_reg[0]' (FDRE) to 'inst/final_ip_v1_0_S00_AXI_inst/axi_bresp_reg[1]'
INFO: [Synth 8-3333] propagating constant 0 across sequential element (\inst/final_ip_v1_0_S00_AXI_inst /\axi_bresp_reg[1] )
WARNING: [Synth 8-3332] Sequential element (axi_awaddr_reg[1]) is unused and will be removed from module final_ip_v1_0_S00_AXI.
WARNING: [Synth 8-3332] Sequential element (axi_awaddr_reg[0]) is unused and will be removed from module final_ip_v1_0_S00_AXI.
WARNING: [Synth 8-3332] Sequential element (axi_bresp_reg[1]) is unused and will be removed from module final_ip_v1_0_S00_AXI.
WARNING: [Synth 8-3332] Sequential element (axi_araddr_reg[1]) is unused and will be removed from module final_ip_v1_0_S00_AXI.
WARNING: [Synth 8-3332] Sequential element (axi_araddr_reg[0]) is unused and will be removed from module final_ip_v1_0_S00_AXI.
WARNING: [Synth 8-3332] Sequential element (axi_rresp_reg[1]) is unused and will be removed from module final_ip_v1_0_S00_AXI.
---------------------------------------------------------------------------------
Finished Cross Boundary and Area Optimization : Time (s): cpu = 00:00:18 ; elapsed = 00:00:30 . Memory (MB): peak = 722.730 ; gain = 438.953
---------------------------------------------------------------------------------
---------------------------------------------------------------------------------
Start ROM, RAM, DSP and Shift Register Reporting
---------------------------------------------------------------------------------

Distributed RAM: Preliminary Mapping  Report (see note below)
+----------------------+--------------------------------------------+-----------+----------------------+---------------+
|Module Name           | RTL Object                                 | Inference | Size (Depth x Width) | Primitives    | 
+----------------------+--------------------------------------------+-----------+----------------------+---------------+
|design_1_final_ip_0_0 | inst/final_ip_v1_0_M00_AXI_inst/buffer_reg | Implied   | 2 x 32               | RAM32M x 12   | 
+----------------------+--------------------------------------------+-----------+----------------------+---------------+

Note: The table above is a preliminary report that shows the Distributed RAMs at the current stage of the synthesis flow. Some Distributed RAMs may be reimplemented as non Distributed RAM primitives later in the synthesis flow. Multiple instantiated RAMs are reported only once.
---------------------------------------------------------------------------------
Finished ROM, RAM, DSP and Shift Register Reporting
---------------------------------------------------------------------------------

Report RTL Partitions: 
+-+--------------+------------+----------+
| |RTL Partition |Replication |Instances |
+-+--------------+------------+----------+
+-+--------------+------------+----------+
---------------------------------------------------------------------------------
Start Applying XDC Timing Constraints
---------------------------------------------------------------------------------
---------------------------------------------------------------------------------
Finished Applying XDC Timing Constraints : Time (s): cpu = 00:00:30 ; elapsed = 00:00:42 . Memory (MB): peak = 722.730 ; gain = 438.953
---------------------------------------------------------------------------------
---------------------------------------------------------------------------------
Start Timing Optimization
---------------------------------------------------------------------------------
---------------------------------------------------------------------------------
Finished Timing Optimization : Time (s): cpu = 00:00:31 ; elapsed = 00:00:42 . Memory (MB): peak = 722.730 ; gain = 438.953
---------------------------------------------------------------------------------

Report RTL Partitions: 
+-+--------------+------------+----------+
| |RTL Partition |Replication |Instances |
+-+--------------+------------+----------+
+-+--------------+------------+----------+
---------------------------------------------------------------------------------
Start Technology Mapping
---------------------------------------------------------------------------------
INFO: [Synth 8-3886] merging instance 'inst/final_ip_v1_0_M00_AXI_inst/write_index_reg_rep[0]' (FDRE) to 'inst/final_ip_v1_0_M00_AXI_inst/write_index_reg[0]'
INFO: [Synth 8-3886] merging instance 'inst/final_ip_v1_0_M00_AXI_inst/write_index_reg_rep[1]' (FDRE) to 'inst/final_ip_v1_0_M00_AXI_inst/write_index_reg[1]'
INFO: [Synth 8-3886] merging instance 'inst/final_ip_v1_0_M00_AXI_inst/write_index_reg_rep[2]' (FDRE) to 'inst/final_ip_v1_0_M00_AXI_inst/write_index_reg[2]'
INFO: [Synth 8-3886] merging instance 'inst/final_ip_v1_0_M00_AXI_inst/write_index_reg_rep[3]' (FDRE) to 'inst/final_ip_v1_0_M00_AXI_inst/write_index_reg[3]'
---------------------------------------------------------------------------------
Finished Technology Mapping : Time (s): cpu = 00:00:31 ; elapsed = 00:00:43 . Memory (MB): peak = 738.176 ; gain = 454.398
---------------------------------------------------------------------------------

Report RTL Partitions: 
+-+--------------+------------+----------+
| |RTL Partition |Replication |Instances |
+-+--------------+------------+----------+
+-+--------------+------------+----------+
---------------------------------------------------------------------------------
Start IO Insertion
---------------------------------------------------------------------------------
---------------------------------------------------------------------------------
Start Flattening Before IO Insertion
---------------------------------------------------------------------------------
---------------------------------------------------------------------------------
Finished Flattening Before IO Insertion
---------------------------------------------------------------------------------
---------------------------------------------------------------------------------
Start Final Netlist Cleanup
---------------------------------------------------------------------------------
---------------------------------------------------------------------------------
Finished Final Netlist Cleanup
---------------------------------------------------------------------------------
---------------------------------------------------------------------------------
Finished IO Insertion : Time (s): cpu = 00:00:32 ; elapsed = 00:00:44 . Memory (MB): peak = 738.176 ; gain = 454.398
---------------------------------------------------------------------------------

Report Check Netlist: 
+------+------------------+-------+---------+-------+------------------+
|      |Item              |Errors |Warnings |Status |Description       |
+------+------------------+-------+---------+-------+------------------+
|1     |multi_driven_nets |      0|        0|Passed |Multi driven nets |
+------+------------------+-------+---------+-------+------------------+
---------------------------------------------------------------------------------
Start Renaming Generated Instances
---------------------------------------------------------------------------------
---------------------------------------------------------------------------------
Finished Renaming Generated Instances : Time (s): cpu = 00:00:32 ; elapsed = 00:00:44 . Memory (MB): peak = 738.176 ; gain = 454.398
---------------------------------------------------------------------------------

Report RTL Partitions: 
+-+--------------+------------+----------+
| |RTL Partition |Replication |Instances |
+-+--------------+------------+----------+
+-+--------------+------------+----------+
---------------------------------------------------------------------------------
Start Rebuilding User Hierarchy
---------------------------------------------------------------------------------
---------------------------------------------------------------------------------
Finished Rebuilding User Hierarchy : Time (s): cpu = 00:00:32 ; elapsed = 00:00:44 . Memory (MB): peak = 738.176 ; gain = 454.398
---------------------------------------------------------------------------------
---------------------------------------------------------------------------------
Start Renaming Generated Ports
---------------------------------------------------------------------------------
---------------------------------------------------------------------------------
Finished Renaming Generated Ports : Time (s): cpu = 00:00:32 ; elapsed = 00:00:44 . Memory (MB): peak = 738.176 ; gain = 454.398
---------------------------------------------------------------------------------
---------------------------------------------------------------------------------
Start Handling Custom Attributes
---------------------------------------------------------------------------------
---------------------------------------------------------------------------------
Finished Handling Custom Attributes : Time (s): cpu = 00:00:32 ; elapsed = 00:00:44 . Memory (MB): peak = 738.176 ; gain = 454.398
---------------------------------------------------------------------------------
---------------------------------------------------------------------------------
Start Renaming Generated Nets
---------------------------------------------------------------------------------
---------------------------------------------------------------------------------
Finished Renaming Generated Nets : Time (s): cpu = 00:00:32 ; elapsed = 00:00:44 . Memory (MB): peak = 738.176 ; gain = 454.398
---------------------------------------------------------------------------------
---------------------------------------------------------------------------------
Start Writing Synthesis Report
---------------------------------------------------------------------------------

Report BlackBoxes: 
+-+--------------+----------+
| |BlackBox name |Instances |
+-+--------------+----------+
+-+--------------+----------+

Report Cell Usage: 
+------+-------+------+
|      |Cell   |Count |
+------+-------+------+
|1     |CARRY4 |    28|
|2     |LUT1   |    34|
|3     |LUT2   |    41|
|4     |LUT3   |    62|
|5     |LUT4   |    72|
|6     |LUT5   |   110|
|7     |LUT6   |   258|
|8     |MUXF7  |    68|
|9     |RAM32M |    12|
|10    |FDRE   |   733|
|11    |FDSE   |    11|
|12    |LDC    |    32|
+------+-------+------+

Report Instance Areas: 
+------+-------------------------------+----------------------+------+
|      |Instance                       |Module                |Cells |
+------+-------------------------------+----------------------+------+
|1     |top                            |                      |  1461|
|2     |  inst                         |final_ip_v1_0         |  1461|
|3     |    final_ip_v1_0_S00_AXI_inst |final_ip_v1_0_S00_AXI |  1186|
|4     |    final_ip_v1_0_M00_AXI_inst |final_ip_v1_0_M00_AXI |   275|
+------+-------------------------------+----------------------+------+
---------------------------------------------------------------------------------
Finished Writing Synthesis Report : Time (s): cpu = 00:00:32 ; elapsed = 00:00:44 . Memory (MB): peak = 738.176 ; gain = 454.398
---------------------------------------------------------------------------------
Synthesis finished with 0 errors, 0 critical warnings and 65 warnings.
Synthesis Optimization Runtime : Time (s): cpu = 00:00:21 ; elapsed = 00:00:26 . Memory (MB): peak = 738.176 ; gain = 136.910
Synthesis Optimization Complete : Time (s): cpu = 00:00:32 ; elapsed = 00:00:44 . Memory (MB): peak = 738.176 ; gain = 454.398
INFO: [Project 1-571] Translating synthesized netlist
INFO: [Netlist 29-17] Analyzing 72 Unisim elements for replacement
INFO: [Netlist 29-28] Unisim Transformation completed in 0 CPU seconds
WARNING: [Netlist 29-101] Netlist 'design_1_final_ip_0_0' is not ideal for floorplanning, since the cellview 'final_ip_v1_0_S00_AXI' contains a large number of primitives.  Please consider enabling hierarchy in synthesis if you want to do floorplanning.
INFO: [Project 1-570] Preparing netlist for logic optimization
INFO: [Opt 31-138] Pushed 0 inverter(s) to 0 load pin(s).
INFO: [Project 1-111] Unisim Transformation Summary:
  A total of 44 instances were transformed.
  LDC => LDCE: 32 instances
  RAM32M => RAM32M (RAMD32, RAMD32, RAMD32, RAMD32, RAMD32, RAMD32, RAMS32, RAMS32): 12 instances

155 Infos, 123 Warnings, 0 Critical Warnings and 0 Errors encountered.
synth_design completed successfully
synth_design: Time (s): cpu = 00:00:33 ; elapsed = 00:00:46 . Memory (MB): peak = 739.895 ; gain = 458.746
INFO: [Common 17-1381] The checkpoint 'C:/Users/shlab_23/Downloads/final_student/final_exam/final_exam.runs/design_1_final_ip_0_0_synth_1/design_1_final_ip_0_0.dcp' has been generated.
